<data><version>4</version><maxID>9347</maxID><topics><items><topic><name>None</name><description>No topic.</description><color><red>0</red><green>0</green><blue>0</blue><alpha>255</alpha></color><background><red>255</red><green>255</green><blue>255</blue><alpha>255</alpha></background><id>8</id></topic><topic><name>Career</name><description></description><color><red>0</red><green>0</green><blue>204</blue><alpha>255</alpha></color><background><red>255</red><green>255</green><blue>255</blue><alpha>255</alpha></background><id>140</id></topic><topic><name>Personal development</name><description></description><color><red>0</red><green>255</green><blue>0</blue><alpha>255</alpha></color><background><red>255</red><green>255</green><blue>255</blue><alpha>255</alpha></background><id>141</id></topic><topic><name>Personal Health</name><description></description><color><red>255</red><green>204</green><blue>0</blue><alpha>255</alpha></color><background reference="../../topic[3]/background"/><id>143</id></topic><topic><name>Wealth Manage</name><description></description><color><red>255</red><green>0</green><blue>153</blue><alpha>255</alpha></color><background reference="../../topic[3]/background"/><id>144</id></topic><topic><name>Habbit</name><description></description><color><red>153</red><green>153</green><blue>0</blue><alpha>255</alpha></color><background reference="../../topic[3]/background"/><id>145</id></topic><topic><name>Social communication</name><description></description><color><red>0</red><green>255</green><blue>255</blue><alpha>255</alpha></color><background reference="../../topic[3]/background"/><id>146</id></topic><topic><name>Entertainment</name><description></description><color><red>255</red><green>204</green><blue>204</blue><alpha>255</alpha></color><background reference="../../topic[3]/background"/><id>147</id></topic><topic><name>读书会书目</name><description></description><color><red>102</red><green>255</green><blue>102</blue><alpha>255</alpha></color><background><red>255</red><green>255</green><blue>255</blue><alpha>255</alpha></background><id>6530</id></topic><topic><name>文学小说</name><description></description><color><red>153</red><green>255</green><blue>153</blue><alpha>255</alpha></color><background reference="../../topic[9]/background"/><id>6531</id></topic><topic><name>巡检</name><description></description><color><red>0</red><green>0</green><blue>102</blue><alpha>255</alpha></color><background><red>255</red><green>255</green><blue>255</blue><alpha>255</alpha></background><id>6841</id></topic></items></topics><contexts><items><context><name>None</name><description>No context.</description><id>9</id></context><context><name>读书会</name><description></description><id>156</id></context><context><name>文学小说阅读</name><description></description><id>782</id></context><context><name>Work@Career</name><description></description><id>6542</id></context><context><name>学习@个人发展</name><description></description><id>6604</id></context><context><name>读书</name><description></description><id>6606</id></context><context><name>健康</name><description></description><id>6608</id></context><context><name>财富管理</name><description></description><id>6837</id></context><context><name>巡检</name><description></description><id>6843</id></context><context><name>娱乐</name><description></description><id>8049</id></context><context><name>家庭、社交</name><description></description><id>8050</id></context><context><name>纪录片</name><description></description><id>9333</id></context></items></contexts><information><items/></information><futures><items/></futures><thoughts><items><thought><created>2019-03-14 17:33:47.581 CST</created><description>水电费</description><topic reference="../../../../topics/items/topic[3]"/><processed>true</processed><action><id>520</id><created>2019-03-14 17:32:32.826 CST</created><thought reference="../.."/><parent class="actions"><id>2</id><created>2019-03-13 16:32:42.848 CST</created><parent class="tr.model.project.ProjectRoot"><id>0</id><created>2019-03-13 16:32:42.883 CST</created><children><projects><id>1</id><created>2019-03-13 16:32:42.833 CST</created><parent class="tr.model.project.ProjectRoot" reference="../../.."/><children><project><id>128</id><created>2019-03-14 16:24:37.590 CST</created><parent class="projects" reference="../../.."/><children><project><id>135</id><created>2019-03-14 16:53:49.414 CST</created><parent reference="../../.."/><children><project><id>139</id><created>2019-03-14 16:59:12.770 CST</created><parent reference="../../.."/><children/><topic reference="../../../../../../../../../../../../../../../topics/items/topic[2]"/><description>5G应用场景调研</description><purpose></purpose><success></success><brainstorming></brainstorming><organising></organising><done>false</done><sequence>false</sequence><sequencing>INTO_SUBPROJECTS</sequencing><notes></notes><modified>2019-03-14 17:59:33.961 CST</modified></project></children><topic reference="../../../../../../../../../../../../../topics/items/topic[2]"/><description>业务场景调研</description><purpose>掌握AI与应用场景结合的解决方案及发展趋势</purpose><success>对AI如何在各个业务应用场景中的落地有独到的理解和认识，并可以提供落地方案，可以作为咨询顾问给他人提供解决方案</success><brainstorming></brainstorming><organising></organising><done>false</done><sequence>false</sequence><sequencing reference="../children/project/sequencing"/><notes></notes><modified>2019-03-14 17:12:41.9 CST</modified></project><project><id>136</id><created>2019-03-14 16:54:02.117 CST</created><parent reference="../../.."/><children/><topic reference="../../../../../../../../../../../../../topics/items/topic[2]"/><description>AI算法巩固与持续跟踪</description><purpose></purpose><success></success><brainstorming></brainstorming><organising></organising><done>false</done><sequence>false</sequence><sequencing reference="../../project/children/project/sequencing"/><notes></notes><modified>2019-03-14 17:13:53.304 CST</modified></project><project><id>137</id><created>2019-03-14 16:55:03.785 CST</created><parent reference="../../.."/><children><project><id>6533</id><created>2019-03-15 13:51:19.873 CST</created><parent reference="../../.."/><children/><topic reference="../../../../../../../../../../../../../../../topics/items/topic[2]"/><description>3D重建TMF项目会议</description><purpose>1、把3D重建的模型封装到现有平台，并形成产品
2、借此机会把平台熟悉起来并和相关的同事展开合作</purpose><success></success><brainstorming></brainstorming><organising></organising><done>false</done><sequence>false</sequence><sequencing reference="../../../../project/children/project/sequencing"/><modified>2019-03-15 13:54:12.454 CST</modified></project><project><id>6534</id><created>2019-03-15 13:54:22.825 CST</created><parent reference="../../.."/><children/><topic reference="../../../../../../../../../../../../../../../topics/items/topic[2]"/><description>平台统一模型训练和模型格式封装的调研与开发</description><purpose>1、完成统一训练模式入口封装的开发
2、完成模型统一封装格式的开发
3、借此机会完成对Tensorflow等框架的详细研究和模型封装的详细研究</purpose><success></success><brainstorming></brainstorming><organising></organising><done>false</done><sequence>false</sequence><sequencing reference="../../../../project/children/project/sequencing"/><modified>2019-03-15 13:59:14.845 CST</modified></project><project><id>6535</id><created>2019-03-15 14:00:38.50 CST</created><parent reference="../../.."/><children/><topic reference="../../../../../../../../../../../../../../../topics/items/topic[2]"/><description>现有平台设计方案及相关UC资料的通读</description><purpose></purpose><success></success><brainstorming></brainstorming><organising></organising><done>false</done><sequence>false</sequence><sequencing reference="../../../../project/children/project/sequencing"/><modified>2019-03-15 14:01:02.338 CST</modified></project></children><topic reference="../../../../../../../../../../../../../topics/items/topic[2]"/><description>AI平台技术的开发与跟踪</description><purpose></purpose><success></success><brainstorming></brainstorming><organising></organising><done>false</done><sequence>false</sequence><sequencing reference="../../project/children/project/sequencing"/><notes></notes><modified>2019-03-15 14:00:38.51 CST</modified></project><project><id>138</id><created>2019-03-14 16:55:28.207 CST</created><parent reference="../../.."/><children/><topic reference="../../../../../../../../../../../../../topics/items/topic[2]"/><description>IT infrastructure and architecture research and state of art follow</description><purpose></purpose><success></success><brainstorming></brainstorming><organising></organising><done>false</done><sequence>false</sequence><sequencing reference="../../project/children/project/sequencing"/><notes></notes><modified>2019-03-14 17:13:58.92 CST</modified></project></children><topic reference="../../../../../../../../../../../topics/items/topic[2]"/><description>工作目标</description><purpose>继续在AI+业务的领域做出成绩并在这个领域再进一步的沉淀</purpose><success>坚固的基础，动手之高效，创新之思维，视角眼界之开阔，技术之前列，强且高明的领导力</success><brainstorming>从如下的几个维度出发，涵盖AI与业务应用场景的结合并取得在重大项目上的成功落地
1、业务场景
2、算法
3、平台
4、IT infrastructure</brainstorming><organising></organising><done>false</done><sequence>false</sequence><sequencing reference="../children/project/children/project/sequencing"/><notes>在工作包括技术和所需工作能力的深度和广度上的积累足够能支撑起在某个领域上的创业需要，达到这点的同时也具备了能在有前景/名气的公司内获得相应的高阶收入与匹配的高级别地位，并且在圈内达到一定的知名度

2019年以5G场景为重点，结合实际的工作把平台和IT基础设施和架构在项目上进行有效的落地提升，同时跟踪AI算法的发展及继续巩固基础

************************ 2019 年
Goal：
1、全年争取读完100+本书并有输出
2、读书会有开就参加（坚持参加读书会的本质需求，就是读书分享交流，要多分享，多交流对当期书的观点看法）
3、个人在管理（时间、项目、团队）上有实质上的进步和提升（怎么衡量），具体时间的规划上全年能够完成80%的规划，经历过至少1个大型的公司项目的管理，并至少向领导学习管理的哲学与经验，如果能争取到带团队更好
4、思维上的发展可以体现在对工作事情的复盘输出上，每月进行复盘输出

Output： 
1、输出读书过程的记录梳理 
2、输出心得及观点并放到网上
3、时间跟踪记录
4、项目定期的总结记录
5、定期的总结记录

Check： 
Check周期： 每周各个小项进行检查，每月底进行全面的一次检查 </notes><modified>2019-03-16 15:05:57.115 CST</modified></project><project><id>130</id><created>2019-03-14 16:24:55.53 CST</created><parent class="projects" reference="../../.."/><children><project><id>149</id><created>2019-03-14 17:14:07.116 CST</created><parent reference="../../.."/><children><project><id>151</id><created>2019-03-14 17:14:40.300 CST</created><parent reference="../../.."/><children><project><id>158</id><created>2019-03-14 17:20:50.315 CST</created><parent reference="../../.."/><children><action><id>154</id><created>2019-03-14 17:15:29.869 CST</created><parent reference="../../.."/><description>《奥丽芙.基特里奇》 4/5</description><topic reference="../../../../../../../../../../../../../../../../../../../topics/items/topic[9]"/><context reference="../../../../../../../../../../../../../../../../../../../contexts/items/context[2]"/><state class="actionStateScheduled"><date>2019-03-15 21:00:00.0 CST</date><durationHours>1</durationHours><durationMinutes>0</durationMinutes><created>2019-03-14 17:17:46.811 CST</created></state><notes>17:24:14星期四 14 三月 2019</notes><done>true</done><doneDate>2019-03-16 00:00:00.0 CST</doneDate><time><id>107</id><name>1 hr</name></time><energy><id>119</id><name>Med Mental</name></energy><priority><id>124</id><name>Must</name></priority><success>完成到第240页的阅读</success><modified>2019-03-16 07:22:19.67 CST</modified></action><action><id>210</id><created>2019-03-14 17:24:33.354 CST</created><parent reference="../../.."/><description>《奥丽芙.基特里奇》 阅读完成</description><topic reference="../../../../../../../../../../../../../../../../../../../topics/items/topic[9]"/><context reference="../../../../../../../../../../../../../../../../../../../contexts/items/context[2]"/><state class="actionStateScheduled"><date>2019-03-15 21:00:00.0 CST</date><durationHours>1</durationHours><durationMinutes>0</durationMinutes><created reference="../../../action/state/created"/></state><notes>17:24:14星期四 14 三月 2019</notes><done>true</done><doneDate>2019-03-16 00:00:00.0 CST</doneDate><time reference="../../action/time"/><energy reference="../../action/energy"/><priority reference="../../action/priority"/><success>完成到第300页的阅读</success><modified>2019-03-16 16:34:04.773 CST</modified></action><action><id>775</id><created>2019-03-14 17:39:14.743 CST</created><parent reference="../../.."/><description>《奥丽芙.基特里奇》 输出完成</description><topic reference="../../../../../../../../../../../../../../../../../../../topics/items/topic[9]"/><context reference="../../../../../../../../../../../../../../../../../../../contexts/items/context[2]"/><state class="actionStateScheduled"><date>2019-03-16 17:00:00.0 CST</date><durationHours>1</durationHours><durationMinutes>0</durationMinutes><created>2019-03-14 17:39:40.622 CST</created></state><notes></notes><done>true</done><doneDate>2019-03-16 00:00:00.0 CST</doneDate><time reference="../../action/time"/><energy reference="../../action/energy"/><priority reference="../../action/priority"/><success>完成读书会上的分享稿输出</success><modified>2019-03-24 22:58:20.446 CST</modified></action><action><id>310</id><created>2019-03-14 17:25:08.534 CST</created><parent reference="../../.."/><description>《奥丽芙.基特里奇》 分享</description><topic reference="../../../../../../../../../../../../../../../../../../../topics/items/topic[9]"/><context reference="../../../../../../../../../../../../../../../../../../../contexts/items/context[2]"/><state class="actionStateScheduled"><date>2019-03-16 19:00:00.0 CST</date><durationHours>3</durationHours><durationMinutes>0</durationMinutes><created reference="../../../action/state/created"/></state><notes>17:24:14星期四 14 三月 2019</notes><done>true</done><doneDate>2019-03-16 00:00:00.0 CST</doneDate><time><id>111</id><name>3 hrs</name></time><energy><id>120</id><name>High Mental</name></energy><priority reference="../../action/priority"/><success>完成读书会上的分享，并参加讨论和记录会上的观点想法</success><modified>2019-03-24 22:58:29.25 CST</modified></action></children><topic reference="../../../../../../../../../../../../../../../../../topics/items/topic[9]"/><description>《奥丽芙.基特里奇》 </description><purpose></purpose><success></success><brainstorming></brainstorming><organising></organising><done>false</done><sequence>false</sequence><sequencing reference="../../../../../../../../project/children/project/children/project/sequencing"/><notes></notes><priority reference="../children/action/priority"/><modified>2019-03-15 15:51:24.778 CST</modified></project></children><topic reference="../../../../../../../../../../../../../../../topics/items/topic[9]"/><description>读书会推荐的书目</description><purpose>1、完成阅读，并输出阅读报告， 情节梳理，心得
2、准备好分享稿
3、在读书会上进行分享和讨论，并记录他人的精彩心得想法</purpose><success>从读书会中锻炼提高分享及演讲和现场讨论沟通交流的能力，并接收各种关于当期书本的阅读心得分享，聆听新的故事，丰富见闻</success><brainstorming></brainstorming><organising></organising><done>false</done><sequence>false</sequence><sequencing reference="../../../../../../project/children/project/children/project/sequencing"/><notes>
************************ 2019 年

Goal：数量不一定，但是有开就参加，坚持参加读书会的本质需求，就是读书分享交流，要多分享，多交流对当期书的观点看法

Output： 
1、输出读书过程的记录梳理 
2、输出心得及观点，准备好分享稿并放到网上  
3、在读书会上进行分享和讨论，并记录他人的精彩心得想法

Check： 
Check周期： 每周， 每周底，读书会结束后第二天进行

【Check 12:46:12 星期五 15 三月 2019】 年后回来已经参与了一期， 《小小小小的火》 去年就读过的书，会上分享很好。</notes><modified>2019-03-15 22:20:23.872 CST</modified></project><project><id>152</id><created>2019-03-14 17:14:43.67 CST</created><parent reference="../../.."/><children><project><id>4527</id><created>2019-03-14 18:11:37.512 CST</created><parent reference="../../.."/><children><action><id>6025</id><created>2019-03-14 18:20:01.113 CST</created><parent reference="../../.."/><description>看不见的城市</description><topic reference="../../../../../../../../../../../../../../../../../../../topics/items/topic[3]"/><context reference="../../../../../../../../../../../../../../../../../../../contexts/items/context[3]"/><state class="actionStateScheduled"><date>2019-01-01 00:00:00.0 CST</date><durationHours>0</durationHours><durationMinutes>0</durationMinutes><created>2019-03-14 18:20:30.682 CST</created></state><notes></notes><done>true</done><doneDate>2019-01-07 00:00:00.0 CST</doneDate><success>完成阅读</success><modified>2019-03-15 11:36:28.190 CST</modified></action></children><topic reference="../../../../../../../../../../../../../../../../../topics/items/topic[10]"/><description>看不见的城市</description><purpose></purpose><success></success><brainstorming></brainstorming><organising></organising><done>true</done><doneDate>2019-03-14 18:20:57.54 CST</doneDate><sequence>false</sequence><sequencing reference="../../../../../../../../project/children/project/children/project/sequencing"/><notes></notes><modified>2019-03-15 13:08:53.755 CST</modified></project><project><id>4528</id><created>2019-03-14 18:11:37.512 CST</created><parent reference="../../.."/><children><action><id>6026</id><created>2019-03-15 11:36:32.401 CST</created><parent reference="../../.."/><description>不存在的骑士</description><topic reference="../../../../../../../../../../../../../../../../../../../topics/items/topic[3]"/><context reference="../../../../../../../../../../../../../../../../../../../contexts/items/context[3]"/><state class="actionStateScheduled"><date>2019-01-07 00:00:00.0 CST</date><durationHours>0</durationHours><durationMinutes>0</durationMinutes><created>2019-03-15 11:36:50.435 CST</created></state><notes></notes><done>true</done><doneDate>2019-01-14 00:00:00.0 CST</doneDate><success>完成阅读</success><modified>2019-03-15 11:37:11.434 CST</modified></action></children><topic reference="../../../../../../../../../../../../../../../../../topics/items/topic[10]"/><description>不存在的骑士</description><purpose></purpose><success></success><brainstorming></brainstorming><organising></organising><done>true</done><doneDate>2019-03-15 11:37:35.387 CST</doneDate><sequence>false</sequence><sequencing reference="../../../../../../../../project/children/project/children/project/sequencing"/><notes></notes><modified>2019-03-15 13:08:56.264 CST</modified></project><project><id>4529</id><created>2019-03-14 18:11:37.513 CST</created><parent reference="../../.."/><children><action><id>6027</id><created>2019-03-15 11:37:46.653 CST</created><parent reference="../../.."/><description>人性的枷锁</description><topic reference="../../../../../../../../../../../../../../../../../../../topics/items/topic[3]"/><context reference="../../../../../../../../../../../../../../../../../../../contexts/items/context[3]"/><state class="actionStateScheduled"><date>2019-01-14 00:00:00.0 CST</date><durationHours>0</durationHours><durationMinutes>0</durationMinutes><created>2019-03-15 11:38:07.574 CST</created></state><notes></notes><done>true</done><doneDate>2019-01-20 00:00:00.0 CST</doneDate><success>完成阅读</success><modified>2019-03-15 11:38:30.853 CST</modified></action></children><topic reference="../../../../../../../../../../../../../../../../../topics/items/topic[10]"/><description>人性的枷锁</description><purpose></purpose><success></success><brainstorming></brainstorming><organising></organising><done>true</done><doneDate>2019-03-15 11:38:37.112 CST</doneDate><sequence>false</sequence><sequencing reference="../../../../../../../../project/children/project/children/project/sequencing"/><modified>2019-03-15 13:08:59.86 CST</modified></project><project><id>4530</id><created>2019-03-14 18:11:37.513 CST</created><parent reference="../../.."/><children><action><id>6028</id><created>2019-03-15 11:38:49.674 CST</created><parent reference="../../.."/><description>长日将尽</description><topic reference="../../../../../../../../../../../../../../../../../../../topics/items/topic[3]"/><context reference="../../../../../../../../../../../../../../../../../../../contexts/items/context[3]"/><state class="actionStateScheduled"><date>2019-01-21 00:00:00.0 CST</date><durationHours>0</durationHours><durationMinutes>0</durationMinutes><created>2019-03-15 11:39:05.417 CST</created></state><notes></notes><done>true</done><doneDate>2019-01-26 00:00:00.0 CST</doneDate><success></success><modified>2019-03-15 11:39:57.595 CST</modified></action></children><topic reference="../../../../../../../../../../../../../../../../../topics/items/topic[10]"/><description>长日将近</description><purpose></purpose><success></success><brainstorming></brainstorming><organising></organising><done>true</done><doneDate>2019-03-15 11:41:17.566 CST</doneDate><sequence>false</sequence><sequencing reference="../../../../../../../../project/children/project/children/project/sequencing"/><modified>2019-03-15 13:09:01.673 CST</modified></project><project><id>4531</id><created>2019-03-14 18:11:37.513 CST</created><parent reference="../../.."/><children><action><id>6029</id><created>2019-03-15 11:40:11.557 CST</created><parent reference="../../.."/><description>刀锋</description><topic reference="../../../../../../../../../../../../../../../../../../../topics/items/topic[3]"/><context reference="../../../../../../../../../../../../../../../../../../../contexts/items/context[3]"/><state class="actionStateScheduled"><date>2019-01-28 00:00:00.0 CST</date><durationHours>0</durationHours><durationMinutes>0</durationMinutes><created>2019-03-15 11:40:23.462 CST</created></state><notes></notes><done>true</done><doneDate>2019-02-04 00:00:00.0 CST</doneDate><success>完成阅读</success><modified>2019-03-15 11:40:59.36 CST</modified></action></children><topic reference="../../../../../../../../../../../../../../../../../topics/items/topic[10]"/><description>刀锋</description><purpose></purpose><success></success><brainstorming></brainstorming><organising></organising><done>true</done><doneDate>2019-03-14 18:19:21.516 CST</doneDate><sequence>false</sequence><sequencing reference="../../../../../../../../project/children/project/children/project/sequencing"/><modified>2019-03-15 13:09:04.623 CST</modified></project><project><id>4534</id><created>2019-03-14 18:11:37.515 CST</created><parent reference="../../.."/><children><action><id>6031</id><created>2019-03-15 11:43:40.574 CST</created><parent reference="../../.."/><description>鼠疫</description><topic reference="../../../../../../../../../../../../../../../../../../../topics/items/topic[3]"/><context reference="../../../../../../../../../../../../../../../../../../../contexts/items/context[3]"/><state class="actionStateScheduled"><date>2019-02-04 00:00:00.0 CST</date><durationHours>0</durationHours><durationMinutes>0</durationMinutes><created>2019-03-15 11:43:52.784 CST</created></state><notes></notes><done>true</done><doneDate>2019-02-09 00:00:00.0 CST</doneDate><success></success><modified>2019-03-15 11:45:57.883 CST</modified></action></children><topic reference="../../../../../../../../../../../../../../../../../topics/items/topic[10]"/><description>鼠疫</description><purpose></purpose><success></success><brainstorming></brainstorming><organising></organising><done>true</done><doneDate>2019-03-15 11:44:22.450 CST</doneDate><sequence>false</sequence><sequencing reference="../../../../../../../../project/children/project/children/project/sequencing"/><modified>2019-03-15 13:09:07.404 CST</modified></project><project><id>4535</id><created>2019-03-14 18:11:37.515 CST</created><parent reference="../../.."/><children><action><id>6032</id><created>2019-03-15 11:44:53.826 CST</created><parent reference="../../.."/><description>无声告白</description><topic reference="../../../../../../../../../../../../../../../../../../../topics/items/topic[3]"/><context reference="../../../../../../../../../../../../../../../../../../../contexts/items/context[3]"/><state class="actionStateScheduled"><date>2019-02-16 00:00:00.0 CST</date><durationHours>0</durationHours><durationMinutes>0</durationMinutes><created>2019-03-15 11:45:02.183 CST</created></state><notes></notes><done>true</done><doneDate>2019-02-19 00:00:00.0 CST</doneDate><success></success><modified>2019-03-15 16:00:09.99 CST</modified></action></children><topic reference="../../../../../../../../../../../../../../../../../topics/items/topic[10]"/><description>无声告白</description><purpose></purpose><success></success><brainstorming></brainstorming><organising></organising><done>true</done><doneDate>2019-03-15 11:45:30.360 CST</doneDate><sequence>false</sequence><sequencing reference="../../../../../../../../project/children/project/children/project/sequencing"/><modified>2019-03-15 13:09:10.362 CST</modified></project><project><id>4532</id><created>2019-03-14 18:11:37.514 CST</created><parent reference="../../.."/><children><action><id>6030</id><created>2019-03-15 11:41:35.655 CST</created><parent reference="../../.."/><description>呼兰河传</description><topic reference="../../../../../../../../../../../../../../../../../../../topics/items/topic[3]"/><context reference="../../../../../../../../../../../../../../../../../../../contexts/items/context[3]"/><state class="actionStateScheduled"><date>2019-02-18 00:00:00.0 CST</date><durationHours>0</durationHours><durationMinutes>0</durationMinutes><created>2019-03-15 11:41:46.432 CST</created></state><notes></notes><done>true</done><doneDate>2019-02-24 00:00:00.0 CST</doneDate><success></success><modified>2019-03-15 11:44:44.536 CST</modified></action></children><topic reference="../../../../../../../../../../../../../../../../../topics/items/topic[10]"/><description>呼兰河传</description><purpose></purpose><success></success><brainstorming></brainstorming><organising></organising><done>true</done><doneDate>2019-03-15 11:42:23.872 CST</doneDate><sequence>false</sequence><sequencing reference="../../../../../../../../project/children/project/children/project/sequencing"/><modified>2019-03-15 13:09:13.260 CST</modified></project><project><id>4536</id><created>2019-03-14 18:11:37.516 CST</created><parent reference="../../.."/><children><action><id>6033</id><created>2019-03-15 11:46:10.679 CST</created><parent reference="../../.."/><description>远山淡影</description><topic reference="../../../../../../../../../../../../../../../../../../../topics/items/topic[3]"/><context reference="../../../../../../../../../../../../../../../../../../../contexts/items/context[3]"/><state class="actionStateScheduled"><date>2019-02-25 00:00:00.0 CST</date><durationHours>0</durationHours><durationMinutes>0</durationMinutes><created>2019-03-15 11:46:22.200 CST</created></state><notes></notes><done>true</done><doneDate>2019-02-27 00:00:00.0 CST</doneDate><success></success><modified>2019-03-16 10:39:21.863 CST</modified></action></children><topic reference="../../../../../../../../../../../../../../../../../topics/items/topic[10]"/><description>远山淡影 </description><purpose></purpose><success></success><brainstorming></brainstorming><organising></organising><done>true</done><doneDate>2019-03-15 11:46:49.318 CST</doneDate><sequence>false</sequence><sequencing reference="../../../../../../../../project/children/project/children/project/sequencing"/><modified>2019-03-15 13:08:49.980 CST</modified></project><project><id>6518</id><created>2019-03-15 12:01:34.105 CST</created><parent reference="../../.."/><children><action><id>6519</id><created>2019-03-15 12:02:17.199 CST</created><parent reference="../../.."/><description>故园风雨后</description><topic reference="../../../../../../../../../../../../../../../../../../../topics/items/topic[3]"/><context reference="../../../../../../../../../../../../../../../../../../../contexts/items/context[3]"/><state class="actionStateScheduled"><date>2019-02-25 00:00:00.0 CST</date><durationHours>0</durationHours><durationMinutes>0</durationMinutes><created>2019-03-15 12:02:31.232 CST</created></state><notes></notes><done>true</done><doneDate>2019-03-02 00:00:00.0 CST</doneDate><success></success><modified>2019-03-15 22:31:02.29 CST</modified></action></children><topic reference="../../../../../../../../../../../../../../../../../topics/items/topic[10]"/><description>故园风雨后</description><purpose></purpose><success></success><brainstorming></brainstorming><organising></organising><done>true</done><doneDate>2019-03-15 12:07:06.590 CST</doneDate><sequence>false</sequence><sequencing reference="../../../../../../../../project/children/project/children/project/sequencing"/><notes></notes><modified>2019-03-15 13:08:43.362 CST</modified></project><project><id>6035</id><created>2019-03-15 11:48:21.258 CST</created><parent reference="../../.."/><children><action><id>6036</id><created>2019-03-15 11:49:52.158 CST</created><parent reference="../../.."/><description>繁花</description><topic reference="../../../../../../../../../../../../../../../../../../../topics/items/topic[3]"/><context reference="../../../../../../../../../../../../../../../../../../../contexts/items/context[3]"/><state class="actionStateScheduled"><date>2019-03-04 01:00:00.0 CST</date><durationHours>0</durationHours><durationMinutes>0</durationMinutes><created>2019-03-15 11:49:59.521 CST</created></state><notes></notes><done>true</done><doneDate>2019-03-09 00:00:00.0 CST</doneDate><success></success><modified>2019-03-15 12:03:33.815 CST</modified></action></children><topic reference="../../../../../../../../../../../../../../../../../topics/items/topic[10]"/><description>繁花</description><purpose></purpose><success></success><brainstorming></brainstorming><organising></organising><done>true</done><doneDate>2019-03-15 11:51:13.43 CST</doneDate><sequence>false</sequence><sequencing reference="../../../../../../../../project/children/project/children/project/sequencing"/><modified>2019-03-15 13:08:47.23 CST</modified></project><project><id>778</id><created>2019-03-14 17:52:32.597 CST</created><parent reference="../../.."/><children><action><id>781</id><created>2019-03-14 17:53:04.919 CST</created><parent reference="../../.."/><description>完成导读的阅读</description><topic reference="../../../../../../../../../../../../../../../../../../../topics/items/topic[10]"/><context reference="../../../../../../../../../../../../../../../../../../../contexts/items/context[3]"/><state class="actionStateScheduled"><date>2019-03-15 22:00:00.0 CST</date><durationHours>0</durationHours><durationMinutes>30</durationMinutes><created>2019-03-14 17:53:41.998 CST</created></state><notes></notes><done>true</done><doneDate>2019-03-15 00:00:00.0 CST</doneDate><time><id>105</id><name>30 min</name></time><energy reference="../../../../../../project/children/project/children/action/energy"/><priority reference="../../../../../../project/children/project/children/action/priority"/><success>完成导读的阅读，做全篇的最后归纳</success><modified>2019-03-15 23:02:43.497 CST</modified></action></children><topic reference="../../../../../../../../../../../../../../../../../topics/items/topic[10]"/><description>莫泊桑短篇小说选</description><purpose></purpose><success></success><brainstorming></brainstorming><organising></organising><done>true</done><doneDate>2019-03-15 23:03:22.202 CST</doneDate><sequence>false</sequence><sequencing reference="../../../../../../../../project/children/project/children/project/sequencing"/><notes></notes><priority><id>125</id><name>Should</name></priority><modified>2019-03-15 23:03:22.202 CST</modified></project><project><id>779</id><created>2019-03-14 17:52:35.122 CST</created><parent reference="../../.."/><children><action><id>8053</id><created>2019-03-16 12:26:38.600 CST</created><parent reference="../../.."/><description>完成1/5章</description><topic reference="../../../../../../../../../../../../../../../../../../../topics/items/topic[10]"/><context reference="../../../../../../../../../../../../../../../../../../../contexts/items/context[6]"/><state class="actionStateScheduled"><date>2019-03-18 23:00:00.0 CST</date><durationHours>1</durationHours><durationMinutes>0</durationMinutes><created>2019-03-16 12:27:04.898 CST</created></state><notes></notes><done>true</done><doneDate>2019-03-23 00:00:00.0 CST</doneDate><time reference="../../../../../../project/children/project/children/action/time"/><energy reference="../../../../../../project/children/project/children/action[4]/energy"/><success></success><modified>2019-03-24 22:58:44.836 CST</modified></action><action><id>8197</id><created>2019-03-16 12:27:24.175 CST</created><parent reference="../../.."/><description>完成2/5章</description><topic reference="../../../../../../../../../../../../../../../../../../../topics/items/topic[10]"/><context reference="../../../../../../../../../../../../../../../../../../../contexts/items/context[6]"/><state class="actionStateScheduled"><date>2019-03-19 23:00:00.0 CST</date><durationHours>1</durationHours><durationMinutes>0</durationMinutes><created reference="../../../action/state/created"/></state><notes></notes><done>false</done><time reference="../../../../../../project/children/project/children/action/time"/><energy reference="../../../../../../project/children/project/children/action[4]/energy"/><modified>2019-03-16 12:27:41.567 CST</modified></action><action><id>8343</id><created>2019-03-16 12:27:28.553 CST</created><parent reference="../../.."/><description>完成3/5章</description><topic reference="../../../../../../../../../../../../../../../../../../../topics/items/topic[10]"/><context reference="../../../../../../../../../../../../../../../../../../../contexts/items/context[6]"/><state class="actionStateScheduled"><date>2019-03-20 23:00:00.0 CST</date><durationHours>1</durationHours><durationMinutes>0</durationMinutes><created reference="../../../action/state/created"/></state><notes></notes><done>false</done><time reference="../../../../../../project/children/project/children/action/time"/><energy reference="../../../../../../project/children/project/children/action[4]/energy"/><modified>2019-03-16 12:27:45.761 CST</modified></action><action><id>8489</id><created>2019-03-16 12:27:31.260 CST</created><parent reference="../../.."/><description>完成4/5章</description><topic reference="../../../../../../../../../../../../../../../../../../../topics/items/topic[10]"/><context reference="../../../../../../../../../../../../../../../../../../../contexts/items/context[6]"/><state class="actionStateScheduled"><date>2019-03-21 23:00:00.0 CST</date><durationHours>1</durationHours><durationMinutes>0</durationMinutes><created reference="../../../action/state/created"/></state><notes></notes><done>false</done><time reference="../../../../../../project/children/project/children/action/time"/><energy reference="../../../../../../project/children/project/children/action[4]/energy"/><modified>2019-03-16 12:27:49.641 CST</modified></action><action><id>8631</id><created>2019-03-16 12:27:35.125 CST</created><parent reference="../../.."/><description>完成5/5章</description><topic reference="../../../../../../../../../../../../../../../../../../../topics/items/topic[10]"/><context reference="../../../../../../../../../../../../../../../../../../../contexts/items/context[6]"/><state class="actionStateScheduled"><date>2019-03-22 23:00:00.0 CST</date><durationHours>1</durationHours><durationMinutes>0</durationMinutes><created reference="../../../action/state/created"/></state><notes></notes><done>false</done><time reference="../../../../../../project/children/project/children/action/time"/><energy reference="../../../../../../project/children/project/children/action[4]/energy"/><modified>2019-03-16 12:27:54.352 CST</modified></action><action><id>8632</id><created>2019-03-16 12:27:35.394 CST</created><parent reference="../../.."/><description>机动调配与总结</description><topic reference="../../../../../../../../../../../../../../../../../../../topics/items/topic[10]"/><context reference="../../../../../../../../../../../../../../../../../../../contexts/items/context[6]"/><state class="actionStateScheduled"><date>2019-03-23 23:00:00.0 CST</date><durationHours>1</durationHours><durationMinutes>0</durationMinutes><created reference="../../../action/state/created"/></state><notes></notes><done>false</done><time reference="../../../../../../project/children/project/children/action/time"/><energy reference="../../../../../../project/children/project/children/action[4]/energy"/><modified>2019-03-16 12:28:10.96 CST</modified></action></children><topic reference="../../../../../../../../../../../../../../../../../topics/items/topic[10]"/><description>罪与罚</description><purpose></purpose><success></success><brainstorming></brainstorming><organising></organising><done>false</done><sequence>false</sequence><sequencing reference="../../../../../../../../project/children/project/children/project/sequencing"/><notes></notes><modified>2019-03-16 12:27:37.716 CST</modified></project><project><id>780</id><created>2019-03-14 17:52:38.638 CST</created><parent reference="../../.."/><children/><topic reference="../../../../../../../../../../../../../../../../../topics/items/topic[10]"/><description>复活</description><purpose></purpose><success></success><brainstorming></brainstorming><organising></organising><done>false</done><sequence>false</sequence><sequencing reference="../../../../../../../../project/children/project/children/project/sequencing"/><modified>2019-03-15 12:12:04.755 CST</modified></project><project><id>784</id><created>2019-03-14 17:59:58.733 CST</created><parent reference="../../.."/><children/><topic reference="../../../../../../../../../../../../../../../../../topics/items/topic[10]"/><description>卡拉马佐夫兄弟</description><purpose></purpose><success></success><brainstorming></brainstorming><organising></organising><done>false</done><sequence>false</sequence><sequencing reference="../../../../../../../../project/children/project/children/project/sequencing"/><notes></notes><modified>2019-03-15 12:12:10.537 CST</modified></project><project><id>785</id><created>2019-03-14 18:00:09.429 CST</created><parent reference="../../.."/><children/><topic reference="../../../../../../../../../../../../../../../../../topics/items/topic[10]"/><description>被欺凌与被侮辱的</description><purpose></purpose><success></success><brainstorming></brainstorming><organising></organising><done>false</done><sequence>false</sequence><sequencing reference="../../../../../../../../project/children/project/children/project/sequencing"/><notes></notes><modified>2019-03-15 12:12:16.52 CST</modified></project><project><id>789</id><created>2019-03-14 18:00:22.402 CST</created><parent reference="../../.."/><children/><topic reference="../../../../../../../../../../../../../../../../../topics/items/topic[10]"/><description>木木</description><purpose></purpose><success></success><brainstorming></brainstorming><organising></organising><done>false</done><sequence>false</sequence><sequencing reference="../../../../../../../../project/children/project/children/project/sequencing"/><modified>2019-03-15 13:09:28.382 CST</modified></project><project><id>790</id><created>2019-03-14 18:01:23.444 CST</created><parent reference="../../.."/><children/><topic reference="../../../../../../../../../../../../../../../../../topics/items/topic[10]"/><description>猎人笔记</description><purpose></purpose><success></success><brainstorming></brainstorming><organising></organising><done>false</done><sequence>false</sequence><sequencing reference="../../../../../../../../project/children/project/children/project/sequencing"/><notes></notes><modified>2019-03-15 13:09:31.598 CST</modified></project><project><id>791</id><created>2019-03-14 18:01:26.71 CST</created><parent reference="../../.."/><children/><topic reference="../../../../../../../../../../../../../../../../../topics/items/topic[3]"/><description>前夜 父与子</description><purpose></purpose><success></success><brainstorming></brainstorming><organising></organising><done>false</done><sequence>false</sequence><sequencing reference="../../../../../../../../project/children/project/children/project/sequencing"/><notes></notes><modified>2019-03-14 18:07:17.782 CST</modified></project><project><id>792</id><created>2019-03-14 18:01:29.778 CST</created><parent reference="../../.."/><children/><topic reference="../../../../../../../../../../../../../../../../../topics/items/topic[3]"/><description>日瓦戈医生</description><purpose></purpose><success></success><brainstorming></brainstorming><organising></organising><done>false</done><sequence>false</sequence><sequencing reference="../../../../../../../../project/children/project/children/project/sequencing"/><notes></notes><modified>2019-03-14 18:07:33.343 CST</modified></project><project><id>793</id><created>2019-03-14 18:01:34.253 CST</created><parent reference="../../.."/><children/><topic reference="../../../../../../../../../../../../../../../../../topics/items/topic[3]"/><description>套中人</description><purpose></purpose><success></success><brainstorming></brainstorming><organising></organising><done>false</done><sequence>false</sequence><sequencing reference="../../../../../../../../project/children/project/children/project/sequencing"/><notes></notes><modified>2019-03-14 18:08:03.458 CST</modified></project><project><id>794</id><created>2019-03-14 18:01:37.508 CST</created><parent reference="../../.."/><children/><topic reference="../../../../../../../../../../../../../../../../../topics/items/topic[3]"/><description>死灵魂</description><purpose></purpose><success></success><brainstorming></brainstorming><organising></organising><done>false</done><sequence>false</sequence><sequencing reference="../../../../../../../../project/children/project/children/project/sequencing"/><notes></notes><modified>2019-03-14 18:08:13.643 CST</modified></project><project><id>795</id><created>2019-03-14 18:01:39.727 CST</created><parent reference="../../.."/><children/><topic reference="../../../../../../../../../../../../../../../../../topics/items/topic[3]"/><description>骑兵军</description><purpose></purpose><success></success><brainstorming></brainstorming><organising></organising><done>false</done><sequence>false</sequence><sequencing reference="../../../../../../../../project/children/project/children/project/sequencing"/><modified>2019-03-14 18:08:26.167 CST</modified></project><project><id>796</id><created>2019-03-14 18:01:41.651 CST</created><parent reference="../../.."/><children/><topic reference="../../../../../../../../../../../../../../../../../topics/items/topic[3]"/><description>三个火枪手</description><purpose></purpose><success></success><brainstorming></brainstorming><organising></organising><done>false</done><sequence>false</sequence><sequencing reference="../../../../../../../../project/children/project/children/project/sequencing"/><notes></notes><modified>2019-03-14 18:08:44.335 CST</modified></project><project><id>797</id><created>2019-03-14 18:01:43.894 CST</created><parent reference="../../.."/><children/><topic reference="../../../../../../../../../../../../../../../../../topics/items/topic[3]"/><description>茶花女</description><purpose></purpose><success></success><brainstorming></brainstorming><organising></organising><done>false</done><sequence>false</sequence><sequencing reference="../../../../../../../../project/children/project/children/project/sequencing"/><notes></notes><modified>2019-03-14 18:08:55.391 CST</modified></project><project><id>798</id><created>2019-03-14 18:01:46.177 CST</created><parent reference="../../.."/><children/><topic reference="../../../../../../../../../../../../../../../../../topics/items/topic[3]"/><description>上尉的女儿</description><purpose></purpose><success></success><brainstorming></brainstorming><organising></organising><done>false</done><sequence>false</sequence><sequencing reference="../../../../../../../../project/children/project/children/project/sequencing"/><notes></notes><modified>2019-03-14 18:09:10.151 CST</modified></project><project><id>799</id><created>2019-03-14 18:01:49.460 CST</created><parent reference="../../.."/><children/><topic reference="../../../../../../../../../../../../../../../../../topics/items/topic[3]"/><description>叶甫盖尼·奥涅金</description><purpose></purpose><success></success><brainstorming></brainstorming><organising></organising><done>false</done><sequence>false</sequence><sequencing reference="../../../../../../../../project/children/project/children/project/sequencing"/><notes></notes><modified>2019-03-14 18:09:23.685 CST</modified></project><project><id>800</id><created>2019-03-14 18:01:53.273 CST</created><parent reference="../../.."/><children/><topic reference="../../../../../../../../../../../../../../../../../topics/items/topic[3]"/><description>盐</description><purpose></purpose><success></success><brainstorming></brainstorming><organising></organising><done>false</done><sequence>false</sequence><sequencing reference="../../../../../../../../project/children/project/children/project/sequencing"/><notes></notes><modified>2019-03-14 18:09:31.642 CST</modified></project><project><id>801</id><created>2019-03-14 18:01:56.468 CST</created><parent reference="../../.."/><children/><topic reference="../../../../../../../../../../../../../../../../../topics/items/topic[3]"/><description>基督山伯爵</description><purpose></purpose><success></success><brainstorming></brainstorming><organising></organising><done>false</done><sequence>false</sequence><sequencing reference="../../../../../../../../project/children/project/children/project/sequencing"/><notes></notes><modified>2019-03-14 18:09:43.797 CST</modified></project><project><id>802</id><created>2019-03-14 18:02:00.176 CST</created><parent reference="../../.."/><children/><topic reference="../../../../../../../../../../../../../../../../../topics/items/topic[3]"/><description>红与黑</description><purpose></purpose><success></success><brainstorming></brainstorming><organising></organising><done>false</done><sequence>false</sequence><sequencing reference="../../../../../../../../project/children/project/children/project/sequencing"/><notes></notes><modified>2019-03-14 18:09:55.15 CST</modified></project><project><id>810</id><created>2019-03-14 18:10:03.415 CST</created><parent reference="../../.."/><children/><topic reference="../../../../../../../../../../../../../../../../../topics/items/topic[3]"/><description>包法利夫人</description><purpose></purpose><success></success><brainstorming></brainstorming><organising></organising><done>false</done><sequence>false</sequence><sequencing reference="../../../../../../../../project/children/project/children/project/sequencing"/><notes></notes><modified>2019-03-14 18:10:21.695 CST</modified></project><project><id>811</id><created>2019-03-14 18:10:24.647 CST</created><parent reference="../../.."/><children/><topic reference="../../../../../../../../../../../../../../../../../topics/items/topic[3]"/><description>老实人</description><purpose></purpose><success></success><brainstorming></brainstorming><organising></organising><done>false</done><sequence>false</sequence><sequencing reference="../../../../../../../../project/children/project/children/project/sequencing"/><notes></notes><modified>2019-03-14 18:10:29.407 CST</modified></project><project><id>812</id><created>2019-03-14 18:10:53.865 CST</created><parent reference="../../.."/><children/><topic reference="../../../../../../../../../../../../../../../../../topics/items/topic[3]"/><description>双城记</description><purpose></purpose><success></success><brainstorming></brainstorming><organising></organising><done>false</done><sequence>false</sequence><sequencing reference="../../../../../../../../project/children/project/children/project/sequencing"/><notes></notes><modified>2019-03-14 18:12:07.703 CST</modified></project><project><id>829</id><created>2019-03-14 18:11:05.606 CST</created><parent reference="../../.."/><children/><topic reference="../../../../../../../../../../../../../../../../../topics/items/topic[3]"/><description>人间喜剧</description><purpose></purpose><success></success><brainstorming></brainstorming><organising></organising><done>false</done><sequence>false</sequence><sequencing reference="../../../../../../../../project/children/project/children/project/sequencing"/><notes></notes><modified>2019-03-14 18:12:13.272 CST</modified></project><project><id>1007</id><created>2019-03-14 18:11:12.992 CST</created><parent reference="../../.."/><children/><topic reference="../../../../../../../../../../../../../../../../../topics/items/topic[3]"/><description>高老头 欧也妮.葛朗台</description><purpose></purpose><success></success><brainstorming></brainstorming><organising></organising><done>false</done><sequence>false</sequence><sequencing reference="../../../../../../../../project/children/project/children/project/sequencing"/><notes></notes><modified>2019-03-14 18:12:24.786 CST</modified></project><project><id>1008</id><created>2019-03-14 18:11:12.992 CST</created><parent reference="../../.."/><children/><topic reference="../../../../../../../../../../../../../../../../../topics/items/topic[3]"/><description>悲惨世界</description><purpose></purpose><success></success><brainstorming></brainstorming><organising></organising><done>false</done><sequence>false</sequence><sequencing reference="../../../../../../../../project/children/project/children/project/sequencing"/><modified>2019-03-14 18:12:38.716 CST</modified></project><project><id>1509</id><created>2019-03-14 18:11:19.355 CST</created><parent reference="../../.."/><children/><topic reference="../../../../../../../../../../../../../../../../../topics/items/topic[3]"/><description>巴黎圣母院</description><purpose></purpose><success></success><brainstorming></brainstorming><organising></organising><done>false</done><sequence>false</sequence><sequencing reference="../../../../../../../../project/children/project/children/project/sequencing"/><notes></notes><modified>2019-03-14 18:12:44.694 CST</modified></project><project><id>1510</id><created>2019-03-14 18:11:19.355 CST</created><parent reference="../../.."/><children/><topic reference="../../../../../../../../../../../../../../../../../topics/items/topic[3]"/><description>大卫 科波菲尔</description><purpose></purpose><success></success><brainstorming></brainstorming><organising></organising><done>false</done><sequence>false</sequence><sequencing reference="../../../../../../../../project/children/project/children/project/sequencing"/><modified>2019-03-14 18:14:04.149 CST</modified></project><project><id>1511</id><created>2019-03-14 18:11:19.356 CST</created><parent reference="../../.."/><children/><topic reference="../../../../../../../../../../../../../../../../../topics/items/topic[3]"/><description>远大前程</description><purpose></purpose><success></success><brainstorming></brainstorming><organising></organising><done>false</done><sequence>false</sequence><sequencing reference="../../../../../../../../project/children/project/children/project/sequencing"/><modified>2019-03-14 18:14:12.659 CST</modified></project><project><id>1512</id><created>2019-03-14 18:11:19.356 CST</created><parent reference="../../.."/><children/><topic reference="../../../../../../../../../../../../../../../../../topics/items/topic[3]"/><description>动物农场</description><purpose></purpose><success></success><brainstorming></brainstorming><organising></organising><done>false</done><sequence>false</sequence><sequencing reference="../../../../../../../../project/children/project/children/project/sequencing"/><modified>2019-03-14 18:14:21.241 CST</modified></project><project><id>2513</id><created>2019-03-14 18:11:26.829 CST</created><parent reference="../../.."/><children/><topic reference="../../../../../../../../../../../../../../../../../topics/items/topic[3]"/><description>一个陌生女儿的来信</description><purpose></purpose><success></success><brainstorming></brainstorming><organising></organising><done>false</done><sequence>false</sequence><sequencing reference="../../../../../../../../project/children/project/children/project/sequencing"/><notes></notes><modified>2019-03-14 18:14:33.584 CST</modified></project><project><id>2514</id><created>2019-03-14 18:11:26.829 CST</created><parent reference="../../.."/><children/><topic reference="../../../../../../../../../../../../../../../../../topics/items/topic[10]"/><description>卡夫卡中短篇小说全集</description><purpose></purpose><success></success><brainstorming></brainstorming><organising></organising><done>false</done><sequence>false</sequence><sequencing reference="../../../../../../../../project/children/project/children/project/sequencing"/><notes>卡夫卡中短篇小说全集
</notes><modified>2019-03-15 13:10:22.480 CST</modified></project><project><id>2515</id><created>2019-03-14 18:11:26.830 CST</created><parent reference="../../.."/><children/><topic reference="../../../../../../../../../../../../../../../../../topics/items/topic[3]"/><description>城堡</description><purpose></purpose><success></success><brainstorming></brainstorming><organising></organising><done>false</done><sequence>false</sequence><sequencing reference="../../../../../../../../project/children/project/children/project/sequencing"/><notes></notes><modified>2019-03-14 18:15:36.521 CST</modified></project><project><id>2517</id><created>2019-03-14 18:11:26.831 CST</created><parent reference="../../.."/><children/><topic reference="../../../../../../../../../../../../../../../../../topics/items/topic[3]"/><description>安娜卡列尼娜</description><purpose></purpose><success></success><brainstorming></brainstorming><organising></organising><done>false</done><sequence>false</sequence><sequencing reference="../../../../../../../../project/children/project/children/project/sequencing"/><modified>2019-03-15 13:10:54.886 CST</modified></project><project><id>2516</id><created>2019-03-14 18:11:26.830 CST</created><parent reference="../../.."/><children/><topic reference="../../../../../../../../../../../../../../../../../topics/items/topic[3]"/><description>变形记</description><purpose></purpose><success></success><brainstorming></brainstorming><organising></organising><done>false</done><sequence>false</sequence><sequencing reference="../../../../../../../../project/children/project/children/project/sequencing"/><notes></notes><modified>2019-03-15 13:11:02.759 CST</modified></project><project><id>2518</id><created>2019-03-14 18:11:26.831 CST</created><parent reference="../../.."/><children/><topic reference="../../../../../../../../../../../../../../../../../topics/items/topic[3]"/><description>少年维特的烦恼</description><purpose></purpose><success></success><brainstorming></brainstorming><organising></organising><done>false</done><sequence>false</sequence><sequencing reference="../../../../../../../../project/children/project/children/project/sequencing"/><modified>2019-03-14 18:16:09.933 CST</modified></project><project><id>2519</id><created>2019-03-14 18:11:26.831 CST</created><parent reference="../../.."/><children/><topic reference="../../../../../../../../../../../../../../../../../topics/items/topic[3]"/><description>为什么读经典</description><purpose></purpose><success></success><brainstorming></brainstorming><organising></organising><done>false</done><sequence>false</sequence><sequencing reference="../../../../../../../../project/children/project/children/project/sequencing"/><modified>2019-03-14 18:16:19.123 CST</modified></project><project><id>2520</id><created>2019-03-14 18:11:26.831 CST</created><parent reference="../../.."/><children/><topic reference="../../../../../../../../../../../../../../../../../topics/items/topic[3]"/><description>堂吉诃德</description><purpose></purpose><success></success><brainstorming></brainstorming><organising></organising><done>false</done><sequence>false</sequence><sequencing reference="../../../../../../../../project/children/project/children/project/sequencing"/><modified>2019-03-14 18:16:27.642 CST</modified></project><project><id>4521</id><created>2019-03-14 18:11:37.509 CST</created><parent reference="../../.."/><children/><topic reference="../../../../../../../../../../../../../../../../../topics/items/topic[3]"/><description>马克吐温中短篇小说选</description><purpose></purpose><success></success><brainstorming></brainstorming><organising></organising><done>false</done><sequence>false</sequence><sequencing reference="../../../../../../../../project/children/project/children/project/sequencing"/><notes></notes><modified>2019-03-14 18:16:36.223 CST</modified></project><project><id>4522</id><created>2019-03-14 18:11:37.510 CST</created><parent reference="../../.."/><children/><topic reference="../../../../../../../../../../../../../../../../../topics/items/topic[3]"/><description>欧亨利短篇小说选</description><purpose></purpose><success></success><brainstorming></brainstorming><organising></organising><done>false</done><sequence>false</sequence><sequencing reference="../../../../../../../../project/children/project/children/project/sequencing"/><modified>2019-03-14 18:16:46.258 CST</modified></project><project><id>4523</id><created>2019-03-14 18:11:37.510 CST</created><parent reference="../../.."/><children/><topic reference="../../../../../../../../../../../../../../../../../topics/items/topic[3]"/><description> 战争与和平</description><purpose></purpose><success></success><brainstorming></brainstorming><organising></organising><done>false</done><sequence>false</sequence><sequencing reference="../../../../../../../../project/children/project/children/project/sequencing"/><modified>2019-03-14 18:16:54.736 CST</modified></project><project><id>4524</id><created>2019-03-14 18:11:37.511 CST</created><parent reference="../../.."/><children/><topic reference="../../../../../../../../../../../../../../../../../topics/items/topic[3]"/><description>大师与玛格丽特</description><purpose></purpose><success></success><brainstorming></brainstorming><organising></organising><done>false</done><sequence>false</sequence><sequencing reference="../../../../../../../../project/children/project/children/project/sequencing"/><modified>2019-03-14 18:17:00.755 CST</modified></project><project><id>4525</id><created>2019-03-14 18:11:37.511 CST</created><parent reference="../../.."/><children/><topic reference="../../../../../../../../../../../../../../../../../topics/items/topic[10]"/><description>山月记</description><purpose></purpose><success></success><brainstorming></brainstorming><organising></organising><done>false</done><sequence>false</sequence><sequencing reference="../../../../../../../../project/children/project/children/project/sequencing"/><modified>2019-03-15 13:09:39.816 CST</modified></project><project><id>4526</id><created>2019-03-14 18:11:37.511 CST</created><parent reference="../../.."/><children/><topic reference="../../../../../../../../../../../../../../../../../topics/items/topic[10]"/><description> 汪曾祺小说经典 </description><purpose></purpose><success></success><brainstorming></brainstorming><organising></organising><done>false</done><sequence>false</sequence><sequencing reference="../../../../../../../../project/children/project/children/project/sequencing"/><notes></notes><modified>2019-03-15 13:09:36.635 CST</modified></project></children><topic reference="../../../../../../../../../../../../../../../topics/items/topic[10]"/><description>文学小说</description><purpose>每周至少完成1本文学小说的阅读</purpose><success>最近3年内把欧、美、南美、俄罗斯的古典经典小说通读一遍</success><brainstorming></brainstorming><organising></organising><done>false</done><sequence>false</sequence><sequencing reference="../../../../../../project/children/project/children/project/sequencing"/><notes>************************ 2019 年

Goal：2019年计划完成52本文学小说的阅读，包含读书会的书目，如果当周读书会没有举行，则按照自己的计划来阅读

Output：
1、输出读书过程的记录梳理
2、输出心得及观点并放到网上

Check：
Check周期： 每周，周日进行 

【Check 12:44:23 星期五 15 三月 2019】： 目前完成11本，基本上保持了一周一本的状态，很好，继续保持！</notes><priority reference="../children/project[12]/priority"/><modified>2019-03-15 16:47:52.910 CST</modified></project><project><id>153</id><created>2019-03-14 17:14:46.595 CST</created><parent reference="../../.."/><children><project><id>6553</id><created>2019-03-15 16:40:37.582 CST</created><parent reference="../../.."/><children/><topic reference="../../../../../../../../../../../../../../../../../topics/items/topic[3]"/><description>白话史记</description><purpose></purpose><success></success><brainstorming></brainstorming><organising></organising><done>false</done><sequence>false</sequence><sequencing reference="../../../../../../../../project/children/project/children/project/sequencing"/><notes></notes><modified>2019-03-15 16:40:44.80 CST</modified></project></children><topic reference="../../../../../../../../../../../../../../../topics/items/topic[3]"/><description>史书</description><purpose></purpose><success></success><brainstorming></brainstorming><organising></organising><done>false</done><sequence>false</sequence><sequencing reference="../../../../../../project/children/project/children/project/sequencing"/><notes>************************ 2019 年 

Goal：
1、2019年计划完成《白话史记》这套历史书的阅读

Output：
1、阅读过程中的梳理以及心得，并通过读书会或交流方式进行分享

Check：
Check周期： 计划开始后的每周，周日进行</notes><modified>2019-03-15 22:21:45.947 CST</modified></project><project><id>803</id><created>2019-03-14 18:02:31.54 CST</created><parent reference="../../.."/><children><project><id>6559</id><created>2019-03-15 17:01:44.979 CST</created><parent reference="../../.."/><children/><topic reference="../../../../../../../../../../../../../../../../../topics/items/topic[3]"/><description>国学入门书要目及其读法</description><purpose></purpose><success></success><brainstorming></brainstorming><organising></organising><done>false</done><sequence>false</sequence><sequencing reference="../../../../../../../../project/children/project/children/project/sequencing"/><notes></notes><modified>2019-03-15 17:01:56.839 CST</modified></project><project><id>6560</id><created>2019-03-15 17:01:59.565 CST</created><parent reference="../../.."/><children/><topic reference="../../../../../../../../../../../../../../../../../topics/items/topic[3]"/><description>春秋</description><purpose></purpose><success></success><brainstorming></brainstorming><organising></organising><done>false</done><sequence>false</sequence><sequencing reference="../../../../../../../../project/children/project/children/project/sequencing"/><notes></notes><modified>2019-03-15 17:02:13.321 CST</modified></project><project><id>6561</id><created>2019-03-15 17:02:29.213 CST</created><parent reference="../../.."/><children/><topic reference="../../../../../../../../../../../../../../../../../topics/items/topic[3]"/><description>尚书</description><purpose></purpose><success></success><brainstorming></brainstorming><organising></organising><done>false</done><sequence>false</sequence><sequencing reference="../../../../../../../../project/children/project/children/project/sequencing"/><notes></notes><modified>2019-03-15 17:02:32.403 CST</modified></project><project><id>6562</id><created>2019-03-15 17:02:47.528 CST</created><parent reference="../../.."/><children/><topic reference="../../../../../../../../../../../../../../../../../topics/items/topic[3]"/><description>诗经</description><purpose></purpose><success></success><brainstorming></brainstorming><organising></organising><done>false</done><sequence>false</sequence><sequencing reference="../../../../../../../../project/children/project/children/project/sequencing"/><notes></notes><modified>2019-03-15 17:02:54.29 CST</modified></project><project><id>6563</id><created>2019-03-15 17:02:56.619 CST</created><parent reference="../../.."/><children/><topic reference="../../../../../../../../../../../../../../../../../topics/items/topic[3]"/><description>诗经名物图解</description><purpose></purpose><success></success><brainstorming></brainstorming><organising></organising><done>false</done><sequence>false</sequence><sequencing reference="../../../../../../../../project/children/project/children/project/sequencing"/><notes></notes><modified>2019-03-15 17:03:02.742 CST</modified></project><project><id>6564</id><created>2019-03-15 17:03:26.206 CST</created><parent reference="../../.."/><children/><topic reference="../../../../../../../../../../../../../../../../../topics/items/topic[3]"/><description>大学</description><purpose></purpose><success></success><brainstorming></brainstorming><organising></organising><done>false</done><sequence>false</sequence><sequencing reference="../../../../../../../../project/children/project/children/project/sequencing"/><notes></notes><modified>2019-03-15 17:03:33.106 CST</modified></project><project><id>6565</id><created>2019-03-15 17:03:36.305 CST</created><parent reference="../../.."/><children/><topic reference="../../../../../../../../../../../../../../../../../topics/items/topic[3]"/><description>论语</description><purpose></purpose><success></success><brainstorming></brainstorming><organising></organising><done>false</done><sequence>false</sequence><sequencing reference="../../../../../../../../project/children/project/children/project/sequencing"/><notes></notes><modified>2019-03-15 17:03:48.352 CST</modified></project><project><id>6566</id><created>2019-03-15 17:03:51.767 CST</created><parent reference="../../.."/><children/><topic reference="../../../../../../../../../../../../../../../../../topics/items/topic[3]"/><description>孟子</description><purpose></purpose><success></success><brainstorming></brainstorming><organising></organising><done>false</done><sequence>false</sequence><sequencing reference="../../../../../../../../project/children/project/children/project/sequencing"/><notes></notes><modified>2019-03-15 17:04:01.584 CST</modified></project><project><id>6567</id><created>2019-03-15 17:04:04.477 CST</created><parent reference="../../.."/><children/><topic reference="../../../../../../../../../../../../../../../../../topics/items/topic[3]"/><description>中庸</description><purpose></purpose><success></success><brainstorming></brainstorming><organising></organising><done>false</done><sequence>false</sequence><sequencing reference="../../../../../../../../project/children/project/children/project/sequencing"/><notes></notes><modified>2019-03-15 17:04:18.376 CST</modified></project><project><id>6568</id><created>2019-03-15 17:04:22.834 CST</created><parent reference="../../.."/><children/><topic reference="../../../../../../../../../../../../../../../../../topics/items/topic[3]"/><description>礼记</description><purpose></purpose><success></success><brainstorming></brainstorming><organising></organising><done>false</done><sequence>false</sequence><sequencing reference="../../../../../../../../project/children/project/children/project/sequencing"/><notes></notes><modified>2019-03-15 17:04:33.529 CST</modified></project><project><id>6569</id><created>2019-03-15 17:04:36.204 CST</created><parent reference="../../.."/><children/><topic reference="../../../../../../../../../../../../../../../../../topics/items/topic[3]"/><description>周易 </description><purpose></purpose><success></success><brainstorming></brainstorming><organising></organising><done>false</done><sequence>false</sequence><sequencing reference="../../../../../../../../project/children/project/children/project/sequencing"/><notes></notes><modified>2019-03-15 17:04:47.122 CST</modified></project><project><id>6570</id><created>2019-03-15 17:04:49.575 CST</created><parent reference="../../.."/><children/><topic reference="../../../../../../../../../../../../../../../../../topics/items/topic[3]"/><description>怎样读书   胡适</description><purpose></purpose><success></success><brainstorming></brainstorming><organising></organising><done>false</done><sequence>false</sequence><sequencing reference="../../../../../../../../project/children/project/children/project/sequencing"/><notes></notes><modified>2019-03-15 17:04:52.687 CST</modified></project></children><topic reference="../../../../../../../../../../../../../../../topics/items/topic[3]"/><description>四书五经</description><purpose></purpose><success></success><brainstorming></brainstorming><organising></organising><done>false</done><sequence>false</sequence><sequencing reference="../../../../../../project/children/project/children/project/sequencing"/><notes>************************ 2019 年  

Goal：
1、2019年计划完成10+本国学书籍的阅读

Output： 
1、阅读过程中的梳理以及心得，并通过读书会或交流方式进行分享

Check：
Check周期： 计划开始时每周，周日进行



</notes><modified>2019-03-15 22:23:07.597 CST</modified></project><project><id>804</id><created>2019-03-14 18:04:25.769 CST</created><parent reference="../../.."/><children><project><id>6602</id><created>2019-03-15 22:24:32.100 CST</created><parent reference="../../.."/><children/><topic reference="../../../../../../../../../../../../../../../../../topics/items/topic[3]"/><description>叶嘉莹诗词讲座</description><purpose></purpose><success></success><brainstorming></brainstorming><organising></organising><done>false</done><sequence>false</sequence><sequencing reference="../../../../../../../../project/children/project/children/project/sequencing"/><notes></notes><modified>2019-03-15 22:24:48.521 CST</modified></project></children><topic reference="../../../../../../../../../../../../../../../topics/items/topic[3]"/><description>唐诗宋词元曲明清小说</description><purpose></purpose><success></success><brainstorming></brainstorming><organising></organising><done>false</done><sequence>false</sequence><sequencing reference="../../../../../../project/children/project/children/project/sequencing"/><notes>************************ 2019 年  
Goal：
1、2019年计划完成10+本书籍的阅读及相关视频的观看，诗词大会，叶嘉莹等视频

Output： 
1、阅读过程中的梳理以及心得，并通过读书会或交流方式进行分享

Check：
Check周期： 每周，周日进行</notes><modified>2019-03-15 22:24:32.173 CST</modified></project><project><id>6545</id><created>2019-03-15 16:14:34.691 CST</created><parent reference="../../.."/><children><project><id>6546</id><created>2019-03-15 16:16:19.927 CST</created><parent reference="../../.."/><children><action><id>6547</id><created>2019-03-15 16:16:51.423 CST</created><parent reference="../../.."/><description>盖屋记</description><topic reference="../../../../../../../../../../../../../../../../../../../topics/items/topic[3]"/><context reference="../../../../../../../../../../../../../../../../../../../contexts/items/context[6]"/><state class="actionStateScheduled"><date>2019-02-25 00:00:00.0 CST</date><durationHours>3</durationHours><durationMinutes>0</durationMinutes><created>2019-03-15 16:17:22.31 CST</created></state><notes></notes><done>true</done><doneDate>2019-03-01 00:00:00.0 CST</doneDate><priority reference="../../../../../../project/children/project/children/action/priority"/><success>1、完成阅读并提取有用的经验点</success><modified>2019-03-15 22:38:05.896 CST</modified></action></children><topic reference="../../../../../../../../../../../../../../../../../topics/items/topic[3]"/><description>盖屋记</description><purpose></purpose><success></success><brainstorming></brainstorming><organising></organising><done>true</done><doneDate>2019-03-15 16:17:58.328 CST</doneDate><sequence>false</sequence><sequencing reference="../../../../../../../../project/children/project/children/project/sequencing"/><notes></notes><priority reference="../../../../project/children/project/children/action/priority"/><modified>2019-03-15 16:17:58.328 CST</modified></project><project><id>6548</id><created>2019-03-15 16:19:22.305 CST</created><parent reference="../../.."/><children><action><id>6549</id><created>2019-03-15 16:20:35.556 CST</created><parent reference="../../.."/><description>家变大了，日剧里的温馨小屋来了第一章</description><topic reference="../../../../../../../../../../../../../../../../../../../topics/items/topic[3]"/><context reference="../../../../../../../../../../../../../../../../../../../contexts/items/context[6]"/><state class="actionStateScheduled"><date>2019-03-09 14:00:00.0 CST</date><durationHours>1</durationHours><durationMinutes>0</durationMinutes><created>2019-03-15 16:20:53.249 CST</created></state><notes></notes><done>true</done><doneDate>2019-03-09 00:00:00.0 CST</doneDate><priority reference="../../../../../../project/children/project/children/action/priority"/><success>1、完成光线和气流这两个内容的阅读并提取有用的知识点</success><modified>2019-03-15 22:38:01.159 CST</modified></action><action><id>6550</id><created>2019-03-15 16:22:31.504 CST</created><parent reference="../../.."/><description>第二章&amp;第三章</description><topic reference="../../../../../../../../../../../../../../../../../../../topics/items/topic[3]"/><context reference="../../../../../../../../../../../../../../../../../../../contexts/items/context[6]"/><state class="actionStateScheduled"><date>2019-03-17 14:00:00.0 CST</date><durationHours>1</durationHours><durationMinutes>30</durationMinutes><created>2019-03-15 16:23:07.951 CST</created></state><notes></notes><done>false</done><time><id>108</id><name>1.5 hrs</name></time><energy reference="../../../../../../project/children/project/children/action/energy"/><priority reference="../../../../../../project/children/project/children/action/priority"/><success>1、完成第二章第三章得阅读并提取有用点</success><modified>2019-03-15 22:37:28.621 CST</modified></action></children><topic reference="../../../../../../../../../../../../../../../../../topics/items/topic[3]"/><description>家变大了，日剧里的温馨小屋来了</description><purpose></purpose><success></success><brainstorming></brainstorming><organising></organising><done>false</done><sequence>false</sequence><sequencing reference="../../../../../../../../project/children/project/children/project/sequencing"/><notes></notes><priority reference="../../../../project/children/project/children/action/priority"/><modified>2019-03-15 16:22:31.505 CST</modified></project><project><id>6551</id><created>2019-03-15 16:23:54.459 CST</created><parent reference="../../.."/><children><action><id>6552</id><created>2019-03-15 16:24:56.884 CST</created><parent reference="../../.."/><description>第一章通读</description><topic reference="../../../../../../../../../../../../../../../../../../../topics/items/topic[3]"/><context reference="../../../../../../../../../../../../../../../../../../../contexts/items/context[6]"/><state class="actionStateScheduled"><date>2019-03-17 15:00:00.0 CST</date><durationHours>1</durationHours><durationMinutes>0</durationMinutes><created>2019-03-15 16:25:38.817 CST</created></state><notes></notes><done>false</done><time reference="../../../../project[2]/children/action[2]/time"/><energy reference="../../../../../../project/children/project/children/action/energy"/><priority reference="../../../../../../project/children/project/children/action/priority"/><success>1、输出阅读记录，并对各个功能间的部件尺寸掌握</success><modified>2019-03-15 22:37:21.640 CST</modified></action></children><topic reference="../../../../../../../../../../../../../../../../../topics/items/topic[3]"/><description>普通单元式住宅户型设计</description><purpose>1、这本书很实用，能对各个功能的空间布局讲得很清楚，至少通读并做到心中有数</purpose><success></success><brainstorming></brainstorming><organising></organising><done>false</done><sequence>false</sequence><sequencing reference="../../../../../../../../project/children/project/children/project/sequencing"/><notes></notes><priority reference="../../../../project/children/project/children/action/priority"/><modified>2019-03-15 16:24:56.884 CST</modified></project></children><topic reference="../../../../../../../../../../../../../../../topics/items/topic[3]"/><description>房屋建设、装修方面的书籍</description><purpose>1、今年要多关注这方面的书，做到对建设布局能心里有数，装修过程也了解掌握</purpose><success></success><brainstorming></brainstorming><organising></organising><done>false</done><sequence>false</sequence><sequencing reference="../../../../../../project/children/project/children/project/sequencing"/><notes>Goal：
1、基本上是一生一次的建房机会，要好好把握到实践中
2、尽可能多的搜寻这方面的书籍，交流，文章等的经验，涵盖从设计，施工到验收装修再到投资使用这整个环节

Output： 
1、输出读书过程的记录梳理 
2、将这些心得应用到上述的各个环节中，在实践中应用和学习，并且从中得到反馈，做好记录
  
Check： 
Check周期： 每周，周日进行



</notes><priority reference="../../project/children/project/children/action/priority"/><modified>2019-03-15 16:56:12.433 CST</modified></project><project><id>6554</id><created>2019-03-15 16:41:43.665 CST</created><parent reference="../../.."/><children><project><id>6555</id><created>2019-03-15 16:42:13.338 CST</created><parent reference="../../.."/><children><action><id>6556</id><created>2019-03-15 16:42:34.124 CST</created><parent reference="../../.."/><description>父与子</description><topic reference="../../../../../../../../../../../../../../../../../../../topics/items/topic[3]"/><context reference="../../../../../../../../../../../../../../../../../../../contexts/items/context[6]"/><state class="actionStateScheduled"><date>2019-02-26 00:00:00.0 CST</date><durationHours>1</durationHours><durationMinutes>0</durationMinutes><created>2019-03-15 16:43:23.666 CST</created></state><notes></notes><done>true</done><doneDate>2019-02-26 00:00:00.0 CST</doneDate><success>1、娱乐休闲，能达到转换放松心情就行</success><modified>2019-03-16 11:38:54.491 CST</modified></action></children><topic reference="../../../../../../../../../../../../../../../../../topics/items/topic[3]"/><description>父与子</description><purpose></purpose><success></success><brainstorming></brainstorming><organising></organising><done>true</done><doneDate>2019-03-15 16:43:49.903 CST</doneDate><sequence>false</sequence><sequencing reference="../../../../../../../../project/children/project/children/project/sequencing"/><notes></notes><modified>2019-03-15 16:57:59.539 CST</modified></project><project><id>6557</id><created>2019-03-15 16:45:37.447 CST</created><parent reference="../../.."/><children/><topic reference="../../../../../../../../../../../../../../../../../topics/items/topic[3]"/><description>掌相入门@陈鼎龙</description><purpose></purpose><success></success><brainstorming></brainstorming><organising></organising><done>false</done><sequence>false</sequence><sequencing reference="../../../../../../../../project/children/project/children/project/sequencing"/><modified>2019-03-15 16:45:42.231 CST</modified></project><project><id>6558</id><created>2019-03-15 17:00:46.732 CST</created><parent reference="../../.."/><children/><topic reference="../../../../../../../../../../../../../../../../../topics/items/topic[3]"/><description>易经手相</description><purpose></purpose><success></success><brainstorming></brainstorming><organising></organising><done>false</done><sequence>false</sequence><sequencing reference="../../../../../../../../project/children/project/children/project/sequencing"/><notes></notes><modified>2019-03-15 17:00:54.992 CST</modified></project></children><topic reference="../../../../../../../../../../../../../../../topics/items/topic[3]"/><description>休闲娱乐、漫画、散文</description><purpose></purpose><success></success><brainstorming></brainstorming><organising></organising><done>false</done><sequence>false</sequence><sequencing reference="../../../../../../project/children/project/children/project/sequencing"/><notes>Goal： 
1、能够达到转换注意力，放松身心，或一时的高兴，嫣然一笑等都行
2、体裁不限定

Output： 
1、放松身心，或一时的高兴，嫣然一笑等都行    

Check： 
Check周期： 每周，周日进行</notes><modified>2019-03-15 17:00:46.733 CST</modified></project></children><topic reference="../../../../../../../../../../../../../topics/items/topic[3]"/><description>读书</description><purpose></purpose><success></success><brainstorming></brainstorming><organising></organising><done>false</done><sequence>false</sequence><sequencing reference="../../../../project/children/project/children/project/sequencing"/><notes>************************ 2019 年 
Goal：
1、全年争取读完100+本书并有输出 
2、读书会有开就参加（坚持参加读书会的本质需求，就是读书分享交流，要多分享，多交流对当期书的观点看法）
3、历史国学类 10+本及相关视频
4、休闲娱乐类、漫画及散文类 10+本
5、思维类方法类的书10+本，并按情况甄别使用
6、阅读数量文学类（小说）定好是52本，并要求写读书心得报告

Output： 
1、输出读书过程的记录梳理 
2、输出心得及观点并放到网上
Check： 
Check周期： 每周， 每周底进行该目标分类的全面检查</notes><modified>2019-03-16 11:20:18.585 CST</modified></project><project><id>150</id><created>2019-03-14 17:14:09.261 CST</created><parent reference="../../.."/><children><project><id>805</id><created>2019-03-14 18:04:56.144 CST</created><parent reference="../../.."/><children><project><id>6582</id><created>2019-03-15 17:09:15.999 CST</created><parent reference="../../.."/><children/><topic reference="../../../../../../../../../../../../../../../../../topics/items/topic[3]"/><description>自控力 </description><purpose></purpose><success></success><brainstorming></brainstorming><organising></organising><done>false</done><sequence>false</sequence><sequencing reference="../../../../../../../../project/children/project/children/project/sequencing"/><notes></notes><modified>2019-03-15 22:04:31.467 CST</modified></project><project><id>6581</id><created>2019-03-15 17:09:05.936 CST</created><parent reference="../../.."/><children/><topic reference="../../../../../../../../../../../../../../../../../topics/items/topic[3]"/><description>高效能人士的7个习惯 </description><purpose></purpose><success></success><brainstorming></brainstorming><organising></organising><done>false</done><sequence>false</sequence><sequencing reference="../../../../../../../../project/children/project/children/project/sequencing"/><modified>2019-03-15 17:09:26.475 CST</modified></project><project><id>6580</id><created>2019-03-15 17:08:54.857 CST</created><parent reference="../../.."/><children/><topic reference="../../../../../../../../../../../../../../../../../topics/items/topic[3]"/><description>软技能：代码之外的生存技能 </description><purpose></purpose><success></success><brainstorming></brainstorming><organising></organising><done>false</done><sequence>false</sequence><sequencing reference="../../../../../../../../project/children/project/children/project/sequencing"/><modified>2019-03-15 17:10:22.542 CST</modified></project><project><id>6593</id><created>2019-03-15 21:40:20.397 CST</created><parent reference="../../.."/><children><action><id>6594</id><created>2019-03-15 21:40:36.404 CST</created><parent reference="../../.."/><description>在Thinking Rock上完成所有年度计划的详细规划---个人发展部分</description><topic reference="../../../../../../../../../../../../../../../../../../../topics/items/topic[3]"/><context reference="../../../../../../../../../../../../../../../../../../../contexts/items/context[5]"/><state class="actionStateScheduled"><date>2019-03-15 21:00:00.0 CST</date><durationHours>2</durationHours><durationMinutes>0</durationMinutes><created>2019-03-15 21:41:53.723 CST</created></state><notes></notes><done>true</done><doneDate>2019-03-15 00:00:00.0 CST</doneDate><energy reference="../../../../../../../../project/children/project/children/project/children/action[4]/energy"/><priority reference="../../../../../../../../project/children/project/children/project/children/action/priority"/><success>1、TR 个人发展部分template形成并可以投入使用</success><modified>2019-03-15 22:37:55.721 CST</modified></action><action><id>6595</id><created>2019-03-15 21:43:42.774 CST</created><parent reference="../../.."/><description>在Thinking Rock上完成所有年度计划的详细规划---个人健康部分</description><topic reference="../../../../../../../../../../../../../../../../../../../topics/items/topic[3]"/><context reference="../../../../../../../../../../../../../../../../../../../contexts/items/context[5]"/><state class="actionStateScheduled"><date>2019-03-16 10:00:00.0 CST</date><durationHours>0</durationHours><durationMinutes>0</durationMinutes><created>2019-03-15 21:44:12.386 CST</created></state><notes></notes><done>true</done><doneDate>2019-03-16 00:00:00.0 CST</doneDate><time reference="../../../../../../../../project/children/project/children/project/children/action/time"/><priority reference="../../../../../../../../project/children/project/children/project/children/action/priority"/><success></success><modified>2019-03-16 08:04:08.399 CST</modified></action><action><id>6596</id><created>2019-03-15 21:44:30.513 CST</created><parent reference="../../.."/><description>在Thinking Rock上完成所有年度计划的详细规划---财富管理部分</description><topic reference="../../../../../../../../../../../../../../../../../../../topics/items/topic[3]"/><context reference="../../../../../../../../../../../../../../../../../../../contexts/items/context[5]"/><state class="actionStateScheduled"><date>2019-03-16 11:00:00.0 CST</date><durationHours>0</durationHours><durationMinutes>0</durationMinutes><created>2019-03-15 21:44:51.248 CST</created></state><notes></notes><done>true</done><doneDate>2019-03-16 00:00:00.0 CST</doneDate><energy reference="../../../../../../../../project/children/project/children/project/children/action[4]/energy"/><priority reference="../../../../../../../../project/children/project/children/project/children/action/priority"/><success></success><modified>2019-03-16 10:44:26.959 CST</modified></action><action><id>6597</id><created>2019-03-15 21:45:14.983 CST</created><parent reference="../../.."/><description>在Thinking Rock上完成所有年度计划的详细规划---家庭、人际交往部分</description><topic reference="../../../../../../../../../../../../../../../../../../../topics/items/topic[3]"/><context reference="../../../../../../../../../../../../../../../../../../../contexts/items/context[5]"/><state class="actionStateScheduled"><date>2019-03-16 14:00:00.0 CST</date><durationHours>0</durationHours><durationMinutes>30</durationMinutes><created>2019-03-15 21:46:12.668 CST</created></state><notes></notes><done>true</done><doneDate>2019-03-16 00:00:00.0 CST</doneDate><time reference="../../../../../../../../project/children/project[2]/children/project[12]/children/action/time"/><priority reference="../../../../../../../../project/children/project/children/project/children/action/priority"/><success></success><modified>2019-03-16 15:02:32.105 CST</modified></action><action><id>6598</id><created>2019-03-15 21:45:21.88 CST</created><parent reference="../../.."/><description>在Thinking Rock上完成所有年度计划的详细规划---兴趣爱好部分</description><topic reference="../../../../../../../../../../../../../../../../../../../topics/items/topic[3]"/><context reference="../../../../../../../../../../../../../../../../../../../contexts/items/context[5]"/><state class="actionStateScheduled"><date>2019-03-16 15:00:00.0 CST</date><durationHours>0</durationHours><durationMinutes>30</durationMinutes><created>2019-03-15 21:47:07.216 CST</created></state><notes></notes><done>true</done><doneDate>2019-03-16 00:00:00.0 CST</doneDate><time reference="../../../../../../../../project/children/project[2]/children/project[12]/children/action/time"/><energy reference="../../../../../../../../project/children/project/children/project/children/action/energy"/><priority reference="../../../../../../../../project/children/project/children/project/children/action/priority"/><success></success><modified>2019-03-16 14:58:50.241 CST</modified></action><action><id>6599</id><created>2019-03-15 21:45:43.997 CST</created><parent reference="../../.."/><description>在Thinking Rock上完成所有年度计划的详细规划---娱乐休闲部分</description><topic reference="../../../../../../../../../../../../../../../../../../../topics/items/topic[3]"/><context reference="../../../../../../../../../../../../../../../../../../../contexts/items/context[5]"/><state class="actionStateScheduled"><date>2019-03-17 16:00:00.0 CST</date><durationHours>0</durationHours><durationMinutes>30</durationMinutes><created>2019-03-15 21:47:58.794 CST</created></state><notes></notes><done>true</done><doneDate>2019-03-16 00:00:00.0 CST</doneDate><time reference="../../../../../../../../project/children/project[2]/children/project[12]/children/action/time"/><energy reference="../../../../../../../../project/children/project/children/project/children/action/energy"/><priority reference="../../../../../../../../project/children/project/children/project/children/action/priority"/><success></success><modified>2019-03-16 14:43:02.159 CST</modified></action><action><id>6600</id><created>2019-03-15 21:45:47.906 CST</created><parent reference="../../.."/><description>在Thinking Rock上完成所有年度计划的详细规划---工作职业部分</description><topic reference="../../../../../../../../../../../../../../../../../../../topics/items/topic[3]"/><context reference="../../../../../../../../../../../../../../../../../../../contexts/items/context[5]"/><state class="actionStateScheduled"><date>2019-03-17 10:00:00.0 CST</date><durationHours>1</durationHours><durationMinutes>0</durationMinutes><created>2019-03-15 21:48:49.820 CST</created></state><notes></notes><done>false</done><time reference="../../../../../../../../project/children/project/children/project/children/action/time"/><energy reference="../../../../../../../../project/children/project/children/project/children/action[4]/energy"/><priority reference="../../../../../../../../project/children/project/children/project/children/action/priority"/><success></success><modified>2019-03-16 11:58:18.550 CST</modified></action><action><id>6867</id><created>2019-03-16 11:17:33.428 CST</created><parent reference="../../.."/><description>在Thinking Rock上完成所有年度计划的详细规划---巡检部分</description><topic reference="../../../../../../../../../../../../../../../../../../../topics/items/topic[3]"/><context reference="../../../../../../../../../../../../../../../../../../../contexts/items/context[5]"/><state class="actionStateScheduled"><date>2019-03-16 10:50:00.0 CST</date><durationHours>0</durationHours><durationMinutes>30</durationMinutes><created>2019-03-16 11:18:02.982 CST</created></state><notes></notes><done>true</done><doneDate>2019-03-16 00:00:00.0 CST</doneDate><time reference="../../../../../../../../project/children/project[2]/children/project[12]/children/action/time"/><energy reference="../../../../../../../../project/children/project/children/project/children/action/energy"/><priority reference="../../../../../../../../project/children/project/children/project/children/action/priority"/><modified>2019-03-16 11:37:10.89 CST</modified></action></children><topic reference="../../../../../../../../../../../../../../../../../topics/items/topic[3]"/><description>年度计划workout</description><purpose></purpose><success></success><brainstorming></brainstorming><organising></organising><done>false</done><sequence>false</sequence><sequencing reference="../../../../../../../../project/children/project/children/project/sequencing"/><notes></notes><priority reference="../../../../../../project/children/project/children/project/children/action/priority"/><modified>2019-03-16 11:17:33.428 CST</modified></project></children><topic reference="../../../../../../../../../../../../../../../topics/items/topic[3]"/><description>管理</description><purpose></purpose><success></success><brainstorming></brainstorming><organising></organising><done>false</done><sequence>false</sequence><sequencing reference="../../../../../../project/children/project/children/project/sequencing"/><notes>************************ 2019 年  
Goal：
希望通过理论+实践的方式提升时间管理、项目管理、团队管理的能力，从理论中来应用到实践中，并从实践中得到反馈

Output： 
1、时间管理的实践上不失控，有条不紊
2、项目管理上经历和展开更大的项目的管理
3、团队管理继续进行实践  

Check： 
Check周期： 每周， 每周底</notes><modified>2019-03-15 22:23:48.555 CST</modified></project><project><id>806</id><created>2019-03-14 18:05:05.21 CST</created><parent reference="../../.."/><children><project><id>6575</id><created>2019-03-15 17:06:53.469 CST</created><parent reference="../../.."/><children/><topic reference="../../../../../../../../../../../../../../../../../topics/items/topic[3]"/><description>聪明人用方格笔记本</description><purpose></purpose><success></success><brainstorming></brainstorming><organising></organising><done>false</done><sequence>false</sequence><sequencing reference="../../../../../../../../project/children/project/children/project/sequencing"/><notes></notes><modified>2019-03-15 17:44:41.866 CST</modified></project><project><id>6576</id><created>2019-03-15 17:07:17.119 CST</created><parent reference="../../.."/><children/><topic reference="../../../../../../../../../../../../../../../../../topics/items/topic[3]"/><description>聪明人用方格笔记本（进阶版）</description><purpose></purpose><success></success><brainstorming></brainstorming><organising></organising><done>false</done><sequence>false</sequence><sequencing reference="../../../../../../../../project/children/project/children/project/sequencing"/><modified>2019-03-15 17:07:32.600 CST</modified></project><project><id>6577</id><created>2019-03-15 17:07:38.487 CST</created><parent reference="../../.."/><children/><topic reference="../../../../../../../../../../../../../../../../../topics/items/topic[3]"/><description>聪明人的极简工作法</description><purpose></purpose><success></success><brainstorming></brainstorming><organising></organising><done>false</done><sequence>false</sequence><sequencing reference="../../../../../../../../project/children/project/children/project/sequencing"/><modified>2019-03-15 17:07:54.13 CST</modified></project><project><id>6579</id><created>2019-03-15 17:08:44.43 CST</created><parent reference="../../.."/><children/><topic reference="../../../../../../../../../../../../../../../../../topics/items/topic[3]"/><description>一页纸工作整理术 </description><purpose></purpose><success></success><brainstorming></brainstorming><organising></organising><done>false</done><sequence>false</sequence><sequencing reference="../../../../../../../../project/children/project/children/project/sequencing"/><modified>2019-03-15 17:08:46.491 CST</modified></project><project><id>6583</id><created>2019-03-15 17:09:47.69 CST</created><parent reference="../../.."/><children/><topic reference="../../../../../../../../../../../../../../../../../topics/items/topic[3]"/><description>整理的艺术：整理HACKS </description><purpose></purpose><success></success><brainstorming></brainstorming><organising></organising><done>false</done><sequence>false</sequence><sequencing reference="../../../../../../../../project/children/project/children/project/sequencing"/><modified>2019-03-15 17:09:54.502 CST</modified></project><project><id>6584</id><created>2019-03-15 17:09:57.997 CST</created><parent reference="../../.."/><children/><topic reference="../../../../../../../../../../../../../../../../../topics/items/topic[3]"/><description>整理的艺术2:时间是整理出来的 </description><purpose></purpose><success></success><brainstorming></brainstorming><organising></organising><done>false</done><sequence>false</sequence><sequencing reference="../../../../../../../../project/children/project/children/project/sequencing"/><modified>2019-03-15 17:10:03.435 CST</modified></project><project><id>6585</id><created>2019-03-15 17:10:05.947 CST</created><parent reference="../../.."/><children/><topic reference="../../../../../../../../../../../../../../../../../topics/items/topic[3]"/><description>整理的艺术3:创意是整理出来的 </description><purpose></purpose><success></success><brainstorming></brainstorming><organising></organising><done>false</done><sequence>false</sequence><sequencing reference="../../../../../../../../project/children/project/children/project/sequencing"/><modified>2019-03-15 17:10:11.151 CST</modified></project><project><id>6586</id><created>2019-03-15 17:10:13.882 CST</created><parent reference="../../.."/><children/><topic reference="../../../../../../../../../../../../../../../../../topics/items/topic[3]"/><description>整理的艺术4:升职从整理开始 </description><purpose></purpose><success></success><brainstorming></brainstorming><organising></organising><done>false</done><sequence>false</sequence><sequencing reference="../../../../../../../../project/children/project/children/project/sequencing"/><modified>2019-03-15 17:10:16.590 CST</modified></project><project><id>6587</id><created>2019-03-15 17:10:44.357 CST</created><parent reference="../../.."/><children/><topic reference="../../../../../../../../../../../../../../../../../topics/items/topic[3]"/><description>沟通的艺术 </description><purpose></purpose><success></success><brainstorming></brainstorming><organising></organising><done>false</done><sequence>false</sequence><sequencing reference="../../../../../../../../project/children/project/children/project/sequencing"/><modified>2019-03-15 17:10:50.108 CST</modified></project><project><id>6590</id><created>2019-03-15 17:11:18.162 CST</created><parent reference="../../.."/><children/><topic reference="../../../../../../../../../../../../../../../../../topics/items/topic[3]"/><description>如何阅读一本书  </description><purpose></purpose><success></success><brainstorming></brainstorming><organising></organising><done>false</done><sequence>false</sequence><sequencing reference="../../../../../../../../project/children/project/children/project/sequencing"/><modified>2019-03-15 17:11:28.291 CST</modified></project><project><id>6592</id><created>2019-03-15 17:42:14.425 CST</created><parent reference="../../.."/><children/><topic reference="../../../../../../../../../../../../../../../../../topics/items/topic[3]"/><description>寻乌调查</description><purpose></purpose><success></success><brainstorming></brainstorming><organising></organising><done>false</done><sequence>false</sequence><sequencing reference="../../../../../../../../project/children/project/children/project/sequencing"/><notes></notes><modified>2019-03-15 17:42:21.160 CST</modified></project></children><topic reference="../../../../../../../../../../../../../../../topics/items/topic[3]"/><description>方法类</description><purpose></purpose><success></success><brainstorming></brainstorming><organising></organising><done>false</done><sequence>false</sequence><sequencing reference="../../../../../../project/children/project/children/project/sequencing"/><notes>************************ 2019 年   
Goal：缺什么就补什么，目前是阅读方法类，学习类，日常生活类，沟通交流 这几个维度进行展开，也是理论+实践的方式展开，从实践中找到合适自己合适当前的灵活方式是这个的终极目标

Output： （需要考虑完善怎么量化这个提升的效果）
1、更加高效的阅读 
2、快速的学习能力
3、家居整理
4、沟通交流更加有效    

Check： 
Check周期： 每周， 每周底</notes><modified>2019-03-15 22:23:53.829 CST</modified></project><project><id>807</id><created>2019-03-14 18:05:12.507 CST</created><parent reference="../../.."/><children><project><id>6578</id><created>2019-03-15 17:08:32.284 CST</created><parent reference="../../.."/><children/><topic reference="../../../../../../../../../../../../../../../../../topics/items/topic[3]"/><description>人生十论 </description><purpose></purpose><success></success><brainstorming></brainstorming><organising></organising><done>false</done><sequence>false</sequence><sequencing reference="../../../../../../../../project/children/project/children/project/sequencing"/><modified>2019-03-15 17:08:35.372 CST</modified></project><project><id>6588</id><created>2019-03-15 17:10:52.773 CST</created><parent reference="../../.."/><children/><topic reference="../../../../../../../../../../../../../../../../../topics/items/topic[3]"/><description>思考，快与慢 </description><purpose></purpose><success></success><brainstorming></brainstorming><organising></organising><done>false</done><sequence>false</sequence><sequencing reference="../../../../../../../../project/children/project/children/project/sequencing"/><modified>2019-03-15 17:11:14.473 CST</modified></project><project><id>6589</id><created>2019-03-15 17:10:59.179 CST</created><parent reference="../../.."/><children/><topic reference="../../../../../../../../../../../../../../../../../topics/items/topic[3]"/><description>如何提问 </description><purpose></purpose><success></success><brainstorming></brainstorming><organising></organising><done>false</done><sequence>false</sequence><sequencing reference="../../../../../../../../project/children/project/children/project/sequencing"/><notes></notes><modified>2019-03-15 22:08:22.275 CST</modified></project></children><topic reference="../../../../../../../../../../../../../../../topics/items/topic[3]"/><description>思维</description><purpose></purpose><success></success><brainstorming></brainstorming><organising></organising><done>false</done><sequence>false</sequence><sequencing reference="../../../../../../project/children/project/children/project/sequencing"/><notes>************************ 2019 年 
Goal： 
1、思维类方法类的书10+本，并按情况甄别使用 
2、采取理论+实践的方式进行，从实践中不断的找寻灵活的适合自己当前的管理方式、及实用方法 

Output： 
1、理论梳理笔记以及实际应用的输出，思维上的发展可以体现在对工作事情的复盘输出上，每月进行复盘输出


Check： 
Check周期： 每周</notes><modified>2019-03-15 22:06:43.837 CST</modified></project><project><id>808</id><created>2019-03-14 18:05:30.612 CST</created><parent reference="../../.."/><children><action><id>6603</id><created>2019-03-15 22:25:15.708 CST</created><parent reference="../../.."/><description>寻找以及确定英语能力提升的材料</description><topic reference="../../../../../../../../../../../../../../../../../topics/items/topic[3]"/><context reference="../../../../../../../../../../../../../../../../../contexts/items/context[5]"/><state class="actionStateScheduled"><date>2019-03-17 17:00:00.0 CST</date><durationHours>1</durationHours><durationMinutes>0</durationMinutes><created>2019-03-15 22:25:49.958 CST</created></state><notes></notes><done>false</done><success>1、确定材料并形成学习计划</success><modified>2019-03-15 22:38:26.546 CST</modified></action></children><topic reference="../../../../../../../../../../../../../../../topics/items/topic[3]"/><description>外语</description><purpose></purpose><success></success><brainstorming></brainstorming><organising></organising><done>false</done><sequence>false</sequence><sequencing reference="../../../../../../project/children/project/children/project/sequencing"/><notes>************************ 2019 年 
Goal： 
1、英语能够在工作上进行交流（听说读写） 
2、采取课程+实践的方式进行，从实践中不断的提升英语交流的能力 

Output： 
1、单词量的提升
2、口语流利
3、日常交流没问题


Check： 
Check周期： 每周</notes><modified>2019-03-15 22:26:07.730 CST</modified></project></children><topic reference="../../../../../../../../../../../../../topics/items/topic[3]"/><description>学习</description><purpose></purpose><success></success><brainstorming></brainstorming><organising></organising><done>false</done><sequence>false</sequence><sequencing reference="../../../../project/children/project/children/project/sequencing"/><notes>************************ 2019 年 
Goal：
1、思维类方法类的书10+本，并按情况甄别使用
2、采取理论+实践的方式进行，从实践中不断的找寻灵活的适合自己当前的管理方式、及实用方法
3、英语能够在工作上进行交流（听说读写）

Output： 
1、理论梳理笔记以及实际应用的输出，管理工具的使用及定期的跟踪调整报告 
2、在工作上英语交流无压力

Check： 
Check周期： 每周， 每周底进行该目标分类的全面检查</notes><modified>2019-03-16 11:21:15.18 CST</modified></project></children><topic reference="../../../../../../../../../../../topics/items/topic[3]"/><description>个人发展</description><purpose></purpose><success>形成独立之人格，养成行事之严谨，思想之活跃， 锻炼行动之高效，学识之丰富</success><brainstorming></brainstorming><organising></organising><done>false</done><sequence>false</sequence><sequencing reference="../../project/children/project/children/project/sequencing"/><notes>学识丰富并培养形成独立人格，不人云亦云，有自己细致的分析思路与结论，行事严谨高效，能支撑起想达成的目标，思想活跃不固化，能帮助自己在单独面对问题时能够从多维度的角度出发分析寻找最合适合理的解决方案

************************ 2019 年
Goal：
1、全年争取读完100+本书并有输出
2、读书会有开就参加（坚持参加读书会的本质需求，就是读书分享交流，要多分享，多交流对当期书的观点看法）
3、个人在管理（时间、项目、团队）上有实质上的进步和提升（怎么衡量），具体时间的规划上全年能够完成80%的规划，经历过至少1个大型的公司项目的管理，并至少向领导学习管理的哲学与经验，如果能争取到带团队更好
4、思维上的发展可以体现在对工作事情的复盘输出上，每月进行复盘输出

Output： 
1、输出读书过程的记录梳理 
2、输出心得及观点并放到网上
3、时间跟踪记录
4、项目定期的总结记录
5、定期的总结记录

Check： 
Check周期： 每周各个小项进行检查，每月底进行全面的一次检查 </notes><priority reference="../children/project/children/project/children/project/children/action/priority"/><modified>2019-03-16 11:03:18.903 CST</modified></project><project><id>129</id><created>2019-03-14 16:24:50.862 CST</created><parent class="projects" reference="../../.."/><children><project><id>809</id><created>2019-03-14 18:05:59.294 CST</created><parent reference="../../.."/><children><action><id>6536</id><created>2019-03-15 15:43:55.343 CST</created><parent reference="../../.."/><description>锻炼计划制定</description><topic reference="../../../../../../../../../../../../../../../topics/items/topic[4]"/><context reference="../../../../../../../../../../../../../../../contexts/items/context[7]"/><state class="actionStateScheduled"><date>2019-03-17 11:00:00.0 CST</date><durationHours>1</durationHours><durationMinutes>0</durationMinutes><created>2019-03-15 15:44:46.94 CST</created></state><notes></notes><done>false</done><time reference="../../../../../../project[2]/children/project/children/project/children/project/children/action/time"/><energy reference="../../../../../../project[2]/children/project/children/project/children/project/children/action/energy"/><priority reference="../../../../../../project[2]/children/project/children/project/children/project/children/action/priority"/><success>1、输出锻炼计划表，包含锻炼方案的详细内容和详细的时间安排及效果要求</success><modified>2019-03-16 08:03:53.912 CST</modified></action></children><topic reference="../../../../../../../../../../../../../topics/items/topic[4]"/><description>每日健身运动</description><purpose>1、保持好身材</purpose><success></success><brainstorming></brainstorming><organising></organising><done>false</done><sequence>false</sequence><sequencing reference="../../../../project/children/project/children/project/sequencing"/><notes>************************ 2019 年
全年的体重&lt;55KG, 体脂比 &lt;20, 身材恢复回来， 腹部和胸部肌肉明显，小肚子要干掉，腰曲线倒三角要恢复回来（通过针对性训练恢复）</notes><modified>2019-03-16 11:29:58.714 CST</modified></project><project><id>6610</id><created>2019-03-16 07:39:10.530 CST</created><parent reference="../../.."/><children><action><id>8033</id><created>2019-03-16 12:00:54.520 CST</created><parent reference="../../.."/><description>指导性的作息表确定</description><topic reference="../../../../../../../../../../../../../../../topics/items/topic[4]"/><context reference="../../../../../../../../../../../../../../../contexts/items/context[7]"/><state class="actionStateScheduled"><date>2019-03-20 20:00:00.0 CST</date><durationHours>0</durationHours><durationMinutes>20</durationMinutes><created>2019-03-16 12:01:29.55 CST</created></state><notes></notes><done>false</done><time><id>104</id><name>20 min</name></time><energy reference="../../../../../../project[2]/children/project/children/project/children/project/children/action/energy"/><priority reference="../../../../../../project[2]/children/project/children/project/children/project/children/action/priority"/><success></success><modified>2019-03-16 12:04:23.785 CST</modified></action></children><topic reference="../../../../../../../../../../../../../topics/items/topic[4]"/><description>作息规律</description><purpose></purpose><success></success><brainstorming></brainstorming><organising></organising><done>false</done><sequence>false</sequence><sequencing reference="../../../../project/children/project/children/project/sequencing"/><notes>************************ 2019 年 

Goal： 
1、不熬夜，每周因非工作需求晚上12点以后才睡觉的次数不超过1次 
2、睡觉前的半个到一个小时是固定的阅读时间  

Output： 
1、跟踪记录，打卡记录情况

Check： 
Check周期： 每天</notes><priority reference="../../../../project[2]/children/project/children/project/children/project/children/action/priority"/><modified>2019-03-16 12:00:54.521 CST</modified></project><project><id>6611</id><created>2019-03-16 07:43:02.579 CST</created><parent reference="../../.."/><children><action><id>6624</id><created>2019-03-16 07:59:03.595 CST</created><parent reference="../../.."/><description>每周新菜---西红柿酱汤</description><topic reference="../../../../../../../../../../../../../../../topics/items/topic[4]"/><context reference="../../../../../../../../../../../../../../../contexts/items/context[7]"/><state class="actionStateScheduled"><date>2019-03-16 12:00:00.0 CST</date><durationHours>0</durationHours><durationMinutes>0</durationMinutes><created>2019-03-16 07:59:34.162 CST</created></state><notes></notes><done>true</done><doneDate>2019-03-16 00:00:00.0 CST</doneDate><priority reference="../../../../../../project[2]/children/project/children/project/children/project/children/action/priority"/><success></success><modified>2019-03-16 11:39:46.936 CST</modified></action><action><id>8034</id><created>2019-03-16 12:08:48.420 CST</created><parent reference="../../.."/><description>搜索菜谱资料，制定全年52周的菜单计划</description><topic reference="../../../../../../../../../../../../../../../topics/items/topic[4]"/><context reference="../../../../../../../../../../../../../../../contexts/items/context[7]"/><state class="actionStateScheduled"><date>2019-03-23 10:00:00.0 CST</date><durationHours>1</durationHours><durationMinutes>0</durationMinutes><created>2019-03-16 12:09:32.789 CST</created></state><notes></notes><done>false</done><time reference="../../../../../../project[2]/children/project/children/project/children/project/children/action/time"/><energy reference="../../../../../../project[2]/children/project/children/project/children/project/children/action/energy"/><priority reference="../../../../../../project[2]/children/project/children/project/children/project/children/action/priority"/><success>1、在餐饮习惯这里列出详细的菜单及分配出对应的操作时间</success><modified>2019-03-16 12:10:20.206 CST</modified></action></children><topic reference="../../../../../../../../../../../../../topics/items/topic[4]"/><description>餐饮习惯</description><purpose></purpose><success></success><brainstorming></brainstorming><organising></organising><done>false</done><sequence>false</sequence><sequencing reference="../../../../project/children/project/children/project/sequencing"/><notes>************************ 2019 年  
Goal： 
1、周末的4餐尽量的自己做 
2、每周学做一个新菜    

Output： 
1、跟踪记录，打卡记录情况  

Check： 
Check周期： 每周</notes><priority reference="../../../../project[2]/children/project/children/project/children/project/children/action/priority"/><modified>2019-03-16 12:08:48.421 CST</modified></project><project><id>8021</id><created>2019-03-16 11:33:25.339 CST</created><parent reference="../../.."/><children><action><id>8052</id><created>2019-03-16 12:21:05.14 CST</created><parent reference="../../.."/><description>找到公司的体育组织并加入其中</description><topic reference="../../../../../../../../../../../../../../../topics/items/topic[4]"/><context reference="../../../../../../../../../../../../../../../contexts/items/context[7]"/><state class="actionStateScheduled"><date>2019-03-22 10:00:00.0 CST</date><durationHours>0</durationHours><durationMinutes>20</durationMinutes><created>2019-03-16 12:21:26.810 CST</created></state><notes></notes><done>false</done><time reference="../../../../project[2]/children/action/time"/><energy reference="../../../../../../project[2]/children/project/children/project/children/project/children/action/energy"/><priority reference="../../../../../../project[2]/children/project/children/project/children/project/children/action/priority"/><modified>2019-03-16 12:21:45.635 CST</modified></action></children><topic reference="../../../../../../../../../../../../../topics/items/topic[4]"/><description>定期的户外运动/体育运动</description><purpose></purpose><success></success><brainstorming></brainstorming><organising></organising><done>false</done><sequence>false</sequence><sequencing reference="../../../../project/children/project/children/project/sequencing"/><notes></notes><priority reference="../../../../project[2]/children/project/children/project/children/project/children/action/priority"/><modified>2019-03-16 12:21:05.15 CST</modified></project></children><topic reference="../../../../../../../../../../../topics/items/topic[4]"/><description>个人健康</description><purpose></purpose><success>每天锻炼一小时，健康工作五十年，幸福生活一辈子</success><brainstorming></brainstorming><organising></organising><done>false</done><sequence>false</sequence><sequencing reference="../../project/children/project/children/project/sequencing"/><notes>保持健康强壮的身体，保有充沛的体力和良好的精神状态，能够支撑起自己为实现目标的过程中的体力需求
************************ 2019 年
Goal： 
1、全年的体重&lt;55KG, 体脂比 &lt;20, 身材恢复回来， 腹部和胸部肌肉明显，小肚子要干掉，腰曲线倒三角要恢复回来（通过针对性训练恢复）
 2、工作、生活高度的规律自控 ： 享受有自控规律的工作和生活而不是享乐随意的工作生活
 3、餐饮： 一周学做一个新菜吧
 4、户外运动/体育运动开展起来，今年找到户外的团队和体育运动的组织，争取一个月进行一次户外，一周参与一次体育活动

Output： 
1、跟踪记录 
2、户外运动的心得体会、体育运动的专业性体会
 
Check： 
Check周期： 每周各个小项进行检查，每月底进行全面的一次检查</notes><modified>2019-03-16 11:33:25.339 CST</modified></project><project><id>131</id><created>2019-03-14 16:25:00.236 CST</created><parent class="projects" reference="../../.."/><children><project><id>6571</id><created>2019-03-15 17:05:39.803 CST</created><parent reference="../../.."/><children><project><id>6572</id><created>2019-03-15 17:06:09.111 CST</created><parent reference="../../.."/><children/><topic reference="../../../../../../../../../../../../../../../topics/items/topic[5]"/><description>穷查理宝典</description><purpose></purpose><success></success><brainstorming></brainstorming><organising></organising><done>false</done><sequence>false</sequence><sequencing reference="../../../../../../project/children/project/children/project/sequencing"/><notes></notes><modified>2019-03-16 10:36:26.333 CST</modified></project><project><id>6573</id><created>2019-03-15 17:06:22.53 CST</created><parent reference="../../.."/><children/><topic reference="../../../../../../../../../../../../../../../topics/items/topic[5]"/><description>富爸爸，穷爸爸 </description><purpose></purpose><success></success><brainstorming></brainstorming><organising></organising><done>false</done><sequence>false</sequence><sequencing reference="../../../../../../project/children/project/children/project/sequencing"/><modified>2019-03-15 17:06:28.890 CST</modified></project><project><id>6574</id><created>2019-03-15 17:06:31.239 CST</created><parent reference="../../.."/><children/><topic reference="../../../../../../../../../../../../../../../topics/items/topic[5]"/><description>牛奶可乐经济学 </description><purpose></purpose><success></success><brainstorming></brainstorming><organising></organising><done>false</done><sequence>false</sequence><sequencing reference="../../../../../../project/children/project/children/project/sequencing"/><notes></notes><modified>2019-03-16 10:35:29.237 CST</modified></project></children><topic reference="../../../../../../../../../../../../../topics/items/topic[5]"/><description>书籍阅读</description><purpose></purpose><success></success><brainstorming></brainstorming><organising></organising><done>false</done><sequence>false</sequence><sequencing reference="../../../../project/children/project/children/project/sequencing"/><notes>************************ 2019 年 
Goal： 
1、持续性的阅读经济和财富管理类的书籍，经验分享，关注经济投资论坛，商业评论等杂志报告 
2、记录输出心得和总结点
3、一个月至少读一本这方面的已经规划的书籍

Output： 
1、丰富完善资料库，消息库，各种优质的信息渠道 

Check： 
Check周期： 每周</notes><modified>2019-03-16 10:51:46.401 CST</modified></project><project><id>6631</id><created>2019-03-16 10:20:30.557 CST</created><parent reference="../../.."/><children><project><id>6633</id><created>2019-03-16 10:26:21.827 CST</created><parent reference="../../.."/><children><action><id>8013</id><created>2019-03-16 11:26:35.156 CST</created><parent reference="../../.."/><description>学习期权的投资方法</description><topic reference="../../../../../../../../../../../../../../../../../topics/items/topic[5]"/><context reference="../../../../../../../../../../../../../../../../../contexts/items/context[8]"/><state class="actionStateScheduled"><date>2019-03-30 10:00:00.0 CST</date><durationHours>2</durationHours><durationMinutes>0</durationMinutes><created>2019-03-16 11:27:11.917 CST</created></state><notes></notes><done>false</done><time><id>109</id><name>2 hrs</name></time><energy reference="../../../../../../../../project[2]/children/project/children/project/children/project/children/action[4]/energy"/><priority reference="../../../../../../../../project[2]/children/project/children/project[2]/children/project[12]/priority"/><modified>2019-03-16 11:27:11.917 CST</modified></action></children><topic reference="../../../../../../../../../../../../../../../topics/items/topic[5]"/><description>股票投资</description><purpose></purpose><success></success><brainstorming></brainstorming><organising></organising><done>false</done><sequence>false</sequence><sequencing reference="../../../../../../project/children/project/children/project/sequencing"/><notes>************************ 2019 年 

Goal： 
1、全年保持33+万的税后工资收入（新工作要站住脚，提供持续性的收入） 
2、股票 A股希望能有 7万+的收入， 美股收入的资金加上本间能到1万美金 

Output： 
1、理财投资日记，心得总结

Check： 
Check周期： 每周</notes><modified>2019-03-16 11:26:35.156 CST</modified></project><project><id>6748</id><created>2019-03-16 10:30:48.776 CST</created><parent reference="../../.."/><children/><topic reference="../../../../../../../../../../../../../../../topics/items/topic[5]"/><description>其它的收入调研与实践</description><purpose></purpose><success></success><brainstorming></brainstorming><organising></organising><done>false</done><sequence>false</sequence><sequencing reference="../../../../../../project/children/project/children/project/sequencing"/><notes>************************ 2019 年 

Goal： 
1、其它方面的收入可能进行调研和尝试，至少进行一次尝试和3份行业调查报告 
2、可能的尝试
      1）线上卖水果                              
      2）自媒体文章作品分成 

Output： 
1、调查报告，实践日记，心得总结

Check： 
Check周期： 每周                            </notes><modified>2019-03-16 10:44:09.506 CST</modified></project></children><topic reference="../../../../../../../../../../../../../topics/items/topic[5]"/><description>理财实践</description><purpose></purpose><success></success><brainstorming></brainstorming><organising></organising><done>false</done><sequence>false</sequence><sequencing reference="../../../../project/children/project/children/project/sequencing"/><notes>************************ 2019 年

Goal： 
1、全年保持33+万的税后工资收入（新工作要站住脚，提供持续性的收入） 
2、股票 A股希望能有 7万+的收入， 美股收入的资金加上本间能到1万美金 
3、其它方面的收入可能进行调研和尝试              
                1）线上卖水果              
                2）自媒体文章作品分成  

Output： 
1、理财投资日记 
2、其它方面收入的实践成果（调研报告+实践总结），线上及线下 

Check： 
Check周期： 每周</notes><modified>2019-03-16 10:41:09.603 CST</modified></project></children><topic reference="../../../../../../../../../../../topics/items/topic[5]"/><description>财富管理</description><purpose></purpose><success>实现财富自由</success><brainstorming></brainstorming><organising></organising><done>false</done><sequence>false</sequence><sequencing reference="../../project/children/project/children/project/sequencing"/><notes>通过掌握有效的投资方式和投资技巧实现并达到财务自由，支撑起自己意愿的行动
************************ 2019 年
Goal：
1、全年保持33+万的税后工资收入（新工作要站住脚，提供持续性的收入）
2、股票 A股希望能有 7万+的收入， 美股收入的资金加上本间能到1万美金
3、其它方面的收入可能进行调研和尝试
             1）线上卖水果
             2）自媒体文章作品分成

Output：
1、理财投资日记
2、其它方面收入的实践成果（调研报告+实践总结），线上及线下

Check： 
Check周期： 每周各个小项进行检查，每月底进行全面的一次检查

【Check 15:23:46 星期五 15 三月 2019】 A股目前 +2500， 美股 +80美金</notes><modified>2019-03-16 14:39:26.911 CST</modified></project><project><id>132</id><created>2019-03-14 16:25:13.765 CST</created><parent class="projects" reference="../../.."/><children><project><id>8047</id><created>2019-03-16 12:19:14.469 CST</created><parent reference="../../.."/><children/><topic reference="../../../../../../../../../../../../../topics/items/topic[7]"/><description>找女朋友</description><purpose></purpose><success></success><brainstorming></brainstorming><organising></organising><done>false</done><sequence>false</sequence><sequencing reference="../../../../project/children/project/children/project/sequencing"/><notes></notes><modified>2019-03-16 12:19:36.370 CST</modified></project><project><id>8048</id><created>2019-03-16 12:19:40.562 CST</created><parent reference="../../.."/><children/><topic reference="../../../../../../../../../../../../../topics/items/topic[7]"/><description>家庭情况询问与关心</description><purpose></purpose><success></success><brainstorming></brainstorming><organising></organising><done>false</done><sequence>false</sequence><sequencing reference="../../../../project/children/project/children/project/sequencing"/><notes></notes><modified>2019-03-16 12:20:01.824 CST</modified></project><project><id>9341</id><created>2019-03-16 14:38:22.484 CST</created><parent reference="../../.."/><children/><topic reference="../../../../../../../../../../../../../topics/items/topic[7]"/><description>个人形象</description><purpose></purpose><success></success><brainstorming></brainstorming><organising></organising><done>false</done><sequence>false</sequence><sequencing reference="../../../../project/children/project/children/project/sequencing"/><notes></notes><modified>2019-03-16 14:38:30.153 CST</modified></project><project><id>9342</id><created>2019-03-16 14:38:34.325 CST</created><parent reference="../../.."/><children/><topic reference="../../../../../../../../../../../../../topics/items/topic[7]"/><description>沟通交流聊天技巧</description><purpose></purpose><success></success><brainstorming></brainstorming><organising></organising><done>false</done><sequence>false</sequence><sequencing reference="../../../../project/children/project/children/project/sequencing"/><notes></notes><modified>2019-03-16 14:38:50.65 CST</modified></project></children><topic reference="../../../../../../../../../../../topics/items/topic[7]"/><description>家庭、人际交往</description><purpose></purpose><success>齐家治国平天下，齐家为首，一屋不扫何以扫天下，广交朋友，阅面察人识人并锻炼和提升交流的思辨能力，树立良好的人格形象</success><brainstorming></brainstorming><organising></organising><done>false</done><sequence>false</sequence><sequencing reference="../../project/children/project/children/project/sequencing"/><notes>组建家庭，并维持良好的发展。为自己打造一个坚固的后盾并管理好各种人际家庭关系
************************ 2019 年
Goal：
1、找个女朋友，没有前每周约个认识的女孩出去吃饭，聊天，徒步都可以，或者进行访谈
2、注意自己的形象，学会穿衣打扮得体，大方，不合适的衣服坚决的处理掉
3、学会如何高雅幽默的进行聊天沟通

Output：
1、有个女朋友
2、有自己的得体穿衣风格

Check： 
Check周期： 每周各个小项进行检查，每月底进行全面的一次检查
</notes><modified>2019-03-16 15:02:22.994 CST</modified></project><project><id>133</id><created>2019-03-14 16:25:19.491 CST</created><parent class="projects" reference="../../.."/><children><project><id>8035</id><created>2019-03-16 12:14:04.831 CST</created><parent reference="../../.."/><children/><topic reference="../../../../../../../../../../../../../topics/items/topic[6]"/><description>铅笔画、素描</description><purpose></purpose><success></success><brainstorming></brainstorming><organising></organising><done>false</done><sequence>false</sequence><sequencing reference="../../../../project/children/project/children/project/sequencing"/><notes></notes><modified>2019-03-16 12:14:28.442 CST</modified></project><project><id>8036</id><created>2019-03-16 12:14:07.924 CST</created><parent reference="../../.."/><children/><topic reference="../../../../../../../../../../../../../topics/items/topic[6]"/><description>乐器</description><purpose></purpose><success></success><brainstorming></brainstorming><organising></organising><done>false</done><sequence>false</sequence><sequencing reference="../../../../project/children/project/children/project/sequencing"/><notes></notes><modified>2019-03-16 12:14:37.325 CST</modified></project><project><id>8037</id><created>2019-03-16 12:14:39.742 CST</created><parent reference="../../.."/><children/><topic reference="../../../../../../../../../../../../../topics/items/topic[6]"/><description>周易</description><purpose></purpose><success></success><brainstorming></brainstorming><organising></organising><done>false</done><sequence>false</sequence><sequencing reference="../../../../project/children/project/children/project/sequencing"/><notes></notes><modified>2019-03-16 12:14:46.123 CST</modified></project><project><id>8038</id><created>2019-03-16 12:14:54.299 CST</created><parent reference="../../.."/><children/><topic reference="../../../../../../../../../../../../../topics/items/topic[6]"/><description>驾驶，驾照</description><purpose></purpose><success></success><brainstorming></brainstorming><organising></organising><done>false</done><sequence>false</sequence><sequencing reference="../../../../project/children/project/children/project/sequencing"/><notes></notes><modified>2019-03-16 12:15:04.515 CST</modified></project><project><id>8039</id><created>2019-03-16 12:15:13.386 CST</created><parent reference="../../.."/><children><project><id>9343</id><created>2019-03-16 14:52:02.834 CST</created><parent reference="../../.."/><children/><topic reference="../../../../../../../../../../../../../../../topics/items/topic[6]"/><description>折纸新世代 : 世界折纸新作选萃</description><purpose></purpose><success></success><brainstorming></brainstorming><organising></organising><done>false</done><sequence>false</sequence><sequencing reference="../../../../../../project/children/project/children/project/sequencing"/><modified>2019-03-16 14:52:05.282 CST</modified></project><project><id>9344</id><created>2019-03-16 14:52:16.87 CST</created><parent reference="../../.."/><children/><topic reference="../../../../../../../../../../../../../../../topics/items/topic[6]"/><description>激情折纸 : 尼古拉斯特里折纸作品集</description><purpose></purpose><success></success><brainstorming></brainstorming><organising></organising><done>false</done><sequence>false</sequence><sequencing reference="../../../../../../project/children/project/children/project/sequencing"/><modified>2019-03-16 14:52:18.350 CST</modified></project><project><id>9345</id><created>2019-03-16 14:52:27.67 CST</created><parent reference="../../.."/><children/><topic reference="../../../../../../../../../../../../../../../topics/items/topic[6]"/><description>美折纸 : 罗曼·迪亚兹折纸作品集</description><purpose></purpose><success></success><brainstorming></brainstorming><organising></organising><done>false</done><sequence>false</sequence><sequencing reference="../../../../../../project/children/project/children/project/sequencing"/><modified>2019-03-16 14:52:29.301 CST</modified></project><project><id>9346</id><created>2019-03-16 14:52:47.571 CST</created><parent reference="../../.."/><children/><topic reference="../../../../../../../../../../../../../../../topics/items/topic[6]"/><description>折纸大全 : 欧洲折纸协会推荐的最佳折纸用书</description><purpose></purpose><success></success><brainstorming></brainstorming><organising></organising><done>false</done><sequence>false</sequence><sequencing reference="../../../../../../project/children/project/children/project/sequencing"/><modified>2019-03-16 14:52:49.532 CST</modified></project></children><topic reference="../../../../../../../../../../../../../topics/items/topic[6]"/><description>折纸</description><purpose></purpose><success></success><brainstorming></brainstorming><organising></organising><done>false</done><sequence>false</sequence><sequencing reference="../../../../project/children/project/children/project/sequencing"/><notes></notes><modified>2019-03-16 14:52:47.571 CST</modified></project></children><topic reference="../../../../../../../../../../../topics/items/topic[6]"/><description>兴趣爱好</description><purpose></purpose><success>作为工作之外的补充，不断拓展认知的边界</success><brainstorming></brainstorming><organising></organising><done>false</done><sequence>false</sequence><sequencing reference="../../project/children/project/children/project/sequencing"/><notes>在自我的生活上，有自己能拿得出手的兴趣爱好，并且掌握能丰富和提高自己生活的所需技能，不断的给自己的生活创造增益。

重点在铅笔画、折纸和周易上面
************************ 2019 年
Goal：
1、折纸4本书，年底时能将折纸作品放到朋友那里作为装饰用品
2、铅笔画，至少能画出一些东西来，虽然画不像，但是至少能画出来
3、掌握手相、面相的分析方法，能初步独立的结合实际给人看，并知道些风水学

Output：
1、折纸的作品
2、铅笔画的作品
3、手相面相的分析方法

Check： 
Check周期： 每周各个小项进行检查，每月底进行全面的一次检查
</notes><modified>2019-03-16 14:58:33.814 CST</modified></project><project><id>134</id><created>2019-03-14 16:25:31.658 CST</created><parent class="projects" reference="../../.."/><children><project><id>8040</id><created>2019-03-16 12:15:36.643 CST</created><parent reference="../../.."/><children><project><id>9335</id><created>2019-03-16 14:34:34.59 CST</created><parent reference="../../.."/><children><action><id>9305</id><created>2019-03-16 14:06:11.791 CST</created><parent reference="../../.."/><description>西南联大第一集</description><topic reference="../../../../../../../../../../../../../../../../../topics/items/topic[8]"/><context reference="../../../../../../../../../../../../../../../../../contexts/items/context[12]"/><state class="actionStateScheduled"><date>2019-03-22 21:30:00.0 CST</date><durationHours>0</durationHours><durationMinutes>0</durationMinutes><created>2019-03-16 14:36:58.381 CST</created></state><notes></notes><done>false</done><time><id>9340</id><name>50 min</name></time><energy><id>118</id><name>Low Mental</name></energy><modified>2019-03-16 14:36:58.381 CST</modified></action><action><id>9336</id><created>2019-03-16 14:34:45.993 CST</created><parent reference="../../.."/><description>西南联大第二集</description><topic reference="../../../../../../../../../../../../../../../../../topics/items/topic[8]"/><context reference="../../../../../../../../../../../../../../../../../contexts/items/context[12]"/><state class="actionStateInactive"><created>2019-03-16 14:34:45.993 CST</created></state><notes></notes><done>false</done><modified>2019-03-16 14:35:47.867 CST</modified></action><action><id>9337</id><created>2019-03-16 14:34:48.621 CST</created><parent reference="../../.."/><description>西南联大第三集</description><topic reference="../../../../../../../../../../../../../../../../../topics/items/topic[8]"/><context reference="../../../../../../../../../../../../../../../../../contexts/items/context[12]"/><state class="actionStateInactive"><created>2019-03-16 14:34:48.621 CST</created></state><notes></notes><done>false</done><modified>2019-03-16 14:35:53.725 CST</modified></action><action><id>9338</id><created>2019-03-16 14:34:52.372 CST</created><parent reference="../../.."/><description>西南联大第四集</description><topic reference="../../../../../../../../../../../../../../../../../topics/items/topic[8]"/><context reference="../../../../../../../../../../../../../../../../../contexts/items/context[12]"/><state class="actionStateInactive"><created>2019-03-16 14:34:52.372 CST</created></state><notes></notes><done>false</done><modified>2019-03-16 14:35:59.391 CST</modified></action><action><id>9339</id><created>2019-03-16 14:34:56.215 CST</created><parent reference="../../.."/><description>西南联大第五集</description><topic reference="../../../../../../../../../../../../../../../../../topics/items/topic[8]"/><context reference="../../../../../../../../../../../../../../../../../contexts/items/context[12]"/><state class="actionStateInactive"><created>2019-03-16 14:34:56.216 CST</created></state><notes></notes><done>false</done><modified>2019-03-16 14:36:03.242 CST</modified></action></children><topic reference="../../../../../../../../../../../../../../../topics/items/topic[8]"/><description>西南联大</description><purpose></purpose><success></success><brainstorming></brainstorming><organising></organising><done>false</done><sequence>false</sequence><sequencing reference="../../../../../../project/children/project/children/project/sequencing"/><notes></notes><modified>2019-03-16 14:34:56.216 CST</modified></project><action><id>9306</id><created>2019-03-16 14:10:36.267 CST</created><parent reference="../../.."/><description>自然界大事件</description><topic reference="../../../../../../../../../../../../../../../topics/items/topic[8]"/><context reference="../../../../../../../../../../../../../../../contexts/items/context[12]"/><state class="actionStateInactive"><created>2019-03-16 14:10:36.268 CST</created></state><notes></notes><done>false</done><modified>2019-03-16 14:29:08.801 CST</modified></action><action><id>9307</id><created>2019-03-16 14:11:02.96 CST</created><parent reference="../../.."/><description>冰冻星球</description><topic reference="../../../../../../../../../../../../../../../topics/items/topic[8]"/><context reference="../../../../../../../../../../../../../../../contexts/items/context[12]"/><state class="actionStateInactive"><created>2019-03-16 14:11:02.97 CST</created></state><notes></notes><done>false</done><modified>2019-03-16 14:29:13.663 CST</modified></action><action><id>9308</id><created>2019-03-16 14:12:02.175 CST</created><parent reference="../../.."/><description>人类星球</description><topic reference="../../../../../../../../../../../../../../../topics/items/topic[8]"/><context reference="../../../../../../../../../../../../../../../contexts/items/context[12]"/><state class="actionStateInactive"><created>2019-03-16 14:12:02.175 CST</created></state><notes></notes><done>false</done><modified>2019-03-16 14:29:20.732 CST</modified></action><action><id>9309</id><created>2019-03-16 14:14:39.353 CST</created><parent reference="../../.."/><description>文明</description><topic reference="../../../../../../../../../../../../../../../topics/items/topic[8]"/><context><name>None</name><description>No context.</description><id>9</id></context><state class="actionStateInactive"><created>2019-03-16 14:14:39.353 CST</created></state><notes></notes><done>false</done><modified>2019-03-16 14:14:41.686 CST</modified></action><action><id>9310</id><created>2019-03-16 14:14:50.340 CST</created><parent reference="../../.."/><description>世界历史</description><topic reference="../../../../../../../../../../../../../../../topics/items/topic[8]"/><context reference="../../action[4]/context"/><state class="actionStateInactive"><created>2019-03-16 14:14:50.340 CST</created></state><notes></notes><done>false</done><modified>2019-03-16 14:14:52.382 CST</modified></action><action><id>9311</id><created>2019-03-16 14:15:03.27 CST</created><parent reference="../../.."/><description>我们的世界大战</description><topic reference="../../../../../../../../../../../../../../../topics/items/topic[8]"/><context reference="../../action[4]/context"/><state class="actionStateInactive"><created>2019-03-16 14:15:03.27 CST</created></state><notes></notes><done>false</done><modified>2019-03-16 14:15:05.185 CST</modified></action><action><id>9312</id><created>2019-03-16 14:16:21.959 CST</created><parent reference="../../.."/><description>苏东坡</description><topic reference="../../../../../../../../../../../../../../../topics/items/topic[8]"/><context reference="../../action[4]/context"/><state class="actionStateInactive"><created>2019-03-16 14:16:21.959 CST</created></state><notes></notes><done>false</done><modified>2019-03-16 14:16:23.879 CST</modified></action><action><id>9313</id><created>2019-03-16 14:16:34.278 CST</created><parent reference="../../.."/><description>百年战争</description><topic reference="../../../../../../../../../../../../../../../topics/items/topic[8]"/><context reference="../../action[4]/context"/><state class="actionStateInactive"><created>2019-03-16 14:16:34.279 CST</created></state><notes></notes><done>false</done><modified>2019-03-16 14:16:36.263 CST</modified></action><action><id>9314</id><created>2019-03-16 14:16:45.495 CST</created><parent reference="../../.."/><description>人生果实</description><topic reference="../../../../../../../../../../../../../../../topics/items/topic[8]"/><context reference="../../action[4]/context"/><state class="actionStateInactive"><created>2019-03-16 14:16:45.495 CST</created></state><notes></notes><done>false</done><modified>2019-03-16 14:16:47.388 CST</modified></action><action><id>9315</id><created>2019-03-16 14:16:57.733 CST</created><parent reference="../../.."/><description>世界园林游记</description><topic reference="../../../../../../../../../../../../../../../topics/items/topic[8]"/><context reference="../../action[4]/context"/><state class="actionStateInactive"><created>2019-03-16 14:16:57.733 CST</created></state><notes></notes><done>false</done><modified>2019-03-16 14:16:59.481 CST</modified></action><action><id>9316</id><created>2019-03-16 14:17:07.130 CST</created><parent reference="../../.."/><description>中世纪生活</description><topic reference="../../../../../../../../../../../../../../../topics/items/topic[8]"/><context reference="../../../../../../../../../../../../../../../contexts/items/context[12]"/><state class="actionStateInactive"><created>2019-03-16 14:17:07.131 CST</created></state><notes></notes><done>false</done><modified>2019-03-16 15:07:40.760 CST</modified></action><action><id>9317</id><created>2019-03-16 14:17:17.9 CST</created><parent reference="../../.."/><description>中国服饰文化</description><topic reference="../../../../../../../../../../../../../../../topics/items/topic[8]"/><context reference="../../action[4]/context"/><state class="actionStateInactive"><created>2019-03-16 14:17:17.9 CST</created></state><notes></notes><done>false</done><modified>2019-03-16 14:17:18.814 CST</modified></action><action><id>9318</id><created>2019-03-16 14:17:28.2 CST</created><parent reference="../../.."/><description>香巴拉深处</description><topic reference="../../../../../../../../../../../../../../../topics/items/topic[8]"/><context reference="../../action[4]/context"/><state class="actionStateInactive"><created>2019-03-16 14:17:28.3 CST</created></state><notes></notes><done>false</done><modified>2019-03-16 14:17:29.436 CST</modified></action><action><id>9319</id><created>2019-03-16 14:17:36.507 CST</created><parent reference="../../.."/><description>西洋艺术史</description><topic reference="../../../../../../../../../../../../../../../topics/items/topic[8]"/><context reference="../../../../../../../../../../../../../../../contexts/items/context[12]"/><state class="actionStateInactive"><created>2019-03-16 14:17:36.507 CST</created></state><notes></notes><done>false</done><modified>2019-03-16 15:07:32.3 CST</modified></action><action><id>9320</id><created>2019-03-16 14:17:53.973 CST</created><parent reference="../../.."/><description>地球之盐</description><topic reference="../../../../../../../../../../../../../../../topics/items/topic[8]"/><context reference="../../action[4]/context"/><state class="actionStateInactive"><created>2019-03-16 14:17:53.974 CST</created></state><notes></notes><done>false</done><modified>2019-03-16 14:17:55.766 CST</modified></action><action><id>9321</id><created>2019-03-16 14:18:08.577 CST</created><parent reference="../../.."/><description>远古外星人</description><topic reference="../../../../../../../../../../../../../../../topics/items/topic[8]"/><context reference="../../action[4]/context"/><state class="actionStateInactive"><created>2019-03-16 14:18:08.577 CST</created></state><notes></notes><done>false</done><modified>2019-03-16 14:18:10.388 CST</modified></action><action><id>9322</id><created>2019-03-16 14:18:20.24 CST</created><parent reference="../../.."/><description>诸神之战</description><topic reference="../../../../../../../../../../../../../../../topics/items/topic[8]"/><context reference="../../action[4]/context"/><state class="actionStateInactive"><created>2019-03-16 14:18:20.25 CST</created></state><notes></notes><done>false</done><modified>2019-03-16 14:18:22.456 CST</modified></action><action><id>9323</id><created>2019-03-16 14:18:31.307 CST</created><parent reference="../../.."/><description>河西走廊</description><topic reference="../../../../../../../../../../../../../../../topics/items/topic[8]"/><context reference="../../action[4]/context"/><state class="actionStateInactive"><created>2019-03-16 14:18:31.307 CST</created></state><notes></notes><done>false</done><modified>2019-03-16 14:18:33.376 CST</modified></action><action><id>9324</id><created>2019-03-16 14:18:40.614 CST</created><parent reference="../../.."/><description>园林</description><topic reference="../../../../../../../../../../../../../../../topics/items/topic[8]"/><context reference="../../action[4]/context"/><state class="actionStateInactive"><created>2019-03-16 14:18:40.614 CST</created></state><notes></notes><done>false</done><modified>2019-03-16 14:18:42.313 CST</modified></action><action><id>9325</id><created>2019-03-16 14:19:01.639 CST</created><parent reference="../../.."/><description>海洋巨人</description><topic reference="../../../../../../../../../../../../../../../topics/items/topic[8]"/><context reference="../../action[4]/context"/><state class="actionStateInactive"><created>2019-03-16 14:19:01.639 CST</created></state><notes></notes><done>false</done><modified>2019-03-16 14:19:03.185 CST</modified></action><action><id>9326</id><created>2019-03-16 14:19:10.412 CST</created><parent reference="../../.."/><description>非洲</description><topic reference="../../../../../../../../../../../../../../../topics/items/topic[8]"/><context reference="../../action[4]/context"/><state class="actionStateInactive"><created>2019-03-16 14:19:10.413 CST</created></state><notes></notes><done>false</done><modified>2019-03-16 14:19:11.874 CST</modified></action><action><id>9327</id><created>2019-03-16 14:19:22.271 CST</created><parent reference="../../.."/><description>旅行到宇宙边缘</description><topic reference="../../../../../../../../../../../../../../../topics/items/topic[8]"/><context reference="../../action[4]/context"/><state class="actionStateInactive"><created>2019-03-16 14:19:22.271 CST</created></state><notes></notes><done>false</done><modified>2019-03-16 14:19:24.97 CST</modified></action><action><id>9328</id><created>2019-03-16 14:21:17.932 CST</created><parent reference="../../.."/><description>人生七年</description><topic reference="../../../../../../../../../../../../../../../topics/items/topic[8]"/><context reference="../../action[4]/context"/><state class="actionStateInactive"><created>2019-03-16 14:21:17.932 CST</created></state><notes></notes><done>false</done><modified>2019-03-16 14:21:20.429 CST</modified></action><action><id>9329</id><created>2019-03-16 14:22:04.1 CST</created><parent reference="../../.."/><description>艺术的力量</description><topic reference="../../../../../../../../../../../../../../../topics/items/topic[8]"/><context reference="../../../../../../../../../../../../../../../contexts/items/context[12]"/><state class="actionStateInactive"><created>2019-03-16 14:22:04.1 CST</created></state><notes></notes><done>false</done><modified>2019-03-16 14:29:50.71 CST</modified></action><action><id>9330</id><created>2019-03-16 14:25:05.305 CST</created><parent reference="../../.."/><description>时间的风景</description><topic reference="../../../../../../../../../../../../../../../topics/items/topic[8]"/><context reference="../../../../../../../../../../../../../../../contexts/items/context[12]"/><state class="actionStateInactive"><created>2019-03-16 14:25:05.306 CST</created></state><notes></notes><done>false</done><modified>2019-03-16 14:29:44.379 CST</modified></action><action><id>9331</id><created>2019-03-16 14:25:26.675 CST</created><parent reference="../../.."/><description>美丽中国</description><topic reference="../../../../../../../../../../../../../../../topics/items/topic[8]"/><context reference="../../../../../../../../../../../../../../../contexts/items/context[12]"/><state class="actionStateInactive"><created>2019-03-16 14:25:26.675 CST</created></state><notes></notes><done>false</done><modified>2019-03-16 14:29:35.385 CST</modified></action><action><id>9332</id><created>2019-03-16 14:28:13.59 CST</created><parent reference="../../.."/><description>国家地理频道纪录片：宇宙时空之旅</description><topic reference="../../../../../../../../../../../../../../../topics/items/topic[8]"/><context reference="../../../../../../../../../../../../../../../contexts/items/context[12]"/><state class="actionStateInactive"><created>2019-03-16 14:28:13.60 CST</created></state><notes></notes><done>false</done><modified>2019-03-16 14:29:28.209 CST</modified></action></children><topic reference="../../../../../../../../../../../../../topics/items/topic[8]"/><description>电影、纪录片</description><purpose></purpose><success></success><brainstorming></brainstorming><organising></organising><done>false</done><sequence>false</sequence><sequencing reference="../../../../project/children/project/children/project/sequencing"/><notes>重点在纪录片和科幻作品上，电影只高分及冷门高分电影，有才看，没有就不看
************************ 2019 年
Goal：
1、最低是12部纪录片、一个月一部，以后想看电影时优先看列表中的纪录片，优先找这些纪录片的资源
2、看电影的数量不超过12部，一个月最多一部
3、不断的扩充优秀纪录片的收藏列表

Output：
1、理财投资日记
2、其它方面收入的实践成果（调研报告+实践总结），线上及线下

Check： 
Check周期： 每周各个小项进行检查，每月底进行全面的一次检查

【Check 14:41:27 星期六 16 三月 2019】 目前是确定了28部纪录片，可以慢慢看了。</notes><modified>2019-03-16 14:41:59.574 CST</modified></project><project><id>8041</id><created>2019-03-16 12:15:44.105 CST</created><parent reference="../../.."/><children/><topic reference="../../../../../../../../../../../../../topics/items/topic[8]"/><description>电视剧</description><purpose></purpose><success></success><brainstorming></brainstorming><organising></organising><done>false</done><sequence>false</sequence><sequencing reference="../../../../project/children/project/children/project/sequencing"/><notes></notes><modified>2019-03-16 12:23:40.276 CST</modified></project></children><topic reference="../../../../../../../../../../../topics/items/topic[8]"/><description>娱乐休闲</description><purpose></purpose><success>促进身心健康的生活调节，并有节制，行万里路</success><brainstorming></brainstorming><organising></organising><done>false</done><sequence>false</sequence><sequencing reference="../../project/children/project/children/project/sequencing"/><notes>重点在纪录片和科幻作品上，电影只高分及冷门高分电影，有才看，没有就不看
************************ 2019 年
Goal：
1、12部纪录片、一个月一部，以后想看电影时优先看列表中的纪录片，优先找这些纪录片的资源
2、看电影的数量不超过12部，一个月最多一部，只看高分经典和推荐的冷门小众，其它商业片尽量不看
3、不断的扩充优秀纪录片的收藏列表
4、如百家讲坛、航拍中国等视频也可以放到列表中

Output：
1、纪录片收藏列表以及观后感

Check： 
Check周期： 每周各个小项进行检查，每月底进行全面的一次检查</notes><modified>2019-03-16 14:33:34.73 CST</modified></project><project><id>6839</id><created>2019-03-16 10:53:04.147 CST</created><parent class="projects" reference="../../.."/><children><project><id>6840</id><created>2019-03-16 10:53:18.312 CST</created><parent reference="../../.."/><children><action><id>6850</id><created>2019-03-16 10:59:26.676 CST</created><parent reference="../../.."/><description>年度巡检</description><topic reference="../../../../../../../../../../../../../../../topics/items/topic[11]"/><context reference="../../../../../../../../../../../../../../../contexts/items/context[9]"/><state class="actionStateScheduled"><date>2019-12-29 10:00:00.0 CST</date><durationHours>8</durationHours><durationMinutes>0</durationMinutes><recurrence><id>6851</id><project reference="../../../../.."/><description>年度巡检</description><topic reference="../../../../../../../../../../../../../../../../../topics/items/topic[11]"/><context reference="../../../../../../../../../../../../../../../../../contexts/items/context[9]"/><time><id>116</id><name>8 hrs</name></time><energy reference="../../../../../../../../project[2]/children/project/children/project/children/project/children/action[4]/energy"/><priority reference="../../../../../../../../project[2]/children/project/children/project/children/project/children/action/priority"/><scheduleHours>10</scheduleHours><scheduleMins>0</scheduleMins><durationHours>8</durationHours><durationMins>0</durationMins><basisID>2</basisID><startDate>2019-12-29 00:00:00.0 CST</startDate><periodID>0</periodID><frequency>1</frequency><advanceNbr>4</advanceNbr><genNbr>0</genNbr><success>1、完成年度巡检报告，形成指导意见，制定下一年度的目标和具体的可行，可衡量的实施计划</success><notes></notes><period class="tr.model.action.PeriodYear"><selectedMonths class="vector"/><onTheSelected>false</onTheSelected><onTheNth>First</onTheNth><onTheDay>Monday</onTheDay></period></recurrence><created>2019-03-16 10:59:48.0 CST</created></state><notes></notes><done>false</done><time reference="../state/recurrence/time"/><energy reference="../../../../../../project[2]/children/project/children/project/children/project/children/action[4]/energy"/><priority reference="../../../../../../project[2]/children/project/children/project/children/project/children/action/priority"/><success>1、完成年度巡检报告，形成指导意见，制定下一年度的目标和具体的可行，可衡量的实施计划</success><modified>2019-03-16 11:01:01.555 CST</modified></action></children><topic reference="../../../../../../../../../../../../../topics/items/topic[11]"/><description>年度巡检</description><purpose></purpose><success></success><brainstorming></brainstorming><organising></organising><done>false</done><sequence>false</sequence><sequencing reference="../../../../project/children/project/children/project/sequencing"/><notes></notes><priority reference="../../../../project[2]/children/project/children/project/children/project/children/action/priority"/><modified>2019-03-16 10:59:26.676 CST</modified></project><project><id>6847</id><created>2019-03-16 10:58:52.852 CST</created><parent reference="../../.."/><children/><topic reference="../../../../../../../../../../../../../topics/items/topic[11]"/><description>季度巡检</description><purpose></purpose><success></success><brainstorming></brainstorming><organising></organising><done>false</done><sequence>false</sequence><sequencing reference="../../../../project/children/project/children/project/sequencing"/><notes></notes><priority reference="../../../../project[2]/children/project/children/project/children/project/children/action/priority"/><modified>2019-03-16 10:58:57.688 CST</modified></project><project><id>6846</id><created>2019-03-16 10:58:11.820 CST</created><parent reference="../../.."/><children><action><id>6853</id><created>2019-03-16 11:04:17.334 CST</created><parent reference="../../.."/><description>工作职业月定期巡检</description><topic reference="../../../../../../../../../../../../../../../topics/items/topic[2]"/><context reference="../../../../../../../../../../../../../../../contexts/items/context[9]"/><state class="actionStateScheduled"><date>2019-03-31 10:00:00.0 CST</date><durationHours>0</durationHours><durationMinutes>30</durationMinutes><recurrence><id>6854</id><project reference="../../../../.."/><description>工作职业月定期巡检</description><topic reference="../../../../../../../../../../../../../../../../../topics/items/topic[11]"/><context reference="../../../../../../../../project[7]/children/project/children/action[4]/context"/><priority reference="../../../../../../../../project[2]/children/project/children/project/children/project/children/action/priority"/><scheduleHours>10</scheduleHours><scheduleMins>0</scheduleMins><durationHours>0</durationHours><durationMins>30</durationMins><basisID>2</basisID><startDate>2019-03-31 00:00:00.0 CST</startDate><periodID>0</periodID><frequency>1</frequency><advanceNbr>4</advanceNbr><genNbr>0</genNbr><success></success><notes></notes><period class="tr.model.action.PeriodMonth"><option>Each</option><selectedDays class="vector"/></period></recurrence><created>2019-03-16 11:04:44.400 CST</created></state><notes></notes><done>false</done><time reference="../../../../../../project[2]/children/project/children/project[2]/children/project[12]/children/action/time"/><energy reference="../../../../../../project[2]/children/project/children/project/children/project/children/action/energy"/><priority reference="../../../../../../project[2]/children/project/children/project/children/project/children/action/priority"/><success></success><modified>2019-03-16 11:15:09.477 CST</modified></action><action><id>6618</id><created>2019-03-16 07:55:39.307 CST</created><parent reference="../../.."/><description>个人发展月定期巡检</description><topic reference="../../../../../../../../../../../../../../../topics/items/topic[3]"/><context reference="../../../../../../../../../../../../../../../contexts/items/context[9]"/><state class="actionStateScheduled"><date>2019-03-31 10:30:00.0 CST</date><durationHours>0</durationHours><durationMinutes>30</durationMinutes><recurrence><id>6852</id><project reference="../../../../.."/><description>个人发展月定期巡检</description><topic reference="../../../../../../../../../../../../../../../../../topics/items/topic[3]"/><context reference="../../../../../../../../project[7]/children/project/children/action[4]/context"/><energy reference="../../../../../../../../project[2]/children/project/children/project/children/project/children/action/energy"/><priority reference="../../../../../../../../project[2]/children/project/children/project/children/project/children/action/priority"/><scheduleHours>0</scheduleHours><scheduleMins>0</scheduleMins><durationHours>0</durationHours><durationMins>0</durationMins><basisID>2</basisID><startDate>2019-03-31 00:00:00.0 CST</startDate><periodID>0</periodID><frequency>1</frequency><advanceNbr>4</advanceNbr><genNbr>0</genNbr><success>1、输出巡视报告，并将调整落实到下月的行动中</success><notes></notes><period class="tr.model.action.PeriodMonth"><option reference="../../../../../action/state/recurrence/period/option"/><selectedDays class="vector"/></period></recurrence><created>2019-03-16 07:55:58.389 CST</created></state><notes></notes><done>false</done><time reference="../../../../../../project[2]/children/project/children/project[2]/children/project[12]/children/action/time"/><energy reference="../../../../../../project[2]/children/project/children/project/children/project/children/action/energy"/><priority reference="../../../../../../project[2]/children/project/children/project/children/project/children/action/priority"/><success>1、输出巡视报告，并将调整落实到下月的行动中</success><modified>2019-03-16 11:15:18.285 CST</modified></action><action><id>6855</id><created>2019-03-16 11:06:09.52 CST</created><parent reference="../../.."/><description>个人健康月定期巡检</description><topic reference="../../../../../../../../../../../../../../../topics/items/topic[4]"/><context reference="../../../../../../../../../../../../../../../contexts/items/context[9]"/><state class="actionStateScheduled"><date>2019-03-31 11:00:00.0 CST</date><durationHours>0</durationHours><durationMinutes>30</durationMinutes><recurrence><id>6856</id><project reference="../../../../.."/><description>个人健康月定期巡检</description><topic reference="../../../../../../../../../../../../../../../../../topics/items/topic[11]"/><context reference="../../../../../../../../../../../../../../../../../contexts/items/context[9]"/><time reference="../../../../../../../../project[2]/children/project/children/project[2]/children/project[12]/children/action/time"/><energy reference="../../../../../../../../project[2]/children/project/children/project/children/project/children/action/energy"/><priority reference="../../../../../../../../project[2]/children/project/children/project/children/project/children/action/priority"/><scheduleHours>11</scheduleHours><scheduleMins>0</scheduleMins><durationHours>0</durationHours><durationMins>30</durationMins><basisID>2</basisID><startDate>2019-03-31 00:00:00.0 CST</startDate><periodID>0</periodID><frequency>1</frequency><advanceNbr>4</advanceNbr><genNbr>0</genNbr><success></success><notes></notes><period class="tr.model.action.PeriodMonth"><option reference="../../../../../action/state/recurrence/period/option"/><selectedDays class="vector"/></period></recurrence><created>2019-03-16 11:06:34.279 CST</created></state><notes></notes><done>false</done><time reference="../../../../../../project[2]/children/project/children/project[2]/children/project[12]/children/action/time"/><energy reference="../../../../../../project[2]/children/project/children/project/children/project/children/action/energy"/><priority reference="../../../../../../project[2]/children/project/children/project/children/project/children/action/priority"/><success></success><modified>2019-03-16 11:15:28.334 CST</modified></action><action><id>6835</id><created>2019-03-16 10:31:40.480 CST</created><parent reference="../../.."/><description>财富管理月巡视</description><topic reference="../../../../../../../../../../../../../../../topics/items/topic[5]"/><context reference="../../../../../../../../../../../../../../../contexts/items/context[9]"/><state class="actionStateScheduled"><date>2019-03-31 11:30:00.0 CST</date><durationHours>0</durationHours><durationMinutes>30</durationMinutes><recurrence><id>6858</id><project reference="../../../../.."/><description>财富管理月巡视</description><topic reference="../../../../../../../../../../../../../../../../../topics/items/topic[5]"/><context reference="../../../../../../../../../../../../../../../../../contexts/items/context[9]"/><time reference="../../../../../../../../project[2]/children/project/children/project[2]/children/project[12]/children/action/time"/><energy reference="../../../../../../../../project[2]/children/project/children/project/children/project/children/action[4]/energy"/><priority reference="../../../../../../../../project[2]/children/project/children/project/children/project/children/action/priority"/><scheduleHours>14</scheduleHours><scheduleMins>0</scheduleMins><durationHours>0</durationHours><durationMins>30</durationMins><basisID>2</basisID><startDate>2019-03-31 00:00:00.0 CST</startDate><periodID>0</periodID><frequency>1</frequency><advanceNbr>4</advanceNbr><genNbr>0</genNbr><success>1、对当月的情况进行总结分析，形成报告和结论及指导意见，落实到下个月的行动当中</success><notes></notes><period class="tr.model.action.PeriodMonth"><option reference="../../../../../action/state/recurrence/period/option"/><selectedDays class="vector"/></period></recurrence><created>2019-03-16 10:31:55.174 CST</created></state><notes></notes><done>false</done><time reference="../../../../../../project[2]/children/project/children/project[2]/children/project[12]/children/action/time"/><energy reference="../../../../../../project[2]/children/project/children/project/children/project/children/action[4]/energy"/><priority reference="../../../../../../project[2]/children/project/children/project/children/project/children/action/priority"/><success>1、对当月的情况进行总结分析，形成报告和结论及指导意见，落实到下个月的行动当中</success><modified>2019-03-16 11:08:04.877 CST</modified></action><action><id>6859</id><created>2019-03-16 11:08:44.416 CST</created><parent reference="../../.."/><description>家庭、人际交往月定期巡检</description><topic reference="../../../../../../../../../../../../../../../topics/items/topic[7]"/><context reference="../../../../../../../../../../../../../../../contexts/items/context[9]"/><state class="actionStateScheduled"><date>2019-03-31 14:00:00.0 CST</date><durationHours>0</durationHours><durationMinutes>30</durationMinutes><recurrence><id>6860</id><project reference="../../../../.."/><description>家庭、人际交往月定期巡检</description><topic reference="../../../../../../../../../../../../../../../../../topics/items/topic[7]"/><context reference="../../../../../../../../../../../../../../../../../contexts/items/context[9]"/><time reference="../../../../../../../../project[2]/children/project/children/project[2]/children/project[12]/children/action/time"/><energy reference="../../../../../../../../project[2]/children/project/children/project/children/project/children/action/energy"/><priority reference="../../../../../../../../project[2]/children/project/children/project/children/project/children/action/priority"/><scheduleHours>15</scheduleHours><scheduleMins>0</scheduleMins><durationHours>0</durationHours><durationMins>30</durationMins><basisID>2</basisID><startDate>2019-03-31 00:00:00.0 CST</startDate><periodID>0</periodID><frequency>1</frequency><advanceNbr>4</advanceNbr><genNbr>0</genNbr><success></success><notes></notes><period class="tr.model.action.PeriodMonth"><option reference="../../../../../action/state/recurrence/period/option"/><selectedDays class="vector"/></period></recurrence><created>2019-03-16 11:09:12.19 CST</created></state><notes></notes><done>false</done><time reference="../../../../../../project[2]/children/project/children/project[2]/children/project[12]/children/action/time"/><energy reference="../../../../../../project[2]/children/project/children/project/children/project/children/action/energy"/><priority reference="../../../../../../project[2]/children/project/children/project/children/project/children/action/priority"/><success></success><modified>2019-03-16 11:10:19.151 CST</modified></action><action><id>6861</id><created>2019-03-16 11:09:36.518 CST</created><parent reference="../../.."/><description>兴趣爱好月定期巡检</description><topic reference="../../../../../../../../../../../../../../../topics/items/topic[6]"/><context reference="../../../../../../../../../../../../../../../contexts/items/context[9]"/><state class="actionStateScheduled"><date>2019-03-31 14:30:00.0 CST</date><durationHours>0</durationHours><durationMinutes>30</durationMinutes><recurrence><id>6862</id><project reference="../../../../.."/><description>兴趣爱好月定期巡检</description><topic reference="../../../../../../../../../../../../../../../../../topics/items/topic[6]"/><context reference="../../../../../../../../../../../../../../../../../contexts/items/context[9]"/><time reference="../../../../../../../../project[2]/children/project/children/project[2]/children/project[12]/children/action/time"/><energy reference="../../../../../../../../project[2]/children/project/children/project/children/project/children/action/energy"/><priority reference="../../../../../../../../project[2]/children/project/children/project/children/project/children/action/priority"/><scheduleHours>16</scheduleHours><scheduleMins>0</scheduleMins><durationHours>0</durationHours><durationMins>30</durationMins><basisID>2</basisID><startDate>2019-03-31 00:00:00.0 CST</startDate><periodID>0</periodID><frequency>1</frequency><advanceNbr>4</advanceNbr><genNbr>0</genNbr><success></success><notes></notes><period class="tr.model.action.PeriodMonth"><option reference="../../../../../action/state/recurrence/period/option"/><selectedDays class="vector"/></period></recurrence><created>2019-03-16 11:09:57.258 CST</created></state><notes></notes><done>false</done><time reference="../../../../../../project[2]/children/project/children/project[2]/children/project[12]/children/action/time"/><energy reference="../../../../../../project[2]/children/project/children/project/children/project/children/action/energy"/><priority reference="../../../../../../project[2]/children/project/children/project/children/project/children/action/priority"/><success></success><modified>2019-03-16 11:16:41.49 CST</modified></action><action><id>6863</id><created>2019-03-16 11:10:24.648 CST</created><parent reference="../../.."/><description>娱乐休闲月定期巡检</description><topic reference="../../../../../../../../../../../../../../../topics/items/topic[8]"/><context reference="../../../../../../../../../../../../../../../contexts/items/context[9]"/><state class="actionStateScheduled"><date>2019-03-31 15:00:00.0 CST</date><durationHours>0</durationHours><durationMinutes>30</durationMinutes><recurrence><id>6864</id><project reference="../../../../.."/><description>娱乐休闲月定期巡检</description><topic reference="../../../../../../../../../../../../../../../../../topics/items/topic[8]"/><context reference="../../../../../../../../../../../../../../../../../contexts/items/context[9]"/><time reference="../../../../../../../../project[2]/children/project/children/project[2]/children/project[12]/children/action/time"/><energy reference="../../../../../../../../project[2]/children/project/children/project/children/project/children/action/energy"/><priority reference="../../../../../../../../project[2]/children/project/children/project/children/project/children/action/priority"/><scheduleHours>17</scheduleHours><scheduleMins>0</scheduleMins><durationHours>0</durationHours><durationMins>30</durationMins><basisID>2</basisID><startDate>2019-03-31 00:00:00.0 CST</startDate><periodID>0</periodID><frequency>1</frequency><advanceNbr>4</advanceNbr><genNbr>0</genNbr><success></success><notes></notes><period class="tr.model.action.PeriodMonth"><option reference="../../../../../action/state/recurrence/period/option"/><selectedDays class="vector"/></period></recurrence><created>2019-03-16 11:10:52.856 CST</created></state><notes></notes><done>false</done><time reference="../../../../../../project[2]/children/project/children/project[2]/children/project[12]/children/action/time"/><energy reference="../../../../../../project[2]/children/project/children/project/children/project/children/action/energy"/><priority reference="../../../../../../project[2]/children/project/children/project/children/project/children/action/priority"/><modified>2019-03-16 11:10:52.856 CST</modified></action><action><id>6865</id><created>2019-03-16 11:11:18.174 CST</created><parent reference="../../.."/><description>巡检工作月定期检视</description><topic reference="../../../../../../../../../../../../../../../topics/items/topic[11]"/><context reference="../../../../../../../../../../../../../../../contexts/items/context[9]"/><state class="actionStateScheduled"><date>2019-03-31 15:30:00.0 CST</date><durationHours>0</durationHours><durationMinutes>30</durationMinutes><recurrence><id>6866</id><project reference="../../../../.."/><description>巡检工作月定期检视</description><topic reference="../../../../../../../../../../../../../../../../../topics/items/topic[11]"/><context reference="../../../../../../../../../../../../../../../../../contexts/items/context[9]"/><time reference="../../../../../../../../project[2]/children/project/children/project[2]/children/project[12]/children/action/time"/><energy reference="../../../../../../../../project[2]/children/project/children/project/children/project/children/action/energy"/><priority reference="../../../../../../../../project[2]/children/project/children/project/children/project/children/action/priority"/><scheduleHours>18</scheduleHours><scheduleMins>0</scheduleMins><durationHours>0</durationHours><durationMins>30</durationMins><basisID>2</basisID><startDate>2019-03-31 00:00:00.0 CST</startDate><periodID>0</periodID><frequency>1</frequency><advanceNbr>4</advanceNbr><genNbr>0</genNbr><success></success><notes></notes><period class="tr.model.action.PeriodMonth"><option reference="../../../../../action/state/recurrence/period/option"/><selectedDays class="vector"/></period></recurrence><created>2019-03-16 11:11:37.798 CST</created></state><notes></notes><done>false</done><time reference="../../../../../../project[2]/children/project/children/project[2]/children/project[12]/children/action/time"/><energy reference="../../../../../../project[2]/children/project/children/project/children/project/children/action/energy"/><priority reference="../../../../../../project[2]/children/project/children/project/children/project/children/action/priority"/><success></success><modified>2019-03-16 11:18:52.461 CST</modified></action></children><topic reference="../../../../../../../../../../../../../topics/items/topic[11]"/><description>月度巡检</description><purpose></purpose><success></success><brainstorming></brainstorming><organising></organising><done>false</done><sequence>false</sequence><sequencing reference="../../../../project/children/project/children/project/sequencing"/><notes></notes><priority reference="../../../../project[2]/children/project/children/project/children/project/children/action/priority"/><modified>2019-03-16 11:11:18.175 CST</modified></project><project><id>6848</id><created>2019-03-16 10:59:06.0 CST</created><parent reference="../../.."/><children><action><id>6917</id><created>2019-03-16 11:18:52.712 CST</created><parent reference="../../.."/><description>读书情况每周定期巡检@个人发展</description><topic reference="../../../../../../../../../../../../../../../topics/items/topic[3]"/><context reference="../../../../../../../../../../../../../../../contexts/items/context[9]"/><state class="actionStateScheduled"><date>2019-03-17 10:00:00.0 CST</date><durationHours>0</durationHours><durationMinutes>30</durationMinutes><recurrence><id>6918</id><project reference="../../../../.."/><description>读书情况每周定期巡检@个人发展</description><topic reference="../../../../../../../../../../../../../../../../../topics/items/topic[3]"/><context reference="../../../../../../../../../../../../../../../../../contexts/items/context[9]"/><time reference="../../../../../../../../project[2]/children/project/children/project[2]/children/project[12]/children/action/time"/><energy reference="../../../../../../../../project[2]/children/project/children/project/children/project/children/action/energy"/><priority reference="../../../../../../../../project[2]/children/project/children/project/children/project/children/action/priority"/><scheduleHours>10</scheduleHours><scheduleMins>0</scheduleMins><durationHours>0</durationHours><durationMins>30</durationMins><basisID>2</basisID><startDate>2019-03-17 00:00:00.0 CST</startDate><periodID>0</periodID><frequency>1</frequency><advanceNbr>4</advanceNbr><genNbr>0</genNbr><success>1、巡视及调整报告落实到下周的行动中</success><notes></notes><period class="tr.model.action.PeriodWeek"><selectedDays class="vector"><int>1</int></selectedDays></period></recurrence><created>2019-03-16 07:57:40.690 CST</created></state><notes></notes><done>false</done><time reference="../../../../../../project[2]/children/project/children/project[2]/children/project[12]/children/action/time"/><energy reference="../../../../../../project[2]/children/project/children/project/children/project/children/action/energy"/><priority reference="../../../../../../project[2]/children/project/children/project/children/project/children/action/priority"/><success>1、巡视及调整报告落实到下周的行动中</success><modified>2019-03-16 11:19:44.373 CST</modified></action><action><id>7161</id><created>2019-03-16 11:20:31.368 CST</created><parent reference="../../.."/><description>学习情况每周定期巡检@个人发展</description><topic reference="../../../../../../../../../../../../../../../topics/items/topic[3]"/><context reference="../../../../../../../../../../../../../../../contexts/items/context[9]"/><state class="actionStateScheduled"><date>2019-03-17 10:30:00.0 CST</date><durationHours>0</durationHours><durationMinutes>30</durationMinutes><recurrence><id>7235</id><project reference="../../../../.."/><description>学习情况每周定期巡检@个人发展</description><topic reference="../../../../../../../../../../../../../../../../../topics/items/topic[3]"/><context reference="../../../../../../../../../../../../../../../../../contexts/items/context[9]"/><time reference="../../../../../../../../project[2]/children/project/children/project[2]/children/project[12]/children/action/time"/><energy reference="../../../../../../../../project[2]/children/project/children/project/children/project/children/action/energy"/><priority reference="../../../../../../../../project[2]/children/project/children/project/children/project/children/action/priority"/><scheduleHours>10</scheduleHours><scheduleMins>30</scheduleMins><durationHours>0</durationHours><durationMins>30</durationMins><basisID>2</basisID><startDate>2019-03-17 00:00:00.0 CST</startDate><periodID>0</periodID><frequency>1</frequency><advanceNbr>4</advanceNbr><genNbr>0</genNbr><success>1、输出巡视报告，并将调整落实到下周的行动中</success><notes></notes><period class="tr.model.action.PeriodWeek"><selectedDays class="vector"><int>1</int></selectedDays></period></recurrence><created>2019-03-16 07:58:23.483 CST</created></state><notes></notes><done>false</done><time reference="../../../../../../project[2]/children/project/children/project[2]/children/project[12]/children/action/time"/><energy reference="../../../../../../project[2]/children/project/children/project/children/project/children/action/energy"/><priority reference="../../../../../../project[2]/children/project/children/project/children/project/children/action/priority"/><success>1、输出巡视报告，并将调整落实到下周的行动中</success><modified>2019-03-16 11:20:59.77 CST</modified></action><action><id>7442</id><created>2019-03-16 11:22:17.191 CST</created><parent reference="../../.."/><description>个人健康每周定期巡检@个人健康</description><topic reference="../../../../../../../../../../../../../../../topics/items/topic[4]"/><context reference="../../../../../../../../../../../../../../../contexts/items/context[9]"/><state class="actionStateScheduled"><date>2019-03-17 11:00:00.0 CST</date><durationHours>0</durationHours><durationMinutes>30</durationMinutes><recurrence><id>7451</id><project reference="../../../../.."/><description>个人健康每周定期巡检</description><topic reference="../../../../../../../../../../../../../../../../../topics/items/topic[4]"/><context reference="../../../../../../../../../../../../../../../../../contexts/items/context[9]"/><time reference="../../../../../../../../project[2]/children/project/children/project[2]/children/project[12]/children/action/time"/><energy reference="../../../../../../../../project[2]/children/project/children/project/children/project/children/action/energy"/><priority reference="../../../../../../../../project[2]/children/project/children/project/children/project/children/action/priority"/><scheduleHours>11</scheduleHours><scheduleMins>0</scheduleMins><durationHours>0</durationHours><durationMins>30</durationMins><basisID>2</basisID><startDate>2019-03-17 00:00:00.0 CST</startDate><periodID>0</periodID><frequency>1</frequency><advanceNbr>4</advanceNbr><genNbr>0</genNbr><success></success><notes></notes><period class="tr.model.action.PeriodWeek"><selectedDays class="vector"><int>1</int></selectedDays></period></recurrence><created>2019-03-16 11:22:39.326 CST</created></state><notes></notes><done>false</done><time reference="../../../../../../project[2]/children/project/children/project[2]/children/project[12]/children/action/time"/><energy reference="../../../../../../project[2]/children/project/children/project/children/project/children/action/energy"/><priority reference="../../../../../../project[2]/children/project/children/project/children/project/children/action/priority"/><success></success><modified>2019-03-16 11:23:12.856 CST</modified></action><action><id>8019</id><created>2019-03-16 11:31:41.233 CST</created><parent reference="../../.."/><description>每周新菜巡检@个人健康</description><topic reference="../../../../../../../../../../../../../../../topics/items/topic[4]"/><context reference="../../../../../../../../../../../../../../../contexts/items/context[9]"/><state class="actionStateScheduled"><date>2019-03-17 20:00:00.0 CST</date><durationHours>0</durationHours><durationMinutes>10</durationMinutes><recurrence><id>8020</id><project reference="../../../../.."/><description>每周新菜巡检@个人健康</description><topic reference="../../../../../../../../../../../../../../../../../topics/items/topic[4]"/><context reference="../../../../../../../../../../../../../../../../../contexts/items/context[9]"/><time><id>102</id><name>10 min</name></time><energy reference="../../../../../../../../project[7]/children/project/children/project/children/action/energy"/><priority reference="../../../../../../../../project[2]/children/project/children/project/children/project/children/action/priority"/><scheduleHours>20</scheduleHours><scheduleMins>0</scheduleMins><durationHours>0</durationHours><durationMins>10</durationMins><basisID>2</basisID><startDate>2019-03-17 00:00:00.0 CST</startDate><periodID>0</periodID><frequency>1</frequency><advanceNbr>4</advanceNbr><genNbr>0</genNbr><success></success><notes></notes><period class="tr.model.action.PeriodWeek"><selectedDays class="vector"><int>1</int></selectedDays></period></recurrence><created>2019-03-16 11:32:10.622 CST</created></state><notes></notes><done>false</done><time reference="../state/recurrence/time"/><energy reference="../../../../../../project[7]/children/project/children/project/children/action/energy"/><priority reference="../../../../../../project[2]/children/project/children/project/children/project/children/action/priority"/><success></success><modified>2019-03-16 11:47:06.164 CST</modified></action><action><id>7841</id><created>2019-03-16 11:24:16.76 CST</created><parent reference="../../.."/><description>A股投资理财周跟踪巡检@财富管理</description><topic reference="../../../../../../../../../../../../../../../topics/items/topic[5]"/><context reference="../../../../../../../../../../../../../../../contexts/items/context[9]"/><state class="actionStateScheduled"><date>2019-03-17 11:30:00.0 CST</date><durationHours>0</durationHours><durationMinutes>30</durationMinutes><recurrence><id>7850</id><project reference="../../../../.."/><description>A股投资理财周跟踪巡检</description><topic reference="../../../../../../../../../../../../../../../../../topics/items/topic[5]"/><context reference="../../../../../../../../../../../../../../../../../contexts/items/context[9]"/><time reference="../../../../../../../../project[2]/children/project/children/project[2]/children/project[12]/children/action/time"/><energy reference="../../../../../../../../project[2]/children/project/children/project/children/project/children/action/energy"/><priority reference="../../../../../../../../project[2]/children/project/children/project/children/project/children/action/priority"/><scheduleHours>11</scheduleHours><scheduleMins>30</scheduleMins><durationHours>0</durationHours><durationMins>30</durationMins><basisID>2</basisID><startDate>2019-03-17 00:00:00.0 CST</startDate><periodID>0</periodID><frequency>1</frequency><advanceNbr>4</advanceNbr><genNbr>0</genNbr><success></success><notes></notes><period class="tr.model.action.PeriodWeek"><selectedDays class="vector"><int>1</int></selectedDays></period></recurrence><created>2019-03-16 11:24:46.172 CST</created></state><notes></notes><done>false</done><time reference="../../../../../../project[2]/children/project/children/project[2]/children/project[12]/children/action/time"/><energy reference="../../../../../../project[2]/children/project/children/project/children/project/children/action/energy"/><priority reference="../../../../../../project[2]/children/project/children/project/children/project/children/action/priority"/><success></success><modified>2019-03-16 11:33:08.759 CST</modified></action><action><id>8011</id><created>2019-03-16 11:25:24.208 CST</created><parent reference="../../.."/><description>美股投资理财周跟踪巡检@财富管理</description><topic reference="../../../../../../../../../../../../../../../topics/items/topic[5]"/><context reference="../../../../../../../../../../../../../../../contexts/items/context[9]"/><state class="actionStateScheduled"><date>2019-03-17 14:00:00.0 CST</date><durationHours>0</durationHours><durationMinutes>30</durationMinutes><recurrence><id>8012</id><project reference="../../../../.."/><description>美股投资理财周跟踪巡检@财富管理</description><topic reference="../../../../../../../../../../../../../../../../../topics/items/topic[5]"/><context reference="../../../../../../../../../../../../../../../../../contexts/items/context[9]"/><time reference="../../../../../../../../project[2]/children/project/children/project[2]/children/project[12]/children/action/time"/><energy reference="../../../../../../../../project[2]/children/project/children/project/children/project/children/action/energy"/><priority reference="../../../../../../../../project[2]/children/project/children/project/children/project/children/action/priority"/><scheduleHours>14</scheduleHours><scheduleMins>0</scheduleMins><durationHours>0</durationHours><durationMins>30</durationMins><basisID>2</basisID><startDate>2019-03-17 00:00:00.0 CST</startDate><periodID>0</periodID><frequency>1</frequency><advanceNbr>4</advanceNbr><genNbr>0</genNbr><success></success><notes></notes><period class="tr.model.action.PeriodWeek"><selectedDays class="vector"><int>1</int></selectedDays></period></recurrence><created>2019-03-16 11:26:03.690 CST</created></state><notes></notes><done>false</done><time reference="../../../../../../project[2]/children/project/children/project[2]/children/project[12]/children/action/time"/><energy reference="../../../../../../project[2]/children/project/children/project/children/project/children/action/energy"/><priority reference="../../../../../../project[2]/children/project/children/project/children/project/children/action/priority"/><success></success><modified>2019-03-16 11:50:33.191 CST</modified></action><action><id>8029</id><created>2019-03-16 11:47:47.432 CST</created><parent reference="../../.."/><description>家庭、人际交往周定期巡检</description><topic reference="../../../../../../../../../../../../../../../topics/items/topic[7]"/><context reference="../../../../../../../../../../../../../../../contexts/items/context[9]"/><state class="actionStateScheduled"><date>2019-03-17 14:30:00.0 CST</date><durationHours>0</durationHours><durationMinutes>30</durationMinutes><recurrence><id>8030</id><project reference="../../../../.."/><description>家庭、人际交往周定期巡检</description><topic reference="../../../../../../../../../../../../../../../../../topics/items/topic[7]"/><context reference="../../../../../../../../../../../../../../../../../contexts/items/context[9]"/><time reference="../../../../../../../../project[2]/children/project/children/project[2]/children/project[12]/children/action/time"/><energy reference="../../../../../../../../project[2]/children/project/children/project/children/project/children/action/energy"/><priority reference="../../../../../../../../project[2]/children/project/children/project/children/project/children/action/priority"/><scheduleHours>14</scheduleHours><scheduleMins>30</scheduleMins><durationHours>0</durationHours><durationMins>30</durationMins><basisID>2</basisID><startDate>2019-03-17 00:00:00.0 CST</startDate><periodID>0</periodID><frequency>1</frequency><advanceNbr>4</advanceNbr><genNbr>0</genNbr><success></success><notes></notes><period class="tr.model.action.PeriodWeek"><selectedDays class="vector"><int>1</int></selectedDays></period></recurrence><created>2019-03-16 11:48:18.970 CST</created></state><notes></notes><done>false</done><time reference="../../../../../../project[2]/children/project/children/project[2]/children/project[12]/children/action/time"/><energy reference="../../../../../../project[2]/children/project/children/project/children/project/children/action/energy"/><priority reference="../../../../../../project[2]/children/project/children/project/children/project/children/action/priority"/><modified>2019-03-16 11:48:18.970 CST</modified></action><action><id>8042</id><created>2019-03-16 12:16:09.186 CST</created><parent reference="../../.."/><description>兴趣爱好周跟踪巡检</description><topic reference="../../../../../../../../../../../../../../../topics/items/topic[6]"/><context reference="../../../../../../../../../../../../../../../contexts/items/context[9]"/><state class="actionStateScheduled"><date>2019-03-17 15:00:00.0 CST</date><durationHours>0</durationHours><durationMinutes>30</durationMinutes><recurrence><id>8045</id><project reference="../../../../.."/><description>兴趣爱好周跟踪巡检</description><topic reference="../../../../../../../../../../../../../../../../../topics/items/topic[6]"/><context reference="../../../../../../../../../../../../../../../../../contexts/items/context[9]"/><time reference="../../../../../../../../project[2]/children/project/children/project[2]/children/project[12]/children/action/time"/><energy reference="../../../../../../../../project[2]/children/project/children/project/children/project/children/action/energy"/><priority reference="../../../../../../../../project[2]/children/project/children/project/children/project/children/action/priority"/><scheduleHours>15</scheduleHours><scheduleMins>0</scheduleMins><durationHours>0</durationHours><durationMins>30</durationMins><basisID>2</basisID><startDate>2019-03-17 00:00:00.0 CST</startDate><periodID>0</periodID><frequency>1</frequency><advanceNbr>4</advanceNbr><genNbr>0</genNbr><success></success><notes></notes><period class="tr.model.action.PeriodWeek"><selectedDays class="vector"><int>1</int></selectedDays></period></recurrence><created>2019-03-16 12:16:53.786 CST</created></state><notes></notes><done>false</done><time reference="../../../../../../project[2]/children/project/children/project[2]/children/project[12]/children/action/time"/><energy reference="../../../../../../project[2]/children/project/children/project/children/project/children/action/energy"/><priority reference="../../../../../../project[2]/children/project/children/project/children/project/children/action/priority"/><modified>2019-03-16 12:16:53.786 CST</modified></action><action><id>8043</id><created>2019-03-16 12:16:12.611 CST</created><parent reference="../../.."/><description>娱乐休闲周巡检</description><topic reference="../../../../../../../../../../../../../../../topics/items/topic[8]"/><context reference="../../../../../../../../../../../../../../../contexts/items/context[9]"/><state class="actionStateScheduled"><date>2019-03-17 15:30:00.0 CST</date><durationHours>0</durationHours><durationMinutes>20</durationMinutes><recurrence><id>8046</id><project reference="../../../../.."/><description>娱乐休闲周巡检</description><topic reference="../../../../../../../../../../../../../../../../../topics/items/topic[8]"/><context reference="../../../../../../../../../../../../../../../../../contexts/items/context[9]"/><time reference="../../../../../../../../project[3]/children/project[2]/children/action/time"/><energy reference="../../../../../../../../project[2]/children/project/children/project/children/project/children/action/energy"/><priority reference="../../../../../../../../project[2]/children/project/children/project/children/project/children/action/priority"/><scheduleHours>15</scheduleHours><scheduleMins>30</scheduleMins><durationHours>0</durationHours><durationMins>20</durationMins><basisID>2</basisID><startDate>2019-03-17 00:00:00.0 CST</startDate><periodID>0</periodID><frequency>1</frequency><advanceNbr>4</advanceNbr><genNbr>0</genNbr><success></success><notes></notes><period class="tr.model.action.PeriodWeek"><selectedDays class="vector"><int>1</int></selectedDays></period></recurrence><created>2019-03-16 12:17:57.976 CST</created></state><notes></notes><done>false</done><time reference="../../../../../../project[3]/children/project[2]/children/action/time"/><energy reference="../../../../../../project[2]/children/project/children/project/children/project/children/action/energy"/><priority reference="../../../../../../project[2]/children/project/children/project/children/project/children/action/priority"/><modified>2019-03-16 12:17:57.976 CST</modified></action></children><topic reference="../../../../../../../../../../../../../topics/items/topic[11]"/><description>周巡检</description><purpose></purpose><success></success><brainstorming></brainstorming><organising></organising><done>false</done><sequence>false</sequence><sequencing reference="../../../../project/children/project/children/project/sequencing"/><notes></notes><priority reference="../../../../project[2]/children/project/children/project/children/project/children/action/priority"/><modified>2019-03-16 12:18:22.713 CST</modified></project><project><id>6849</id><created>2019-03-16 10:59:13.416 CST</created><parent reference="../../.."/><children><action><id>8014</id><created>2019-03-16 11:27:57.764 CST</created><parent reference="../../.."/><description>每日健身八段锦打卡@个人健康</description><topic reference="../../../../../../../../../../../../../../../topics/items/topic[4]"/><context reference="../../../../../../../../../../../../../../../contexts/items/context[9]"/><state class="actionStateScheduled"><date>2019-03-17 08:00:00.0 CST</date><durationHours>0</durationHours><durationMinutes>30</durationMinutes><recurrence><id>8016</id><project reference="../../../../.."/><description>每日健身八段锦打卡@个人健康</description><topic reference="../../../../../../../../../../../../../../../../../topics/items/topic[4]"/><context reference="../../../../../../../../../../../../../../../../../contexts/items/context[9]"/><time><id>101</id><name>5 min</name></time><energy reference="../../../../../../../../project[2]/children/project/children/project/children/project/children/action/energy"/><priority reference="../../../../../../../../project[2]/children/project/children/project/children/project/children/action/priority"/><scheduleHours>8</scheduleHours><scheduleMins>0</scheduleMins><durationHours>0</durationHours><durationMins>30</durationMins><basisID>2</basisID><startDate>2019-03-17 00:00:00.0 CST</startDate><periodID>0</periodID><frequency>1</frequency><advanceNbr>4</advanceNbr><genNbr>0</genNbr><success></success><notes></notes><period class="tr.model.action.PeriodDay"/></recurrence><created>2019-03-16 11:28:53.228 CST</created></state><notes></notes><done>false</done><time reference="../state/recurrence/time"/><energy reference="../../../../../../project[2]/children/project/children/project/children/project/children/action/energy"/><priority reference="../../../../../../project[2]/children/project/children/project/children/project/children/action/priority"/><success></success><modified>2019-03-16 11:39:55.978 CST</modified></action><action><id>8017</id><created>2019-03-16 11:30:12.661 CST</created><parent reference="../../.."/><description>晚上12点以前上床睡觉@个人健康</description><topic reference="../../../../../../../../../../../../../../../topics/items/topic[4]"/><context reference="../../../../../../../../../../../../../../../contexts/items/context[9]"/><state class="actionStateScheduled"><date>2019-03-17 23:39:00.0 CST</date><durationHours>0</durationHours><durationMinutes>1</durationMinutes><recurrence><id>8018</id><project reference="../../../../.."/><description>晚上12点以前上床睡觉@个人健康</description><topic reference="../../../../../../../../../../../../../../../../../topics/items/topic[4]"/><context reference="../../../../../../../../../../../../../../../../../contexts/items/context[9]"/><time reference="../../../../action/state/recurrence/time"/><energy reference="../../../../../../../../project[7]/children/project/children/project/children/action/energy"/><priority reference="../../../../../../../../project[2]/children/project/children/project/children/project/children/action/priority"/><scheduleHours>11</scheduleHours><scheduleMins>39</scheduleMins><durationHours>0</durationHours><durationMins>1</durationMins><basisID>2</basisID><startDate>2019-03-17 00:00:00.0 CST</startDate><periodID>0</periodID><frequency>1</frequency><advanceNbr>4</advanceNbr><genNbr>0</genNbr><success></success><notes></notes><period class="tr.model.action.PeriodDay"/></recurrence><created>2019-03-16 11:30:44.463 CST</created></state><notes></notes><done>false</done><time reference="../../action/state/recurrence/time"/><energy reference="../../../../../../project[7]/children/project/children/project/children/action/energy"/><priority reference="../../../../../../project[2]/children/project/children/project/children/project/children/action/priority"/><modified>2019-03-16 11:30:44.463 CST</modified></action><action><id>8022</id><created>2019-03-16 11:35:01.463 CST</created><parent reference="../../.."/><description>每天睡前半个钟头到一个钟头是阅读时间巡检@个人健康</description><topic reference="../../../../../../../../../../../../../../../topics/items/topic[4]"/><context reference="../../../../../../../../../../../../../../../contexts/items/context[9]"/><state class="actionStateScheduled"><date>2019-03-17 23:00:00.0 CST</date><durationHours>0</durationHours><durationMinutes>30</durationMinutes><recurrence><id>8023</id><project reference="../../../../.."/><description>每天睡前半个钟头到一个钟头是阅读时间@个人健康</description><topic reference="../../../../../../../../../../../../../../../../../topics/items/topic[4]"/><context reference="../../../../../../../../../../../../../../../../../contexts/items/context[9]"/><time reference="../../../../action/state/recurrence/time"/><energy reference="../../../../../../../../project[2]/children/project/children/project/children/project/children/action/energy"/><priority reference="../../../../../../../../project[2]/children/project/children/project/children/project/children/action/priority"/><scheduleHours>11</scheduleHours><scheduleMins>0</scheduleMins><durationHours>0</durationHours><durationMins>30</durationMins><basisID>2</basisID><startDate>2019-03-17 00:00:00.0 CST</startDate><periodID>0</periodID><frequency>1</frequency><advanceNbr>4</advanceNbr><genNbr>0</genNbr><success></success><notes></notes><period class="tr.model.action.PeriodDay"/></recurrence><created>2019-03-16 11:35:38.94 CST</created></state><notes></notes><done>false</done><time reference="../../action/state/recurrence/time"/><energy reference="../../../../../../project[2]/children/project/children/project/children/project/children/action/energy"/><priority reference="../../../../../../project[2]/children/project/children/project/children/project/children/action/priority"/><modified>2019-03-16 11:49:41.357 CST</modified></action><action><id>8024</id><created>2019-03-16 11:43:47.784 CST</created><parent reference="../../.."/><description>A股投资理财天巡检</description><topic reference="../../../../../../../../../../../../../../../topics/items/topic[5]"/><context reference="../../../../../../../../../../../../../../../contexts/items/context[9]"/><state class="actionStateScheduled"><date>2019-03-18 20:00:00.0 CST</date><durationHours>0</durationHours><durationMinutes>20</durationMinutes><recurrence><id>8025</id><project reference="../../../../.."/><description>A股投资理财天巡检</description><topic reference="../../../../../../../../../../../../../../../../../topics/items/topic[5]"/><context reference="../../../../../../../../../../../../../../../../../contexts/items/context[9]"/><time reference="../../../../../../../../project[3]/children/project[2]/children/action/time"/><energy reference="../../../../../../../../project[2]/children/project/children/project/children/project/children/action[4]/energy"/><priority reference="../../../../../../../../project[2]/children/project/children/project/children/project/children/action/priority"/><scheduleHours>20</scheduleHours><scheduleMins>0</scheduleMins><durationHours>0</durationHours><durationMins>20</durationMins><basisID>2</basisID><startDate>2019-03-18 00:00:00.0 CST</startDate><periodID>0</periodID><frequency>1</frequency><advanceNbr>4</advanceNbr><genNbr>0</genNbr><success></success><notes></notes><period class="tr.model.action.PeriodDay"/></recurrence><created>2019-03-16 11:44:15.910 CST</created></state><notes></notes><done>false</done><time reference="../../../../../../project[3]/children/project[2]/children/action/time"/><energy reference="../../../../../../project[2]/children/project/children/project/children/project/children/action[4]/energy"/><priority reference="../../../../../../project[2]/children/project/children/project/children/project/children/action/priority"/><modified>2019-03-16 11:44:15.910 CST</modified></action><action><id>8026</id><created>2019-03-16 11:44:46.135 CST</created><parent reference="../../.."/><description>美股投资理财天巡检</description><topic reference="../../../../../../../../../../../../../../../topics/items/topic[5]"/><context reference="../../../../../../../../../../../../../../../contexts/items/context[9]"/><state class="actionStateScheduled"><date>2019-03-18 20:20:00.0 CST</date><durationHours>0</durationHours><durationMinutes>20</durationMinutes><recurrence><id>8027</id><project reference="../../../../.."/><description>美股投资理财天巡检</description><topic reference="../../../../../../../../../../../../../../../../../topics/items/topic[5]"/><context reference="../../../../../../../../../../../../../../../../../contexts/items/context[9]"/><time reference="../../../../../../../../project[3]/children/project[2]/children/action/time"/><energy reference="../../../../../../../../project[2]/children/project/children/project/children/project/children/action[4]/energy"/><priority reference="../../../../../../../../project[2]/children/project/children/project/children/project/children/action/priority"/><scheduleHours>20</scheduleHours><scheduleMins>20</scheduleMins><durationHours>0</durationHours><durationMins>20</durationMins><basisID>2</basisID><startDate>2019-03-18 00:00:00.0 CST</startDate><periodID>0</periodID><frequency>1</frequency><advanceNbr>4</advanceNbr><genNbr>0</genNbr><success></success><notes></notes><period class="tr.model.action.PeriodDay"/></recurrence><created>2019-03-16 11:45:08.406 CST</created></state><notes></notes><done>false</done><time reference="../../../../../../project[3]/children/project[2]/children/action/time"/><energy reference="../../../../../../project[2]/children/project/children/project/children/project/children/action[4]/energy"/><priority reference="../../../../../../project[2]/children/project/children/project/children/project/children/action/priority"/><modified>2019-03-16 11:45:08.406 CST</modified></action><action><id>8031</id><created>2019-03-16 11:52:04.173 CST</created><parent reference="../../.."/><description>明日计划check&amp;write out</description><topic reference="../../../../../../../../../../../../../../../topics/items/topic[11]"/><context reference="../../../../../../../../../../../../../../../contexts/items/context[9]"/><state class="actionStateScheduled"><date>2019-03-16 22:00:00.0 CST</date><durationHours>0</durationHours><durationMinutes>10</durationMinutes><recurrence><id>8032</id><project reference="../../../../.."/><description>明日计划write down</description><topic reference="../../../../../../../../../../../../../../../../../topics/items/topic[11]"/><context reference="../../../../../../../../../../../../../../../../../contexts/items/context[9]"/><time reference="../../../../../../project[4]/children/action[4]/state/recurrence/time"/><energy reference="../../../../../../../../project[2]/children/project/children/project/children/project/children/action/energy"/><priority reference="../../../../../../../../project[2]/children/project/children/project/children/project/children/action/priority"/><scheduleHours>22</scheduleHours><scheduleMins>0</scheduleMins><durationHours>0</durationHours><durationMins>10</durationMins><basisID>2</basisID><startDate>2019-03-16 00:00:00.0 CST</startDate><periodID>0</periodID><frequency>1</frequency><advanceNbr>4</advanceNbr><genNbr>0</genNbr><success></success><notes></notes><period class="tr.model.action.PeriodDay"/></recurrence><created>2019-03-16 11:52:28.50 CST</created></state><notes></notes><done>false</done><time reference="../../../../project[4]/children/action[4]/state/recurrence/time"/><energy reference="../../../../../../project[2]/children/project/children/project/children/project/children/action/energy"/><priority reference="../../../../../../project[2]/children/project/children/project/children/project/children/action/priority"/><success></success><modified>2019-03-16 15:09:42.756 CST</modified></action></children><topic reference="../../../../../../../../../../../../../topics/items/topic[11]"/><description>天巡检（包含打卡类）</description><purpose></purpose><success></success><brainstorming></brainstorming><organising></organising><done>false</done><sequence>false</sequence><sequencing reference="../../../../project/children/project/children/project/sequencing"/><notes></notes><priority reference="../../../../project[2]/children/project/children/project/children/project/children/action/priority"/><modified>2019-03-16 12:11:17.29 CST</modified></project></children><topic reference="../../../../../../../../../../../topics/items/topic[11]"/><description>巡检</description><purpose></purpose><success>1、通过定期的进行巡检，调正方向，形成指导意见落实到下一步的行动当中，
2、持续性的不断达成目标，从成功走向成功，从胜利走向更大的胜利</success><brainstorming>这里只管巡检的计划，不包含每个分类的具体行动，每个分类的具体行动在每个分类中列出，这里只管行动的实际完成情况</brainstorming><organising></organising><done>false</done><sequence>false</sequence><sequencing reference="../../project/children/project/children/project/sequencing"/><notes>通过定期的进行巡检，调正方向，形成指导意见落实到下一步的行动当中，持续性的不断达成目标，从成功走向成功，从胜利走向更大的胜利
************************ 2019 年
Goal： 
1、依照各个分类的要求分为年度，季度，月，周，天巡检，形成巡检的详细报告

Output： 
1、巡检报告及跟踪记录 

 
Check： 
Check周期： 每月检视巡检的行动质量，做到定期巡检按计划高质量施行</notes><priority reference="../../project[2]/children/project/children/project/children/project/children/action/priority"/><modified>2019-03-16 12:13:09.81 CST</modified></project></children><topic reference="../../../../../../../../../topics/items/topic"/><description></description><purpose></purpose><success></success><brainstorming></brainstorming><organising></organising><done>false</done><sequence>false</sequence><modified>2019-03-16 10:53:04.151 CST</modified></projects><actions reference="../../.."/></children><topic reference="../../../../../../../topics/items/topic"/><description></description><purpose></purpose><success></success><brainstorming></brainstorming><organising></organising><done>false</done><sequence>false</sequence><modified>2019-03-13 16:32:42.883 CST</modified></parent><children/><topic reference="../../../../../../topics/items/topic"/><description></description><purpose></purpose><success></success><brainstorming></brainstorming><organising></organising><done>false</done><sequence>false</sequence><modified>2019-03-14 17:38:33.935 CST</modified></parent><description>水电费</description><topic reference="../../../../../topics/items/topic[3]"/><context reference="../../../../../contexts/items/context[2]"/><state class="actionStateScheduled"><date>2019-03-15 09:00:00.0 CST</date><durationHours>0</durationHours><durationMinutes>0</durationMinutes><created>2019-03-14 17:33:05.975 CST</created></state><notes></notes><done>false</done><success></success><modified>2019-03-14 17:34:05.32 CST</modified></action><id>621</id></thought><thought><created>2019-03-14 17:32:10.547 CST</created><description>水电费</description><topic reference="../../../../topics/items/topic[3]"/><processed>true</processed><id>508</id></thought></items></thoughts><rootProject class="projects" reference="../thoughts/items/thought/action/parent/parent/children/projects"/><rootActions class="actions" reference="../thoughts/items/thought/action/parent"/><rootTemplates class="tr.model.project.ProjectTemplates"><id>3</id><created>2019-03-13 16:32:42.849 CST</created><children/><topic reference="../../topics/items/topic"/><description></description><purpose></purpose><success></success><brainstorming></brainstorming><organising></organising><done>false</done><sequence>false</sequence><modified>2019-03-13 16:32:42.849 CST</modified></rootTemplates><rootFutures class="tr.model.project.ProjectFutures"><id>4</id><created>2019-03-13 16:32:42.850 CST</created><children/><topic reference="../../topics/items/topic"/><description></description><purpose></purpose><success></success><brainstorming></brainstorming><organising></organising><done>false</done><sequence>false</sequence><modified>2019-03-13 16:32:42.850 CST</modified></rootFutures><timeCriterion><name>Time</name><use>true</use><values><items><value reference="../../../../thoughts/items/thought/action/parent/parent/children/projects/children/project[8]/children/project[5]/children/action/state/recurrence/time"/><value reference="../../../../thoughts/items/thought/action/parent/parent/children/projects/children/project[8]/children/project[4]/children/action[4]/state/recurrence/time"/><value><id>103</id><name>15 min</name></value><value reference="../../../../thoughts/items/thought/action/parent/parent/children/projects/children/project[3]/children/project[2]/children/action/time"/><value reference="../../../../thoughts/items/thought/action/parent/parent/children/projects/children/project[2]/children/project/children/project[2]/children/project[12]/children/action/time"/><value><id>106</id><name>45 min</name></value><value reference="../../../../thoughts/items/thought/action/parent/parent/children/projects/children/project[7]/children/project/children/project/children/action/time"/><value reference="../../../../thoughts/items/thought/action/parent/parent/children/projects/children/project[2]/children/project/children/project/children/project/children/action/time"/><value reference="../../../../thoughts/items/thought/action/parent/parent/children/projects/children/project[2]/children/project/children/project[6]/children/project[2]/children/action[2]/time"/><value reference="../../../../thoughts/items/thought/action/parent/parent/children/projects/children/project[4]/children/project[2]/children/project/children/action/time"/><value><id>110</id><name>2.5 hrs</name></value><value reference="../../../../thoughts/items/thought/action/parent/parent/children/projects/children/project[2]/children/project/children/project/children/project/children/action[4]/time"/><value><id>112</id><name>4 hrs</name></value><value><id>113</id><name>5 hrs</name></value><value><id>114</id><name>6 hrs</name></value><value><id>115</id><name>7 hrs</name></value><value reference="../../../../thoughts/items/thought/action/parent/parent/children/projects/children/project[8]/children/project/children/action/state/recurrence/time"/></items></values></timeCriterion><energyCriterion><name>Energy</name><use>true</use><values><items><value><id>117</id><name>None</name></value><value reference="../../../../thoughts/items/thought/action/parent/parent/children/projects/children/project[7]/children/project/children/project/children/action/energy"/><value reference="../../../../thoughts/items/thought/action/parent/parent/children/projects/children/project[2]/children/project/children/project/children/project/children/action/energy"/><value reference="../../../../thoughts/items/thought/action/parent/parent/children/projects/children/project[2]/children/project/children/project/children/project/children/action[4]/energy"/><value><id>121</id><name>Low Physical</name></value><value><id>122</id><name>Med Physical</name></value><value><id>123</id><name>High Physical</name></value></items></values></energyCriterion><priorityCriterion><name>Priority</name><use>true</use><values><items><value reference="../../../../thoughts/items/thought/action/parent/parent/children/projects/children/project[2]/children/project/children/project/children/project/children/action/priority"/><value reference="../../../../thoughts/items/thought/action/parent/parent/children/projects/children/project[2]/children/project/children/project[2]/children/project[12]/priority"/><value><id>126</id><name>Would</name></value><value><id>127</id><name>Could</name></value></items></values></priorityCriterion><maxLogID>0</maxLogID></data>