<data><version>5</version><maxID>265</maxID><topics><items><topic><name>None</name><description>No topic.</description><color><red>0</red><green>0</green><blue>0</blue><alpha>255</alpha></color><background><red>255</red><green>255</green><blue>255</blue><alpha>255</alpha></background><id>8</id></topic><topic><name>Personal develop</name><description>Personal develop</description><color reference="/data/topics/items/topic/color"/><background reference="/data/topics/items/topic/background"/><id>131</id></topic><topic><name>Work project</name><description>job</description><color reference="/data/topics/items/topic/color"/><background reference="/data/topics/items/topic/background"/><id>139</id></topic><topic><name>Financial</name><description>personal financial</description><color reference="/data/topics/items/topic/color"/><background reference="/data/topics/items/topic/background"/><id>140</id></topic><topic><name>Career</name><description>career develop</description><color reference="/data/topics/items/topic/color"/><background reference="/data/topics/items/topic/background"/><id>141</id></topic><topic><name>Health</name><description>personal health</description><color reference="/data/topics/items/topic/color"/><background><red>0</red><green>255</green><blue>153</blue><alpha>255</alpha></background><id>142</id></topic><topic><name>entertainment</name><description>entertainment</description><color reference="/data/topics/items/topic/color"/><background reference="/data/topics/items/topic/background"/><id>143</id></topic></items></topics><contexts><items><context><name>None</name><description>No context.</description><id>9</id></context><context><name>Work</name><description>at work</description><id>134</id></context><context><name>phone</name><description>by phone</description><id>135</id></context><context><name>computer</name><description>by computer</description><id>137</id></context></items></contexts><information><items/></information><futures><items/></futures><thoughts><items><thought><created>2018-03-19 01:39:47.576 UTC</created><description>lstm, cnn model develop</description><topic reference="/data/topics/items/topic[3]"/><processed>true</processed><id>247</id></thought><thought><created>2018-03-17 06:36:23.410 UTC</created><description>human behavior detection service</description><topic reference="/data/topics/items/topic[5]"/><processed>true</processed><action><id>198</id><created>2018-03-17 06:31:13.636 UTC</created><thought reference="/data/thoughts/items/thought[2]"/><parent><id>208</id><created>2018-03-17 06:36:51.907 UTC</created><thought reference="/data/thoughts/items/thought[2]"/><parent class="projects"><id>1</id><created>2018-03-16 14:20:05.824 UTC</created><parent class="tr.model.project.ProjectRoot"><id>0</id><created>2018-03-16 14:20:05.843 UTC</created><children><projects reference="/data/thoughts/items/thought[2]/action/parent/parent"/><actions><id>2</id><created>2018-03-16 14:20:05.836 UTC</created><parent class="tr.model.project.ProjectRoot" reference="/data/thoughts/items/thought[2]/action/parent/parent/parent"/><children/><topic reference="/data/topics/items/topic"/><description></description><purpose></purpose><success></success><brainstorming></brainstorming><organising></organising><done>false</done><sequence>false</sequence><modified>2018-03-19 01:41:31.859 UTC</modified></actions></children><topic reference="/data/topics/items/topic"/><description></description><purpose></purpose><success></success><brainstorming></brainstorming><organising></organising><done>false</done><sequence>false</sequence><modified>2018-03-16 14:20:05.843 UTC</modified></parent><children><project><id>128</id><created>2018-03-16 14:20:51.795 UTC</created><parent class="projects" reference="/data/thoughts/items/thought[2]/action/parent/parent"/><children/><topic reference="/data/topics/items/topic[6]"/><description>Health</description><purpose>study &amp; develop human biometric detection model service </purpose><success>a flexiable and high accuracy service system that serve captcha</success><brainstorming></brainstorming><organising></organising><done>false</done><sequence>false</sequence><modified>2018-03-17 08:16:28.130 UTC</modified><seqIncludeProjects>false</seqIncludeProjects><seqIncludeScheduled>false</seqIncludeScheduled><seqIncludeDelegated>false</seqIncludeDelegated></project><project><id>129</id><created>2018-03-16 14:23:30.143 UTC</created><parent class="projects" reference="/data/thoughts/items/thought[2]/action/parent/parent"/><children/><topic reference="/data/topics/items/topic"/><description>New Project</description><purpose></purpose><success></success><brainstorming></brainstorming><organising></organising><done>false</done><sequence>false</sequence><modified>2018-03-16 14:23:30.143 UTC</modified><seqIncludeProjects>false</seqIncludeProjects><seqIncludeScheduled>false</seqIncludeScheduled><seqIncludeDelegated>false</seqIncludeDelegated></project><project><id>155</id><created>2018-03-16 14:54:49.70 UTC</created><parent class="projects" reference="/data/thoughts/items/thought[2]/action/parent/parent"/><children/><topic reference="/data/topics/items/topic"/><description>New Project</description><purpose></purpose><success></success><brainstorming></brainstorming><organising></organising><done>false</done><sequence>false</sequence><modified>2018-03-16 14:55:00.72 UTC</modified><seqIncludeProjects>false</seqIncludeProjects><seqIncludeScheduled>false</seqIncludeScheduled><seqIncludeDelegated>false</seqIncludeDelegated></project><project><id>158</id><created>2018-03-16 14:54:51.388 UTC</created><parent class="projects" reference="/data/thoughts/items/thought[2]/action/parent/parent"/><children/><topic reference="/data/topics/items/topic"/><description>New Project</description><purpose></purpose><success></success><brainstorming></brainstorming><organising></organising><done>false</done><sequence>false</sequence><modified>2018-03-16 14:54:56.314 UTC</modified><seqIncludeProjects>false</seqIncludeProjects><seqIncludeScheduled>false</seqIncludeScheduled><seqIncludeDelegated>false</seqIncludeDelegated></project><project><id>157</id><created>2018-03-16 14:54:50.846 UTC</created><parent class="projects" reference="/data/thoughts/items/thought[2]/action/parent/parent"/><children/><topic reference="/data/topics/items/topic"/><description>New Project</description><purpose></purpose><success></success><brainstorming></brainstorming><organising></organising><done>false</done><sequence>false</sequence><modified>2018-03-16 14:54:58.240 UTC</modified><seqIncludeProjects>false</seqIncludeProjects><seqIncludeScheduled>false</seqIncludeScheduled><seqIncludeDelegated>false</seqIncludeDelegated></project><project><id>156</id><created>2018-03-16 14:54:50.271 UTC</created><parent class="projects" reference="/data/thoughts/items/thought[2]/action/parent/parent"/><children/><topic reference="/data/topics/items/topic"/><description>New Project</description><purpose></purpose><success></success><brainstorming></brainstorming><organising></organising><done>false</done><sequence>false</sequence><modified>2018-03-16 14:55:00.76 UTC</modified><seqIncludeProjects>false</seqIncludeProjects><seqIncludeScheduled>false</seqIncludeScheduled><seqIncludeDelegated>false</seqIncludeDelegated></project><project><id>145</id><created>2018-03-16 14:49:22.175 UTC</created><parent class="projects" reference="/data/thoughts/items/thought[2]/action/parent/parent"/><children/><topic reference="/data/topics/items/topic"/><description>New Project</description><purpose></purpose><success></success><brainstorming></brainstorming><organising></organising><done>false</done><sequence>false</sequence><modified>2018-03-16 14:55:04.994 UTC</modified><seqIncludeProjects>false</seqIncludeProjects><seqIncludeScheduled>false</seqIncludeScheduled><seqIncludeDelegated>false</seqIncludeDelegated></project><project><id>192</id><created>2018-03-16 15:35:41.955 UTC</created><thought><created>2018-03-16 15:32:29.812 UTC</created><description>familiar with thinking rock and start to run it</description><topic reference="/data/topics/items/topic[2]"/><processed>true</processed><action><id>179</id><created>2018-03-16 15:27:38.122 UTC</created><thought reference="/data/thoughts/items/thought[2]/action/parent/parent/children/project[8]/thought"/><parent reference="/data/thoughts/items/thought[2]/action/parent/parent/children/project[8]"/><description>familiar with thinking rock and start to run it</description><topic reference="/data/topics/items/topic[2]"/><context reference="/data/contexts/items/context[4]"/><state class="actionStateScheduled"><created>2018-03-16 15:29:36.788 UTC</created><date>2018-03-17 02:00:00.0 UTC</date><durationHours>2</durationHours><durationMinutes>0</durationMinutes></state><notes>11:25 PM Fri Mar 16 2018 : familiar with this software and start to run it, collect thought, make projects</notes><done>true</done><doneDate>2018-03-16 16:00:00.0 UTC</doneDate><success>1. know how to use this software
2. know the logic of get think done
3. run it, make a thought list and processing it</success><modified>2018-03-17 06:24:22.315 UTC</modified></action><id>187</id></thought><parent class="projects" reference="/data/thoughts/items/thought[2]/action/parent/parent"/><children><action reference="/data/thoughts/items/thought[2]/action/parent/parent/children/project[8]/thought/action"/><action><id>182</id><created>2018-03-16 15:29:58.516 UTC</created><thought><created>2018-03-16 15:14:06.611 UTC</created><description>familiar with thinking rock and start to run it</description><topic reference="/data/topics/items/topic[2]"/><processed>true</processed><notes>11:25 PM Fri Mar 16 2018 : familiar with this software and start to run it, collect thought, make projects</notes><id>160</id></thought><parent reference="/data/thoughts/items/thought[2]/action/parent/parent/children/project[8]"/><description>know how to use this software</description><topic reference="/data/topics/items/topic[2]"/><context reference="/data/contexts/items/context[4]"/><state class="actionStateScheduled"><created>2018-03-16 15:31:23.390 UTC</created><date>2018-03-17 01:30:00.0 UTC</date><durationHours>0</durationHours><durationMinutes>30</durationMinutes></state><notes>11:25 PM Fri Mar 16 2018 : familiar with this software and start to run it, collect thought, make projects</notes><done>true</done><doneDate>2018-03-16 16:00:00.0 UTC</doneDate><success></success><modified>2018-03-17 06:24:26.124 UTC</modified></action><action><id>190</id><created>2018-03-16 15:34:24.250 UTC</created><thought reference="/data/thoughts/items/thought[2]/action/parent/parent/children/project[8]/thought"/><parent reference="/data/thoughts/items/thought[2]/action/parent/parent/children/project[8]"/><description>know the logic of get think done</description><topic reference="/data/topics/items/topic[2]"/><context reference="/data/contexts/items/context[4]"/><state class="actionStateScheduled"><created>2018-03-16 15:35:11.436 UTC</created><date>2018-03-17 03:00:00.0 UTC</date><durationHours>0</durationHours><durationMinutes>30</durationMinutes></state><notes>11:25 PM Fri Mar 16 2018 : familiar with this software and start to run it, collect thought, make projects</notes><done>true</done><doneDate>2018-03-17 08:01:03.848 UTC</doneDate><success>know the logict and draw it</success><modified>2018-03-17 08:01:03.848 UTC</modified></action><project><id>226</id><created>2018-03-17 07:11:39.658 UTC</created><parent reference="/data/thoughts/items/thought[2]/action/parent/parent/children/project[8]"/><children><action><id>225</id><created>2018-03-17 07:08:39.67 UTC</created><parent reference="/data/thoughts/items/thought[2]/action/parent/parent/children/project[8]/children/project"/><description>reading the GTD book</description><topic reference="/data/topics/items/topic[2]"/><context reference="/data/contexts/items/context[4]"/><state class="actionStateScheduled"><created>2018-03-17 07:09:20.983 UTC</created><date>2018-03-17 16:00:00.0 UTC</date><durationHours>0</durationHours><durationMinutes>0</durationMinutes></state><notes></notes><done>true</done><doneDate>2018-03-18 16:00:00.0 UTC</doneDate><success>1. read through the book and fetch the key point, output xmind graph</success><modified>2018-03-19 01:43:31.481 UTC</modified></action><action><id>231</id><created>2018-03-17 07:16:15.938 UTC</created><thought><created>2018-03-17 07:15:17.944 UTC</created><description>find and download GTD book </description><topic reference="/data/topics/items/topic[2]"/><processed>true</processed><notes>Sat Mar 17 2018 03:15 PM must confirm that the book is the right book</notes><id>227</id></thought><parent reference="/data/thoughts/items/thought[2]/action/parent/parent/children/project[8]/children/project"/><description>find and download GTD book </description><topic reference="/data/topics/items/topic[2]"/><context reference="/data/contexts/items/context[4]"/><state class="actionStateScheduled"><created>2018-03-17 07:16:53.392 UTC</created><date>2018-03-19 12:00:00.0 UTC</date><durationHours>0</durationHours><durationMinutes>0</durationMinutes></state><notes>Sat Mar 17 2018 03:15 PM must confirm that the book is the right book</notes><done>false</done><success>find and download right GTD book </success><modified>2018-03-17 07:17:14.634 UTC</modified></action></children><topic reference="/data/topics/items/topic[2]"/><description>reading the GTD book</description><purpose>familiar with GTD again, and use it to help get thing done </purpose><success>let life efficient and wonderful</success><brainstorming></brainstorming><organising></organising><done>false</done><sequence>false</sequence><notes></notes><startDate>2018-03-16 16:00:00.0 UTC</startDate><modified>2018-03-17 07:17:14.634 UTC</modified><seqIncludeProjects>false</seqIncludeProjects><seqIncludeScheduled>false</seqIncludeScheduled><seqIncludeDelegated>false</seqIncludeDelegated></project></children><topic reference="/data/topics/items/topic[2]"/><description>familiar with GTD,  thinking rock and start to run it</description><purpose>1. know how to use this software
2. know the logic of get think done
3. run it, make a thought list and processing it</purpose><success>make thing done, make my life more efficient and wonderful</success><brainstorming></brainstorming><organising>follow the order of purpose</organising><done>false</done><sequence>false</sequence><dueDate>2018-03-16 16:00:00.0 UTC</dueDate><notes>11:25 PM Fri Mar 16 2018 : familiar with this software and start to run it, collect thought, make projects</notes><startDate>2018-03-15 16:00:00.0 UTC</startDate><modified>2018-03-17 08:01:09.794 UTC</modified><seqIncludeProjects>false</seqIncludeProjects><seqIncludeScheduled>false</seqIncludeScheduled><seqIncludeDelegated>false</seqIncludeDelegated></project><project reference="/data/thoughts/items/thought[2]/action/parent"/><project><id>211</id><created>2018-03-17 06:38:51.574 UTC</created><thought><created>2018-03-16 15:14:09.236 UTC</created><description>3</description><topic reference="/data/topics/items/topic"/><processed>true</processed><id>162</id></thought><parent class="projects" reference="/data/thoughts/items/thought[2]/action/parent/parent"/><children/><topic reference="/data/topics/items/topic"/><description>3</description><purpose></purpose><success></success><brainstorming></brainstorming><organising></organising><done>false</done><sequence>false</sequence><notes></notes><modified>2018-03-19 01:43:10.995 UTC</modified><seqIncludeProjects>false</seqIncludeProjects><seqIncludeScheduled>false</seqIncludeScheduled><seqIncludeDelegated>false</seqIncludeDelegated></project></children><topic reference="/data/topics/items/topic"/><description></description><purpose></purpose><success></success><brainstorming></brainstorming><organising></organising><done>false</done><sequence>false</sequence><modified>2018-03-17 07:18:12.255 UTC</modified></parent><children><action><id>197</id><created>2018-03-17 06:30:18.338 UTC</created><thought><created>2018-03-16 15:14:07.805 UTC</created><description>human behavior detection@anti fraud scenario research &amp; realize</description><topic reference="/data/topics/items/topic[5]"/><processed>true</processed><notes>02:30 PM Sat Mar 17 2018 </notes><id>161</id></thought><parent reference="/data/thoughts/items/thought[2]/action/parent"/><description>human behavior detection@anti fraud scenario research &amp; realize</description><topic reference="/data/topics/items/topic[5]"/><context reference="/data/contexts/items/context[4]"/><state class="actionStateScheduled"><created>2018-03-17 06:31:13.628 UTC</created><date>2018-03-19 01:00:00.0 UTC</date><durationHours>0</durationHours><durationMinutes>0</durationMinutes></state><notes>02:30 PM Sat Mar 17 2018 </notes><done>false</done><success></success><modified>2018-03-17 06:37:52.39 UTC</modified></action><project><id>212</id><created>2018-03-17 06:43:56.987 UTC</created><parent reference="/data/thoughts/items/thought[2]/action/parent"/><children><project><id>213</id><created>2018-03-17 06:46:20.866 UTC</created><parent reference="/data/thoughts/items/thought[2]/action/parent/children/project"/><children><action><id>214</id><created>2018-03-17 06:51:01.465 UTC</created><parent reference="/data/thoughts/items/thought[2]/action/parent/children/project/children/project"/><description>完成线下数据转换格式化功能的开发</description><topic reference="/data/topics/items/topic[3]"/><context reference="/data/contexts/items/context[4]"/><state class="actionStateScheduled"><created>2018-03-17 06:52:24.865 UTC</created><date>2018-03-19 02:00:00.0 UTC</date><durationHours>0</durationHours><durationMinutes>0</durationMinutes></state><notes></notes><done>false</done><success>线下短快分析功能能够对输入数据进行格式转换</success><modified>2018-03-17 07:04:47.357 UTC</modified></action><action><id>220</id><created>2018-03-17 06:55:09.855 UTC</created><thought><created>2018-03-17 06:52:44.827 UTC</created><description>完成线下可视化功能的开发</description><topic reference="/data/topics/items/topic[3]"/><processed>true</processed><notes>Sat Mar 17 2018 02:53 PM 首轮可视化展现轨迹图即可</notes><id>215</id></thought><parent reference="/data/thoughts/items/thought[2]/action/parent/children/project/children/project"/><description>完成线下可视化功能的开发</description><topic reference="/data/topics/items/topic[3]"/><context reference="/data/contexts/items/context[4]"/><state class="actionStateScheduled"><created>2018-03-17 06:55:36.722 UTC</created><date>2018-03-20 06:00:00.0 UTC</date><durationHours>0</durationHours><durationMinutes>0</durationMinutes></state><notes>Sat Mar 17 2018 02:53 PM 首轮可视化展现轨迹图即可</notes><done>false</done><success>首轮可视化展现轨迹图即可</success><modified>2018-03-17 07:17:55.846 UTC</modified></action><project><id>222</id><created>2018-03-17 06:56:03.952 UTC</created><thought><created>2018-03-17 06:53:26.350 UTC</created><description>完成web服务的开发</description><topic reference="/data/topics/items/topic[3]"/><processed>true</processed><notes>Sat Mar 17 2018 02:53 PM 以web服务的方式提供数据的输入，展现数据的轨迹输出，及当前模型预测的概率结果，增加人工评判部分，并能存储为相对应的文件</notes><id>217</id></thought><parent reference="/data/thoughts/items/thought[2]/action/parent/children/project/children/project"/><children><action><id>223</id><created>2018-03-17 07:05:09.783 UTC</created><parent reference="/data/thoughts/items/thought[2]/action/parent/children/project/children/project/children/project"/><description>选取web服务的框架，确定一期web服务的内容和形式</description><topic reference="/data/topics/items/topic[3]"/><context reference="/data/contexts/items/context[4]"/><state class="actionStateScheduled"><created>2018-03-17 07:05:17.150 UTC</created><date>2018-03-19 03:00:00.0 UTC</date><durationHours>0</durationHours><durationMinutes>0</durationMinutes></state><notes></notes><done>false</done><success>1、选定web服务的框架
2、熟悉框架的使用和功能
3、确定好一期web服务提供的内容和形式</success><modified>2018-03-17 07:07:13.537 UTC</modified></action><action><id>221</id><created>2018-03-17 06:55:36.724 UTC</created><thought reference="/data/thoughts/items/thought[2]/action/parent/children/project/children/project/children/project/thought"/><parent reference="/data/thoughts/items/thought[2]/action/parent/children/project/children/project/children/project"/><description>完成web服务的开发</description><topic reference="/data/topics/items/topic[3]"/><context reference="/data/contexts/items/context[4]"/><state class="actionStateScheduled"><created>2018-03-17 06:56:03.952 UTC</created><date>2018-03-19 08:00:00.0 UTC</date><durationHours>0</durationHours><durationMinutes>0</durationMinutes></state><notes>Sat Mar 17 2018 02:53 PM 以web服务的方式提供数据的输入，展现数据的轨迹输出，及当前模型预测的概率结果，增加人工评判部分，并能存储为相对应的文件</notes><done>false</done><success>以web服务的方式提供数据的输入，展现数据的轨迹输出，及当前模型预测的概率结果，增加人工评判部分，并能存储为相对应的文件</success><modified>2018-03-17 06:56:03.952 UTC</modified></action></children><topic reference="/data/topics/items/topic[3]"/><description>完成web服务的开发</description><purpose>web服务化，减少后台操作配置的干预，方便快速的转换数据和可视化转换</purpose><success>以web服务的方式提供数据的输入，展现数据的轨迹输出，及当前模型预测的概率结果，增加人工评判部分，并能存储为相对应的文件</success><brainstorming></brainstorming><organising></organising><done>false</done><sequence>false</sequence><notes>Sat Mar 17 2018 02:53 PM 以web服务的方式提供数据的输入，展现数据的轨迹输出，及当前模型预测的概率结果，增加人工评判部分，并能存储为相对应的文件</notes><startDate>2018-03-19 16:00:00.0 UTC</startDate><modified>2018-03-17 07:38:09.62 UTC</modified><seqIncludeProjects>false</seqIncludeProjects><seqIncludeScheduled>false</seqIncludeScheduled><seqIncludeDelegated>false</seqIncludeDelegated></project></children><topic reference="/data/topics/items/topic[3]"/><description>线下短暂分析及可视化服务</description><purpose>1、完成线下短暂分析和可视化服务,使得具有瞬态分析的工具</purpose><success>可以扩展到线上，具有易用性，可视化的部分能够监控模型的性能，使得能够明晰模型的运行状况并可从中发现明显的异常点</success><brainstorming></brainstorming><organising></organising><done>false</done><sequence>false</sequence><notes>02:49 PM Sat Mar 17 2018 可视化部分是后续的重点，前期先打通瞬态分析服务的流程，并且以web服务的方式提供</notes><startDate>2018-03-18 16:00:00.0 UTC</startDate><modified>2018-03-19 01:27:22.888 UTC</modified><seqIncludeProjects>false</seqIncludeProjects><seqIncludeScheduled>false</seqIncludeScheduled><seqIncludeDelegated>false</seqIncludeDelegated></project><project><id>233</id><created>2018-03-17 07:20:40.484 UTC</created><parent reference="/data/thoughts/items/thought[2]/action/parent/children/project"/><children><action><id>234</id><created>2018-03-17 07:38:21.420 UTC</created><parent reference="/data/thoughts/items/thought[2]/action/parent/children/project/children/project[2]"/><description>方案设计（可复用，与online learning部分相结合）</description><topic reference="/data/topics/items/topic[3]"/><context reference="/data/contexts/items/context[2]"/><state class="actionStateScheduled"><created>2018-03-17 07:40:05.878 UTC</created><date>2018-03-19 06:00:00.0 UTC</date><durationHours>0</durationHours><durationMinutes>0</durationMinutes></state><notes></notes><done>false</done><success>设计出详细的方案，输出方案架构图，明晰各个功能模块的功用和出入接口数据</success><modified>2018-03-17 07:40:05.880 UTC</modified></action><action><id>235</id><created>2018-03-17 07:40:21.812 UTC</created><parent reference="/data/thoughts/items/thought[2]/action/parent/children/project/children/project[2]"/><description>数据提取功能开发</description><topic reference="/data/topics/items/topic[3]"/><context reference="/data/contexts/items/context[2]"/><state class="actionStateScheduled"><created>2018-03-17 07:41:27.39 UTC</created><date>2018-03-20 16:00:00.0 UTC</date><durationHours>0</durationHours><durationMinutes>0</durationMinutes></state><notes></notes><done>false</done><success>完成数据提取功能的开发，自动化程度要高的同时要保证配置的灵活性</success><modified>2018-03-17 07:41:27.39 UTC</modified></action><action><id>236</id><created>2018-03-17 07:42:27.855 UTC</created><parent reference="/data/thoughts/items/thought[2]/action/parent/children/project/children/project[2]"/><description>数据训练功能开发</description><topic reference="/data/topics/items/topic[3]"/><context reference="/data/contexts/items/context[4]"/><state class="actionStateScheduled"><created>2018-03-17 07:42:47.875 UTC</created><durationHours>0</durationHours><durationMinutes>0</durationMinutes></state><notes></notes><done>false</done><success>完成数据训练功能的开发</success><modified>2018-03-17 07:42:47.876 UTC</modified></action><action><id>237</id><created>2018-03-17 07:43:08.389 UTC</created><parent reference="/data/thoughts/items/thought[2]/action/parent/children/project/children/project[2]"/><description>模型更新（包含线下数据测试结果报告）</description><topic reference="/data/topics/items/topic[3]"/><context reference="/data/contexts/items/context[2]"/><state class="actionStateScheduled"><created>2018-03-17 07:53:59.630 UTC</created><durationHours>0</durationHours><durationMinutes>0</durationMinutes></state><notes></notes><done>false</done><success>1、完成模型的打包输出
2、完成线下数据的测试和精度要求
3、完成沙盒的部署和测试</success><modified>2018-03-17 07:53:59.630 UTC</modified></action><action><id>238</id><created>2018-03-17 07:52:28.485 UTC</created><parent reference="/data/thoughts/items/thought[2]/action/parent/children/project/children/project[2]"/><description>和上层业务进行对接联调</description><topic reference="/data/topics/items/topic[3]"/><context reference="/data/contexts/items/context[2]"/><state class="actionStateScheduled"><created>2018-03-17 07:54:12.448 UTC</created><durationHours>0</durationHours><durationMinutes>0</durationMinutes></state><notes></notes><done>false</done><success>1、交付线上，完成线上的联调和测试
2、完成最终发布</success><modified>2018-03-17 07:54:12.448 UTC</modified></action></children><topic reference="/data/topics/items/topic[3]"/><description>鼠标键盘行为算法迭代优化5</description><purpose>利用3月19号（含）之前的数据进行算法的迭代优化</purpose><success>形成一套线下数据提取，模型训练系统</success><brainstorming>利用线上积累的数据进行模型的算法调优更新</brainstorming><organising></organising><done>false</done><sequence>false</sequence><startDate>2018-03-18 16:00:00.0 UTC</startDate><modified>2018-03-17 07:52:28.487 UTC</modified><seqIncludeProjects>false</seqIncludeProjects><seqIncludeScheduled>false</seqIncludeScheduled><seqIncludeDelegated>false</seqIncludeDelegated></project><project><id>243</id><created>2018-03-19 01:36:01.367 UTC</created><parent reference="/data/thoughts/items/thought[2]/action/parent/children/project"/><children><action><id>244</id><created>2018-03-19 01:37:04.78 UTC</created><parent reference="/data/thoughts/items/thought[2]/action/parent/children/project/children/project[3]"/><description>lstm， cnn模型方案设计</description><topic reference="/data/topics/items/topic[3]"/><context reference="/data/contexts/items/context[4]"/><state class="actionStateScheduled"><created>2018-03-19 01:37:49.982 UTC</created><date>2018-03-25 16:00:00.0 UTC</date><durationHours>0</durationHours><durationMinutes>0</durationMinutes></state><notes></notes><done>false</done><success>give out the design architecture</success><modified>2018-03-19 01:37:49.982 UTC</modified></action><action><id>252</id><created>2018-03-19 01:40:19.286 UTC</created><thought reference="/data/thoughts/items/thought"/><parent reference="/data/thoughts/items/thought[2]/action/parent/children/project/children/project[3]"/><description>lstm, cnn model develop</description><topic reference="/data/topics/items/topic[3]"/><context reference="/data/contexts/items/context[4]"/><state class="actionStateScheduled"><created>2018-03-19 01:40:41.190 UTC</created><date>2018-03-28 16:00:00.0 UTC</date><durationHours>0</durationHours><durationMinutes>0</durationMinutes></state><notes></notes><done>false</done><success>develop lstm cnn model</success><modified>2018-03-19 01:41:31.868 UTC</modified></action></children><topic reference="/data/topics/items/topic[3]"/><description>鼠标键盘行为算法迭代优化4</description><purpose>use lstm, cnn to realize the model</purpose><success></success><brainstorming></brainstorming><organising></organising><done>false</done><sequence>false</sequence><startDate>2018-03-25 16:00:00.0 UTC</startDate><modified>2018-03-19 01:41:56.685 UTC</modified><seqIncludeProjects>false</seqIncludeProjects><seqIncludeScheduled>false</seqIncludeScheduled><seqIncludeDelegated>false</seqIncludeDelegated></project></children><topic reference="/data/topics/items/topic[5]"/><description>Captch project</description><purpose>study &amp; develop human biometric detection model service </purpose><success>a flexiable and high accuracy service system that serve captcha</success><brainstorming></brainstorming><organising></organising><done>false</done><sequence>false</sequence><startDate>2018-03-18 16:00:00.0 UTC</startDate><modified>2018-03-19 01:36:01.368 UTC</modified><seqIncludeProjects>false</seqIncludeProjects><seqIncludeScheduled>false</seqIncludeScheduled><seqIncludeDelegated>false</seqIncludeDelegated></project><project><id>240</id><created>2018-03-17 08:09:40.579 UTC</created><parent reference="/data/thoughts/items/thought[2]/action/parent"/><children/><topic reference="/data/topics/items/topic[5]"/><description>online learning system project</description><purpose></purpose><success></success><brainstorming></brainstorming><organising></organising><done>false</done><sequence>false</sequence><startDate>2018-03-15 16:00:00.0 UTC</startDate><modified>2018-03-17 08:12:11.667 UTC</modified><seqIncludeProjects>false</seqIncludeProjects><seqIncludeScheduled>false</seqIncludeScheduled><seqIncludeDelegated>false</seqIncludeDelegated></project><project><id>241</id><created>2018-03-17 08:10:49.498 UTC</created><parent reference="/data/thoughts/items/thought[2]/action/parent"/><children><project><id>253</id><created>2018-03-19 02:02:33.205 UTC</created><parent reference="/data/thoughts/items/thought[2]/action/parent/children/project[3]"/><children><action><id>254</id><created>2018-03-19 02:03:06.558 UTC</created><parent reference="/data/thoughts/items/thought[2]/action/parent/children/project[3]/children/project"/><description>需求澄清</description><topic reference="/data/topics/items/topic[3]"/><context reference="/data/contexts/items/context[4]"/><state class="actionStateScheduled"><created>2018-03-19 02:03:30.113 UTC</created><date>2018-03-19 10:00:00.0 UTC</date><durationHours>0</durationHours><durationMinutes>0</durationMinutes></state><notes></notes><done>false</done><success>比对需求澄清列表，澄清清楚所有问题，输出原始需求列表</success><modified>2018-03-19 02:03:30.113 UTC</modified></action><action><id>255</id><created>2018-03-19 02:03:50.121 UTC</created><parent reference="/data/thoughts/items/thought[2]/action/parent/children/project[3]/children/project"/><description>价值评估与资源需求</description><topic reference="/data/topics/items/topic[3]"/><context reference="/data/contexts/items/context[4]"/><state class="actionStateScheduled"><created>2018-03-19 02:04:18.711 UTC</created><date>2018-03-19 16:00:00.0 UTC</date><durationHours>0</durationHours><durationMinutes>0</durationMinutes></state><notes></notes><done>false</done><success>ROI，可行性，难点分析，输出评估结果以及资源需求列表（训练数据来源，人力需求），以及效果评估</success><modified>2018-03-19 02:04:18.712 UTC</modified></action><action><id>256</id><created>2018-03-19 02:04:34.62 UTC</created><parent reference="/data/thoughts/items/thought[2]/action/parent/children/project[3]/children/project"/><description>价值澄清</description><topic reference="/data/topics/items/topic[3]"/><context reference="/data/contexts/items/context[4]"/><state class="actionStateScheduled"><created>2018-03-19 02:05:00.12 UTC</created><date>2018-03-19 16:00:00.0 UTC</date><durationHours>0</durationHours><durationMinutes>0</durationMinutes></state><notes></notes><done>false</done><success>现有解决方案的效果分析及当前项目需求方案设计的效果评估</success><modified>2018-03-19 02:05:00.12 UTC</modified></action><project><id>257</id><created>2018-03-19 02:05:23.458 UTC</created><parent reference="/data/thoughts/items/thought[2]/action/parent/children/project[3]/children/project"/><children><action><id>258</id><created>2018-03-19 02:06:30.600 UTC</created><parent reference="/data/thoughts/items/thought[2]/action/parent/children/project[3]/children/project/children/project"/><description>总体系统方案设计</description><topic reference="/data/topics/items/topic[3]"/><context reference="/data/contexts/items/context[4]"/><state class="actionStateScheduled"><created>2018-03-19 02:07:07.865 UTC</created><date>2018-03-19 16:00:00.0 UTC</date><durationHours>0</durationHours><durationMinutes>0</durationMinutes></state><notes></notes><done>false</done><success>输出为满足需求而设计的流程和平台，模型建模方式的总体方案，确定数据链路及所依赖平台，</success><modified>2018-03-19 02:07:07.865 UTC</modified></action><action><id>259</id><created>2018-03-19 02:07:19.958 UTC</created><parent reference="/data/thoughts/items/thought[2]/action/parent/children/project[3]/children/project/children/project"/><description>数据与模型更新方式确认</description><topic reference="/data/topics/items/topic[3]"/><context reference="/data/contexts/items/context[4]"/><state class="actionStateScheduled"><created>2018-03-19 02:08:20.323 UTC</created><date>2018-03-19 16:00:00.0 UTC</date><durationHours>0</durationHours><durationMinutes>0</durationMinutes></state><notes></notes><done>false</done><success>设计训练数据采集方式，训练模型方式，模型更新方式，数据存储方式以及风险应对机制</success><modified>2018-03-19 02:08:20.324 UTC</modified></action></children><topic reference="/data/topics/items/topic[3]"/><description>架构设计</description><purpose></purpose><success></success><brainstorming></brainstorming><organising></organising><done>false</done><sequence>false</sequence><modified>2018-03-19 02:07:19.958 UTC</modified><seqIncludeProjects>false</seqIncludeProjects><seqIncludeScheduled>false</seqIncludeScheduled><seqIncludeDelegated>false</seqIncludeDelegated></project></children><topic reference="/data/topics/items/topic[3]"/><description>需求澄清与方案设计</description><purpose></purpose><success></success><brainstorming></brainstorming><organising></organising><done>false</done><sequence>false</sequence><modified>2018-03-19 02:05:23.458 UTC</modified><seqIncludeProjects>false</seqIncludeProjects><seqIncludeScheduled>false</seqIncludeScheduled><seqIncludeDelegated>false</seqIncludeDelegated></project><project><id>260</id><created>2018-03-19 02:08:53.762 UTC</created><parent reference="/data/thoughts/items/thought[2]/action/parent/children/project[3]"/><children><project><id>261</id><created>2018-03-19 02:10:45.311 UTC</created><parent reference="/data/thoughts/items/thought[2]/action/parent/children/project[3]/children/project[2]"/><children><action><id>263</id><created>2018-03-19 02:11:30.118 UTC</created><parent reference="/data/thoughts/items/thought[2]/action/parent/children/project[3]/children/project[2]/children/project"/><description>现有技术方案材料收集</description><topic reference="/data/topics/items/topic[3]"/><context reference="/data/contexts/items/context[4]"/><state class="actionStateScheduled"><created>2018-03-19 02:11:44.839 UTC</created><date>2018-03-20 06:00:00.0 UTC</date><durationHours>0</durationHours><durationMinutes>0</durationMinutes></state><notes></notes><done>false</done><success>输出现有技术方案材料收集</success><modified>2018-03-19 02:11:44.840 UTC</modified></action><action><id>264</id><created>2018-03-19 02:12:00.992 UTC</created><parent reference="/data/thoughts/items/thought[2]/action/parent/children/project[3]/children/project[2]/children/project"/><description>材料分析，信息提取</description><topic reference="/data/topics/items/topic[3]"/><context reference="/data/contexts/items/context[4]"/><state class="actionStateScheduled"><created>2018-03-19 02:12:32.344 UTC</created><date>2018-03-19 16:00:00.0 UTC</date><durationHours>0</durationHours><durationMinutes>0</durationMinutes></state><notes></notes><done>false</done><success>分析完材料，提取出关键信息</success><modified>2018-03-19 02:12:32.344 UTC</modified></action></children><topic reference="/data/topics/items/topic[3]"/><description>技术调研</description><purpose></purpose><success></success><brainstorming></brainstorming><organising></organising><done>false</done><sequence>false</sequence><modified>2018-03-19 02:12:00.992 UTC</modified><seqIncludeProjects>false</seqIncludeProjects><seqIncludeScheduled>false</seqIncludeScheduled><seqIncludeDelegated>false</seqIncludeDelegated></project><project><id>262</id><created>2018-03-19 02:10:53.177 UTC</created><parent reference="/data/thoughts/items/thought[2]/action/parent/children/project[3]/children/project[2]"/><children><action><id>265</id><created>2018-03-19 02:21:09.493 UTC</created><parent reference="/data/thoughts/items/thought[2]/action/parent/children/project[3]/children/project[2]/children/project[2]"/><description>模型方案设计 </description><topic reference="/data/topics/items/topic[3]"/><context reference="/data/contexts/items/context[4]"/><state class="actionStateScheduled"><created>2018-03-19 02:21:32.91 UTC</created><date>2018-03-20 16:00:00.0 UTC</date><durationHours>0</durationHours><durationMinutes>0</durationMinutes></state><notes></notes><done>false</done><success>完成压感模型的方案设计
 完成传感器模型的方案设计 
完成行为序列的方案设计</success><modified>2018-03-19 02:21:57.163 UTC</modified></action></children><topic reference="/data/topics/items/topic[3]"/><description>模型方案设计</description><purpose></purpose><success></success><brainstorming></brainstorming><organising></organising><done>false</done><sequence>false</sequence><modified>2018-03-19 02:21:09.493 UTC</modified><seqIncludeProjects>false</seqIncludeProjects><seqIncludeScheduled>false</seqIncludeScheduled><seqIncludeDelegated>false</seqIncludeDelegated></project></children><topic reference="/data/topics/items/topic[3]"/><description>现有技术调研与算法风险规避</description><purpose></purpose><success></success><brainstorming></brainstorming><organising></organising><done>false</done><sequence>false</sequence><modified>2018-03-19 02:10:53.178 UTC</modified><seqIncludeProjects>false</seqIncludeProjects><seqIncludeScheduled>false</seqIncludeScheduled><seqIncludeDelegated>false</seqIncludeDelegated></project></children><topic reference="/data/topics/items/topic[3]"/><description>user behavior detection Advertisement anti fraud scenario project</description><purpose></purpose><success></success><brainstorming></brainstorming><organising></organising><done>false</done><sequence>false</sequence><startDate>2018-03-01 16:00:00.0 UTC</startDate><modified>2018-03-19 02:08:53.764 UTC</modified><seqIncludeProjects>false</seqIncludeProjects><seqIncludeScheduled>false</seqIncludeScheduled><seqIncludeDelegated>false</seqIncludeDelegated></project><project><id>242</id><created>2018-03-17 08:12:32.659 UTC</created><parent reference="/data/thoughts/items/thought[2]/action/parent"/><children/><topic reference="/data/topics/items/topic[3]"/><description>ARE system project</description><purpose></purpose><success></success><brainstorming></brainstorming><organising></organising><done>false</done><sequence>false</sequence><startDate>2018-03-14 16:00:00.0 UTC</startDate><modified>2018-03-17 08:13:03.166 UTC</modified><seqIncludeProjects>false</seqIncludeProjects><seqIncludeScheduled>false</seqIncludeScheduled><seqIncludeDelegated>false</seqIncludeDelegated></project></children><topic reference="/data/topics/items/topic[5]"/><description>Human behavior detection service research &amp; develop</description><purpose>1. Building a detection system(service) for behavior model training &amp; online prediction
2. the system is easy to extend, include both feature library &amp; model library
3. the system have visualization function which can be easily monitor the system&apos;s performance &amp; model performance</purpose><success>be an excellent &amp; famous expert at this area</success><brainstorming>1. success in some projects
2. success in business </brainstorming><organising></organising><done>false</done><sequence>false</sequence><notes>02:30 PM Sat Mar 17 2018 </notes><startDate>2018-03-18 16:00:00.0 UTC</startDate><modified>2018-03-17 08:12:32.659 UTC</modified><seqIncludeProjects>false</seqIncludeProjects><seqIncludeScheduled>false</seqIncludeScheduled><seqIncludeDelegated>false</seqIncludeDelegated></parent><description>human behavior detection service</description><topic reference="/data/topics/items/topic[5]"/><context reference="/data/contexts/items/context[2]"/><state class="actionStateScheduled"><created>2018-03-17 06:35:44.518 UTC</created><date>2018-03-18 16:00:00.0 UTC</date><durationHours>0</durationHours><durationMinutes>0</durationMinutes></state><notes>02:30 PM Sat Mar 17 2018 </notes><done>false</done><success>1. Building a detection system(service) for behavior model training &amp; online prediction
2. the system is easy to extend, include both feature library &amp; model library
3. the system have visualization function which can be easily monitor the system&apos;s performance &amp; model performance</success><modified>2018-03-17 06:36:51.907 UTC</modified></action><id>204</id></thought><thought reference="/data/thoughts/items/thought[2]/action/parent/parent/children/project[8]/thought"/><thought><created>2018-03-16 15:21:15.414 UTC</created><description>test</description><topic reference="/data/topics/items/topic[5]"/><processed>true</processed><action><id>152</id><created>2018-03-16 14:50:10.753 UTC</created><thought reference="/data/thoughts/items/thought[4]"/><parent reference="/data/thoughts/items/thought[2]/action/parent/parent/children/project"/><description>test</description><topic reference="/data/topics/items/topic[5]"/><context reference="/data/contexts/items/context[4]"/><state class="actionStateScheduled"><created>2018-03-16 15:20:24.82 UTC</created><date>2018-03-15 16:00:00.0 UTC</date><durationHours>2</durationHours><durationMinutes>0</durationMinutes></state><notes></notes><done>true</done><doneDate>2018-03-16 15:36:51.504 UTC</doneDate><success>1、
2
3
</success><modified>2018-03-16 15:36:51.505 UTC</modified></action><id>169</id></thought><thought><created>2018-03-16 15:14:59.602 UTC</created><description>test</description><topic reference="/data/topics/items/topic[5]"/><processed>true</processed><action reference="/data/thoughts/items/thought[4]/action"/><id>165</id></thought><thought><created>2018-03-16 14:51:02.756 UTC</created><description>test</description><topic reference="/data/topics/items/topic[5]"/><processed>true</processed><action reference="/data/thoughts/items/thought[4]/action"/><id>153</id></thought><thought><created>2018-03-16 14:49:57.106 UTC</created><description>test</description><topic reference="/data/topics/items/topic[5]"/><processed>true</processed><id>146</id></thought><thought><created>2018-03-16 15:14:00.699 UTC</created><description>调</description><topic reference="/data/topics/items/topic[5]"/><processed>true</processed><id>159</id></thought><thought reference="/data/thoughts/items/thought[2]/action/parent/parent/children/project[8]/children/action[2]/thought"/><thought reference="/data/thoughts/items/thought[2]/action/parent/children/action/thought"/><thought reference="/data/thoughts/items/thought[2]/action/parent/parent/children/project[10]/thought"/><thought reference="/data/thoughts/items/thought[2]/action/parent/children/project/children/project/children/action[2]/thought"/><thought reference="/data/thoughts/items/thought[2]/action/parent/children/project/children/project/children/project/thought"/><thought reference="/data/thoughts/items/thought[2]/action/parent/parent/children/project[8]/children/project/children/action[2]/thought"/></items></thoughts><rootProject class="projects" reference="/data/thoughts/items/thought[2]/action/parent/parent"/><rootActions class="actions" reference="/data/thoughts/items/thought[2]/action/parent/parent/parent/children/actions"/><rootTemplates class="tr.model.project.ProjectTemplates"><id>3</id><created>2018-03-16 14:20:05.837 UTC</created><children/><topic reference="/data/topics/items/topic"/><description></description><purpose></purpose><success></success><brainstorming></brainstorming><organising></organising><done>false</done><sequence>false</sequence><modified>2018-03-17 07:07:43.41 UTC</modified></rootTemplates><rootFutures class="tr.model.project.ProjectFutures"><id>4</id><created>2018-03-16 14:20:05.837 UTC</created><children/><topic reference="/data/topics/items/topic"/><description></description><purpose></purpose><success></success><brainstorming></brainstorming><organising></organising><done>false</done><sequence>false</sequence><modified>2018-03-16 14:20:05.837 UTC</modified></rootFutures><timeCriterion><name>Time</name><use>false</use><values><items><value><id>101</id><name>5 min</name></value><value><id>102</id><name>10 min</name></value><value><id>103</id><name>15 min</name></value><value><id>104</id><name>20 min</name></value><value><id>105</id><name>30 min</name></value><value><id>106</id><name>45 min</name></value><value><id>107</id><name>1 hr</name></value><value><id>108</id><name>1.5 hrs</name></value><value><id>109</id><name>2 hrs</name></value><value><id>110</id><name>2.5 hrs</name></value><value><id>111</id><name>3 hrs</name></value><value><id>112</id><name>4 hrs</name></value><value><id>113</id><name>5 hrs</name></value><value><id>114</id><name>6 hrs</name></value><value><id>115</id><name>7 hrs</name></value><value><id>116</id><name>8 hrs</name></value></items></values></timeCriterion><energyCriterion><name>Energy</name><use>false</use><values><items><value><id>117</id><name>None</name></value><value><id>118</id><name>Low Mental</name></value><value><id>119</id><name>Med Mental</name></value><value><id>120</id><name>High Mental</name></value><value><id>121</id><name>Low Physical</name></value><value><id>122</id><name>Med Physical</name></value><value><id>123</id><name>High Physical</name></value></items></values></energyCriterion><priorityCriterion><name>Priority</name><use>false</use><values><items><value><id>124</id><name>Must</name></value><value><id>125</id><name>Should</name></value><value><id>126</id><name>Would</name></value><value><id>127</id><name>Could</name></value></items></values></priorityCriterion><maxLogID>0</maxLogID><actors><items/></actors><levels><tr.model.goals.data.Level><id>193</id><descr>test</descr><goalsHaveProjects>true</goalsHaveProjects><goalsHaveStart>true</goalsHaveStart><goalsHaveEnd>true</goalsHaveEnd><goalsHaveVision>true</goalsHaveVision><goalsHaveAccountability>true</goalsHaveAccountability><goalsHaveRewards>true</goalsHaveRewards><goalsHaveObstacles>true</goalsHaveObstacles><goalsHaveSupport>true</goalsHaveSupport><goalsHaveBrainstorming>true</goalsHaveBrainstorming><goalsIconPath>au/com/trgtd/tr/view/goals/resource/Circle.png</goalsIconPath></tr.model.goals.data.Level><tr.model.goals.data.Level><id>194</id><descr>Health </descr><goalsHaveProjects>true</goalsHaveProjects><goalsHaveStart>true</goalsHaveStart><goalsHaveEnd>true</goalsHaveEnd><goalsHaveVision>true</goalsHaveVision><goalsHaveAccountability>true</goalsHaveAccountability><goalsHaveRewards>true</goalsHaveRewards><goalsHaveObstacles>true</goalsHaveObstacles><goalsHaveSupport>true</goalsHaveSupport><goalsHaveBrainstorming>true</goalsHaveBrainstorming><goalsIconPath>au/com/trgtd/tr/view/goals/resource/Star.png</goalsIconPath></tr.model.goals.data.Level></levels><goals><tr.model.goals.data.GoalRoot><id>16</id><descr>Goals</descr></tr.model.goals.data.GoalRoot><tr.model.goals.data.Goal><id>195</id><levelID>194</levelID><topicID>142</topicID><descr>keep health and building a good body</descr><vision>have a health and nice body that can let the revolution keep going on</vision><accountability>1. weight keep at 55kg-60kg
2. can take an marathon and finish it</accountability><rewards>travlel to europe</rewards><obstacles>time schedule and place can be a obstacles</obstacles><support></support><brainstorming></brainstorming><notes></notes><created>2018-03-17 02:36:59.612 UTC</created><start>2018-03-16 16:00:00.0 UTC</start><end>2018-03-30 16:00:00.0 UTC</end></tr.model.goals.data.Goal></goals><goalSubgoals><entry><int>16</int><vector><int>195</int></vector></entry><entry><int>195</int><vector/></entry></goalSubgoals><goalProjects/></data>