<data><version>5</version><maxID>127</maxID><topics><items><topic><name>None</name><description>No topic.</description><color><red>0</red><green>0</green><blue>0</blue><alpha>255</alpha></color><background><red>255</red><green>255</green><blue>255</blue><alpha>255</alpha></background><id>8</id></topic></items></topics><contexts><items><context><name>None</name><description>No context.</description><id>9</id></context></items></contexts><information><items/></information><futures><items/></futures><thoughts><items/></thoughts><rootProject class="projects"><id>1</id><created>2018-03-19 03:30:33.909 UTC</created><parent class="tr.model.project.ProjectRoot"><id>0</id><created>2018-03-19 03:30:33.914 UTC</created><children><projects reference="/data/rootProject"/><actions><id>2</id><created>2018-03-19 03:30:33.910 UTC</created><parent class="tr.model.project.ProjectRoot" reference="/data/rootProject/parent"/><children/><topic reference="/data/topics/items/topic"/><description></description><purpose></purpose><success></success><brainstorming></brainstorming><organising></organising><done>false</done><sequence>false</sequence><modified>2018-03-19 03:30:33.914 UTC</modified></actions></children><topic reference="/data/topics/items/topic"/><description></description><purpose></purpose><success></success><brainstorming></brainstorming><organising></organising><done>false</done><sequence>false</sequence><modified>2018-03-19 03:30:33.914 UTC</modified></parent><children/><topic reference="/data/topics/items/topic"/><description></description><purpose></purpose><success></success><brainstorming></brainstorming><organising></organising><done>false</done><sequence>false</sequence><modified>2018-03-19 03:30:33.914 UTC</modified></rootProject><rootActions class="actions" reference="/data/rootProject/parent/children/actions"/><rootTemplates class="tr.model.project.ProjectTemplates"><id>3</id><created>2018-03-19 03:30:33.910 UTC</created><children/><topic reference="/data/topics/items/topic"/><description></description><purpose></purpose><success></success><brainstorming></brainstorming><organising></organising><done>false</done><sequence>false</sequence><modified>2018-03-19 03:30:33.910 UTC</modified></rootTemplates><rootFutures class="tr.model.project.ProjectFutures"><id>4</id><created>2018-03-19 03:30:33.911 UTC</created><children/><topic reference="/data/topics/items/topic"/><description></description><purpose></purpose><success></success><brainstorming></brainstorming><organising></organising><done>false</done><sequence>false</sequence><modified>2018-03-19 03:30:33.911 UTC</modified></rootFutures><timeCriterion><name>Time</name><use>false</use><values><items><value><id>101</id><name>5 min</name></value><value><id>102</id><name>10 min</name></value><value><id>103</id><name>15 min</name></value><value><id>104</id><name>20 min</name></value><value><id>105</id><name>30 min</name></value><value><id>106</id><name>45 min</name></value><value><id>107</id><name>1 hr</name></value><value><id>108</id><name>1.5 hrs</name></value><value><id>109</id><name>2 hrs</name></value><value><id>110</id><name>2.5 hrs</name></value><value><id>111</id><name>3 hrs</name></value><value><id>112</id><name>4 hrs</name></value><value><id>113</id><name>5 hrs</name></value><value><id>114</id><name>6 hrs</name></value><value><id>115</id><name>7 hrs</name></value><value><id>116</id><name>8 hrs</name></value></items></values></timeCriterion><energyCriterion><name>Energy</name><use>false</use><values><items><value><id>117</id><name>None</name></value><value><id>118</id><name>Low Mental</name></value><value><id>119</id><name>Med Mental</name></value><value><id>120</id><name>High Mental</name></value><value><id>121</id><name>Low Physical</name></value><value><id>122</id><name>Med Physical</name></value><value><id>123</id><name>High Physical</name></value></items></values></energyCriterion><priorityCriterion><name>Priority</name><use>false</use><values><items><value><id>124</id><name>Must</name></value><value><id>125</id><name>Should</name></value><value><id>126</id><name>Would</name></value><value><id>127</id><name>Could</name></value></items></values></priorityCriterion><maxLogID>0</maxLogID><actors><items/></actors></data>