<data><version>4</version><maxID>16686</maxID><topics><items><topic><name>None</name><description>No topic.</description><color><red>0</red><green>0</green><blue>0</blue><alpha>255</alpha></color><background><red>255</red><green>255</green><blue>255</blue><alpha>255</alpha></background><id>8</id></topic><topic><name>Career</name><description></description><color><red>0</red><green>0</green><blue>204</blue><alpha>255</alpha></color><background><red>255</red><green>255</green><blue>255</blue><alpha>255</alpha></background><id>140</id></topic><topic><name>Personal development</name><description></description><color><red>0</red><green>255</green><blue>0</blue><alpha>255</alpha></color><background><red>255</red><green>255</green><blue>255</blue><alpha>255</alpha></background><id>141</id></topic><topic><name>Personal Health</name><description></description><color><red>255</red><green>204</green><blue>0</blue><alpha>255</alpha></color><background reference="../../topic[3]/background"/><id>143</id></topic><topic><name>Wealth Manage</name><description></description><color><red>255</red><green>0</green><blue>153</blue><alpha>255</alpha></color><background reference="../../topic[3]/background"/><id>144</id></topic><topic><name>Habbit</name><description></description><color><red>153</red><green>153</green><blue>0</blue><alpha>255</alpha></color><background reference="../../topic[3]/background"/><id>145</id></topic><topic><name>Social communication</name><description></description><color><red>0</red><green>255</green><blue>255</blue><alpha>255</alpha></color><background reference="../../topic[3]/background"/><id>146</id></topic><topic><name>Entertainment</name><description></description><color><red>255</red><green>204</green><blue>204</blue><alpha>255</alpha></color><background reference="../../topic[3]/background"/><id>147</id></topic><topic><name>读书会书目</name><description></description><color><red>102</red><green>255</green><blue>102</blue><alpha>255</alpha></color><background><red>255</red><green>255</green><blue>255</blue><alpha>255</alpha></background><id>6530</id></topic><topic><name>文学小说</name><description></description><color><red>153</red><green>255</green><blue>153</blue><alpha>255</alpha></color><background reference="../../topic[9]/background"/><id>6531</id></topic><topic><name>巡检</name><description></description><color><red>0</red><green>0</green><blue>102</blue><alpha>255</alpha></color><background><red>255</red><green>255</green><blue>255</blue><alpha>255</alpha></background><id>6841</id></topic></items></topics><contexts><items><context><name>None</name><description>No context.</description><id>9</id></context><context><name>读书会</name><description></description><id>156</id></context><context><name>文学小说阅读</name><description></description><id>782</id></context><context><name>Work@Career</name><description></description><id>6542</id></context><context><name>学习@个人发展</name><description></description><id>6604</id></context><context><name>读书</name><description></description><id>6606</id></context><context><name>健康</name><description></description><id>6608</id></context><context><name>财富管理</name><description></description><id>6837</id></context><context><name>巡检</name><description></description><id>6843</id></context><context><name>娱乐</name><description></description><id>8049</id></context><context><name>家庭、社交</name><description></description><id>8050</id></context><context><name>纪录片</name><description></description><id>9333</id></context><context><name>兴趣爱好</name><description></description><id>16390</id></context></items></contexts><information><items/></information><futures><items/></futures><thoughts><items><thought><created>2019-04-03 16:17:32.780 CST</created><description>每周看一篇机器学习，深度学习方向上的关键论文</description><topic reference="../../../../topics/items/topic[2]"/><processed>true</processed><id>16480</id></thought><thought><created>2019-03-14 17:33:47.581 CST</created><description>水电费</description><topic reference="../../../../topics/items/topic[3]"/><processed>true</processed><action><id>520</id><created>2019-03-14 17:32:32.826 CST</created><thought reference="../.."/><parent class="actions"><id>2</id><created>2019-03-13 16:32:42.848 CST</created><parent class="tr.model.project.ProjectRoot"><id>0</id><created>2019-03-13 16:32:42.883 CST</created><children><projects><id>1</id><created>2019-03-13 16:32:42.833 CST</created><parent class="tr.model.project.ProjectRoot" reference="../../.."/><children><project><id>128</id><created>2019-03-14 16:24:37.590 CST</created><parent class="projects" reference="../../.."/><children><project><id>135</id><created>2019-03-14 16:53:49.414 CST</created><parent reference="../../.."/><children><project><id>139</id><created>2019-03-14 16:59:12.770 CST</created><parent reference="../../.."/><children><project><id>9360</id><created>2019-03-28 15:58:50.33 CST</created><parent reference="../../.."/><children/><topic reference="../../../../../../../../../../../../../../../../../topics/items/topic[2]"/><description>5G及网络知识补充</description><purpose></purpose><success>1、把5G的从网络建设到网络架构到业务应用的知识补充起来</success><brainstorming></brainstorming><organising></organising><done>false</done><sequence>false</sequence><sequencing>INTO_SUBPROJECTS</sequencing><modified>2019-03-28 15:59:51.989 CST</modified></project></children><topic reference="../../../../../../../../../../../../../../../topics/items/topic[2]"/><description>5G应用场景调研</description><purpose></purpose><success></success><brainstorming></brainstorming><organising></organising><done>false</done><sequence>false</sequence><sequencing reference="../children/project/sequencing"/><notes></notes><modified>2019-03-28 15:58:50.34 CST</modified></project></children><topic reference="../../../../../../../../../../../../../topics/items/topic[2]"/><description>Business</description><purpose>掌握AI与应用场景结合的解决方案及发展趋势</purpose><success>对AI如何在各个业务应用场景中的落地有独到的理解和认识，并可以提供落地方案，可以作为咨询顾问给他人提供解决方案</success><brainstorming></brainstorming><organising></organising><done>false</done><sequence>false</sequence><sequencing reference="../children/project/children/project/sequencing"/><notes></notes><modified>2019-04-11 14:56:05.960 CST</modified></project><project><id>137</id><created>2019-03-14 16:55:03.785 CST</created><parent reference="../../.."/><children><project><id>6535</id><created>2019-03-15 14:00:38.50 CST</created><parent reference="../../.."/><children/><topic reference="../../../../../../../../../../../../../../../topics/items/topic[2]"/><description>现有平台设计方案及相关UC资料的通读</description><purpose></purpose><success></success><brainstorming></brainstorming><organising></organising><done>false</done><sequence>false</sequence><sequencing reference="../../../../project/children/project/children/project/sequencing"/><notes></notes><modified>2019-04-11 14:04:57.720 CST</modified></project><action><id>16453</id><created>2019-04-02 23:07:39.729 CST</created><parent reference="../../.."/><description>数据探索模块会议</description><topic reference="../../../../../../../../../../../../../../../topics/items/topic[2]"/><context reference="../../../../../../../../../../../../../../../contexts/items/context[4]"/><state class="actionStateScheduled"><date>2019-04-03 14:00:00.0 CST</date><durationHours>1</durationHours><durationMinutes>30</durationMinutes><created>2019-04-02 23:08:09.41 CST</created></state><notes>星期三 3 四月 2019  15:20:04 没说上意见，失败，开会不专心，做别的事情去了</notes><done>true</done><doneDate>2019-04-03 00:00:00.0 CST</doneDate><success></success><modified>2019-04-03 15:20:35.758 CST</modified></action><action><id>16454</id><created>2019-04-02 23:08:53.663 CST</created><parent reference="../../.."/><description>平台周例会</description><topic reference="../../../../../../../../../../../../../../../topics/items/topic[2]"/><context reference="../../../../../../../../../../../../../../../contexts/items/context[4]"/><state class="actionStateScheduled"><date>2019-04-04 09:00:00.0 CST</date><durationHours>0</durationHours><durationMinutes>0</durationMinutes><created>2019-04-02 23:09:15.80 CST</created></state><notes>星期四 4 四月 2019 9:53:49 差点迟到，手机接入了一部分，这部分的工作要开展起来了，不能再拖了，同时也要好好的做，不然会影响很坏，结果会很糟糕，准备不充分，后续重心要尽快的迁移过来，做个平衡
星期四 4 四月 2019 12:51:23 会开完了，也多了很多事，接下来要好好的规划好时间，风险很大</notes><done>true</done><doneDate>2019-04-04 00:00:00.0 CST</doneDate><modified>2019-04-04 12:51:54.855 CST</modified></action><project><id>16511</id><created>2019-04-04 21:01:34.492 CST</created><parent reference="../../.."/><children><project><id>16513</id><created>2019-04-04 21:01:56.823 CST</created><parent reference="../../.."/><children><action><id>16512</id><created>2019-04-04 21:01:38.621 CST</created><parent reference="../../.."/><description>Tensorflow平台的调研</description><topic reference="../../../../../../../../../../../../../../../../../../../topics/items/topic[2]"/><context reference="../../../../../../../../../../../../../../../../../../../contexts/items/context[4]"/><state class="actionStateScheduled"><date>2019-04-15 21:00:00.0 CST</date><durationHours>0</durationHours><durationMinutes>0</durationMinutes><created>2019-04-04 21:03:09.985 CST</created></state><notes>星期日 7 四月 2019 16:58:12 看了不到半个小时就跑偏了...</notes><done>false</done><priority><id>124</id><name>Must</name></priority><success></success><modified>2019-04-07 16:58:26.216 CST</modified></action><action><id>16516</id><created>2019-04-04 21:03:25.409 CST</created><parent reference="../../.."/><description>阿里PAI平台的调研</description><topic reference="../../../../../../../../../../../../../../../../../../../topics/items/topic[2]"/><context reference="../../../../../../../../../../../../../../../../../../../contexts/items/context[4]"/><state class="actionStateScheduled"><date>2019-04-15 18:30:00.0 CST</date><durationHours>0</durationHours><durationMinutes>0</durationMinutes><created>2019-04-04 21:03:43.320 CST</created></state><notes></notes><done>false</done><priority reference="../../action/priority"/><success></success><modified>2019-04-08 18:19:21.689 CST</modified></action><action><id>16517</id><created>2019-04-04 21:03:53.205 CST</created><parent reference="../../.."/><description>第四范式平台的调研</description><topic reference="../../../../../../../../../../../../../../../../../../../topics/items/topic[2]"/><context reference="../../../../../../../../../../../../../../../../../../../contexts/items/context[4]"/><state class="actionStateScheduled"><date>2019-04-14 09:00:00.0 CST</date><durationHours>0</durationHours><durationMinutes>0</durationMinutes><created>2019-04-04 21:04:09.432 CST</created></state><notes></notes><done>false</done><success></success><modified>2019-04-14 11:17:36.426 CST</modified></action><action><id>16518</id><created>2019-04-04 21:04:20.832 CST</created><parent reference="../../.."/><description>百度padel平台，华为机器学习平台的调研</description><topic reference="../../../../../../../../../../../../../../../../../../../topics/items/topic[2]"/><context reference="../../../../../../../../../../../../../../../../../../../contexts/items/context[4]"/><state class="actionStateScheduled"><date>2019-04-15 00:00:00.0 CST</date><durationHours>0</durationHours><durationMinutes>0</durationMinutes><created>2019-04-04 21:04:47.446 CST</created></state><notes></notes><done>false</done><priority reference="../../action/priority"/><success></success><modified>2019-04-14 14:12:14.736 CST</modified></action></children><topic reference="../../../../../../../../../../../../../../../../../topics/items/topic[2]"/><description>主流平台的调研</description><purpose></purpose><success></success><brainstorming></brainstorming><organising></organising><done>false</done><sequence>false</sequence><sequencing reference="../../../../../../project/children/project/children/project/sequencing"/><notes></notes><modified>2019-04-11 16:55:42.283 CST</modified></project><project><id>16515</id><created>2019-04-04 21:02:35.134 CST</created><parent reference="../../.."/><children><action><id>16520</id><created>2019-04-04 21:07:46.406 CST</created><parent reference="../../.."/><description>收集数据科学家对在平台上进行UC开发的反馈,形成反馈列表</description><topic reference="../../../../../../../../../../../../../../../../../../../topics/items/topic[2]"/><context reference="../../../../../../../../../../../../../../../../../../../contexts/items/context[4]"/><state class="actionStateScheduled"><date>2019-04-15 15:00:00.0 CST</date><durationHours>0</durationHours><durationMinutes>0</durationMinutes><created>2019-04-04 21:08:05.494 CST</created></state><notes></notes><done>false</done><priority reference="../../../../project/children/action/priority"/><success>内部开发平台的状况调查，得出现状结论，形成建议表</success><modified>2019-04-11 16:55:11.866 CST</modified></action></children><topic reference="../../../../../../../../../../../../../../../../../topics/items/topic[2]"/><description>内部状况的调研</description><purpose></purpose><success></success><brainstorming></brainstorming><organising></organising><done>false</done><sequence>false</sequence><sequencing reference="../../../../../../project/children/project/children/project/sequencing"/><modified>2019-04-11 16:55:16.63 CST</modified></project><project><id>16514</id><created>2019-04-04 21:02:03.990 CST</created><parent reference="../../.."/><children><action><id>16506</id><created>2019-04-04 15:07:31.146 CST</created><parent reference="../../.."/><description>需求方案的设计</description><topic reference="../../../../../../../../../../../../../../../../../../../topics/items/topic[2]"/><context reference="../../../../../../../../../../../../../../../../../../../contexts/items/context[4]"/><state class="actionStateScheduled"><date>2019-04-16 00:00:00.0 CST</date><durationHours>0</durationHours><durationMinutes>0</durationMinutes><created>2019-04-04 21:06:36.452 CST</created></state><notes></notes><done>false</done><modified>2019-04-11 16:54:00.515 CST</modified></action><action><id>16502</id><created>2019-04-04 15:06:21.9 CST</created><parent reference="../../.."/><description>AI平台分享的输出</description><topic reference="../../../../../../../../../../../../../../../../../../../topics/items/topic[2]"/><context reference="../../../../../../../../../../../../../../../../../../../contexts/items/context[4]"/><state class="actionStateScheduled"><date>2019-04-18 10:00:00.0 CST</date><durationHours>0</durationHours><durationMinutes>0</durationMinutes><created>2019-04-04 21:05:59.303 CST</created></state><notes></notes><done>false</done><success></success><modified>2019-04-11 16:55:50.508 CST</modified></action><action><id>16504</id><created>2019-04-04 15:06:47.579 CST</created><parent reference="../../.."/><description>AI平台需求方案输出</description><topic reference="../../../../../../../../../../../../../../../../../../../topics/items/topic[2]"/><context reference="../../../../../../../../../../../../../../../../../../../contexts/items/context[4]"/><state class="actionStateScheduled"><date>2019-04-18 10:00:00.0 CST</date><durationHours>0</durationHours><durationMinutes>0</durationMinutes><created>2019-04-04 21:06:47.306 CST</created></state><notes></notes><done>false</done><modified>2019-04-11 16:54:08.629 CST</modified></action></children><topic reference="../../../../../../../../../../../../../../../../../topics/items/topic[2]"/><description>调研报告的整合输出</description><purpose></purpose><success></success><brainstorming></brainstorming><organising></organising><done>false</done><sequence>false</sequence><sequencing reference="../../../../../../project/children/project/children/project/sequencing"/><modified>2019-04-11 16:54:08.629 CST</modified></project></children><topic reference="../../../../../../../../../../../../../../../topics/items/topic[2]"/><description>AI平台分享的输出</description><purpose></purpose><success></success><brainstorming></brainstorming><organising></organising><done>false</done><sequence>false</sequence><sequencing reference="../../../../project/children/project/children/project/sequencing"/><notes></notes><modified>2019-04-04 21:02:37.720 CST</modified></project><project><id>16505</id><created>2019-04-04 15:07:27.501 CST</created><parent reference="../../.."/><children><project><id>16417</id><created>2019-04-02 15:54:11.284 CST</created><parent reference="../../.."/><children><action><id>16646</id><created>2019-04-11 16:34:30.388 CST</created><parent reference="../../.."/><description>提纲输出</description><topic reference="../../../../../../../../../../../../../../../../../../../topics/items/topic[2]"/><context reference="../../../../../../../../../../../../../../../../../../../contexts/items/context[4]"/><state class="actionStateScheduled"><date>2019-04-15 15:20:00.0 CST</date><durationHours>0</durationHours><durationMinutes>0</durationMinutes><created>2019-04-11 16:34:47.522 CST</created></state><notes></notes><done>false</done><priority reference="../../../../../../project[2]/children/project/children/action/priority"/><success></success><modified>2019-04-11 16:35:37.537 CST</modified></action><action><id>16401</id><created>2019-04-01 22:53:23.868 CST</created><parent reference="../../.."/><description>统一训练接口的框架调研 tensorflow estimator</description><topic reference="../../../../../../../../../../../../../../../../../../../topics/items/topic[2]"/><context reference="../../../../../../../../../../../../../../../../../../../contexts/items/context[4]"/><state class="actionStateScheduled"><date>2019-04-15 16:30:00.0 CST</date><durationHours>0</durationHours><durationMinutes>0</durationMinutes><created>2019-04-01 22:53:59.693 CST</created></state><notes>星期二 2 四月 2019 21:27:11 实际上没有进行，在进行工作的review</notes><done>false</done><success></success><modified>2019-04-02 21:27:25.46 CST</modified></action><action><id>16416</id><created>2019-04-02 15:53:35.949 CST</created><parent reference="../../.."/><description>统一接口方案设计</description><topic reference="../../../../../../../../../../../../../../../../../../../topics/items/topic[2]"/><context reference="../../../../../../../../../../../../../../../../../../../contexts/items/context[4]"/><state class="actionStateScheduled"><date>2019-04-15 15:00:00.0 CST</date><durationHours>0</durationHours><durationMinutes>0</durationMinutes><created>2019-04-02 15:54:42.440 CST</created></state><notes>星期二 2 四月 2019 15:54:06 </notes><done>false</done><energy><id>120</id><name>High Mental</name></energy><priority reference="../../../../../../project[2]/children/project/children/action/priority"/><success>利用3天时间进行设计输出</success><modified>2019-04-11 16:35:32.719 CST</modified></action><action><id>16418</id><created>2019-04-02 15:54:57.662 CST</created><parent reference="../../.."/><description>第一版方案输出讨论</description><topic reference="../../../../../../../../../../../../../../../../../../../topics/items/topic[2]"/><context reference="../../../../../../../../../../../../../../../../../../../contexts/items/context[4]"/><state class="actionStateScheduled"><date>2019-04-18 00:00:00.0 CST</date><durationHours>0</durationHours><durationMinutes>0</durationMinutes><created>2019-04-02 15:55:12.626 CST</created></state><notes></notes><done>false</done><energy reference="../../action[3]/energy"/><priority reference="../../../../../../project[2]/children/project/children/action/priority"/><success></success><modified>2019-04-11 16:35:38.574 CST</modified></action><action><id>16419</id><created>2019-04-02 15:55:22.888 CST</created><parent reference="../../.."/><description>第一版方案修改</description><topic reference="../../../../../../../../../../../../../../../../../../../topics/items/topic[2]"/><context reference="../../../../../../../../../../../../../../../../../../../contexts/items/context[4]"/><state class="actionStateScheduled"><date>2019-04-19 00:00:00.0 CST</date><durationHours>0</durationHours><durationMinutes>0</durationMinutes><created>2019-04-02 15:55:33.408 CST</created></state><notes></notes><done>false</done><priority reference="../../../../../../project[2]/children/project/children/action/priority"/><modified>2019-04-11 16:31:13.501 CST</modified></action><action><id>16644</id><created>2019-04-11 16:29:40.442 CST</created><parent reference="../../.."/><description>第二版方案输出讨论</description><topic reference="../../../../../../../../../../../../../../../../../../../topics/items/topic[2]"/><context reference="../../../../../../../../../../../../../../../../../../../contexts/items/context[4]"/><state class="actionStateScheduled"><date>2019-04-23 00:00:00.0 CST</date><durationHours>0</durationHours><durationMinutes>0</durationMinutes><created>2019-04-11 16:32:37.517 CST</created></state><notes></notes><done>false</done><priority reference="../../../../../../project[2]/children/project/children/action/priority"/><modified>2019-04-11 16:32:37.517 CST</modified></action><action><id>16645</id><created>2019-04-11 16:30:58.30 CST</created><parent reference="../../.."/><description>第二版方案修改</description><topic reference="../../../../../../../../../../../../../../../../../../../topics/items/topic[2]"/><context reference="../../../../../../../../../../../../../../../../../../../contexts/items/context[4]"/><state class="actionStateScheduled"><date>2019-04-24 00:00:00.0 CST</date><durationHours>0</durationHours><durationMinutes>0</durationMinutes><created>2019-04-11 16:32:21.22 CST</created></state><notes></notes><done>false</done><priority reference="../../../../../../project[2]/children/project/children/action/priority"/><modified>2019-04-11 16:32:21.22 CST</modified></action><action><id>16420</id><created>2019-04-02 15:55:59.37 CST</created><parent reference="../../.."/><description>正式输出</description><topic reference="../../../../../../../../../../../../../../../../../../../topics/items/topic[2]"/><context reference="../../../../../../../../../../../../../../../../../../../contexts/items/context[4]"/><state class="actionStateScheduled"><date>2019-04-26 00:00:00.0 CST</date><durationHours>0</durationHours><durationMinutes>0</durationMinutes><created>2019-04-02 15:56:07.565 CST</created></state><notes>星期二 2 四月 2019 15:56:02 </notes><done>false</done><priority reference="../../../../../../project[2]/children/project/children/action/priority"/><modified>2019-04-02 15:56:15.830 CST</modified></action><action><id>16421</id><created>2019-04-02 15:57:05.12 CST</created><parent reference="../../.."/><description>启动开发</description><topic reference="../../../../../../../../../../../../../../../../../../../topics/items/topic[2]"/><context reference="../../../../../../../../../../../../../../../../../../../contexts/items/context[4]"/><state class="actionStateScheduled"><date>2019-04-29 00:00:00.0 CST</date><durationHours>0</durationHours><durationMinutes>0</durationMinutes><created>2019-04-02 15:57:13.247 CST</created></state><notes></notes><done>false</done><priority reference="../../../../../../project[2]/children/project/children/action/priority"/><success></success><modified>2019-04-11 16:56:53.15 CST</modified></action><action><id>16422</id><created>2019-04-02 15:57:28.570 CST</created><parent reference="../../.."/><description>功能完善，与平台进行调试</description><topic reference="../../../../../../../../../../../../../../../../../../../topics/items/topic[2]"/><context reference="../../../../../../../../../../../../../../../../../../../contexts/items/context[4]"/><state class="actionStateScheduled"><date>2019-05-20 00:00:00.0 CST</date><durationHours>0</durationHours><durationMinutes>0</durationMinutes><created>2019-04-02 15:57:50.648 CST</created></state><notes></notes><done>false</done><priority reference="../../../../../../project[2]/children/project/children/action/priority"/><modified>2019-04-02 15:57:50.648 CST</modified></action><action><id>16423</id><created>2019-04-02 15:58:02.44 CST</created><parent reference="../../.."/><description>修改与完善</description><topic reference="../../../../../../../../../../../../../../../../../../../topics/items/topic[2]"/><context reference="../../../../../../../../../../../../../../../../../../../contexts/items/context[4]"/><state class="actionStateScheduled"><date>2019-05-23 00:00:00.0 CST</date><durationHours>0</durationHours><durationMinutes>0</durationMinutes><created>2019-04-02 15:58:19.429 CST</created></state><notes></notes><done>false</done><priority reference="../../../../../../project[2]/children/project/children/action/priority"/><modified>2019-04-02 15:58:19.429 CST</modified></action><action><id>16424</id><created>2019-04-02 15:58:28.293 CST</created><parent reference="../../.."/><description>发布</description><topic reference="../../../../../../../../../../../../../../../../../../../topics/items/topic[2]"/><context reference="../../../../../../../../../../../../../../../../../../../contexts/items/context[4]"/><state class="actionStateScheduled"><date>2019-05-29 00:00:00.0 CST</date><durationHours>0</durationHours><durationMinutes>0</durationMinutes><created>2019-04-02 15:58:35.663 CST</created></state><notes></notes><done>false</done><priority reference="../../../../../../project[2]/children/project/children/action/priority"/><modified>2019-04-02 15:58:35.663 CST</modified></action></children><topic reference="../../../../../../../../../../../../../../../../../topics/items/topic[2]"/><description>统一接口方案设计与开发实现</description><purpose>1、完成统一训练模式入口封装的开发
2、完成模型统一封装格式的开发
3、借此机会完成对Tensorflow等框架的详细研究和模型封装的详细研究</purpose><success></success><brainstorming></brainstorming><organising></organising><done>false</done><sequence>false</sequence><sequencing reference="../../../../../../project/children/project/children/project/sequencing"/><notes>星期二 2 四月 2019 15:54:06 </notes><priority reference="../../../../project[2]/children/project/children/action/priority"/><modified>2019-04-11 16:35:09.71 CST</modified></project></children><topic reference="../../../../../../../../../../../../../../../topics/items/topic[2]"/><description>AI平台需求方案输出</description><purpose></purpose><success></success><brainstorming></brainstorming><organising></organising><done>false</done><sequence>false</sequence><sequencing reference="../../../../project/children/project/children/project/sequencing"/><notes></notes><modified>2019-04-11 16:54:14.219 CST</modified></project></children><topic reference="../../../../../../../../../../../../../topics/items/topic[2]"/><description>AI平台技术的开发与跟踪</description><purpose></purpose><success></success><brainstorming></brainstorming><organising></organising><done>false</done><sequence>false</sequence><sequencing reference="../../project/children/project/children/project/sequencing"/><notes></notes><modified>2019-04-11 16:23:57.136 CST</modified></project><project><id>9348</id><created>2019-03-28 15:37:26.522 CST</created><parent reference="../../.."/><children><project><id>9349</id><created>2019-03-28 15:43:52.243 CST</created><parent reference="../../.."/><children><action><id>9355</id><created>2019-03-28 15:48:36.815 CST</created><parent reference="../../.."/><description>无人机图像采集</description><topic reference="../../../../../../../../../../../../../../../../../topics/items/topic[2]"/><context reference="../../../../../../../../../../../../../../../../../contexts/items/context[4]"/><state class="actionStateScheduled"><date>2019-03-29 10:00:00.0 CST</date><durationHours>6</durationHours><durationMinutes>0</durationMinutes><created>2019-03-28 15:48:54.748 CST</created></state><notes>星期五 29 三月 2019 15:48:46 变形太厉害，图像采集的事情很麻烦了， 摄像头广角，球形还是，另外应该先把我们采集过的先发给他们进行参考先，这个没有想到</notes><done>true</done><doneDate>2019-03-29 00:00:00.0 CST</doneDate><success></success><modified>2019-03-29 15:50:02.186 CST</modified></action><action><id>9356</id><created>2019-03-28 15:49:14.169 CST</created><parent reference="../../.."/><description>电信业务场景数据需求每日跟踪</description><topic reference="../../../../../../../../../../../../../../../../../topics/items/topic[2]"/><context reference="../../../../../../../../../../../../../../../../../contexts/items/context[4]"/><state class="actionStateScheduled"><date>2019-04-03 14:10:00.0 CST</date><durationHours>0</durationHours><durationMinutes>0</durationMinutes><created>2019-03-28 15:55:11.345 CST</created></state><notes> 星期五 29 三月 2019 19:29:38 今天没有询问进展， 这个要不得的，至少应该问一下情况，风险很大，尽量做到每天一问

26号开会， 发出需求表格， 27号没有询问， 28号下午5点发现错误，更正后发出，29号没有询问，   问题出现在了27号，如果进行询问至少这个事情不会被托这么久才发现问题
星期一 1 四月 2019 15:25:55  上午有更新，下午刷新了需求， 还得继续跟踪
星期三 3 四月 2019 20:43:32 明天会上要提出来</notes><done>true</done><doneDate>2019-04-03 00:00:00.0 CST</doneDate><success>1、周五跟踪进度</success><modified>2019-04-03 20:43:43.880 CST</modified></action><action><id>16429</id><created>2019-04-02 16:08:46.437 CST</created><parent reference="../../.."/><description>无人机图像采集计划整理输出</description><topic reference="../../../../../../../../../../../../../../../../../topics/items/topic[2]"/><context reference="../../../../../../../../../../../../../../../../../contexts/items/context[4]"/><state class="actionStateInactive"><created>2019-04-11 15:53:02.803 CST</created></state><notes>Email sent 星期四, 11 四月 2019</notes><done>false</done><priority><id>127</id><name>Could</name></priority><success></success><modified>2019-04-11 15:53:02.803 CST</modified></action><action><id>16430</id><created>2019-04-02 16:09:17.479 CST</created><parent reference="../../.."/><description>采集经验与建议输出</description><topic reference="../../../../../../../../../../../../../../../../../topics/items/topic[2]"/><context reference="../../../../../../../../../../../../../../../../../contexts/items/context[4]"/><state class="actionStateInactive"><created>2019-04-02 16:09:17.479 CST</created></state><notes></notes><done>false</done><success></success><modified>2019-04-04 21:00:29.29 CST</modified></action><action><id>16452</id><created>2019-04-02 22:59:17.521 CST</created><parent reference="../../.."/><description>验收无人机</description><topic reference="../../../../../../../../../../../../../../../../../topics/items/topic[2]"/><context reference="../../../../../../../../../../../../../../../../../contexts/items/context[4]"/><state class="actionStateScheduled"><date>2019-04-03 08:50:00.0 CST</date><durationHours>3</durationHours><durationMinutes>0</durationMinutes><created>2019-04-02 23:00:09.104 CST</created></state><notes>星期二 2 四月 2019 23:00:41 要验证仔细了，别再出问题， 一外观， 二，开机， 三，验证配对连接 ，软件提前下好
星期三 3 四月 2019 13:16:21 画了一个上午的时间， 主要是确认的时候花的时间太多，找场地就找了好久</notes><done>true</done><doneDate>2019-04-03 00:00:00.0 CST</doneDate><priority reference="../../../../../../project[2]/children/project[2]/children/project/children/action/priority"/><success></success><modified>2019-04-04 20:51:58.573 CST</modified></action><action><id>16490</id><created>2019-04-03 20:43:43.874 CST</created><parent reference="../../.."/><description>电信业务场景数据需求每日跟踪</description><topic reference="../../../../../../../../../../../../../../../../../topics/items/topic[2]"/><context reference="../../../../../../../../../../../../../../../../../contexts/items/context[4]"/><state class="actionStateScheduled"><date>2019-04-04 10:40:00.0 CST</date><durationHours>0</durationHours><durationMinutes>0</durationMinutes><created>2019-04-03 20:43:43.874 CST</created></state><notes> 星期五 29 三月 2019 19:29:38 今天没有询问进展， 这个要不得的，至少应该问一下情况，风险很大，尽量做到每天一问

26号开会， 发出需求表格， 27号没有询问， 28号下午5点发现错误，更正后发出，29号没有询问，   问题出现在了27号，如果进行询问至少这个事情不会被托这么久才发现问题
星期一 1 四月 2019 15:25:55  上午有更新，下午刷新了需求， 还得继续跟踪
星期四 4 四月 2019 12:53:12  找了两拨人在要这个数据，尚没有结果</notes><done>true</done><doneDate>2019-04-04 00:00:00.0 CST</doneDate><energy><id>118</id><name>Low Mental</name></energy><priority reference="../../../../../../project[2]/children/project[2]/children/project/children/action/priority"/><success>1、周五跟踪进度</success><modified>2019-04-04 12:53:41.274 CST</modified></action><action><id>16501</id><created>2019-04-04 12:53:41.270 CST</created><parent reference="../../.."/><description>电信业务场景数据需求每日跟踪</description><topic reference="../../../../../../../../../../../../../../../../../topics/items/topic[2]"/><context reference="../../../../../../../../../../../../../../../../../contexts/items/context[4]"/><state class="actionStateScheduled"><date>2019-04-08 14:00:00.0 CST</date><durationHours>0</durationHours><durationMinutes>0</durationMinutes><created>2019-04-04 12:53:41.270 CST</created></state><notes> 星期五 29 三月 2019 19:29:38 今天没有询问进展， 这个要不得的，至少应该问一下情况，风险很大，尽量做到每天一问

26号开会， 发出需求表格， 27号没有询问， 28号下午5点发现错误，更正后发出，29号没有询问，   问题出现在了27号，如果进行询问至少这个事情不会被托这么久才发现问题
星期一 1 四月 2019 15:25:55  上午有更新，下午刷新了需求， 还得继续跟踪
星期一 8 四月 2019 18:17:18 还是没有消息今天，明天的会议上要提出来</notes><done>true</done><doneDate>2019-04-08 00:00:00.0 CST</doneDate><energy reference="../../action[6]/energy"/><priority reference="../../../../../../project[2]/children/project[2]/children/project/children/action/priority"/><success>1、周五跟踪进度</success><modified>2019-04-08 18:17:38.162 CST</modified></action><action><id>16585</id><created>2019-04-08 17:46:19.249 CST</created><parent reference="../../.."/><description>小地块数据采集</description><topic reference="../../../../../../../../../../../../../../../../../topics/items/topic[2]"/><context reference="../../../../../../../../../../../../../../../../../contexts/items/context[4]"/><state class="actionStateScheduled"><date>2019-04-08 11:00:00.0 CST</date><durationHours>0</durationHours><durationMinutes>0</durationMinutes><created>2019-04-08 17:47:03.113 CST</created></state><notes>星期一 8 四月 2019 17:47:59 今天一天差不多都是在干这个活，能采集下来，但是最后一遍的光线太差，估计还是没能达到要求， 好的点： SD卡果断买， 位置果断调整， 坏的点： 没能及时要求他们换iphone手机，导致调试时间过长，后面这个要写到要求规范里面</notes><done>true</done><doneDate>2019-04-08 00:00:00.0 CST</doneDate><modified>2019-04-08 17:49:52.913 CST</modified></action><action><id>16586</id><created>2019-04-08 18:17:38.147 CST</created><parent reference="../../.."/><description>电信业务场景数据需求每日跟踪</description><topic reference="../../../../../../../../../../../../../../../../../topics/items/topic[2]"/><context reference="../../../../../../../../../../../../../../../../../contexts/items/context[4]"/><state class="actionStateScheduled"><date>2019-04-09 14:00:00.0 CST</date><durationHours>0</durationHours><durationMinutes>0</durationMinutes><created>2019-04-08 18:17:38.147 CST</created></state><notes> 星期五 29 三月 2019 19:29:38 今天没有询问进展， 这个要不得的，至少应该问一下情况，风险很大，尽量做到每天一问

26号开会， 发出需求表格， 27号没有询问， 28号下午5点发现错误，更正后发出，29号没有询问，   问题出现在了27号，如果进行询问至少这个事情不会被托这么久才发现问题
星期一 1 四月 2019 15:25:55  上午有更新，下午刷新了需求， 还得继续跟踪
星期二 9 四月 2019 11:32:00 今天会上的反馈是已经在协调，可以拿到详单，拿到详单后再由这边来做数据汇聚，这样可以，使得汇聚的工作可以进行多样的展开，但是这个数据能不能最后拿到是仍旧是个问题</notes><done>true</done><doneDate>2019-04-09 00:00:00.0 CST</doneDate><energy reference="../../action[6]/energy"/><priority reference="../../../../../../project[2]/children/project[2]/children/project/children/action/priority"/><success>1、周五跟踪进度</success><modified>2019-04-09 11:33:45.203 CST</modified></action><action><id>16588</id><created>2019-04-09 11:33:45.202 CST</created><parent reference="../../.."/><description>电信业务场景数据需求每日跟踪</description><topic reference="../../../../../../../../../../../../../../../../../topics/items/topic[2]"/><context reference="../../../../../../../../../../../../../../../../../contexts/items/context[4]"/><state class="actionStateScheduled"><date>2019-04-10 14:00:00.0 CST</date><durationHours>0</durationHours><durationMinutes>0</durationMinutes><created>2019-04-09 11:33:45.203 CST</created></state><notes> 星期五 29 三月 2019 19:29:38 今天没有询问进展， 这个要不得的，至少应该问一下情况，风险很大，尽量做到每天一问

26号开会， 发出需求表格， 27号没有询问， 28号下午5点发现错误，更正后发出，29号没有询问，   问题出现在了27号，如果进行询问至少这个事情不会被托这么久才发现问题
星期一 1 四月 2019 15:25:55  上午有更新，下午刷新了需求， 还得继续跟踪
星期四 11 四月 2019 13:39:34 看看结束之前是拿不到了恐怕</notes><done>true</done><doneDate>2019-04-11 00:00:00.0 CST</doneDate><energy reference="../../action[6]/energy"/><priority reference="../../../../../../project[2]/children/project[2]/children/project/children/action/priority"/><success>1、周五跟踪进度</success><modified>2019-04-11 13:39:48.454 CST</modified></action><action><id>16600</id><created>2019-04-11 13:39:48.450 CST</created><parent reference="../../.."/><description>电信业务场景数据需求每日跟踪</description><topic reference="../../../../../../../../../../../../../../../../../topics/items/topic[2]"/><context reference="../../../../../../../../../../../../../../../../../contexts/items/context[4]"/><state class="actionStateScheduled"><date>2019-04-12 14:10:00.0 CST</date><durationHours>0</durationHours><durationMinutes>0</durationMinutes><recurrence><id>16425</id><project reference="../../../../.."/><description>电信业务场景数据需求每日跟踪</description><topic reference="../../../../../../../../../../../../../../../../../../../topics/items/topic[2]"/><context reference="../../../../../../../../../../../../../../../../../../../contexts/items/context[4]"/><energy reference="../../../../action[6]/energy"/><priority reference="../../../../../../../../project[2]/children/project[2]/children/project/children/action/priority"/><scheduleHours>14</scheduleHours><scheduleMins>0</scheduleMins><durationHours>0</durationHours><durationMins>0</durationMins><basisID>2</basisID><startDate>2019-04-03 00:00:00.0 CST</startDate><periodID>0</periodID><frequency>1</frequency><advanceNbr>4</advanceNbr><endDate>2019-04-12 23:59:59.999 CST</endDate><genNbr>5</genNbr><genToDate>2019-04-12 14:00:00.0 CST</genToDate><success>1、周五跟踪进度</success><notes> 星期五 29 三月 2019 19:29:38 今天没有询问进展， 这个要不得的，至少应该问一下情况，风险很大，尽量做到每天一问

26号开会， 发出需求表格， 27号没有询问， 28号下午5点发现错误，更正后发出，29号没有询问，   问题出现在了27号，如果进行询问至少这个事情不会被托这么久才发现问题
星期一 1 四月 2019 15:25:55  上午有更新，下午刷新了需求， 还得继续跟踪</notes><period class="tr.model.action.PeriodDay"/></recurrence><created>2019-04-11 13:39:48.450 CST</created></state><notes> 星期五 29 三月 2019 19:29:38 今天没有询问进展， 这个要不得的，至少应该问一下情况，风险很大，尽量做到每天一问

26号开会， 发出需求表格， 27号没有询问， 28号下午5点发现错误，更正后发出，29号没有询问，   问题出现在了27号，如果进行询问至少这个事情不会被托这么久才发现问题
星期一 1 四月 2019 15:25:55  上午有更新，下午刷新了需求， 还得继续跟踪
星期五 12 四月 2019 23:35:44 才有一天的数据，扯淡了，已经再次提过需求了，这个还得继续跟踪</notes><done>true</done><doneDate>2019-04-12 00:00:00.0 CST</doneDate><energy reference="../../action[6]/energy"/><priority reference="../../../../../../project[2]/children/project[2]/children/project/children/action/priority"/><success>1、周五跟踪进度</success><modified>2019-04-12 23:37:23.669 CST</modified></action></children><topic reference="../../../../../../../../../../../../../../../topics/items/topic[2]"/><description>数据采集与资源准备</description><purpose></purpose><success></success><brainstorming></brainstorming><organising></organising><done>false</done><sequence>false</sequence><sequencing reference="../../../../project/children/project/children/project/sequencing"/><notes></notes><modified>2019-04-11 13:39:48.451 CST</modified></project><project><id>9350</id><created>2019-03-28 15:44:05.637 CST</created><parent reference="../../.."/><children><action><id>9357</id><created>2019-03-28 15:55:49.578 CST</created><parent reference="../../.."/><description>Demo UI开发需求讨论会</description><topic reference="../../../../../../../../../../../../../../../../../topics/items/topic[2]"/><context reference="../../../../../../../../../../../../../../../../../contexts/items/context[4]"/><state class="actionStateScheduled"><date>2019-04-01 16:00:00.0 CST</date><durationHours>1</durationHours><durationMinutes>0</durationMinutes><created>2019-03-28 15:56:21.636 CST</created></state><notes>星期一 1 四月 2019 17:18:34 已经组织讨论分享，效果不错，基本上全部解决了所有疑问</notes><done>true</done><doneDate>2019-04-01 00:00:00.0 CST</doneDate><priority reference="../../../../../../project[2]/children/project[2]/children/project/children/action/priority"/><success>拉个会把UI开发的需求落实推动</success><modified>2019-04-01 17:18:54.212 CST</modified></action><action><id>16382</id><created>2019-03-29 09:30:37.113 CST</created><parent reference="../../.."/><description>网页设计原型输出（配置页面）</description><topic reference="../../../../../../../../../../../../../../../../../topics/items/topic[2]"/><context reference="../../../../../../../../../../../../../../../../../contexts/items/context[4]"/><state class="actionStateScheduled"><date>2019-04-01 15:00:00.0 CST</date><durationHours>1</durationHours><durationMinutes>30</durationMinutes><created>2019-03-29 09:30:54.553 CST</created></state><notes>星期一 1 四月 2019 15:06:09 周末的晚上两天都没能输出，推迟
星期一 1 四月 2019 15:26:55 基本上完成一版，待完善最后一个内容
星期一 1 四月 2019 17:18:18 已经完成输出与讨论</notes><done>true</done><doneDate>2019-04-01 00:00:00.0 CST</doneDate><success></success><modified>2019-04-01 17:18:30.595 CST</modified></action><action><id>16400</id><created>2019-04-01 22:50:14.391 CST</created><parent reference="../../.."/><description>数据流文件的确认以及跟踪</description><topic reference="../../../../../../../../../../../../../../../../../topics/items/topic[2]"/><context reference="../../../../../../../../../../../../../../../../../contexts/items/context[4]"/><state class="actionStateScheduled"><date>2019-04-02 09:40:00.0 CST</date><durationHours>0</durationHours><durationMinutes>0</durationMinutes><created>2019-04-01 22:51:08.608 CST</created></state><notes>星期二 2 四月 2019 11:10:03 终于梳理出来一版，尚有疑问，先输出，整理作为跟踪的图
星期二 2 四月 2019 15:38:06 也进行了输出分享</notes><done>true</done><doneDate>2019-04-02 00:00:00.0 CST</doneDate><success>1、确认demo ui每个负责人的所需数据及是否到位</success><modified>2019-04-02 21:21:21.632 CST</modified></action><action><id>16431</id><created>2019-04-02 16:10:18.615 CST</created><parent reference="../../.."/><description>Demo UI周会</description><topic reference="../../../../../../../../../../../../../../../../../topics/items/topic[2]"/><context reference="../../../../../../../../../../../../../../../../../contexts/items/context[4]"/><state class="actionStateScheduled"><date>2019-04-04 16:30:00.0 CST</date><durationHours>0</durationHours><durationMinutes>0</durationMinutes><created>2019-04-02 16:10:35.96 CST</created></state><notes>星期四 4 四月 2019 20:48:22 周会不开不知道，开了才知道有很多东西还待澄清，还好在会上都澄清了，他们给的计划时间太拖拉，必须加码压</notes><done>true</done><doneDate>2019-04-04 00:00:00.0 CST</doneDate><priority reference="../../../../../../project[2]/children/project[2]/children/project/children/action/priority"/><success></success><modified>2019-04-04 20:49:22.56 CST</modified></action><action><id>16527</id><created>2019-04-04 21:11:28.161 CST</created><parent reference="../../.."/><description>修改方案的可行性讨论与确认</description><topic reference="../../../../../../../../../../../../../../../../../topics/items/topic[2]"/><context reference="../../../../../../../../../../../../../../../../../contexts/items/context[4]"/><state class="actionStateScheduled"><date>2019-04-09 09:00:00.0 CST</date><durationHours>0</durationHours><durationMinutes>0</durationMinutes><created>2019-04-04 21:11:58.676 CST</created></state><notes>星期二 9 四月 2019 11:34:43 必须进行修改，要体现n*MIMO改变后带来的变化效果体现出来，接下来是数据和沟通的工作</notes><done>true</done><doneDate>2019-04-09 00:00:00.0 CST</doneDate><success></success><modified>2019-04-09 12:00:04.266 CST</modified></action><action><id>16589</id><created>2019-04-09 11:35:44.862 CST</created><parent reference="../../.."/><description>把仿真界面的修改版本和开发团队进行沟通</description><topic reference="../../../../../../../../../../../../../../../../../topics/items/topic[2]"/><context reference="../../../../../../../../../../../../../../../../../contexts/items/context[4]"/><state class="actionStateScheduled"><date>2019-04-10 14:00:00.0 CST</date><durationHours>0</durationHours><durationMinutes>0</durationMinutes><created>2019-04-09 11:36:11.780 CST</created></state><notes>星期四 11 四月 2019 13:51:04 明确了更新要求</notes><done>true</done><doneDate>2019-04-11 00:00:00.0 CST</doneDate><success></success><modified>2019-04-11 13:51:11.978 CST</modified></action></children><topic reference="../../../../../../../../../../../../../../../topics/items/topic[2]"/><description>Demo UI 开发</description><purpose></purpose><success></success><brainstorming></brainstorming><organising></organising><done>false</done><sequence>false</sequence><sequencing reference="../../../../project/children/project/children/project/sequencing"/><modified>2019-04-09 11:35:44.862 CST</modified></project><project><id>9351</id><created>2019-03-28 15:44:18.340 CST</created><parent reference="../../.."/><children><action><id>16432</id><created>2019-04-02 16:12:08.142 CST</created><parent reference="../../.."/><description>0.2平方公里重建结果输出跟踪</description><topic reference="../../../../../../../../../../../../../../../../../topics/items/topic[2]"/><context reference="../../../../../../../../../../../../../../../../../contexts/items/context[4]"/><state class="actionStateScheduled"><date>2019-04-04 16:00:00.0 CST</date><durationHours>0</durationHours><durationMinutes>0</durationMinutes><created>2019-04-02 16:12:33.774 CST</created></state><notes>星期三 3 四月 2019 20:08:48 今天又没有问，麻烦的咧，要清楚自己的职责，不要怕麻烦，怕抹不开面子，直接问，要不然他们是不会主动反馈的
星期四 4 四月 2019 16:23:57 要求他们拼到一块进行输出
星期四 4 四月 2019 20:47:32 算法这边的时间可能挪不出来，看看ui那边有没有办法</notes><done>true</done><doneDate>2019-04-04 00:00:00.0 CST</doneDate><modified>2019-04-04 20:47:58.200 CST</modified></action><action><id>16637</id><created>2019-04-11 15:53:48.727 CST</created><parent reference="../../.."/><description>数据合并3D重建结果跟踪</description><topic reference="../../../../../../../../../../../../../../../../../topics/items/topic[2]"/><context reference="../../../../../../../../../../../../../../../../../contexts/items/context[4]"/><state class="actionStateScheduled"><date>2019-04-11 11:30:00.0 CST</date><durationHours>0</durationHours><durationMinutes>0</durationMinutes><created>2019-04-11 15:54:01.631 CST</created></state><notes>星期四 11 四月 2019 15:54:28 需求已经提到开发那里，需要进行后续的流程跟踪</notes><done>true</done><doneDate>2019-04-11 00:00:00.0 CST</doneDate><priority reference="../../../../../../project[2]/children/project[2]/children/project/children/action/priority"/><modified>2019-04-11 22:42:48.557 CST</modified></action><action><id>16647</id><created>2019-04-11 22:42:48.548 CST</created><parent reference="../../.."/><description>数据合并3D重建结果跟踪</description><topic reference="../../../../../../../../../../../../../../../../../topics/items/topic[2]"/><context reference="../../../../../../../../../../../../../../../../../contexts/items/context[4]"/><state class="actionStateScheduled"><date>2019-04-12 11:30:00.0 CST</date><durationHours>0</durationHours><durationMinutes>0</durationMinutes><created>2019-04-11 22:42:48.548 CST</created></state><notes>星期四 11 四月 2019 15:54:28 需求已经提到开发那里，需要进行后续的流程跟踪
星期五 12 四月 2019 23:37:35 今天没有跟踪，麻烦</notes><done>true</done><doneDate>2019-04-12 00:00:00.0 CST</doneDate><priority reference="../../../../../../project[2]/children/project[2]/children/project/children/action/priority"/><success></success><modified>2019-04-12 23:37:44.575 CST</modified></action><action><id>16659</id><created>2019-04-12 23:37:44.567 CST</created><parent reference="../../.."/><description>数据合并3D重建结果跟踪</description><topic reference="../../../../../../../../../../../../../../../../../topics/items/topic[2]"/><context reference="../../../../../../../../../../../../../../../../../contexts/items/context[4]"/><state class="actionStateScheduled"><date>2019-04-15 11:30:00.0 CST</date><durationHours>0</durationHours><durationMinutes>0</durationMinutes><recurrence><id>16639</id><project reference="../../../../.."/><description>数据合并3D重建结果跟踪</description><topic reference="../../../../../../../../../../../../../../../../../../../topics/items/topic[2]"/><context reference="../../../../../../../../../../../../../../../../../../../contexts/items/context[4]"/><priority reference="../../../../../../../../project[2]/children/project[2]/children/project/children/action/priority"/><scheduleHours>11</scheduleHours><scheduleMins>30</scheduleMins><durationHours>0</durationHours><durationMins>0</durationMins><basisID>2</basisID><startDate>2019-04-11 00:00:00.0 CST</startDate><periodID>0</periodID><frequency>1</frequency><advanceNbr>4</advanceNbr><endDate>2019-04-15 23:59:59.999 CST</endDate><genNbr>2</genNbr><genToDate>2019-04-13 11:30:00.0 CST</genToDate><success></success><notes>星期四 11 四月 2019 15:54:28 需求已经提到开发那里，需要进行后续的流程跟踪</notes><period class="tr.model.action.PeriodDay"/></recurrence><created>2019-04-12 23:37:44.567 CST</created></state><notes>星期四 11 四月 2019 15:54:28 需求已经提到开发那里，需要进行后续的流程跟踪</notes><done>false</done><priority reference="../../../../../../project[2]/children/project[2]/children/project/children/action/priority"/><success></success><modified>2019-04-12 23:37:44.567 CST</modified></action></children><topic reference="../../../../../../../../../../../../../../../topics/items/topic[2]"/><description>3D重建模块</description><purpose></purpose><success></success><brainstorming></brainstorming><organising></organising><done>false</done><sequence>false</sequence><sequencing reference="../../../../project/children/project/children/project/sequencing"/><modified>2019-04-12 23:37:44.567 CST</modified></project><project><id>9352</id><created>2019-03-28 15:44:31.259 CST</created><parent reference="../../.."/><children><action><id>16402</id><created>2019-04-01 22:54:27.242 CST</created><parent reference="../../.."/><description>场景分类DNN模型的理解调研</description><topic reference="../../../../../../../../../../../../../../../../../topics/items/topic[2]"/><context reference="../../../../../../../../../../../../../../../../../contexts/items/context[4]"/><state class="actionStateScheduled"><date>2019-04-02 09:00:00.0 CST</date><durationHours>0</durationHours><durationMinutes>0</durationMinutes><created>2019-04-01 22:54:52.172 CST</created></state><notes>星期二 2 四月 2019 9:48:47 需要通读论文 Wide &amp; Deep Learning for Recommender Systems
星期二 2 四月 2019 9:54:31 需要再继续补充完善工业界对这个理论的实践，重点放在美团、今日头条、淘宝天猫上面</notes><done>true</done><doneDate>2019-04-02 00:00:00.0 CST</doneDate><success></success><modified>2019-04-02 10:12:47.506 CST</modified></action><action><id>16410</id><created>2019-04-02 09:49:31.892 CST</created><parent reference="../../.."/><description>Wide &amp; Deep Learning for Recommender Systems 通读与输出</description><topic reference="../../../../../../../../../../../../../../../../../topics/items/topic[2]"/><context reference="../../../../../../../../../../../../../../../../../contexts/items/context[4]"/><state class="actionStateInactive"><created>2019-04-11 15:57:39.109 CST</created></state><notes></notes><done>false</done><success></success><modified>2019-04-11 15:57:39.109 CST</modified></action><action><id>16411</id><created>2019-04-02 10:12:00.528 CST</created><parent reference="../../.."/><description>美团推荐系统方案梳理</description><topic reference="../../../../../../../../../../../../../../../../../topics/items/topic[2]"/><context reference="../../../../../../../../../../../../../../../../../contexts/items/context[4]"/><state class="actionStateInactive"><created>2019-04-11 15:57:36.520 CST</created></state><notes></notes><done>false</done><success></success><modified>2019-04-11 15:57:36.520 CST</modified></action><action><id>16415</id><created>2019-04-02 15:42:01.4 CST</created><parent reference="../../.."/><description>DNN分类场景样例数据输出</description><topic reference="../../../../../../../../../../../../../../../../../topics/items/topic[2]"/><context reference="../../../../../../../../../../../../../../../../../contexts/items/context[4]"/><state class="actionStateScheduled"><date>2019-04-15 09:30:00.0 CST</date><durationHours>1</durationHours><durationMinutes>0</durationMinutes><created>2019-04-02 15:42:26.717 CST</created></state><notes>星期四 4 四月 2019 20:49:42 得加班弄了
星期四 11 四月 2019 13:48:12 暂时没有生成样例，但是目前可用，需要后续修改别人的结果
星期四 11 四月 2019 19:16:09 梳理了一部分，python dataframe的技能生疏了很多
星期五 12 四月 2019 10:20:43 还在弄的时候，另一边切图完成了，赶紧在这个上面进行分类
星期五 12 四月 2019 11:21:04 提供原表给出去了，但是是原表，还需要根据上面这个进行转换，没做到位给人家，他去做这个关系转换吧，他清楚的，不过我也先试试
星期五 12 四月 2019 13:08:13 搞定一版输出，但是估计效果不会很好
星期五 12 四月 2019 16:38:54 果然效果不好，需要好好的补一下数据了</notes><done>false</done><energy reference="../../../../../../project[2]/children/project[3]/children/project/children/action[3]/energy"/><priority reference="../../../../../../project[2]/children/project[2]/children/project/children/action/priority"/><success></success><modified>2019-04-12 16:39:14.703 CST</modified></action></children><topic reference="../../../../../../../../../../../../../../../topics/items/topic[2]"/><description>场景分类模块</description><purpose></purpose><success></success><brainstorming></brainstorming><organising></organising><done>false</done><sequence>false</sequence><sequencing reference="../../../../project/children/project/children/project/sequencing"/><modified>2019-04-02 15:42:01.4 CST</modified></project><project><id>9353</id><created>2019-03-28 15:44:48.101 CST</created><parent reference="../../.."/><children><action><id>16427</id><created>2019-04-02 16:04:48.66 CST</created><parent reference="../../.."/><description>0.2平方公里仿真结果的输出跟踪</description><topic reference="../../../../../../../../../../../../../../../../../topics/items/topic[2]"/><context reference="../../../../../../../../../../../../../../../../../contexts/items/context[4]"/><state class="actionStateScheduled"><date>2019-04-02 11:30:00.0 CST</date><durationHours>0</durationHours><durationMinutes>0</durationMinutes><created>2019-04-02 16:05:11.917 CST</created></state><notes>星期二 2 四月 2019 21:26:24 邮件已经发，明天继续跟踪，采取询问的方式</notes><done>true</done><doneDate>2019-04-02 00:00:00.0 CST</doneDate><priority reference="../../../../../../project[2]/children/project[2]/children/project/children/action/priority"/><success>1、对0.2平方公里的仿真结果进行输出
2、如果可以放大到整个2平方公里</success><modified>2019-04-02 21:26:46.76 CST</modified></action><action><id>16442</id><created>2019-04-02 21:26:46.63 CST</created><parent reference="../../.."/><description>0.2平米仿真结果的输出跟踪</description><topic reference="../../../../../../../../../../../../../../../../../topics/items/topic[2]"/><context reference="../../../../../../../../../../../../../../../../../contexts/items/context[4]"/><state class="actionStateScheduled"><date>2019-04-03 14:30:00.0 CST</date><durationHours>0</durationHours><durationMinutes>0</durationMinutes><created>2019-04-02 21:26:46.63 CST</created></state><notes>星期三 3 四月 2019 21:14:13 明天问，一定要问</notes><done>true</done><doneDate>2019-04-03 00:00:00.0 CST</doneDate><energy reference="../../../../project/children/action[6]/energy"/><priority reference="../../../../../../project[2]/children/project[2]/children/project/children/action/priority"/><success></success><modified>2019-04-03 21:14:25.26 CST</modified></action><action><id>16493</id><created>2019-04-03 21:14:25.23 CST</created><parent reference="../../.."/><description>0.2平米仿真结果的输出跟踪</description><topic reference="../../../../../../../../../../../../../../../../../topics/items/topic[2]"/><context reference="../../../../../../../../../../../../../../../../../contexts/items/context[4]"/><state class="actionStateScheduled"><date>2019-04-04 11:30:00.0 CST</date><durationHours>0</durationHours><durationMinutes>0</durationMinutes><created>2019-04-03 21:14:25.23 CST</created></state><notes>星期四 4 四月 2019 20:46:37 有风险，但是也讲明了备用方案，但感觉讲的方式不对，有可能最后是备选方案，但是至少要保证有输出</notes><done>true</done><doneDate>2019-04-04 00:00:00.0 CST</doneDate><energy reference="../../../../project/children/action[6]/energy"/><priority reference="../../../../../../project[2]/children/project[2]/children/project/children/action/priority"/><success></success><modified>2019-04-04 20:47:23.293 CST</modified></action><action><id>16508</id><created>2019-04-04 20:47:23.260 CST</created><parent reference="../../.."/><description>0.2平米仿真结果的输出跟踪</description><topic reference="../../../../../../../../../../../../../../../../../topics/items/topic[2]"/><context reference="../../../../../../../../../../../../../../../../../contexts/items/context[4]"/><state class="actionStateScheduled"><date>2019-04-08 11:30:00.0 CST</date><durationHours>0</durationHours><durationMinutes>0</durationMinutes><recurrence><id>16428</id><project reference="../../../../.."/><description>0.2平米仿真结果的输出跟踪</description><topic reference="../../../../../../../../../../../../../../../../../../../topics/items/topic[2]"/><context reference="../../../../../../../../../../../../../../../../../../../contexts/items/context[4]"/><energy reference="../../../../../../project/children/action[6]/energy"/><priority reference="../../../../../../../../project[2]/children/project[2]/children/project/children/action/priority"/><scheduleHours>11</scheduleHours><scheduleMins>30</scheduleMins><durationHours>0</durationHours><durationMins>0</durationMins><basisID>2</basisID><startDate>2019-04-02 00:00:00.0 CST</startDate><periodID>0</periodID><frequency>1</frequency><advanceNbr>4</advanceNbr><endDate>2019-04-05 23:59:59.999 CST</endDate><genNbr>3</genNbr><genToDate>2019-04-05 11:30:00.0 CST</genToDate><success></success><notes></notes><period class="tr.model.action.PeriodDay"/></recurrence><created>2019-04-04 20:47:23.261 CST</created></state><notes>星期一 8 四月 2019 18:15:53 仿真结果已经完成，待3D在这个数据之上进行点云的生成，这个是今天听到的最好的消息了</notes><done>true</done><doneDate>2019-04-08 00:00:00.0 CST</doneDate><energy reference="../../../../project/children/action[6]/energy"/><priority reference="../../../../../../project[2]/children/project[2]/children/project/children/action/priority"/><success></success><modified>2019-04-08 18:16:31.682 CST</modified></action><action><id>16590</id><created>2019-04-09 11:36:28.159 CST</created><parent reference="../../.."/><description>确定生成2份n*MIMO的数据文件，以供加载渲染</description><topic reference="../../../../../../../../../../../../../../../../../topics/items/topic[2]"/><context reference="../../../../../../../../../../../../../../../../../contexts/items/context[4]"/><state class="actionStateScheduled"><date>2019-04-09 14:20:00.0 CST</date><durationHours>0</durationHours><durationMinutes>0</durationMinutes><created>2019-04-09 11:37:11.730 CST</created></state><notes>星期二 9 四月 2019 11:37:30
1、n*mimo参数的设置有哪些  beam_size， 需要两份具体的参数值
2、确认当前生成的数据是ok的
</notes><done>true</done><doneDate>2019-04-10 00:00:00.0 CST</doneDate><modified>2019-04-10 00:10:36.553 CST</modified></action></children><topic reference="../../../../../../../../../../../../../../../topics/items/topic[2]"/><description>精确规划与仿真模块</description><purpose></purpose><success></success><brainstorming></brainstorming><organising></organising><done>false</done><sequence>false</sequence><sequencing reference="../../../../project/children/project/children/project/sequencing"/><modified>2019-04-09 11:36:28.159 CST</modified></project><project><id>9354</id><created>2019-03-28 15:45:00.931 CST</created><parent reference="../../.."/><children><action><id>16436</id><created>2019-04-02 16:18:35.947 CST</created><parent reference="../../.."/><description>项目计划以及项目时间的制定输出</description><topic reference="../../../../../../../../../../../../../../../../../topics/items/topic[2]"/><context reference="../../../../../../../../../../../../../../../../../contexts/items/context[4]"/><state class="actionStateScheduled"><date>2019-03-18 00:00:00.0 CST</date><durationHours>0</durationHours><durationMinutes>0</durationMinutes><created>2019-04-02 16:18:56.843 CST</created></state><notes></notes><done>true</done><doneDate>2019-04-02 00:00:00.0 CST</doneDate><priority reference="../../../../../../project[2]/children/project[2]/children/project/children/action/priority"/><success></success><modified>2019-04-02 16:25:03.575 CST</modified></action><action><id>9358</id><created>2019-03-28 15:57:16.834 CST</created><parent reference="../../.."/><description>项目周会材料准备</description><topic reference="../../../../../../../../../../../../../../../../../topics/items/topic[2]"/><context reference="../../../../../../../../../../../../../../../../../contexts/items/context[4]"/><state class="actionStateScheduled"><date>2019-04-02 10:00:00.0 CST</date><durationHours>2</durationHours><durationMinutes>0</durationMinutes><created>2019-03-28 15:57:47.467 CST</created></state><notes>星期一 1 四月 2019 22:51:41 
星期二 2 四月 2019 13:34:54 已经完成</notes><done>true</done><doneDate>2019-04-02 00:00:00.0 CST</doneDate><success>1、组织周会，并明确进度和风险
2、汇报材料准备</success><modified>2019-04-02 15:32:19.472 CST</modified></action><action><id>9359</id><created>2019-03-28 15:58:05.880 CST</created><parent reference="../../.."/><description>项目周会</description><topic reference="../../../../../../../../../../../../../../../../../topics/items/topic[2]"/><context reference="../../../../../../../../../../../../../../../../../contexts/items/context[4]"/><state class="actionStateScheduled"><date>2019-04-02 13:30:00.0 CST</date><durationHours>0</durationHours><durationMinutes>0</durationMinutes><created>2019-03-28 15:58:18.245 CST</created></state><notes>星期五 29 三月 2019 19:30:32 这个麻烦了，这周没有什么进展，数据收不上来，图像采集不出来，数据需求也收集不上来，Demo UI的开发的问题没确定估计也尚未启动开发，麻烦大了
demo ui  周三早上9点40就收到问题需求，晚上下班前回复了部分信息，但是没有询问是否ok，收到需求后晚上发了邮件，但是没有跟进结果，会开不起来，周四没有推动，周五也没推动，因为开会和无人机的事情， 这个下周计划是结束开发，目前看来还需要3周，今天把问题发出去
星期一 1 四月 2019 15:06:39 因为无人机的缘故，没发出去
星期二 2 四月 2019 15:31:44  项目会上进行了讲解</notes><done>true</done><doneDate>2019-04-02 15:32:21.200 CST</doneDate><success>1、输出项目周报</success><modified>2019-04-02 15:32:21.200 CST</modified></action><action><id>16413</id><created>2019-04-02 15:40:18.401 CST</created><parent reference="../../.."/><description>Demo UI开发进度每日跟踪</description><topic reference="../../../../../../../../../../../../../../../../../topics/items/topic[2]"/><context reference="../../../../../../../../../../../../../../../../../contexts/items/context[4]"/><state class="actionStateScheduled"><date>2019-04-02 16:00:00.0 CST</date><durationHours>0</durationHours><durationMinutes>20</durationMinutes><created>2019-04-02 15:40:35.632 CST</created></state><notes></notes><done>true</done><doneDate>2019-04-02 00:00:00.0 CST</doneDate><success></success><modified>2019-04-02 23:10:26.218 CST</modified></action><action><id>16426</id><created>2019-04-02 16:03:33.452 CST</created><parent reference="../../.."/><description>周对外汇报材料准备</description><topic reference="../../../../../../../../../../../../../../../../../topics/items/topic[2]"/><context reference="../../../../../../../../../../../../../../../../../contexts/items/context[4]"/><state class="actionStateScheduled"><date>2019-04-03 15:00:00.0 CST</date><durationHours>0</durationHours><durationMinutes>0</durationMinutes><created>2019-04-02 16:03:53.891 CST</created></state><notes>星期二 2 四月 2019 16:04:14 在输出前要review一遍
星期三 3 四月 2019 16:07:03 已经输出</notes><done>true</done><doneDate>2019-04-03 00:00:00.0 CST</doneDate><priority reference="../../../../../../project[2]/children/project[2]/children/project/children/action/priority"/><success></success><modified>2019-04-03 16:07:08.218 CST</modified></action><action><id>16439</id><created>2019-04-02 16:22:20.271 CST</created><parent reference="../../.."/><description>TMF项目周汇报材料讨论</description><topic reference="../../../../../../../../../../../../../../../../../topics/items/topic[2]"/><context reference="../../../../../../../../../../../../../../../../../contexts/items/context[4]"/><state class="actionStateScheduled"><date>2019-04-04 10:30:00.0 CST</date><durationHours>0</durationHours><durationMinutes>0</durationMinutes><created>2019-04-02 16:22:43.306 CST</created></state><notes>星期四 4 四月 2019 10:27:15 按计划推进交付成，再考虑风险，后面时间很进展
星期四 4 四月 2019 12:52:01 多了3个需求，其中报告的事情先前就没有很好的考虑过，这是个失误，最后的目的要提炼提升一下，而不是单单的一个界面显示</notes><done>true</done><doneDate>2019-04-04 00:00:00.0 CST</doneDate><priority reference="../../../../../../project[2]/children/project[2]/children/project/children/action/priority"/><success></success><modified>2019-04-04 12:53:05.173 CST</modified></action><action><id>16438</id><created>2019-04-02 16:21:43.508 CST</created><parent reference="../../.."/><description>项目周会</description><topic reference="../../../../../../../../../../../../../../../../../topics/items/topic[2]"/><context reference="../../../../../../../../../../../../../../../../../contexts/items/context[4]"/><state class="actionStateScheduled"><date>2019-04-05 10:00:00.0 CST</date><durationHours>0</durationHours><durationMinutes>0</durationMinutes><created>2019-04-02 16:21:53.779 CST</created></state><notes>星期日 7 四月 2019  16:54:51今天放假来着</notes><done>true</done><doneDate>2019-04-07 00:00:00.0 CST</doneDate><priority reference="../../../../../../project[2]/children/project[2]/children/project/children/action/priority"/><modified>2019-04-07 16:54:59.861 CST</modified></action><action><id>16434</id><created>2019-04-02 16:16:00.652 CST</created><parent reference="../../.."/><description>进行第一遍演示及修改意见反馈</description><topic reference="../../../../../../../../../../../../../../../../../topics/items/topic[2]"/><context reference="../../../../../../../../../../../../../../../../../contexts/items/context[4]"/><state class="actionStateScheduled"><date>2019-04-12 00:00:00.0 CST</date><durationHours>0</durationHours><durationMinutes>0</durationMinutes><created>2019-04-02 16:16:18.917 CST</created></state><notes>星期四 11 四月 2019 13:50:23 我看过了，但是还有很多的细节待修改</notes><done>true</done><doneDate>2019-04-11 00:00:00.0 CST</doneDate><priority reference="../../../../../../project[2]/children/project[2]/children/project/children/action/priority"/><modified>2019-04-11 16:14:51.877 CST</modified></action><action><id>16435</id><created>2019-04-02 16:17:47.986 CST</created><parent reference="../../.."/><description>最终汇报材料的输出</description><topic reference="../../../../../../../../../../../../../../../../../topics/items/topic[2]"/><context reference="../../../../../../../../../../../../../../../../../contexts/items/context[4]"/><state class="actionStateScheduled"><date>2019-04-11 00:00:00.0 CST</date><durationHours>0</durationHours><durationMinutes>0</durationMinutes><created>2019-04-02 16:18:12.993 CST</created></state><notes></notes><done>true</done><doneDate>2019-04-11 00:00:00.0 CST</doneDate><priority reference="../../../../../../project[2]/children/project[2]/children/project/children/action/priority"/><modified>2019-04-11 16:14:41.973 CST</modified></action><action><id>16433</id><created>2019-04-02 16:15:14.670 CST</created><parent reference="../../.."/><description>进行第二遍修改后的演示</description><topic reference="../../../../../../../../../../../../../../../../../topics/items/topic[2]"/><context reference="../../../../../../../../../../../../../../../../../contexts/items/context[4]"/><state class="actionStateScheduled"><date>2019-04-15 14:00:00.0 CST</date><durationHours>0</durationHours><durationMinutes>0</durationMinutes><created>2019-04-02 16:15:44.116 CST</created></state><notes></notes><done>false</done><priority reference="../../../../../../project[2]/children/project[2]/children/project/children/action/priority"/><success></success><modified>2019-04-11 16:57:34.664 CST</modified></action><action><id>16455</id><created>2019-04-02 23:10:26.192 CST</created><parent reference="../../.."/><description>Demo UI开发进度跟踪</description><topic reference="../../../../../../../../../../../../../../../../../topics/items/topic[2]"/><context reference="../../../../../../../../../../../../../../../../../contexts/items/context[4]"/><state class="actionStateScheduled"><date>2019-04-03 16:00:00.0 CST</date><durationHours>0</durationHours><durationMinutes>20</durationMinutes><created>2019-04-02 23:10:26.192 CST</created></state><notes>星期三 3 四月 2019 21:13:32 还没定计划，意味着还没有实际开发，这个麻烦了，明天要再提醒时间的紧迫性</notes><done>true</done><doneDate>2019-04-03 00:00:00.0 CST</doneDate><time><id>103</id><name>15 min</name></time><energy><id>119</id><name>Med Mental</name></energy><priority reference="../../../../../../project[2]/children/project[2]/children/project/children/action/priority"/><success></success><modified>2019-04-03 21:14:09.549 CST</modified></action><action><id>16492</id><created>2019-04-03 21:14:09.544 CST</created><parent reference="../../.."/><description>Demo UI开发进度跟踪</description><topic reference="../../../../../../../../../../../../../../../../../topics/items/topic[2]"/><context reference="../../../../../../../../../../../../../../../../../contexts/items/context[4]"/><state class="actionStateScheduled"><date>2019-04-04 16:00:00.0 CST</date><durationHours>0</durationHours><durationMinutes>20</durationMinutes><created>2019-04-03 21:14:09.544 CST</created></state><notes>星期四 4 四月 2019  20:48:05 风险还是很大</notes><done>true</done><doneDate>2019-04-04 00:00:00.0 CST</doneDate><time reference="../../action[11]/time"/><energy reference="../../action[11]/energy"/><priority reference="../../../../../../project[2]/children/project[2]/children/project/children/action/priority"/><success></success><modified>2019-04-04 20:48:12.770 CST</modified></action><action><id>16509</id><created>2019-04-04 20:48:12.742 CST</created><parent reference="../../.."/><description>Demo UI开发进度跟踪</description><topic reference="../../../../../../../../../../../../../../../../../topics/items/topic[2]"/><context reference="../../../../../../../../../../../../../../../../../contexts/items/context[4]"/><state class="actionStateScheduled"><date>2019-04-08 16:00:00.0 CST</date><durationHours>0</durationHours><durationMinutes>20</durationMinutes><created>2019-04-04 20:48:12.742 CST</created></state><notes>星期一 8 四月 2019 17:37:56 早上过会，仅完成方案的新建方案部分，其它的都还没动，估计是给的太松了，这个功能不应该耗费这么久的时间，接下来要考虑好数据</notes><done>true</done><doneDate>2019-04-08 00:00:00.0 CST</doneDate><time reference="../../action[11]/time"/><energy reference="../../action[11]/energy"/><priority reference="../../../../../../project[2]/children/project[2]/children/project/children/action/priority"/><success></success><modified>2019-04-08 17:38:52.279 CST</modified></action><action><id>16584</id><created>2019-04-08 17:38:52.258 CST</created><parent reference="../../.."/><description>Demo UI开发进度跟踪</description><topic reference="../../../../../../../../../../../../../../../../../topics/items/topic[2]"/><context reference="../../../../../../../../../../../../../../../../../contexts/items/context[4]"/><state class="actionStateScheduled"><date>2019-04-09 16:00:00.0 CST</date><durationHours>0</durationHours><durationMinutes>20</durationMinutes><created>2019-04-08 17:38:52.258 CST</created></state><notes>星期三 10 四月 2019 0:11:36 感觉要出问题了，这两天没有跟进</notes><done>true</done><doneDate>2019-04-10 00:00:00.0 CST</doneDate><time reference="../../action[11]/time"/><energy reference="../../action[11]/energy"/><priority reference="../../../../../../project[2]/children/project[2]/children/project/children/action/priority"/><success></success><modified>2019-04-10 00:11:49.774 CST</modified></action><action><id>16597</id><created>2019-04-10 00:11:49.774 CST</created><parent reference="../../.."/><description>Demo UI开发进度跟踪</description><topic reference="../../../../../../../../../../../../../../../../../topics/items/topic[2]"/><context reference="../../../../../../../../../../../../../../../../../contexts/items/context[4]"/><state class="actionStateScheduled"><date>2019-04-11 16:00:00.0 CST</date><durationHours>0</durationHours><durationMinutes>20</durationMinutes><created>2019-04-10 00:11:49.774 CST</created></state><notes>星期四 11 四月 2019 16:00:53 要拆分成 数据处理模块和前端页面模块两个部分， 其中数据处理模块的风险最大
5份跟踪：  1、场景分类数据的输出跟踪   2、3D重建数据的跟踪    3、 精规站点列表数据的跟踪   4、仿真数据的跟踪  5、页面效果的跟踪
星期四 11 四月 2019 17:17:12 场景分类的图片还没切出来，分成5大类也没进行
合并数据的3D重建已经协调到，但是要跟踪结果
精规数据待询问web那边是否获取到了
仿真这边已经陆续输出了，但是比对的圈圈需要和web前端说明
页面效果今天尚未展示</notes><done>true</done><doneDate>2019-04-11 00:00:00.0 CST</doneDate><time reference="../../action[11]/time"/><energy reference="../../action[11]/energy"/><priority reference="../../../../../../project[2]/children/project[2]/children/project/children/action/priority"/><success></success><modified>2019-04-11 22:42:51.814 CST</modified></action><action><id>16648</id><created>2019-04-11 22:42:51.801 CST</created><parent reference="../../.."/><description>Demo UI开发进度跟踪</description><topic reference="../../../../../../../../../../../../../../../../../topics/items/topic[2]"/><context reference="../../../../../../../../../../../../../../../../../contexts/items/context[4]"/><state class="actionStateScheduled"><date>2019-04-12 14:20:00.0 CST</date><durationHours>0</durationHours><durationMinutes>20</durationMinutes><created>2019-04-11 22:42:51.801 CST</created></state><notes>星期五 12 四月 2019 23:37:51 所有数据都已经到位，界面渲染已经成型，现在就是调整效果了</notes><done>true</done><doneDate>2019-04-12 00:00:00.0 CST</doneDate><time reference="../../action[11]/time"/><energy reference="../../action[11]/energy"/><priority reference="../../../../../../project[2]/children/project[2]/children/project/children/action/priority"/><success></success><modified>2019-04-12 23:38:17.710 CST</modified></action><action><id>16660</id><created>2019-04-12 23:38:17.682 CST</created><parent reference="../../.."/><description>Demo UI开发进度跟踪</description><topic reference="../../../../../../../../../../../../../../../../../topics/items/topic[2]"/><context reference="../../../../../../../../../../../../../../../../../contexts/items/context[4]"/><state class="actionStateScheduled"><date>2019-04-15 16:00:00.0 CST</date><durationHours>0</durationHours><durationMinutes>20</durationMinutes><recurrence><id>16414</id><project reference="../../../../.."/><description>Demo UI开发进度跟踪</description><topic reference="../../../../../../../../../../../../../../../../../../../topics/items/topic[2]"/><context reference="../../../../../../../../../../../../../../../../../../../contexts/items/context[4]"/><time reference="../../../../action[11]/time"/><energy reference="../../../../action[11]/energy"/><priority reference="../../../../../../../../project[2]/children/project[2]/children/project/children/action/priority"/><scheduleHours>16</scheduleHours><scheduleMins>0</scheduleMins><durationHours>0</durationHours><durationMins>20</durationMins><basisID>2</basisID><startDate>2019-04-02 00:00:00.0 CST</startDate><periodID>0</periodID><frequency>1</frequency><advanceNbr>4</advanceNbr><endDate>2019-04-13 23:59:59.999 CST</endDate><genNbr>7</genNbr><genToDate>2019-04-13 16:00:00.0 CST</genToDate><success></success><notes></notes><period class="tr.model.action.PeriodDay"/></recurrence><created>2019-04-12 23:38:17.682 CST</created></state><notes></notes><done>false</done><time reference="../../action[11]/time"/><energy reference="../../action[11]/energy"/><priority reference="../../../../../../project[2]/children/project[2]/children/project/children/action/priority"/><success></success><modified>2019-04-12 23:38:17.682 CST</modified></action></children><topic reference="../../../../../../../../../../../../../../../topics/items/topic[2]"/><description>项目管理</description><purpose></purpose><success></success><brainstorming></brainstorming><organising></organising><done>false</done><sequence>false</sequence><sequencing reference="../../../../project/children/project/children/project/sequencing"/><modified>2019-04-12 23:38:17.682 CST</modified></project><project><id>16522</id><created>2019-04-04 21:08:26.47 CST</created><parent reference="../../.."/><children><action><id>16523</id><created>2019-04-04 21:08:36.340 CST</created><parent reference="../../.."/><description>报告提纲的确定</description><topic reference="../../../../../../../../../../../../../../../../../topics/items/topic[2]"/><context reference="../../../../../../../../../../../../../../../../../contexts/items/context[4]"/><state class="actionStateScheduled"><date>2019-04-09 09:30:00.0 CST</date><durationHours>0</durationHours><durationMinutes>0</durationMinutes><created>2019-04-04 21:09:41.889 CST</created></state><notes>星期三 10 四月 2019 0:10:58 讨论过了，最后还是我来写和汇总，这两天会忙死</notes><done>true</done><doneDate>2019-04-10 00:00:00.0 CST</doneDate><priority reference="../../../../../../project[2]/children/project[2]/children/project/children/action/priority"/><modified>2019-04-10 00:11:26.413 CST</modified></action><action><id>16524</id><created>2019-04-04 21:08:46.752 CST</created><parent reference="../../.."/><description>相关报告价值提升的细节讨论与数据获取</description><topic reference="../../../../../../../../../../../../../../../../../topics/items/topic[2]"/><context reference="../../../../../../../../../../../../../../../../../contexts/items/context[4]"/><state class="actionStateScheduled"><date>2019-04-09 16:00:00.0 CST</date><durationHours>0</durationHours><durationMinutes>0</durationMinutes><created>2019-04-04 21:09:56.926 CST</created></state><notes></notes><done>true</done><doneDate>2019-04-10 00:00:00.0 CST</doneDate><priority reference="../../../../../../project[2]/children/project[2]/children/project/children/action/priority"/><modified>2019-04-10 00:10:44.682 CST</modified></action><action><id>16526</id><created>2019-04-04 21:09:19.128 CST</created><parent reference="../../.."/><description>TMF报告素材的收集</description><topic reference="../../../../../../../../../../../../../../../../../topics/items/topic[2]"/><context reference="../../../../../../../../../../../../../../../../../contexts/items/context[4]"/><state class="actionStateScheduled"><date>2019-04-15 16:30:00.0 CST</date><durationHours>0</durationHours><durationMinutes>0</durationMinutes><created>2019-04-04 21:10:12.463 CST</created></state><notes>星期四 11 四月 2019 13:49:06 继续收集，实际上手上没有多少数据能够支撑，根据会上讨论的结果来挨个挨个的收集
星期四 11 四月 2019 16:14:10 根据提纲，进行设计和收集</notes><done>false</done><success></success><modified>2019-04-11 19:16:44.625 CST</modified></action><action><id>16525</id><created>2019-04-04 21:09:09.644 CST</created><parent reference="../../.."/><description>报告的书写</description><topic reference="../../../../../../../../../../../../../../../../../topics/items/topic[2]"/><context reference="../../../../../../../../../../../../../../../../../contexts/items/context[4]"/><state class="actionStateScheduled"><date>2019-04-15 09:00:00.0 CST</date><durationHours>0</durationHours><durationMinutes>0</durationMinutes><created>2019-04-04 21:10:22.55 CST</created></state><notes>星期四 11 四月 2019 23:03:42 排了时间和事情，如果执行力可以应该没有问题</notes><done>false</done><success></success><modified>2019-04-12 09:20:52.546 CST</modified></action><action><id>16640</id><created>2019-04-11 15:58:10.216 CST</created><parent reference="../../.."/><description>内部讨论修改和完善报告内容</description><topic reference="../../../../../../../../../../../../../../../../../topics/items/topic[2]"/><context reference="../../../../../../../../../../../../../../../../../contexts/items/context[4]"/><state class="actionStateScheduled"><date>2019-04-17 10:00:00.0 CST</date><durationHours>0</durationHours><durationMinutes>0</durationMinutes><created>2019-04-11 15:58:47.908 CST</created></state><notes></notes><done>false</done><success></success><modified>2019-04-11 16:12:31.882 CST</modified></action><action><id>16642</id><created>2019-04-11 16:13:23.354 CST</created><parent reference="../../.."/><description>讨论后报告的修改</description><topic reference="../../../../../../../../../../../../../../../../../topics/items/topic[2]"/><context><name>None</name><description>No context.</description><id>9</id></context><state class="actionStateScheduled"><date>2019-04-18 09:00:00.0 CST</date><durationHours>0</durationHours><durationMinutes>0</durationMinutes><created>2019-04-11 16:13:34.865 CST</created></state><notes></notes><done>false</done><modified>2019-04-11 16:13:34.865 CST</modified></action><action><id>16641</id><created>2019-04-11 16:03:15.170 CST</created><parent reference="../../.."/><description>演讲与演示准备</description><topic reference="../../../../../../../../../../../../../../../../../topics/items/topic[2]"/><context reference="../../../../../../../../../../../../../../../../../contexts/items/context[4]"/><state class="actionStateScheduled"><date>2019-04-19 09:00:00.0 CST</date><durationHours>0</durationHours><durationMinutes>0</durationMinutes><created>2019-04-11 16:12:48.434 CST</created></state><notes></notes><done>false</done><success>1、准备下讲稿以及可能问的问题及回答，以及梳理，目的是要展示方案具有创新型，实用性并有巨大的效果，能吸引人</success><modified>2019-04-11 16:12:48.434 CST</modified></action></children><topic reference="../../../../../../../../../../../../../../../topics/items/topic[2]"/><description>报告的输出</description><purpose></purpose><success></success><brainstorming></brainstorming><organising></organising><done>false</done><sequence>false</sequence><sequencing reference="../../../../project/children/project/children/project/sequencing"/><modified>2019-04-11 16:13:23.354 CST</modified></project><project><id>16634</id><created>2019-04-11 15:47:50.541 CST</created><parent reference="../../.."/><children><action><id>16635</id><created>2019-04-11 15:48:42.701 CST</created><parent reference="../../.."/><description>进行过程总结输出改进建议</description><topic reference="../../../../../../../../../../../../../../../../../topics/items/topic[2]"/><context reference="../../../../../../../../../../../../../../../../../contexts/items/context[4]"/><state class="actionStateScheduled"><date>2019-04-22 00:00:00.0 CST</date><durationHours>0</durationHours><durationMinutes>0</durationMinutes><created>2019-04-11 16:18:00.128 CST</created></state><notes></notes><done>false</done><success></success><modified>2019-04-11 17:01:04.624 CST</modified></action><action><id>16636</id><created>2019-04-11 15:49:30.639 CST</created><parent reference="../../.."/><description>总体架构的刷新与完善方案</description><topic reference="../../../../../../../../../../../../../../../../../topics/items/topic[2]"/><context reference="../../../../../../../../../../../../../../../../../contexts/items/context[4]"/><state class="actionStateScheduled"><date>2019-04-22 14:00:00.0 CST</date><durationHours>0</durationHours><durationMinutes>0</durationMinutes><created>2019-04-11 16:18:15.206 CST</created></state><notes></notes><done>false</done><modified>2019-04-11 16:18:15.206 CST</modified></action></children><topic reference="../../../../../../../../../../../../../../../topics/items/topic[2]"/><description>总结与沉淀（抽象模板，架构更新完善）</description><purpose></purpose><success></success><brainstorming></brainstorming><organising></organising><done>false</done><sequence>false</sequence><sequencing reference="../../../../project/children/project/children/project/sequencing"/><modified>2019-04-11 15:49:30.639 CST</modified></project></children><topic reference="../../../../../../../../../../../../../topics/items/topic[2]"/><description>SHCTC TMF</description><purpose></purpose><success>通过这个短期的项目，梳理当前工作所需的5G与AI结合的相关知识与熟悉公司工作方式和项目管理沟通的方式</success><brainstorming></brainstorming><organising></organising><done>false</done><sequence>false</sequence><sequencing reference="../../project/children/project/children/project/sequencing"/><notes></notes><modified>2019-04-11 15:47:50.541 CST</modified></project><project><id>16461</id><created>2019-04-03 16:07:28.313 CST</created><parent reference="../../.."/><children><action><id>16474</id><created>2019-04-03 16:09:59.538 CST</created><parent reference="../../.."/><description>3D重建消防场景方案输出</description><topic reference="../../../../../../../../../../../../../../../topics/items/topic[2]"/><context reference="../../../../../../../../../../../../../../../contexts/items/context[4]"/><state class="actionStateScheduled"><date>2019-04-10 09:00:00.0 CST</date><durationHours>1</durationHours><durationMinutes>0</durationMinutes><created>2019-04-03 16:10:26.75 CST</created></state><notes>星期四 11 四月 2019 12:50:46 上午的效率还可以，下午在优化界面的时候就很慢了，主要是素材这个上面耗费很久，平常要注意进行积累</notes><done>true</done><doneDate>2019-04-11 00:00:00.0 CST</doneDate><priority reference="../../../../project[2]/children/project[2]/children/project/children/action/priority"/><modified>2019-04-11 12:51:43.3 CST</modified></action><action><id>16479</id><created>2019-04-03 16:12:29.79 CST</created><parent reference="../../.."/><description>方案review与修改</description><topic reference="../../../../../../../../../../../../../../../topics/items/topic[2]"/><context reference="../../../../../../../../../../../../../../../contexts/items/context[4]"/><state class="actionStateScheduled"><date>2019-04-09 16:00:00.0 CST</date><durationHours>0</durationHours><durationMinutes>0</durationMinutes><created>2019-04-03 16:13:01.112 CST</created></state><notes>星期四 11 四月 2019 13:40:07 内部review过了</notes><done>true</done><doneDate>2019-04-11 00:00:00.0 CST</doneDate><priority reference="../../../../project[2]/children/project[2]/children/project/children/action/priority"/><success></success><modified>2019-04-11 13:40:14.640 CST</modified></action><action><id>16477</id><created>2019-04-03 16:10:54.136 CST</created><parent reference="../../.."/><description>客户现场交流 day1</description><topic reference="../../../../../../../../../../../../../../../topics/items/topic[2]"/><context reference="../../../../../../../../../../../../../../../contexts/items/context[4]"/><state class="actionStateInactive"><created>2019-04-11 16:19:04.621 CST</created></state><notes>星期四 11 四月 2019 13:51:19 先推迟，客户那边没确定时间</notes><done>false</done><priority reference="../../../../project[2]/children/project[2]/children/project/children/action/priority"/><modified>2019-04-11 16:19:04.621 CST</modified></action><action><id>16478</id><created>2019-04-03 16:11:47.148 CST</created><parent reference="../../.."/><description>客户现场交流 day2</description><topic reference="../../../../../../../../../../../../../../../topics/items/topic[2]"/><context reference="../../../../../../../../../../../../../../../contexts/items/context[4]"/><state class="actionStateInactive"><created>2019-04-11 16:19:07.928 CST</created></state><notes></notes><done>false</done><priority reference="../../../../project[2]/children/project[2]/children/project/children/action/priority"/><modified>2019-04-11 16:19:07.928 CST</modified></action><action><id>16643</id><created>2019-04-11 16:19:33.391 CST</created><parent reference="../../.."/><description>交流前的准备</description><topic reference="../../../../../../../../../../../../../../../topics/items/topic[2]"/><context reference="../../../../project[3]/children/project[7]/children/action[6]/context"/><state class="actionStateInactive"><created>2019-04-11 16:19:33.391 CST</created></state><notes></notes><done>false</done><success>1、相关问题，以及需要从客户那边了解的数据准备 2、交流记录表提前准备 3、预估可能询问的问题的回答策略</success><modified>2019-04-11 16:20:52.592 CST</modified></action></children><topic reference="../../../../../../../../../../../../../topics/items/topic[2]"/><description>3D场景重建应用</description><purpose></purpose><success></success><brainstorming></brainstorming><organising></organising><done>false</done><sequence>false</sequence><sequencing reference="../../project/children/project/children/project/sequencing"/><notes></notes><modified>2019-04-11 16:19:33.391 CST</modified></project><project><id>16608</id><created>2019-04-11 14:53:38.412 CST</created><parent reference="../../.."/><children><project><id>16609</id><created>2019-04-11 14:54:17.846 CST</created><parent reference="../../.."/><children><project><id>136</id><created>2019-03-14 16:54:02.117 CST</created><parent reference="../../.."/><children><project><id>16485</id><created>2019-04-03 16:18:49.653 CST</created><thought reference="../../../../../../../../../../../../../../../../../thought"/><parent reference="../../.."/><children><action><id>16487</id><created>2019-04-03 16:19:12.998 CST</created><parent reference="../../.."/><description>技术论文列表输出</description><topic reference="../../../../../../../../../../../../../../../../../../../../../topics/items/topic[2]"/><context reference="../../../../../../../../../../../../../../../../../../../../../contexts/items/context[4]"/><state class="actionStateScheduled"><date>2019-04-15 21:30:00.0 CST</date><durationHours>0</durationHours><durationMinutes>0</durationMinutes><created>2019-04-03 16:20:27.932 CST</created></state><notes></notes><done>false</done><priority reference="../../../../../../../../../../project[2]/children/project[2]/children/project/children/action/priority"/><success>1、把要看的论文列个列表，挨个按照计划来看</success><modified>2019-04-03 16:20:27.932 CST</modified></action><action><id>16482</id><created>2019-04-03 16:17:33.230 CST</created><thought reference="../../../../../../../../../../../../../../../../../../../thought"/><parent reference="../../.."/><description>每周看一篇机器学习，深度学习方向上的关键论文</description><topic reference="../../../../../../../../../../../../../../../../../../../../../topics/items/topic[2]"/><context reference="../../../../../../../../../../../../../../../../../../../../../contexts/items/context[4]"/><state class="actionStateScheduled"><date>2019-04-21 20:00:00.0 CST</date><durationHours>0</durationHours><durationMinutes>0</durationMinutes><recurrence><id>16484</id><project reference="../../../../.."/><description>每周看一篇机器学习，深度学习方向上的关键论文</description><topic reference="../../../../../../../../../../../../../../../../../../../../../../../topics/items/topic[2]"/><context reference="../../../../../../../../../../../../../../../../../../../../../../../contexts/items/context[4]"/><energy reference="../../../../../../../../../../../../project[2]/children/project[3]/children/project/children/action[3]/energy"/><priority reference="../../../../../../../../../../../../project[2]/children/project[2]/children/project/children/action/priority"/><scheduleHours>9</scheduleHours><scheduleMins>0</scheduleMins><durationHours>1</durationHours><durationMins>0</durationMins><basisID>2</basisID><startDate>2019-04-08 00:00:00.0 CST</startDate><periodID>0</periodID><frequency>1</frequency><advanceNbr>4</advanceNbr><genNbr>0</genNbr><success></success><notes></notes><period class="tr.model.action.PeriodWeek"><selectedDays class="vector"><int>2</int></selectedDays></period></recurrence><created>2019-04-03 16:18:03.775 CST</created></state><notes></notes><done>false</done><energy reference="../../../../../../../../../../project[2]/children/project[3]/children/project/children/action[3]/energy"/><priority reference="../../../../../../../../../../project[2]/children/project[2]/children/project/children/action/priority"/><success></success><modified>2019-04-03 16:18:49.653 CST</modified></action></children><topic reference="../../../../../../../../../../../../../../../../../../../topics/items/topic[2]"/><description>每周看一篇机器学习，深度学习方向上的关键论文</description><purpose></purpose><success></success><brainstorming></brainstorming><organising></organising><done>false</done><sequence>false</sequence><sequencing reference="../../../../../../../../project/children/project/children/project/sequencing"/><notes></notes><modified>2019-04-11 14:48:33.34 CST</modified></project></children><topic reference="../../../../../../../../../../../../../../../../../topics/items/topic[2]"/><description>AI算法巩固与持续跟踪</description><purpose></purpose><success></success><brainstorming></brainstorming><organising></organising><done>false</done><sequence>false</sequence><sequencing reference="../../../../../../project/children/project/children/project/sequencing"/><notes></notes><modified>2019-04-11 15:37:01.196 CST</modified></project><project><id>16614</id><created>2019-04-11 14:56:19.629 CST</created><parent reference="../../.."/><children/><topic reference="../../../../../../../../../../../../../../../../../topics/items/topic[2]"/><description>Traditional Machine Learning</description><purpose></purpose><success></success><brainstorming></brainstorming><organising></organising><done>false</done><sequence>false</sequence><sequencing reference="../../../../../../project/children/project/children/project/sequencing"/><modified>2019-04-11 14:56:35.155 CST</modified></project><project><id>16615</id><created>2019-04-11 14:56:22.36 CST</created><parent reference="../../.."/><children/><topic reference="../../../../../../../../../../../../../../../../../topics/items/topic[2]"/><description>Deep Learning</description><purpose></purpose><success></success><brainstorming></brainstorming><organising></organising><done>false</done><sequence>false</sequence><sequencing reference="../../../../../../project/children/project/children/project/sequencing"/><modified>2019-04-11 14:56:50.550 CST</modified></project><project><id>16616</id><created>2019-04-11 14:56:53.355 CST</created><parent reference="../../.."/><children/><topic reference="../../../../../../../../../../../../../../../../../topics/items/topic[2]"/><description>Reinforcement Learning</description><purpose></purpose><success></success><brainstorming></brainstorming><organising></organising><done>false</done><sequence>false</sequence><sequencing reference="../../../../../../project/children/project/children/project/sequencing"/><modified>2019-04-11 14:57:07.207 CST</modified></project><project><id>16617</id><created>2019-04-11 14:57:14.922 CST</created><parent reference="../../.."/><children/><topic reference="../../../../../../../../../../../../../../../../../topics/items/topic[2]"/><description>Books</description><purpose></purpose><success></success><brainstorming></brainstorming><organising></organising><done>false</done><sequence>false</sequence><sequencing reference="../../../../../../project/children/project/children/project/sequencing"/><modified>2019-04-11 14:57:16.569 CST</modified></project></children><topic reference="../../../../../../../../../../../../../../../topics/items/topic[2]"/><description>Machine Learning</description><purpose></purpose><success></success><brainstorming></brainstorming><organising></organising><done>false</done><sequence>false</sequence><sequencing reference="../../../../project/children/project/children/project/sequencing"/><modified>2019-04-11 15:37:01.202 CST</modified></project><project><id>16610</id><created>2019-04-11 14:54:39.558 CST</created><parent reference="../../.."/><children><project><id>16618</id><created>2019-04-11 14:58:03.569 CST</created><parent reference="../../.."/><children/><topic reference="../../../../../../../../../../../../../../../../../topics/items/topic[2]"/><description>Spark Hadoop Kafka</description><purpose></purpose><success></success><brainstorming></brainstorming><organising></organising><done>false</done><sequence>false</sequence><sequencing reference="../../../../../../project/children/project/children/project/sequencing"/><modified>2019-04-11 14:58:05.447 CST</modified></project><project><id>16619</id><created>2019-04-11 14:58:08.362 CST</created><parent reference="../../.."/><children/><topic reference="../../../../../../../../../../../../../../../../../topics/items/topic[2]"/><description>Tensorflow</description><purpose></purpose><success></success><brainstorming></brainstorming><organising></organising><done>false</done><sequence>false</sequence><sequencing reference="../../../../../../project/children/project/children/project/sequencing"/><modified>2019-04-11 14:58:19.338 CST</modified></project><project><id>16620</id><created>2019-04-11 14:58:24.430 CST</created><parent reference="../../.."/><children/><topic reference="../../../../../../../../../../../../../../../../../topics/items/topic[2]"/><description>Kuberflow</description><purpose></purpose><success></success><brainstorming></brainstorming><organising></organising><done>false</done><sequence>false</sequence><sequencing reference="../../../../../../project/children/project/children/project/sequencing"/><modified>2019-04-11 14:58:31.112 CST</modified></project><project><id>16621</id><created>2019-04-11 14:58:44.283 CST</created><parent reference="../../.."/><children/><topic reference="../../../../../../../../../../../../../../../../../topics/items/topic[2]"/><description>AutoML</description><purpose></purpose><success></success><brainstorming></brainstorming><organising></organising><done>false</done><sequence>false</sequence><sequencing reference="../../../../../../project/children/project/children/project/sequencing"/><modified>2019-04-11 14:58:46.269 CST</modified></project><project><id>16622</id><created>2019-04-11 14:59:01.23 CST</created><parent reference="../../.."/><children/><topic reference="../../../../../../../../../../../../../../../../../topics/items/topic[2]"/><description>Books</description><purpose></purpose><success></success><brainstorming></brainstorming><organising></organising><done>false</done><sequence>false</sequence><sequencing reference="../../../../../../project/children/project/children/project/sequencing"/><modified>2019-04-11 14:59:02.587 CST</modified></project></children><topic reference="../../../../../../../../../../../../../../../topics/items/topic[2]"/><description>Platform &amp; Tools</description><purpose></purpose><success></success><brainstorming></brainstorming><organising></organising><done>false</done><sequence>false</sequence><sequencing reference="../../../../project/children/project/children/project/sequencing"/><modified>2019-04-11 14:59:01.23 CST</modified></project><project><id>16611</id><created>2019-04-11 14:54:55.747 CST</created><parent reference="../../.."/><children><project><id>16623</id><created>2019-04-11 14:59:13.241 CST</created><parent reference="../../.."/><children/><topic reference="../../../../../../../../../../../../../../../../../topics/items/topic[2]"/><description>Programming Language Algorithm</description><purpose></purpose><success></success><brainstorming></brainstorming><organising></organising><done>false</done><sequence>false</sequence><sequencing reference="../../../../../../project/children/project/children/project/sequencing"/><modified>2019-04-11 14:59:14.946 CST</modified></project><project><id>16624</id><created>2019-04-11 14:59:18.112 CST</created><parent reference="../../.."/><children/><topic reference="../../../../../../../../../../../../../../../../../topics/items/topic[2]"/><description>Algorithm</description><purpose></purpose><success></success><brainstorming></brainstorming><organising></organising><done>false</done><sequence>false</sequence><sequencing reference="../../../../../../project/children/project/children/project/sequencing"/><modified>2019-04-11 14:59:27.687 CST</modified></project><project><id>16625</id><created>2019-04-11 14:59:30.759 CST</created><parent reference="../../.."/><children/><topic reference="../../../../../../../../../../../../../../../../../topics/items/topic[2]"/><description>Books</description><purpose></purpose><success></success><brainstorming></brainstorming><organising></organising><done>false</done><sequence>false</sequence><sequencing reference="../../../../../../project/children/project/children/project/sequencing"/><modified>2019-04-11 14:59:35.118 CST</modified></project></children><topic reference="../../../../../../../../../../../../../../../topics/items/topic[2]"/><description>Algorithm &amp; Data structure</description><purpose></purpose><success></success><brainstorming></brainstorming><organising></organising><done>false</done><sequence>false</sequence><sequencing reference="../../../../project/children/project/children/project/sequencing"/><modified>2019-04-11 14:59:30.759 CST</modified></project><project><id>16612</id><created>2019-04-11 14:55:25.908 CST</created><parent reference="../../.."/><children><project><id>16626</id><created>2019-04-11 14:59:39.421 CST</created><parent reference="../../.."/><children/><topic reference="../../../../../../../../../../../../../../../../../topics/items/topic[2]"/><description>Linear  algebra</description><purpose></purpose><success></success><brainstorming></brainstorming><organising></organising><done>false</done><sequence>false</sequence><sequencing reference="../../../../../../project/children/project/children/project/sequencing"/><modified>2019-04-11 14:59:53.182 CST</modified></project><project><id>16627</id><created>2019-04-11 15:00:02.91 CST</created><parent reference="../../.."/><children/><topic reference="../../../../../../../../../../../../../../../../../topics/items/topic[2]"/><description>Deferential</description><purpose></purpose><success></success><brainstorming></brainstorming><organising></organising><done>false</done><sequence>false</sequence><sequencing reference="../../../../../../project/children/project/children/project/sequencing"/><modified>2019-04-11 15:00:03.666 CST</modified></project><project><id>16628</id><created>2019-04-11 15:00:14.61 CST</created><parent reference="../../.."/><children/><topic reference="../../../../../../../../../../../../../../../../../topics/items/topic[2]"/><description>Convex optimization</description><purpose></purpose><success></success><brainstorming></brainstorming><organising></organising><done>false</done><sequence>false</sequence><sequencing reference="../../../../../../project/children/project/children/project/sequencing"/><modified>2019-04-11 15:00:15.64 CST</modified></project><project><id>16629</id><created>2019-04-11 15:00:29.492 CST</created><parent reference="../../.."/><children/><topic reference="../../../../../../../../../../../../../../../../../topics/items/topic[2]"/><description>Probability</description><purpose></purpose><success></success><brainstorming></brainstorming><organising></organising><done>false</done><sequence>false</sequence><sequencing reference="../../../../../../project/children/project/children/project/sequencing"/><modified>2019-04-11 15:00:31.226 CST</modified></project><project><id>16630</id><created>2019-04-11 15:00:38.910 CST</created><parent reference="../../.."/><children/><topic reference="../../../../../../../../../../../../../../../../../topics/items/topic[2]"/><description>Books</description><purpose></purpose><success></success><brainstorming></brainstorming><organising></organising><done>false</done><sequence>false</sequence><sequencing reference="../../../../../../project/children/project/children/project/sequencing"/><modified>2019-04-11 15:00:40.614 CST</modified></project></children><topic reference="../../../../../../../../../../../../../../../topics/items/topic[2]"/><description>Maths &amp; Statistics</description><purpose></purpose><success></success><brainstorming></brainstorming><organising></organising><done>false</done><sequence>false</sequence><sequencing reference="../../../../project/children/project/children/project/sequencing"/><modified>2019-04-11 15:00:38.910 CST</modified></project><project><id>16613</id><created>2019-04-11 14:55:36.382 CST</created><parent reference="../../.."/><children><project><id>16632</id><created>2019-04-11 15:01:02.604 CST</created><parent reference="../../.."/><children/><topic reference="../../../../../../../../../../../../../../../../../topics/items/topic[2]"/><description>IT infrastructure</description><purpose></purpose><success></success><brainstorming></brainstorming><organising></organising><done>false</done><sequence>false</sequence><sequencing reference="../../../../../../project/children/project/children/project/sequencing"/><modified>2019-04-11 15:01:04.665 CST</modified></project><project><id>138</id><created>2019-03-14 16:55:28.207 CST</created><parent reference="../../.."/><children/><topic reference="../../../../../../../../../../../../../../../../../topics/items/topic[2]"/><description>IT infrastructure and architecture research and state of art research</description><purpose></purpose><success></success><brainstorming></brainstorming><organising></organising><done>false</done><sequence>false</sequence><sequencing reference="../../../../../../project/children/project/children/project/sequencing"/><notes></notes><modified>2019-04-11 15:39:11.458 CST</modified></project><project><id>16633</id><created>2019-04-11 15:01:22.167 CST</created><parent reference="../../.."/><children/><topic reference="../../../../../../../../../../../../../../../../../topics/items/topic[2]"/><description>Books</description><purpose></purpose><success></success><brainstorming></brainstorming><organising></organising><done>false</done><sequence>false</sequence><sequencing reference="../../../../../../project/children/project/children/project/sequencing"/><modified>2019-04-11 15:01:23.927 CST</modified></project></children><topic reference="../../../../../../../../../../../../../../../topics/items/topic[2]"/><description>System Design IT infrastructure</description><purpose></purpose><success></success><brainstorming></brainstorming><organising></organising><done>false</done><sequence>false</sequence><sequencing reference="../../../../project/children/project/children/project/sequencing"/><modified>2019-04-11 15:39:15.250 CST</modified></project></children><topic reference="../../../../../../../../../../../../../topics/items/topic[2]"/><description>DSA</description><purpose></purpose><success></success><brainstorming></brainstorming><organising></organising><done>false</done><sequence>false</sequence><sequencing reference="../../project/children/project/children/project/sequencing"/><notes></notes><modified>2019-04-11 14:55:36.382 CST</modified></project></children><topic reference="../../../../../../../../../../../topics/items/topic[2]"/><description>工作目标</description><purpose>继续在AI+业务的领域做出成绩并在这个领域再进一步的沉淀</purpose><success>坚固的基础，动手之高效，创新之思维，视角眼界之开阔，技术之前列，强且高明的领导力</success><brainstorming>从如下的几个维度出发，涵盖AI与业务应用场景的结合并取得在重大项目上的成功落地
1、业务场景
2、算法
3、平台
4、IT infrastructure</brainstorming><organising></organising><done>false</done><sequence>false</sequence><sequencing reference="../children/project/children/project/children/project/sequencing"/><notes>在工作包括技术和所需工作能力的深度和广度上的积累足够能支撑起在某个领域上的创业需要，达到这点的同时也具备了能在有前景/名气的公司内获得相应的高阶收入与匹配的高级别地位，并且在圈内达到一定的知名度

2019年以5G场景为重点，结合实际的工作把平台和IT基础设施和架构在项目上进行有效的落地提升，同时跟踪AI算法的发展及继续巩固基础

************************ 2019 年
Goal：
1、全年争取读完100+本书并有输出
2、读书会有开就参加（坚持参加读书会的本质需求，就是读书分享交流，要多分享，多交流对当期书的观点看法）
3、个人在管理（时间、项目、团队）上有实质上的进步和提升（怎么衡量），具体时间的规划上全年能够完成80%的规划，经历过至少1个大型的公司项目的管理，并至少向领导学习管理的哲学与经验，如果能争取到带团队更好
4、思维上的发展可以体现在对工作事情的复盘输出上，每月进行复盘输出

Output： 
1、输出读书过程的记录梳理 
2、输出心得及观点并放到网上
3、时间跟踪记录
4、项目定期的总结记录
5、定期的总结记录

Check： 
Check周期： 每周各个小项进行检查，每月底进行全面的一次检查 </notes><modified>2019-04-11 15:39:11.458 CST</modified></project><project><id>130</id><created>2019-03-14 16:24:55.53 CST</created><parent class="projects" reference="../../.."/><children><project><id>149</id><created>2019-03-14 17:14:07.116 CST</created><parent reference="../../.."/><children><project><id>151</id><created>2019-03-14 17:14:40.300 CST</created><parent reference="../../.."/><children><project><id>16684</id><created>2019-04-14 15:28:24.308 CST</created><parent reference="../../.."/><children/><topic reference="../../../../../../../../../../../../../../../../../topics/items/topic[9]"/><description>尘埃落定</description><purpose></purpose><success></success><brainstorming></brainstorming><organising></organising><done>true</done><doneDate>2019-04-14 15:28:56.207 CST</doneDate><sequence>false</sequence><sequencing reference="../../../../../../../../project/children/project/children/project/children/project/sequencing"/><notes>星期日 14 四月 2019 15:28:35 没有阅读，没有参加，也不在杭州 Failed</notes><modified>2019-04-14 15:28:56.207 CST</modified></project><project><id>158</id><created>2019-03-14 17:20:50.315 CST</created><parent reference="../../.."/><children><action><id>154</id><created>2019-03-14 17:15:29.869 CST</created><parent reference="../../.."/><description>《奥丽芙.基特里奇》 4/5</description><topic reference="../../../../../../../../../../../../../../../../../../../topics/items/topic[9]"/><context reference="../../../../../../../../../../../../../../../../../../../contexts/items/context[2]"/><state class="actionStateScheduled"><date>2019-03-15 21:00:00.0 CST</date><durationHours>1</durationHours><durationMinutes>0</durationMinutes><created>2019-03-14 17:17:46.811 CST</created></state><notes>17:24:14星期四 14 三月 2019</notes><done>true</done><doneDate>2019-03-16 00:00:00.0 CST</doneDate><time><id>107</id><name>1 hr</name></time><energy reference="../../../../../../../../../../project/children/project[3]/children/project[6]/children/action[11]/energy"/><priority reference="../../../../../../../../../../project/children/project[2]/children/project[2]/children/project/children/action/priority"/><success>完成到第240页的阅读</success><modified>2019-03-16 07:22:19.67 CST</modified></action><action><id>210</id><created>2019-03-14 17:24:33.354 CST</created><parent reference="../../.."/><description>《奥丽芙.基特里奇》 阅读完成</description><topic reference="../../../../../../../../../../../../../../../../../../../topics/items/topic[9]"/><context reference="../../../../../../../../../../../../../../../../../../../contexts/items/context[2]"/><state class="actionStateScheduled"><date>2019-03-15 21:00:00.0 CST</date><durationHours>1</durationHours><durationMinutes>0</durationMinutes><created reference="../../../action/state/created"/></state><notes>17:24:14星期四 14 三月 2019</notes><done>true</done><doneDate>2019-03-16 00:00:00.0 CST</doneDate><time reference="../../action/time"/><energy reference="../../../../../../../../../../project/children/project[3]/children/project[6]/children/action[11]/energy"/><priority reference="../../../../../../../../../../project/children/project[2]/children/project[2]/children/project/children/action/priority"/><success>完成到第300页的阅读</success><modified>2019-03-16 16:34:04.773 CST</modified></action><action><id>775</id><created>2019-03-14 17:39:14.743 CST</created><parent reference="../../.."/><description>《奥丽芙.基特里奇》 输出完成</description><topic reference="../../../../../../../../../../../../../../../../../../../topics/items/topic[9]"/><context reference="../../../../../../../../../../../../../../../../../../../contexts/items/context[2]"/><state class="actionStateScheduled"><date>2019-03-16 17:00:00.0 CST</date><durationHours>1</durationHours><durationMinutes>0</durationMinutes><created>2019-03-14 17:39:40.622 CST</created></state><notes></notes><done>true</done><doneDate>2019-03-16 00:00:00.0 CST</doneDate><time reference="../../action/time"/><energy reference="../../../../../../../../../../project/children/project[3]/children/project[6]/children/action[11]/energy"/><priority reference="../../../../../../../../../../project/children/project[2]/children/project[2]/children/project/children/action/priority"/><success>完成读书会上的分享稿输出</success><modified>2019-03-24 22:58:20.446 CST</modified></action><action><id>310</id><created>2019-03-14 17:25:08.534 CST</created><parent reference="../../.."/><description>《奥丽芙.基特里奇》 分享</description><topic reference="../../../../../../../../../../../../../../../../../../../topics/items/topic[9]"/><context reference="../../../../../../../../../../../../../../../../../../../contexts/items/context[2]"/><state class="actionStateScheduled"><date>2019-03-16 19:00:00.0 CST</date><durationHours>3</durationHours><durationMinutes>0</durationMinutes><created reference="../../../action/state/created"/></state><notes>17:24:14星期四 14 三月 2019</notes><done>true</done><doneDate>2019-03-16 00:00:00.0 CST</doneDate><time><id>111</id><name>3 hrs</name></time><energy reference="../../../../../../../../../../project/children/project[2]/children/project[3]/children/project/children/action[3]/energy"/><priority reference="../../../../../../../../../../project/children/project[2]/children/project[2]/children/project/children/action/priority"/><success>完成读书会上的分享，并参加讨论和记录会上的观点想法</success><modified>2019-03-24 22:58:29.25 CST</modified></action></children><topic reference="../../../../../../../../../../../../../../../../../topics/items/topic[9]"/><description>《奥丽芙.基特里奇》 </description><purpose></purpose><success></success><brainstorming></brainstorming><organising></organising><done>true</done><doneDate>2019-03-28 15:52:41.897 CST</doneDate><sequence>false</sequence><sequencing reference="../../../../../../../../project/children/project/children/project/children/project/sequencing"/><notes></notes><priority reference="../../../../../../../../project/children/project[2]/children/project[2]/children/project/children/action/priority"/><modified>2019-03-28 15:52:41.897 CST</modified></project><project><id>16685</id><created>2019-04-14 15:29:04.612 CST</created><parent reference="../../.."/><children><action><id>16380</id><created>2019-03-29 09:12:41.600 CST</created><parent reference="../../.."/><description>0330 读书会书目《人性的枷锁》心得与总结稿</description><topic reference="../../../../../../../../../../../../../../../../../../../topics/items/topic[9]"/><context reference="../../../../../../../../../../../../../../../../../../../contexts/items/context[2]"/><state class="actionStateScheduled"><date>2019-03-30 14:00:00.0 CST</date><durationHours>2</durationHours><durationMinutes>30</durationMinutes><created>2019-03-29 09:13:36.317 CST</created></state><notes>星期一 1 四月 2019 15:03:43 出差，没有进行 Fail</notes><done>true</done><doneDate>2019-04-01 00:00:00.0 CST</doneDate><success></success><modified>2019-04-14 15:29:38.798 CST</modified></action><action><id>16381</id><created>2019-03-29 09:13:53.948 CST</created><parent reference="../../.."/><description>0330 读书会书目《人性的枷锁》分享与交流</description><topic reference="../../../../../../../../../../../../../../../../../../../topics/items/topic[9]"/><context reference="../../../../../../../../../../../../../../../../../../../contexts/items/context[2]"/><state class="actionStateScheduled"><date>2019-03-30 19:30:00.0 CST</date><durationHours>3</durationHours><durationMinutes>0</durationMinutes><created>2019-03-29 09:14:22.399 CST</created></state><notes>星期一 1 四月 2019 15:03:43 出差，没有进行 Fail</notes><done>true</done><doneDate>2019-04-01 00:00:00.0 CST</doneDate><modified>2019-04-14 15:29:43.119 CST</modified></action></children><topic reference="../../../../../../../../../../../../../../../../../topics/items/topic[9]"/><description>人性的枷锁</description><purpose></purpose><success></success><brainstorming></brainstorming><organising></organising><done>true</done><doneDate>2019-04-14 15:29:52.558 CST</doneDate><sequence>false</sequence><sequencing reference="../../../../../../../../project/children/project/children/project/children/project/sequencing"/><notes>星期日 14 四月 2019 15:29:18 读了，但是不在杭州，因工作原因加班</notes><modified>2019-04-14 15:29:52.558 CST</modified></project><project><id>16555</id><created>2019-04-07 17:16:55.171 CST</created><parent reference="../../.."/><children><action><id>16556</id><created>2019-04-07 17:17:11.404 CST</created><parent reference="../../.."/><description>完成1/5的阅读</description><topic reference="../../../../../../../../../../../../../../../../../../../topics/items/topic[9]"/><context reference="../../../../../../../../../../../../../../../../../../../contexts/items/context[2]"/><state class="actionStateScheduled"><date>2019-04-08 23:00:00.0 CST</date><durationHours>1</durationHours><durationMinutes>0</durationMinutes><recurrence><id>16557</id><project reference="../../../../.."/><description>完成1/5的阅读</description><topic reference="../../../../../../../../../../../../../../../../../../../../../topics/items/topic[9]"/><context reference="../../../../../../../../../../../../../../../../../../../../../contexts/items/context[2]"/><scheduleHours>23</scheduleHours><scheduleMins>0</scheduleMins><durationHours>1</durationHours><durationMins>0</durationMins><basisID>1</basisID><startDate>2019-04-08 00:00:00.0 CST</startDate><periodID>0</periodID><frequency>1</frequency><advanceNbr>6</advanceNbr><endDate>2019-04-13 00:00:00.0 CST</endDate><genNbr>0</genNbr><genToDate>2019-04-13 23:00:00.0 CST</genToDate><success></success><notes></notes><period class="tr.model.action.PeriodDay"/></recurrence><created>2019-04-07 17:17:33.48 CST</created></state><notes>星期日 7 四月 2019 19:27:43 花了一个下午，完成了，今天图书馆的美女相当的多，估计是天气热的缘故，打扮开始清凉起来，但是还是又穿着很合身的女孩子，看上去就和别人不一样的打扮，不必太清凉也能显示出优雅的气质，人和人之间的差别还是很大的，特别是从修养上的就能反馈一个人</notes><done>true</done><doneDate>2019-04-07 00:00:00.0 CST</doneDate><modified>2019-04-07 19:30:08.586 CST</modified></action><action><id>16558</id><created>2019-04-07 17:18:22.452 CST</created><parent reference="../../.."/><description>完成1/5的阅读</description><topic reference="../../../../../../../../../../../../../../../../../../../topics/items/topic[9]"/><context reference="../../../../../../../../../../../../../../../../../../../contexts/items/context[2]"/><state class="actionStateScheduled"><date>2019-04-09 23:00:00.0 CST</date><durationHours>1</durationHours><durationMinutes>0</durationMinutes><recurrence reference="../../../action/state/recurrence"/><created>2019-04-07 17:18:22.452 CST</created></state><notes></notes><done>true</done><doneDate>2019-04-10 00:00:00.0 CST</doneDate><success></success><modified>2019-04-10 00:12:33.233 CST</modified></action><action><id>16559</id><created>2019-04-07 17:18:22.454 CST</created><parent reference="../../.."/><description>完成1/5的阅读</description><topic reference="../../../../../../../../../../../../../../../../../../../topics/items/topic[9]"/><context reference="../../../../../../../../../../../../../../../../../../../contexts/items/context[2]"/><state class="actionStateScheduled"><date>2019-04-12 23:00:00.0 CST</date><durationHours>1</durationHours><durationMinutes>0</durationMinutes><recurrence reference="../../../action/state/recurrence"/><created>2019-04-07 17:18:22.454 CST</created></state><notes>星期四 11 四月 2019 14:00:47 今天晚上进行，再拖就看不完了
星期五 12 四月 2019 9:19:23 完成了2/5+， 但是还有2/5+， 今明两天要加紧
星期五 12 四月 2019 23:34:17 3/5 看完了，今晚再加油加油，明天好完成。</notes><done>true</done><doneDate>2019-04-12 00:00:00.0 CST</doneDate><success></success><modified>2019-04-12 23:34:50.320 CST</modified></action><action><id>16560</id><created>2019-04-07 17:18:22.476 CST</created><parent reference="../../.."/><description>完成1/5的阅读</description><topic reference="../../../../../../../../../../../../../../../../../../../topics/items/topic[9]"/><context reference="../../../../../../../../../../../../../../../../../../../contexts/items/context[2]"/><state class="actionStateScheduled"><date>2019-04-12 23:00:00.0 CST</date><durationHours>1</durationHours><durationMinutes>0</durationMinutes><recurrence reference="../../../action/state/recurrence"/><created>2019-04-07 17:18:22.476 CST</created></state><notes>星期日 14 四月 2019 11:15:29 星期五晚上加班加点的读了</notes><done>true</done><doneDate>2019-04-14 00:00:00.0 CST</doneDate><success></success><modified>2019-04-14 11:15:42.508 CST</modified></action><action><id>16561</id><created>2019-04-07 17:18:22.496 CST</created><parent reference="../../.."/><description>完成1/5的阅读</description><topic reference="../../../../../../../../../../../../../../../../../../../topics/items/topic[9]"/><context reference="../../../../../../../../../../../../../../../../../../../contexts/items/context[2]"/><state class="actionStateScheduled"><date>2019-04-12 23:00:00.0 CST</date><durationHours>1</durationHours><durationMinutes>0</durationMinutes><recurrence reference="../../../action/state/recurrence"/><created>2019-04-07 17:18:22.496 CST</created></state><notes>星期日 14 四月 2019 11:15:50 星期六回杭州的路上读了，</notes><done>true</done><doneDate>2019-04-14 00:00:00.0 CST</doneDate><success></success><modified>2019-04-14 11:16:08.730 CST</modified></action><action><id>16562</id><created>2019-04-07 17:18:22.554 CST</created><parent reference="../../.."/><description>总结输出</description><topic reference="../../../../../../../../../../../../../../../../../../../topics/items/topic[9]"/><context reference="../../../../../../../../../../../../../../../../../../../contexts/items/context[2]"/><state class="actionStateScheduled"><date reference="../../../action/state/recurrence/genToDate"/><durationHours>1</durationHours><durationMinutes>0</durationMinutes><recurrence reference="../../../action/state/recurrence"/><created>2019-04-07 17:18:22.554 CST</created></state><notes>星期日 14 四月 2019 11:16:16 有总结但是没有深度</notes><done>true</done><doneDate>2019-04-14 00:00:00.0 CST</doneDate><success></success><modified>2019-04-14 11:16:28.296 CST</modified></action><action><id>16563</id><created>2019-04-07 17:19:49.641 CST</created><parent reference="../../.."/><description>读书会上进行分享</description><topic reference="../../../../../../../../../../../../../../../../../../../topics/items/topic[9]"/><context reference="../../../../../../../../../../../../../../../../../../../contexts/items/context[2]"/><state class="actionStateScheduled"><date>2019-04-13 19:00:00.0 CST</date><durationHours>0</durationHours><durationMinutes>0</durationMinutes><created>2019-04-07 17:20:13.936 CST</created></state><notes>星期日 14 四月 2019 11:12:03 想表达的依旧很乱，没有好好的思考方式的缘故，要好好的做观察和学习好的心得转换方式和思考方式，不要总是故事总结，要在总结上得出自己的心得</notes><done>true</done><doneDate>2019-04-14 00:00:00.0 CST</doneDate><priority reference="../../../../../../../../../../project/children/project[2]/children/project[2]/children/project/children/action/priority"/><modified>2019-04-14 11:13:27.274 CST</modified></action></children><topic reference="../../../../../../../../../../../../../../../../../topics/items/topic[9]"/><description>陆犯焉识</description><purpose></purpose><success></success><brainstorming></brainstorming><organising></organising><done>true</done><doneDate>2019-04-14 11:52:37.191 CST</doneDate><sequence>false</sequence><sequencing reference="../../../../../../../../project/children/project/children/project/children/project/sequencing"/><notes>星期日 14 四月 2019 11:52:43 这周的收获比较好，主要是在第二天的总结中， 提炼出了一些分析思考的方法， 另外参加读书会的结束时间也控制住了，没有出现晚上宵夜的情况，但是会上的参与度还是太少</notes><modified>2019-04-14 11:54:18.499 CST</modified></project><project><id>16667</id><created>2019-04-14 11:55:02.914 CST</created><parent reference="../../.."/><children><action><id>16668</id><created>2019-04-14 12:03:02.274 CST</created><parent reference="../../.."/><description>1/7阅读</description><topic reference="../../../../../../../../../../../../../../../../../../../topics/items/topic[9]"/><context reference="../../../../../../../../../../../../../../../../../../../contexts/items/context[2]"/><state class="actionStateScheduled"><date>2019-04-15 23:01:00.0 CST</date><durationHours>0</durationHours><durationMinutes>0</durationMinutes><recurrence><id>16669</id><project reference="../../../../.."/><description>1/7阅读</description><topic reference="../../../../../../../../../../../../../../../../../../../../../topics/items/topic[9]"/><context reference="../../../../../../../../../../../../../../../../../../../../../contexts/items/context[2]"/><time><id>106</id><name>45 min</name></time><priority><id>126</id><name>Would</name></priority><scheduleHours>23</scheduleHours><scheduleMins>1</scheduleMins><durationHours>0</durationHours><durationMins>0</durationMins><basisID>2</basisID><startDate>2019-04-15 00:00:00.0 CST</startDate><periodID>0</periodID><frequency>1</frequency><advanceNbr>4</advanceNbr><endNbr>8</endNbr><genNbr>0</genNbr><success></success><notes></notes><period class="tr.model.action.PeriodDay"/></recurrence><created>2019-04-14 12:03:19.537 CST</created></state><notes></notes><done>false</done><priority reference="../state/recurrence/priority"/><success>1、完成阅读与总结分享</success><modified>2019-04-14 12:04:25.356 CST</modified></action></children><topic reference="../../../../../../../../../../../../../../../../../topics/items/topic[9]"/><description>4.19读书会 《世上最美的溺水者》</description><purpose></purpose><success></success><brainstorming></brainstorming><organising></organising><done>false</done><sequence>false</sequence><sequencing reference="../../../../../../../../project/children/project/children/project/children/project/sequencing"/><notes></notes><priority reference="../children/action/state/recurrence/priority"/><modified>2019-04-14 12:03:02.275 CST</modified></project></children><topic reference="../../../../../../../../../../../../../../../topics/items/topic[9]"/><description>读书会推荐的书目</description><purpose>1、完成阅读，并输出阅读报告， 情节梳理，心得
2、准备好分享稿
3、在读书会上进行分享和讨论，并记录他人的精彩心得想法</purpose><success>从读书会中锻炼提高分享及演讲和现场讨论沟通交流的能力，并接收各种关于当期书本的阅读心得分享，聆听新的故事，丰富见闻</success><brainstorming></brainstorming><organising></organising><done>false</done><sequence>false</sequence><sequencing reference="../../../../../../project/children/project/children/project/children/project/sequencing"/><notes>
************************ 2019 年

Goal：数量不一定，但是有开就参加，坚持参加读书会的本质需求，就是读书分享交流，要多分享，多交流对当期书的观点看法

Output： 
1、输出读书过程的记录梳理 
2、输出心得及观点，准备好分享稿并放到网上  
3、在读书会上进行分享和讨论，并记录他人的精彩心得想法

Check： 
Check周期： 每周， 每周底，读书会结束后第二天进行

【Check 12:46:12 星期五 15 三月 2019】 年后回来已经参与了一期， 《小小小小的火》 去年就读过的书，会上分享很好。</notes><modified>2019-04-14 15:29:48.23 CST</modified></project><project><id>152</id><created>2019-03-14 17:14:43.67 CST</created><parent reference="../../.."/><children><project><id>4527</id><created>2019-03-14 18:11:37.512 CST</created><parent reference="../../.."/><children><action><id>6025</id><created>2019-03-14 18:20:01.113 CST</created><parent reference="../../.."/><description>看不见的城市</description><topic reference="../../../../../../../../../../../../../../../../../../../topics/items/topic[3]"/><context reference="../../../../../../../../../../../../../../../../../../../contexts/items/context[3]"/><state class="actionStateScheduled"><date>2019-01-01 00:00:00.0 CST</date><durationHours>0</durationHours><durationMinutes>0</durationMinutes><created>2019-03-14 18:20:30.682 CST</created></state><notes></notes><done>true</done><doneDate>2019-01-07 00:00:00.0 CST</doneDate><success>完成阅读</success><modified>2019-03-15 11:36:28.190 CST</modified></action></children><topic reference="../../../../../../../../../../../../../../../../../topics/items/topic[10]"/><description>看不见的城市</description><purpose></purpose><success></success><brainstorming></brainstorming><organising></organising><done>true</done><doneDate>2019-03-14 18:20:57.54 CST</doneDate><sequence>false</sequence><sequencing reference="../../../../../../../../project/children/project/children/project/children/project/sequencing"/><notes></notes><modified>2019-03-15 13:08:53.755 CST</modified></project><project><id>4528</id><created>2019-03-14 18:11:37.512 CST</created><parent reference="../../.."/><children><action><id>6026</id><created>2019-03-15 11:36:32.401 CST</created><parent reference="../../.."/><description>不存在的骑士</description><topic reference="../../../../../../../../../../../../../../../../../../../topics/items/topic[3]"/><context reference="../../../../../../../../../../../../../../../../../../../contexts/items/context[3]"/><state class="actionStateScheduled"><date>2019-01-07 00:00:00.0 CST</date><durationHours>0</durationHours><durationMinutes>0</durationMinutes><created>2019-03-15 11:36:50.435 CST</created></state><notes></notes><done>true</done><doneDate>2019-01-14 00:00:00.0 CST</doneDate><success>完成阅读</success><modified>2019-03-15 11:37:11.434 CST</modified></action></children><topic reference="../../../../../../../../../../../../../../../../../topics/items/topic[10]"/><description>不存在的骑士</description><purpose></purpose><success></success><brainstorming></brainstorming><organising></organising><done>true</done><doneDate>2019-03-15 11:37:35.387 CST</doneDate><sequence>false</sequence><sequencing reference="../../../../../../../../project/children/project/children/project/children/project/sequencing"/><notes></notes><modified>2019-03-15 13:08:56.264 CST</modified></project><project><id>4529</id><created>2019-03-14 18:11:37.513 CST</created><parent reference="../../.."/><children><action><id>6027</id><created>2019-03-15 11:37:46.653 CST</created><parent reference="../../.."/><description>人性的枷锁</description><topic reference="../../../../../../../../../../../../../../../../../../../topics/items/topic[3]"/><context reference="../../../../../../../../../../../../../../../../../../../contexts/items/context[3]"/><state class="actionStateScheduled"><date>2019-01-14 00:00:00.0 CST</date><durationHours>0</durationHours><durationMinutes>0</durationMinutes><created>2019-03-15 11:38:07.574 CST</created></state><notes></notes><done>true</done><doneDate>2019-01-20 00:00:00.0 CST</doneDate><success>完成阅读</success><modified>2019-03-15 11:38:30.853 CST</modified></action></children><topic reference="../../../../../../../../../../../../../../../../../topics/items/topic[10]"/><description>人性的枷锁</description><purpose></purpose><success></success><brainstorming></brainstorming><organising></organising><done>true</done><doneDate>2019-03-15 11:38:37.112 CST</doneDate><sequence>false</sequence><sequencing reference="../../../../../../../../project/children/project/children/project/children/project/sequencing"/><notes></notes><modified>2019-03-28 23:39:58.832 CST</modified></project><project><id>4530</id><created>2019-03-14 18:11:37.513 CST</created><parent reference="../../.."/><children><action><id>6028</id><created>2019-03-15 11:38:49.674 CST</created><parent reference="../../.."/><description>长日将尽</description><topic reference="../../../../../../../../../../../../../../../../../../../topics/items/topic[3]"/><context reference="../../../../../../../../../../../../../../../../../../../contexts/items/context[3]"/><state class="actionStateScheduled"><date>2019-01-21 00:00:00.0 CST</date><durationHours>0</durationHours><durationMinutes>0</durationMinutes><created>2019-03-15 11:39:05.417 CST</created></state><notes></notes><done>true</done><doneDate>2019-01-26 00:00:00.0 CST</doneDate><success></success><modified>2019-03-15 11:39:57.595 CST</modified></action></children><topic reference="../../../../../../../../../../../../../../../../../topics/items/topic[10]"/><description>长日将近</description><purpose></purpose><success></success><brainstorming></brainstorming><organising></organising><done>true</done><doneDate>2019-03-15 11:41:17.566 CST</doneDate><sequence>false</sequence><sequencing reference="../../../../../../../../project/children/project/children/project/children/project/sequencing"/><modified>2019-03-15 13:09:01.673 CST</modified></project><project><id>4531</id><created>2019-03-14 18:11:37.513 CST</created><parent reference="../../.."/><children><action><id>6029</id><created>2019-03-15 11:40:11.557 CST</created><parent reference="../../.."/><description>刀锋</description><topic reference="../../../../../../../../../../../../../../../../../../../topics/items/topic[3]"/><context reference="../../../../../../../../../../../../../../../../../../../contexts/items/context[3]"/><state class="actionStateScheduled"><date>2019-01-28 00:00:00.0 CST</date><durationHours>0</durationHours><durationMinutes>0</durationMinutes><created>2019-03-15 11:40:23.462 CST</created></state><notes></notes><done>true</done><doneDate>2019-02-04 00:00:00.0 CST</doneDate><success>完成阅读</success><modified>2019-03-15 11:40:59.36 CST</modified></action></children><topic reference="../../../../../../../../../../../../../../../../../topics/items/topic[10]"/><description>刀锋</description><purpose></purpose><success></success><brainstorming></brainstorming><organising></organising><done>true</done><doneDate>2019-03-14 18:19:21.516 CST</doneDate><sequence>false</sequence><sequencing reference="../../../../../../../../project/children/project/children/project/children/project/sequencing"/><modified>2019-03-15 13:09:04.623 CST</modified></project><project><id>4534</id><created>2019-03-14 18:11:37.515 CST</created><parent reference="../../.."/><children><action><id>6031</id><created>2019-03-15 11:43:40.574 CST</created><parent reference="../../.."/><description>鼠疫</description><topic reference="../../../../../../../../../../../../../../../../../../../topics/items/topic[3]"/><context reference="../../../../../../../../../../../../../../../../../../../contexts/items/context[3]"/><state class="actionStateScheduled"><date>2019-02-04 00:00:00.0 CST</date><durationHours>0</durationHours><durationMinutes>0</durationMinutes><created>2019-03-15 11:43:52.784 CST</created></state><notes></notes><done>true</done><doneDate>2019-02-09 00:00:00.0 CST</doneDate><success></success><modified>2019-03-15 11:45:57.883 CST</modified></action></children><topic reference="../../../../../../../../../../../../../../../../../topics/items/topic[10]"/><description>鼠疫</description><purpose></purpose><success></success><brainstorming></brainstorming><organising></organising><done>true</done><doneDate>2019-03-15 11:44:22.450 CST</doneDate><sequence>false</sequence><sequencing reference="../../../../../../../../project/children/project/children/project/children/project/sequencing"/><modified>2019-03-15 13:09:07.404 CST</modified></project><project><id>4535</id><created>2019-03-14 18:11:37.515 CST</created><parent reference="../../.."/><children><action><id>6032</id><created>2019-03-15 11:44:53.826 CST</created><parent reference="../../.."/><description>无声告白</description><topic reference="../../../../../../../../../../../../../../../../../../../topics/items/topic[3]"/><context reference="../../../../../../../../../../../../../../../../../../../contexts/items/context[3]"/><state class="actionStateScheduled"><date>2019-02-16 00:00:00.0 CST</date><durationHours>0</durationHours><durationMinutes>0</durationMinutes><created>2019-03-15 11:45:02.183 CST</created></state><notes></notes><done>true</done><doneDate>2019-02-19 00:00:00.0 CST</doneDate><success></success><modified>2019-03-15 16:00:09.99 CST</modified></action></children><topic reference="../../../../../../../../../../../../../../../../../topics/items/topic[10]"/><description>无声告白</description><purpose></purpose><success></success><brainstorming></brainstorming><organising></organising><done>true</done><doneDate>2019-03-15 11:45:30.360 CST</doneDate><sequence>false</sequence><sequencing reference="../../../../../../../../project/children/project/children/project/children/project/sequencing"/><modified>2019-03-15 13:09:10.362 CST</modified></project><project><id>4532</id><created>2019-03-14 18:11:37.514 CST</created><parent reference="../../.."/><children><action><id>6030</id><created>2019-03-15 11:41:35.655 CST</created><parent reference="../../.."/><description>呼兰河传</description><topic reference="../../../../../../../../../../../../../../../../../../../topics/items/topic[3]"/><context reference="../../../../../../../../../../../../../../../../../../../contexts/items/context[3]"/><state class="actionStateScheduled"><date>2019-02-18 00:00:00.0 CST</date><durationHours>0</durationHours><durationMinutes>0</durationMinutes><created>2019-03-15 11:41:46.432 CST</created></state><notes></notes><done>true</done><doneDate>2019-02-24 00:00:00.0 CST</doneDate><success></success><modified>2019-03-15 11:44:44.536 CST</modified></action></children><topic reference="../../../../../../../../../../../../../../../../../topics/items/topic[10]"/><description>呼兰河传</description><purpose></purpose><success></success><brainstorming></brainstorming><organising></organising><done>true</done><doneDate>2019-03-15 11:42:23.872 CST</doneDate><sequence>false</sequence><sequencing reference="../../../../../../../../project/children/project/children/project/children/project/sequencing"/><modified>2019-03-15 13:09:13.260 CST</modified></project><project><id>4536</id><created>2019-03-14 18:11:37.516 CST</created><parent reference="../../.."/><children><action><id>6033</id><created>2019-03-15 11:46:10.679 CST</created><parent reference="../../.."/><description>远山淡影</description><topic reference="../../../../../../../../../../../../../../../../../../../topics/items/topic[3]"/><context reference="../../../../../../../../../../../../../../../../../../../contexts/items/context[3]"/><state class="actionStateScheduled"><date>2019-02-25 00:00:00.0 CST</date><durationHours>0</durationHours><durationMinutes>0</durationMinutes><created>2019-03-15 11:46:22.200 CST</created></state><notes></notes><done>true</done><doneDate>2019-02-27 00:00:00.0 CST</doneDate><success></success><modified>2019-03-16 10:39:21.863 CST</modified></action></children><topic reference="../../../../../../../../../../../../../../../../../topics/items/topic[10]"/><description>远山淡影 </description><purpose></purpose><success></success><brainstorming></brainstorming><organising></organising><done>true</done><doneDate>2019-03-15 11:46:49.318 CST</doneDate><sequence>false</sequence><sequencing reference="../../../../../../../../project/children/project/children/project/children/project/sequencing"/><modified>2019-03-15 13:08:49.980 CST</modified></project><project><id>6518</id><created>2019-03-15 12:01:34.105 CST</created><parent reference="../../.."/><children><action><id>6519</id><created>2019-03-15 12:02:17.199 CST</created><parent reference="../../.."/><description>故园风雨后</description><topic reference="../../../../../../../../../../../../../../../../../../../topics/items/topic[3]"/><context reference="../../../../../../../../../../../../../../../../../../../contexts/items/context[3]"/><state class="actionStateScheduled"><date>2019-02-25 00:00:00.0 CST</date><durationHours>0</durationHours><durationMinutes>0</durationMinutes><created>2019-03-15 12:02:31.232 CST</created></state><notes></notes><done>true</done><doneDate>2019-03-02 00:00:00.0 CST</doneDate><success></success><modified>2019-03-15 22:31:02.29 CST</modified></action></children><topic reference="../../../../../../../../../../../../../../../../../topics/items/topic[10]"/><description>故园风雨后</description><purpose></purpose><success></success><brainstorming></brainstorming><organising></organising><done>true</done><doneDate>2019-03-15 12:07:06.590 CST</doneDate><sequence>false</sequence><sequencing reference="../../../../../../../../project/children/project/children/project/children/project/sequencing"/><notes></notes><modified>2019-03-15 13:08:43.362 CST</modified></project><project><id>6035</id><created>2019-03-15 11:48:21.258 CST</created><parent reference="../../.."/><children><action><id>6036</id><created>2019-03-15 11:49:52.158 CST</created><parent reference="../../.."/><description>繁花</description><topic reference="../../../../../../../../../../../../../../../../../../../topics/items/topic[3]"/><context reference="../../../../../../../../../../../../../../../../../../../contexts/items/context[3]"/><state class="actionStateScheduled"><date>2019-03-04 01:00:00.0 CST</date><durationHours>0</durationHours><durationMinutes>0</durationMinutes><created>2019-03-15 11:49:59.521 CST</created></state><notes></notes><done>true</done><doneDate>2019-03-09 00:00:00.0 CST</doneDate><success></success><modified>2019-03-15 12:03:33.815 CST</modified></action></children><topic reference="../../../../../../../../../../../../../../../../../topics/items/topic[10]"/><description>繁花</description><purpose></purpose><success></success><brainstorming></brainstorming><organising></organising><done>true</done><doneDate>2019-03-15 11:51:13.43 CST</doneDate><sequence>false</sequence><sequencing reference="../../../../../../../../project/children/project/children/project/children/project/sequencing"/><modified>2019-03-15 13:08:47.23 CST</modified></project><project><id>778</id><created>2019-03-14 17:52:32.597 CST</created><parent reference="../../.."/><children><action><id>781</id><created>2019-03-14 17:53:04.919 CST</created><parent reference="../../.."/><description>完成导读的阅读</description><topic reference="../../../../../../../../../../../../../../../../../../../topics/items/topic[10]"/><context reference="../../../../../../../../../../../../../../../../../../../contexts/items/context[3]"/><state class="actionStateScheduled"><date>2019-03-15 22:00:00.0 CST</date><durationHours>0</durationHours><durationMinutes>30</durationMinutes><created>2019-03-14 17:53:41.998 CST</created></state><notes></notes><done>true</done><doneDate>2019-03-15 00:00:00.0 CST</doneDate><time><id>105</id><name>30 min</name></time><energy reference="../../../../../../../../../../project/children/project[3]/children/project[6]/children/action[11]/energy"/><priority reference="../../../../../../../../../../project/children/project[2]/children/project[2]/children/project/children/action/priority"/><success>完成导读的阅读，做全篇的最后归纳</success><modified>2019-03-15 23:02:43.497 CST</modified></action></children><topic reference="../../../../../../../../../../../../../../../../../topics/items/topic[10]"/><description>莫泊桑短篇小说选</description><purpose></purpose><success></success><brainstorming></brainstorming><organising></organising><done>true</done><doneDate>2019-03-15 23:03:22.202 CST</doneDate><sequence>false</sequence><sequencing reference="../../../../../../../../project/children/project/children/project/children/project/sequencing"/><notes></notes><priority><id>125</id><name>Should</name></priority><modified>2019-03-15 23:03:22.202 CST</modified></project><project><id>779</id><created>2019-03-14 17:52:35.122 CST</created><parent reference="../../.."/><children><action><id>8053</id><created>2019-03-16 12:26:38.600 CST</created><parent reference="../../.."/><description>完成1/5章</description><topic reference="../../../../../../../../../../../../../../../../../../../topics/items/topic[10]"/><context reference="../../../../../../../../../../../../../../../../../../../contexts/items/context[6]"/><state class="actionStateScheduled"><date>2019-03-18 23:00:00.0 CST</date><durationHours>1</durationHours><durationMinutes>0</durationMinutes><created>2019-03-16 12:27:04.898 CST</created></state><notes></notes><done>true</done><doneDate>2019-03-23 00:00:00.0 CST</doneDate><time reference="../../../../../../project/children/project[2]/children/action/time"/><energy reference="../../../../../../../../../../project/children/project[2]/children/project[3]/children/project/children/action[3]/energy"/><success>进行到110</success><modified>2019-04-03 13:38:13.643 CST</modified></action><action><id>8197</id><created>2019-03-16 12:27:24.175 CST</created><parent reference="../../.."/><description>完成2/5章</description><topic reference="../../../../../../../../../../../../../../../../../../../topics/items/topic[10]"/><context reference="../../../../../../../../../../../../../../../../../../../contexts/items/context[6]"/><state class="actionStateScheduled"><date>2019-04-03 23:00:00.0 CST</date><durationHours>1</durationHours><durationMinutes>0</durationMinutes><created reference="../../../action/state/created"/></state><notes>星期二 2 四月 2019 9:04:37 FAIL
星期三 3 四月 2019 13:13:17 进行了，但是没有完成，时间有所拖延，今天继续
星期四 4 四月 2019 9:51:48 完成的时候已经是12：25， 块30了...</notes><done>true</done><doneDate>2019-04-04 00:00:00.0 CST</doneDate><time reference="../../../../../../project/children/project[2]/children/action/time"/><energy reference="../../../../../../../../../../project/children/project[2]/children/project[3]/children/project/children/action[3]/energy"/><success>1、进行到220</success><modified>2019-04-04 09:52:12.99 CST</modified></action><action><id>8343</id><created>2019-03-16 12:27:28.553 CST</created><parent reference="../../.."/><description>完成3/5章</description><topic reference="../../../../../../../../../../../../../../../../../../../topics/items/topic[10]"/><context reference="../../../../../../../../../../../../../../../../../../../contexts/items/context[6]"/><state class="actionStateScheduled"><date>2019-04-05 23:00:00.0 CST</date><durationHours>1</durationHours><durationMinutes>0</durationMinutes><created reference="../../../action/state/created"/></state><notes>星期四 4 四月 2019 23:56:04 明天不上班，看纪录片看了3级Failed

星期日 7 四月 2019 16:56:10 昨天在火车上看得晕乎乎的，感觉细节上又记不住了</notes><done>true</done><doneDate>2019-04-07 00:00:00.0 CST</doneDate><time reference="../../../../../../project/children/project[2]/children/action/time"/><energy reference="../../../../../../../../../../project/children/project[2]/children/project[3]/children/project/children/action[3]/energy"/><success>进行到330</success><modified>2019-04-07 16:56:35.318 CST</modified></action><action><id>8489</id><created>2019-03-16 12:27:31.260 CST</created><parent reference="../../.."/><description>完成4/5章</description><topic reference="../../../../../../../../../../../../../../../../../../../topics/items/topic[10]"/><context reference="../../../../../../../../../../../../../../../../../../../contexts/items/context[6]"/><state class="actionStateScheduled"><date>2019-04-14 23:00:00.0 CST</date><durationHours>1</durationHours><durationMinutes>0</durationMinutes><created reference="../../../action/state/created"/></state><notes>星期日 14 四月 2019 11:17:27 目前是358</notes><done>false</done><time reference="../../../../../../project/children/project[2]/children/action/time"/><energy reference="../../../../../../../../../../project/children/project[2]/children/project[3]/children/project/children/action[3]/energy"/><success>进行到440</success><modified>2019-04-14 11:17:31.656 CST</modified></action><action><id>8631</id><created>2019-03-16 12:27:35.125 CST</created><parent reference="../../.."/><description>完成5/5章</description><topic reference="../../../../../../../../../../../../../../../../../../../topics/items/topic[10]"/><context reference="../../../../../../../../../../../../../../../../../../../contexts/items/context[6]"/><state class="actionStateScheduled"><date>2019-04-15 23:00:00.0 CST</date><durationHours>1</durationHours><durationMinutes>0</durationMinutes><created reference="../../../action/state/created"/></state><notes></notes><done>false</done><time reference="../../../../../../project/children/project[2]/children/action/time"/><energy reference="../../../../../../../../../../project/children/project[2]/children/project[3]/children/project/children/action[3]/energy"/><success>进行到550</success><modified>2019-04-03 13:37:46.617 CST</modified></action><action><id>8632</id><created>2019-03-16 12:27:35.394 CST</created><parent reference="../../.."/><description>机动调配与总结</description><topic reference="../../../../../../../../../../../../../../../../../../../topics/items/topic[10]"/><context reference="../../../../../../../../../../../../../../../../../../../contexts/items/context[6]"/><state class="actionStateScheduled"><date>2019-04-15 23:00:00.0 CST</date><durationHours>1</durationHours><durationMinutes>0</durationMinutes><created reference="../../../action/state/created"/></state><notes></notes><done>false</done><time reference="../../../../../../project/children/project[2]/children/action/time"/><energy reference="../../../../../../../../../../project/children/project[2]/children/project[3]/children/project/children/action[3]/energy"/><success></success><modified>2019-04-03 13:37:51.21 CST</modified></action></children><topic reference="../../../../../../../../../../../../../../../../../topics/items/topic[10]"/><description>罪与罚</description><purpose></purpose><success></success><brainstorming></brainstorming><organising></organising><done>false</done><sequence>false</sequence><sequencing reference="../../../../../../../../project/children/project/children/project/children/project/sequencing"/><notes></notes><modified>2019-03-16 12:27:37.716 CST</modified></project><project><id>780</id><created>2019-03-14 17:52:38.638 CST</created><parent reference="../../.."/><children/><topic reference="../../../../../../../../../../../../../../../../../topics/items/topic[10]"/><description>复活</description><purpose></purpose><success></success><brainstorming></brainstorming><organising></organising><done>false</done><sequence>false</sequence><sequencing reference="../../../../../../../../project/children/project/children/project/children/project/sequencing"/><modified>2019-03-15 12:12:04.755 CST</modified></project><project><id>784</id><created>2019-03-14 17:59:58.733 CST</created><parent reference="../../.."/><children/><topic reference="../../../../../../../../../../../../../../../../../topics/items/topic[10]"/><description>卡拉马佐夫兄弟</description><purpose></purpose><success></success><brainstorming></brainstorming><organising></organising><done>false</done><sequence>false</sequence><sequencing reference="../../../../../../../../project/children/project/children/project/children/project/sequencing"/><notes></notes><modified>2019-03-15 12:12:10.537 CST</modified></project><project><id>785</id><created>2019-03-14 18:00:09.429 CST</created><parent reference="../../.."/><children/><topic reference="../../../../../../../../../../../../../../../../../topics/items/topic[10]"/><description>被欺凌与被侮辱的</description><purpose></purpose><success></success><brainstorming></brainstorming><organising></organising><done>false</done><sequence>false</sequence><sequencing reference="../../../../../../../../project/children/project/children/project/children/project/sequencing"/><notes></notes><modified>2019-03-15 12:12:16.52 CST</modified></project><project><id>789</id><created>2019-03-14 18:00:22.402 CST</created><parent reference="../../.."/><children/><topic reference="../../../../../../../../../../../../../../../../../topics/items/topic[10]"/><description>木木</description><purpose></purpose><success></success><brainstorming></brainstorming><organising></organising><done>false</done><sequence>false</sequence><sequencing reference="../../../../../../../../project/children/project/children/project/children/project/sequencing"/><modified>2019-03-15 13:09:28.382 CST</modified></project><project><id>790</id><created>2019-03-14 18:01:23.444 CST</created><parent reference="../../.."/><children/><topic reference="../../../../../../../../../../../../../../../../../topics/items/topic[10]"/><description>猎人笔记</description><purpose></purpose><success></success><brainstorming></brainstorming><organising></organising><done>false</done><sequence>false</sequence><sequencing reference="../../../../../../../../project/children/project/children/project/children/project/sequencing"/><notes></notes><modified>2019-03-15 13:09:31.598 CST</modified></project><project><id>791</id><created>2019-03-14 18:01:26.71 CST</created><parent reference="../../.."/><children/><topic reference="../../../../../../../../../../../../../../../../../topics/items/topic[3]"/><description>前夜 父与子</description><purpose></purpose><success></success><brainstorming></brainstorming><organising></organising><done>false</done><sequence>false</sequence><sequencing reference="../../../../../../../../project/children/project/children/project/children/project/sequencing"/><notes></notes><modified>2019-03-14 18:07:17.782 CST</modified></project><project><id>792</id><created>2019-03-14 18:01:29.778 CST</created><parent reference="../../.."/><children/><topic reference="../../../../../../../../../../../../../../../../../topics/items/topic[3]"/><description>日瓦戈医生</description><purpose></purpose><success></success><brainstorming></brainstorming><organising></organising><done>false</done><sequence>false</sequence><sequencing reference="../../../../../../../../project/children/project/children/project/children/project/sequencing"/><notes></notes><modified>2019-03-14 18:07:33.343 CST</modified></project><project><id>793</id><created>2019-03-14 18:01:34.253 CST</created><parent reference="../../.."/><children/><topic reference="../../../../../../../../../../../../../../../../../topics/items/topic[3]"/><description>套中人</description><purpose></purpose><success></success><brainstorming></brainstorming><organising></organising><done>false</done><sequence>false</sequence><sequencing reference="../../../../../../../../project/children/project/children/project/children/project/sequencing"/><notes></notes><modified>2019-03-14 18:08:03.458 CST</modified></project><project><id>794</id><created>2019-03-14 18:01:37.508 CST</created><parent reference="../../.."/><children/><topic reference="../../../../../../../../../../../../../../../../../topics/items/topic[3]"/><description>死灵魂</description><purpose></purpose><success></success><brainstorming></brainstorming><organising></organising><done>false</done><sequence>false</sequence><sequencing reference="../../../../../../../../project/children/project/children/project/children/project/sequencing"/><notes></notes><modified>2019-03-14 18:08:13.643 CST</modified></project><project><id>795</id><created>2019-03-14 18:01:39.727 CST</created><parent reference="../../.."/><children/><topic reference="../../../../../../../../../../../../../../../../../topics/items/topic[3]"/><description>骑兵军</description><purpose></purpose><success></success><brainstorming></brainstorming><organising></organising><done>false</done><sequence>false</sequence><sequencing reference="../../../../../../../../project/children/project/children/project/children/project/sequencing"/><modified>2019-03-14 18:08:26.167 CST</modified></project><project><id>796</id><created>2019-03-14 18:01:41.651 CST</created><parent reference="../../.."/><children/><topic reference="../../../../../../../../../../../../../../../../../topics/items/topic[3]"/><description>三个火枪手</description><purpose></purpose><success></success><brainstorming></brainstorming><organising></organising><done>false</done><sequence>false</sequence><sequencing reference="../../../../../../../../project/children/project/children/project/children/project/sequencing"/><notes></notes><modified>2019-03-14 18:08:44.335 CST</modified></project><project><id>797</id><created>2019-03-14 18:01:43.894 CST</created><parent reference="../../.."/><children/><topic reference="../../../../../../../../../../../../../../../../../topics/items/topic[3]"/><description>茶花女</description><purpose></purpose><success></success><brainstorming></brainstorming><organising></organising><done>false</done><sequence>false</sequence><sequencing reference="../../../../../../../../project/children/project/children/project/children/project/sequencing"/><notes></notes><modified>2019-03-14 18:08:55.391 CST</modified></project><project><id>798</id><created>2019-03-14 18:01:46.177 CST</created><parent reference="../../.."/><children/><topic reference="../../../../../../../../../../../../../../../../../topics/items/topic[3]"/><description>上尉的女儿</description><purpose></purpose><success></success><brainstorming></brainstorming><organising></organising><done>false</done><sequence>false</sequence><sequencing reference="../../../../../../../../project/children/project/children/project/children/project/sequencing"/><notes></notes><modified>2019-03-14 18:09:10.151 CST</modified></project><project><id>799</id><created>2019-03-14 18:01:49.460 CST</created><parent reference="../../.."/><children/><topic reference="../../../../../../../../../../../../../../../../../topics/items/topic[3]"/><description>叶甫盖尼·奥涅金</description><purpose></purpose><success></success><brainstorming></brainstorming><organising></organising><done>false</done><sequence>false</sequence><sequencing reference="../../../../../../../../project/children/project/children/project/children/project/sequencing"/><notes></notes><modified>2019-03-14 18:09:23.685 CST</modified></project><project><id>800</id><created>2019-03-14 18:01:53.273 CST</created><parent reference="../../.."/><children/><topic reference="../../../../../../../../../../../../../../../../../topics/items/topic[3]"/><description>盐</description><purpose></purpose><success></success><brainstorming></brainstorming><organising></organising><done>false</done><sequence>false</sequence><sequencing reference="../../../../../../../../project/children/project/children/project/children/project/sequencing"/><notes></notes><modified>2019-03-14 18:09:31.642 CST</modified></project><project><id>801</id><created>2019-03-14 18:01:56.468 CST</created><parent reference="../../.."/><children/><topic reference="../../../../../../../../../../../../../../../../../topics/items/topic[3]"/><description>基督山伯爵</description><purpose></purpose><success></success><brainstorming></brainstorming><organising></organising><done>false</done><sequence>false</sequence><sequencing reference="../../../../../../../../project/children/project/children/project/children/project/sequencing"/><notes></notes><modified>2019-03-14 18:09:43.797 CST</modified></project><project><id>802</id><created>2019-03-14 18:02:00.176 CST</created><parent reference="../../.."/><children/><topic reference="../../../../../../../../../../../../../../../../../topics/items/topic[3]"/><description>红与黑</description><purpose></purpose><success></success><brainstorming></brainstorming><organising></organising><done>false</done><sequence>false</sequence><sequencing reference="../../../../../../../../project/children/project/children/project/children/project/sequencing"/><notes></notes><modified>2019-03-14 18:09:55.15 CST</modified></project><project><id>810</id><created>2019-03-14 18:10:03.415 CST</created><parent reference="../../.."/><children/><topic reference="../../../../../../../../../../../../../../../../../topics/items/topic[3]"/><description>包法利夫人</description><purpose></purpose><success></success><brainstorming></brainstorming><organising></organising><done>false</done><sequence>false</sequence><sequencing reference="../../../../../../../../project/children/project/children/project/children/project/sequencing"/><notes></notes><modified>2019-03-14 18:10:21.695 CST</modified></project><project><id>811</id><created>2019-03-14 18:10:24.647 CST</created><parent reference="../../.."/><children/><topic reference="../../../../../../../../../../../../../../../../../topics/items/topic[3]"/><description>老实人</description><purpose></purpose><success></success><brainstorming></brainstorming><organising></organising><done>false</done><sequence>false</sequence><sequencing reference="../../../../../../../../project/children/project/children/project/children/project/sequencing"/><notes></notes><modified>2019-03-14 18:10:29.407 CST</modified></project><project><id>812</id><created>2019-03-14 18:10:53.865 CST</created><parent reference="../../.."/><children/><topic reference="../../../../../../../../../../../../../../../../../topics/items/topic[3]"/><description>双城记</description><purpose></purpose><success></success><brainstorming></brainstorming><organising></organising><done>false</done><sequence>false</sequence><sequencing reference="../../../../../../../../project/children/project/children/project/children/project/sequencing"/><notes></notes><modified>2019-03-14 18:12:07.703 CST</modified></project><project><id>829</id><created>2019-03-14 18:11:05.606 CST</created><parent reference="../../.."/><children/><topic reference="../../../../../../../../../../../../../../../../../topics/items/topic[3]"/><description>人间喜剧</description><purpose></purpose><success></success><brainstorming></brainstorming><organising></organising><done>false</done><sequence>false</sequence><sequencing reference="../../../../../../../../project/children/project/children/project/children/project/sequencing"/><notes></notes><modified>2019-03-14 18:12:13.272 CST</modified></project><project><id>1007</id><created>2019-03-14 18:11:12.992 CST</created><parent reference="../../.."/><children/><topic reference="../../../../../../../../../../../../../../../../../topics/items/topic[3]"/><description>高老头 欧也妮.葛朗台</description><purpose></purpose><success></success><brainstorming></brainstorming><organising></organising><done>false</done><sequence>false</sequence><sequencing reference="../../../../../../../../project/children/project/children/project/children/project/sequencing"/><notes></notes><modified>2019-03-14 18:12:24.786 CST</modified></project><project><id>1008</id><created>2019-03-14 18:11:12.992 CST</created><parent reference="../../.."/><children/><topic reference="../../../../../../../../../../../../../../../../../topics/items/topic[3]"/><description>悲惨世界</description><purpose></purpose><success></success><brainstorming></brainstorming><organising></organising><done>false</done><sequence>false</sequence><sequencing reference="../../../../../../../../project/children/project/children/project/children/project/sequencing"/><modified>2019-03-14 18:12:38.716 CST</modified></project><project><id>1509</id><created>2019-03-14 18:11:19.355 CST</created><parent reference="../../.."/><children/><topic reference="../../../../../../../../../../../../../../../../../topics/items/topic[3]"/><description>巴黎圣母院</description><purpose></purpose><success></success><brainstorming></brainstorming><organising></organising><done>false</done><sequence>false</sequence><sequencing reference="../../../../../../../../project/children/project/children/project/children/project/sequencing"/><notes></notes><modified>2019-03-14 18:12:44.694 CST</modified></project><project><id>1510</id><created>2019-03-14 18:11:19.355 CST</created><parent reference="../../.."/><children/><topic reference="../../../../../../../../../../../../../../../../../topics/items/topic[3]"/><description>大卫 科波菲尔</description><purpose></purpose><success></success><brainstorming></brainstorming><organising></organising><done>false</done><sequence>false</sequence><sequencing reference="../../../../../../../../project/children/project/children/project/children/project/sequencing"/><modified>2019-03-14 18:14:04.149 CST</modified></project><project><id>1511</id><created>2019-03-14 18:11:19.356 CST</created><parent reference="../../.."/><children/><topic reference="../../../../../../../../../../../../../../../../../topics/items/topic[3]"/><description>远大前程</description><purpose></purpose><success></success><brainstorming></brainstorming><organising></organising><done>false</done><sequence>false</sequence><sequencing reference="../../../../../../../../project/children/project/children/project/children/project/sequencing"/><modified>2019-03-14 18:14:12.659 CST</modified></project><project><id>1512</id><created>2019-03-14 18:11:19.356 CST</created><parent reference="../../.."/><children/><topic reference="../../../../../../../../../../../../../../../../../topics/items/topic[3]"/><description>动物农场</description><purpose></purpose><success></success><brainstorming></brainstorming><organising></organising><done>false</done><sequence>false</sequence><sequencing reference="../../../../../../../../project/children/project/children/project/children/project/sequencing"/><modified>2019-03-14 18:14:21.241 CST</modified></project><project><id>2513</id><created>2019-03-14 18:11:26.829 CST</created><parent reference="../../.."/><children/><topic reference="../../../../../../../../../../../../../../../../../topics/items/topic[3]"/><description>一个陌生女儿的来信</description><purpose></purpose><success></success><brainstorming></brainstorming><organising></organising><done>false</done><sequence>false</sequence><sequencing reference="../../../../../../../../project/children/project/children/project/children/project/sequencing"/><notes></notes><modified>2019-03-14 18:14:33.584 CST</modified></project><project><id>2514</id><created>2019-03-14 18:11:26.829 CST</created><parent reference="../../.."/><children/><topic reference="../../../../../../../../../../../../../../../../../topics/items/topic[10]"/><description>卡夫卡中短篇小说全集</description><purpose></purpose><success></success><brainstorming></brainstorming><organising></organising><done>false</done><sequence>false</sequence><sequencing reference="../../../../../../../../project/children/project/children/project/children/project/sequencing"/><notes>卡夫卡中短篇小说全集
</notes><modified>2019-03-15 13:10:22.480 CST</modified></project><project><id>2515</id><created>2019-03-14 18:11:26.830 CST</created><parent reference="../../.."/><children/><topic reference="../../../../../../../../../../../../../../../../../topics/items/topic[3]"/><description>城堡</description><purpose></purpose><success></success><brainstorming></brainstorming><organising></organising><done>false</done><sequence>false</sequence><sequencing reference="../../../../../../../../project/children/project/children/project/children/project/sequencing"/><notes></notes><modified>2019-03-14 18:15:36.521 CST</modified></project><project><id>2517</id><created>2019-03-14 18:11:26.831 CST</created><parent reference="../../.."/><children/><topic reference="../../../../../../../../../../../../../../../../../topics/items/topic[3]"/><description>安娜卡列尼娜</description><purpose></purpose><success></success><brainstorming></brainstorming><organising></organising><done>false</done><sequence>false</sequence><sequencing reference="../../../../../../../../project/children/project/children/project/children/project/sequencing"/><modified>2019-03-15 13:10:54.886 CST</modified></project><project><id>2516</id><created>2019-03-14 18:11:26.830 CST</created><parent reference="../../.."/><children/><topic reference="../../../../../../../../../../../../../../../../../topics/items/topic[3]"/><description>变形记</description><purpose></purpose><success></success><brainstorming></brainstorming><organising></organising><done>false</done><sequence>false</sequence><sequencing reference="../../../../../../../../project/children/project/children/project/children/project/sequencing"/><notes></notes><modified>2019-03-15 13:11:02.759 CST</modified></project><project><id>2518</id><created>2019-03-14 18:11:26.831 CST</created><parent reference="../../.."/><children/><topic reference="../../../../../../../../../../../../../../../../../topics/items/topic[3]"/><description>少年维特的烦恼</description><purpose></purpose><success></success><brainstorming></brainstorming><organising></organising><done>false</done><sequence>false</sequence><sequencing reference="../../../../../../../../project/children/project/children/project/children/project/sequencing"/><modified>2019-03-14 18:16:09.933 CST</modified></project><project><id>2519</id><created>2019-03-14 18:11:26.831 CST</created><parent reference="../../.."/><children/><topic reference="../../../../../../../../../../../../../../../../../topics/items/topic[3]"/><description>为什么读经典</description><purpose></purpose><success></success><brainstorming></brainstorming><organising></organising><done>false</done><sequence>false</sequence><sequencing reference="../../../../../../../../project/children/project/children/project/children/project/sequencing"/><modified>2019-03-14 18:16:19.123 CST</modified></project><project><id>2520</id><created>2019-03-14 18:11:26.831 CST</created><parent reference="../../.."/><children/><topic reference="../../../../../../../../../../../../../../../../../topics/items/topic[3]"/><description>堂吉诃德</description><purpose></purpose><success></success><brainstorming></brainstorming><organising></organising><done>false</done><sequence>false</sequence><sequencing reference="../../../../../../../../project/children/project/children/project/children/project/sequencing"/><modified>2019-03-14 18:16:27.642 CST</modified></project><project><id>4521</id><created>2019-03-14 18:11:37.509 CST</created><parent reference="../../.."/><children/><topic reference="../../../../../../../../../../../../../../../../../topics/items/topic[3]"/><description>马克吐温中短篇小说选</description><purpose></purpose><success></success><brainstorming></brainstorming><organising></organising><done>false</done><sequence>false</sequence><sequencing reference="../../../../../../../../project/children/project/children/project/children/project/sequencing"/><notes></notes><modified>2019-03-14 18:16:36.223 CST</modified></project><project><id>4526</id><created>2019-03-14 18:11:37.511 CST</created><parent reference="../../.."/><children/><topic reference="../../../../../../../../../../../../../../../../../topics/items/topic[10]"/><description> 汪曾祺小说经典 </description><purpose></purpose><success></success><brainstorming></brainstorming><organising></organising><done>false</done><sequence>false</sequence><sequencing reference="../../../../../../../../project/children/project/children/project/children/project/sequencing"/><notes></notes><modified>2019-04-03 13:41:21.145 CST</modified></project><project><id>4522</id><created>2019-03-14 18:11:37.510 CST</created><parent reference="../../.."/><children/><topic reference="../../../../../../../../../../../../../../../../../topics/items/topic[3]"/><description>欧亨利短篇小说选</description><purpose></purpose><success></success><brainstorming></brainstorming><organising></organising><done>false</done><sequence>false</sequence><sequencing reference="../../../../../../../../project/children/project/children/project/children/project/sequencing"/><modified>2019-03-14 18:16:46.258 CST</modified></project><project><id>4523</id><created>2019-03-14 18:11:37.510 CST</created><parent reference="../../.."/><children/><topic reference="../../../../../../../../../../../../../../../../../topics/items/topic[3]"/><description> 战争与和平</description><purpose></purpose><success></success><brainstorming></brainstorming><organising></organising><done>false</done><sequence>false</sequence><sequencing reference="../../../../../../../../project/children/project/children/project/children/project/sequencing"/><modified>2019-03-14 18:16:54.736 CST</modified></project><project><id>4524</id><created>2019-03-14 18:11:37.511 CST</created><parent reference="../../.."/><children/><topic reference="../../../../../../../../../../../../../../../../../topics/items/topic[3]"/><description>大师与玛格丽特</description><purpose></purpose><success></success><brainstorming></brainstorming><organising></organising><done>false</done><sequence>false</sequence><sequencing reference="../../../../../../../../project/children/project/children/project/children/project/sequencing"/><modified>2019-03-14 18:17:00.755 CST</modified></project><project><id>4525</id><created>2019-03-14 18:11:37.511 CST</created><parent reference="../../.."/><children/><topic reference="../../../../../../../../../../../../../../../../../topics/items/topic[10]"/><description>山月记</description><purpose></purpose><success></success><brainstorming></brainstorming><organising></organising><done>false</done><sequence>false</sequence><sequencing reference="../../../../../../../../project/children/project/children/project/children/project/sequencing"/><modified>2019-03-15 13:09:39.816 CST</modified></project></children><topic reference="../../../../../../../../../../../../../../../topics/items/topic[10]"/><description>文学小说</description><purpose>每周至少完成1本文学小说的阅读</purpose><success>最近3年内把欧、美、南美、俄罗斯的古典经典小说通读一遍</success><brainstorming></brainstorming><organising></organising><done>false</done><sequence>false</sequence><sequencing reference="../../../../../../project/children/project/children/project/children/project/sequencing"/><notes>************************ 2019 年

Goal：2019年计划完成52本文学小说的阅读，包含读书会的书目，如果当周读书会没有举行，则按照自己的计划来阅读

Output：
1、输出读书过程的记录梳理
2、输出心得及观点并放到网上

Check：
Check周期： 每周，周日进行 

【Check 12:44:23 星期五 15 三月 2019】： 目前完成11本，基本上保持了一周一本的状态，很好，继续保持！
星期一 1 四月 2019 22:43:45 上周一本没读，麻烦了进入停滞期了，要调整出来</notes><priority reference="../children/project[12]/priority"/><modified>2019-04-03 13:41:56.629 CST</modified></project><project><id>153</id><created>2019-03-14 17:14:46.595 CST</created><parent reference="../../.."/><children><project><id>6553</id><created>2019-03-15 16:40:37.582 CST</created><parent reference="../../.."/><children/><topic reference="../../../../../../../../../../../../../../../../../topics/items/topic[3]"/><description>白话史记</description><purpose></purpose><success></success><brainstorming></brainstorming><organising></organising><done>false</done><sequence>false</sequence><sequencing reference="../../../../../../../../project/children/project/children/project/children/project/sequencing"/><notes></notes><modified>2019-03-15 16:40:44.80 CST</modified></project></children><topic reference="../../../../../../../../../../../../../../../topics/items/topic[3]"/><description>史书</description><purpose></purpose><success></success><brainstorming></brainstorming><organising></organising><done>false</done><sequence>false</sequence><sequencing reference="../../../../../../project/children/project/children/project/children/project/sequencing"/><notes>************************ 2019 年 

Goal：
1、2019年计划完成《白话史记》这套历史书的阅读

Output：
1、阅读过程中的梳理以及心得，并通过读书会或交流方式进行分享

Check：
Check周期： 计划开始后的每周，周日进行</notes><modified>2019-03-15 22:21:45.947 CST</modified></project><project><id>804</id><created>2019-03-14 18:04:25.769 CST</created><parent reference="../../.."/><children><project><id>6602</id><created>2019-03-15 22:24:32.100 CST</created><parent reference="../../.."/><children/><topic reference="../../../../../../../../../../../../../../../../../topics/items/topic[3]"/><description>叶嘉莹诗词讲座</description><purpose></purpose><success></success><brainstorming></brainstorming><organising></organising><done>false</done><sequence>false</sequence><sequencing reference="../../../../../../../../project/children/project/children/project/children/project/sequencing"/><notes></notes><modified>2019-03-15 22:24:48.521 CST</modified></project></children><topic reference="../../../../../../../../../../../../../../../topics/items/topic[3]"/><description>唐诗宋词元曲明清小说</description><purpose></purpose><success></success><brainstorming></brainstorming><organising></organising><done>false</done><sequence>false</sequence><sequencing reference="../../../../../../project/children/project/children/project/children/project/sequencing"/><notes>************************ 2019 年  
Goal：
1、2019年计划完成10+本书籍的阅读及相关视频的观看，诗词大会，叶嘉莹等视频

Output： 
1、阅读过程中的梳理以及心得，并通过读书会或交流方式进行分享

Check：
Check周期： 每周，周日进行</notes><modified>2019-04-03 13:42:35.972 CST</modified></project><project><id>803</id><created>2019-03-14 18:02:31.54 CST</created><parent reference="../../.."/><children><project><id>6559</id><created>2019-03-15 17:01:44.979 CST</created><parent reference="../../.."/><children/><topic reference="../../../../../../../../../../../../../../../../../topics/items/topic[3]"/><description>国学入门书要目及其读法</description><purpose></purpose><success></success><brainstorming></brainstorming><organising></organising><done>false</done><sequence>false</sequence><sequencing reference="../../../../../../../../project/children/project/children/project/children/project/sequencing"/><notes></notes><modified>2019-03-15 17:01:56.839 CST</modified></project><project><id>6560</id><created>2019-03-15 17:01:59.565 CST</created><parent reference="../../.."/><children/><topic reference="../../../../../../../../../../../../../../../../../topics/items/topic[3]"/><description>春秋</description><purpose></purpose><success></success><brainstorming></brainstorming><organising></organising><done>false</done><sequence>false</sequence><sequencing reference="../../../../../../../../project/children/project/children/project/children/project/sequencing"/><notes></notes><modified>2019-03-15 17:02:13.321 CST</modified></project><project><id>6561</id><created>2019-03-15 17:02:29.213 CST</created><parent reference="../../.."/><children/><topic reference="../../../../../../../../../../../../../../../../../topics/items/topic[3]"/><description>尚书</description><purpose></purpose><success></success><brainstorming></brainstorming><organising></organising><done>false</done><sequence>false</sequence><sequencing reference="../../../../../../../../project/children/project/children/project/children/project/sequencing"/><notes></notes><modified>2019-03-15 17:02:32.403 CST</modified></project><project><id>6562</id><created>2019-03-15 17:02:47.528 CST</created><parent reference="../../.."/><children/><topic reference="../../../../../../../../../../../../../../../../../topics/items/topic[3]"/><description>诗经</description><purpose></purpose><success></success><brainstorming></brainstorming><organising></organising><done>false</done><sequence>false</sequence><sequencing reference="../../../../../../../../project/children/project/children/project/children/project/sequencing"/><notes></notes><modified>2019-03-15 17:02:54.29 CST</modified></project><project><id>6563</id><created>2019-03-15 17:02:56.619 CST</created><parent reference="../../.."/><children/><topic reference="../../../../../../../../../../../../../../../../../topics/items/topic[3]"/><description>诗经名物图解</description><purpose></purpose><success></success><brainstorming></brainstorming><organising></organising><done>false</done><sequence>false</sequence><sequencing reference="../../../../../../../../project/children/project/children/project/children/project/sequencing"/><notes></notes><modified>2019-03-15 17:03:02.742 CST</modified></project><project><id>6564</id><created>2019-03-15 17:03:26.206 CST</created><parent reference="../../.."/><children/><topic reference="../../../../../../../../../../../../../../../../../topics/items/topic[3]"/><description>大学</description><purpose></purpose><success></success><brainstorming></brainstorming><organising></organising><done>false</done><sequence>false</sequence><sequencing reference="../../../../../../../../project/children/project/children/project/children/project/sequencing"/><notes></notes><modified>2019-03-15 17:03:33.106 CST</modified></project><project><id>6565</id><created>2019-03-15 17:03:36.305 CST</created><parent reference="../../.."/><children/><topic reference="../../../../../../../../../../../../../../../../../topics/items/topic[3]"/><description>论语</description><purpose></purpose><success></success><brainstorming></brainstorming><organising></organising><done>false</done><sequence>false</sequence><sequencing reference="../../../../../../../../project/children/project/children/project/children/project/sequencing"/><notes></notes><modified>2019-03-15 17:03:48.352 CST</modified></project><project><id>6566</id><created>2019-03-15 17:03:51.767 CST</created><parent reference="../../.."/><children/><topic reference="../../../../../../../../../../../../../../../../../topics/items/topic[3]"/><description>孟子</description><purpose></purpose><success></success><brainstorming></brainstorming><organising></organising><done>false</done><sequence>false</sequence><sequencing reference="../../../../../../../../project/children/project/children/project/children/project/sequencing"/><notes></notes><modified>2019-03-15 17:04:01.584 CST</modified></project><project><id>6567</id><created>2019-03-15 17:04:04.477 CST</created><parent reference="../../.."/><children/><topic reference="../../../../../../../../../../../../../../../../../topics/items/topic[3]"/><description>中庸</description><purpose></purpose><success></success><brainstorming></brainstorming><organising></organising><done>false</done><sequence>false</sequence><sequencing reference="../../../../../../../../project/children/project/children/project/children/project/sequencing"/><notes></notes><modified>2019-03-15 17:04:18.376 CST</modified></project><project><id>6568</id><created>2019-03-15 17:04:22.834 CST</created><parent reference="../../.."/><children/><topic reference="../../../../../../../../../../../../../../../../../topics/items/topic[3]"/><description>礼记</description><purpose></purpose><success></success><brainstorming></brainstorming><organising></organising><done>false</done><sequence>false</sequence><sequencing reference="../../../../../../../../project/children/project/children/project/children/project/sequencing"/><notes></notes><modified>2019-03-15 17:04:33.529 CST</modified></project><project><id>6569</id><created>2019-03-15 17:04:36.204 CST</created><parent reference="../../.."/><children/><topic reference="../../../../../../../../../../../../../../../../../topics/items/topic[3]"/><description>周易 </description><purpose></purpose><success></success><brainstorming></brainstorming><organising></organising><done>false</done><sequence>false</sequence><sequencing reference="../../../../../../../../project/children/project/children/project/children/project/sequencing"/><notes></notes><modified>2019-03-15 17:04:47.122 CST</modified></project><project><id>6570</id><created>2019-03-15 17:04:49.575 CST</created><parent reference="../../.."/><children/><topic reference="../../../../../../../../../../../../../../../../../topics/items/topic[3]"/><description>怎样读书   胡适</description><purpose></purpose><success></success><brainstorming></brainstorming><organising></organising><done>false</done><sequence>false</sequence><sequencing reference="../../../../../../../../project/children/project/children/project/children/project/sequencing"/><notes></notes><modified>2019-03-15 17:04:52.687 CST</modified></project></children><topic reference="../../../../../../../../../../../../../../../topics/items/topic[3]"/><description>四书五经</description><purpose></purpose><success></success><brainstorming></brainstorming><organising></organising><done>false</done><sequence>false</sequence><sequencing reference="../../../../../../project/children/project/children/project/children/project/sequencing"/><notes>************************ 2019 年  

Goal：
1、2019年计划完成10+本国学书籍的阅读

Output： 
1、阅读过程中的梳理以及心得，并通过读书会或交流方式进行分享

Check：
Check周期： 计划开始时每周，周日进行



</notes><modified>2019-03-15 22:23:07.597 CST</modified></project><project><id>6545</id><created>2019-03-15 16:14:34.691 CST</created><parent reference="../../.."/><children><project><id>6546</id><created>2019-03-15 16:16:19.927 CST</created><parent reference="../../.."/><children><action><id>6547</id><created>2019-03-15 16:16:51.423 CST</created><parent reference="../../.."/><description>盖屋记</description><topic reference="../../../../../../../../../../../../../../../../../../../topics/items/topic[3]"/><context reference="../../../../../../../../../../../../../../../../../../../contexts/items/context[6]"/><state class="actionStateScheduled"><date>2019-02-25 00:00:00.0 CST</date><durationHours>3</durationHours><durationMinutes>0</durationMinutes><created>2019-03-15 16:17:22.31 CST</created></state><notes></notes><done>true</done><doneDate>2019-03-01 00:00:00.0 CST</doneDate><priority reference="../../../../../../../../../../project/children/project[2]/children/project[2]/children/project/children/action/priority"/><success>1、完成阅读并提取有用的经验点</success><modified>2019-03-15 22:38:05.896 CST</modified></action></children><topic reference="../../../../../../../../../../../../../../../../../topics/items/topic[3]"/><description>盖屋记</description><purpose></purpose><success></success><brainstorming></brainstorming><organising></organising><done>true</done><doneDate>2019-03-15 16:17:58.328 CST</doneDate><sequence>false</sequence><sequencing reference="../../../../../../../../project/children/project/children/project/children/project/sequencing"/><notes></notes><priority reference="../../../../../../../../project/children/project[2]/children/project[2]/children/project/children/action/priority"/><modified>2019-03-15 16:17:58.328 CST</modified></project><project><id>6548</id><created>2019-03-15 16:19:22.305 CST</created><parent reference="../../.."/><children><action><id>6549</id><created>2019-03-15 16:20:35.556 CST</created><parent reference="../../.."/><description>家变大了，日剧里的温馨小屋来了第一章</description><topic reference="../../../../../../../../../../../../../../../../../../../topics/items/topic[3]"/><context reference="../../../../../../../../../../../../../../../../../../../contexts/items/context[6]"/><state class="actionStateScheduled"><date>2019-03-09 14:00:00.0 CST</date><durationHours>1</durationHours><durationMinutes>0</durationMinutes><created>2019-03-15 16:20:53.249 CST</created></state><notes></notes><done>true</done><doneDate>2019-03-09 00:00:00.0 CST</doneDate><priority reference="../../../../../../../../../../project/children/project[2]/children/project[2]/children/project/children/action/priority"/><success>1、完成光线和气流这两个内容的阅读并提取有用的知识点</success><modified>2019-03-15 22:38:01.159 CST</modified></action><action><id>6550</id><created>2019-03-15 16:22:31.504 CST</created><parent reference="../../.."/><description>第二章&amp;第三章</description><topic reference="../../../../../../../../../../../../../../../../../../../topics/items/topic[3]"/><context reference="../../../../../../../../../../../../../../../../../../../contexts/items/context[6]"/><state class="actionStateInactive"><created>2019-04-14 11:14:56.713 CST</created></state><notes>星期日 14 四月 2019 11:14:33 这个一拖再拖，拖很久了，先inactive先</notes><done>false</done><time><id>108</id><name>1.5 hrs</name></time><energy reference="../../../../../../../../../../project/children/project[3]/children/project[6]/children/action[11]/energy"/><priority reference="../../../../../../../../../../project/children/project[2]/children/project[2]/children/project/children/action/priority"/><success>1、完成第二章第三章得阅读并提取有用点</success><modified>2019-04-14 11:14:56.713 CST</modified></action></children><topic reference="../../../../../../../../../../../../../../../../../topics/items/topic[3]"/><description>家变大了，日剧里的温馨小屋来了</description><purpose></purpose><success></success><brainstorming></brainstorming><organising></organising><done>false</done><sequence>false</sequence><sequencing reference="../../../../../../../../project/children/project/children/project/children/project/sequencing"/><notes></notes><priority reference="../../../../../../../../project/children/project[2]/children/project[2]/children/project/children/action/priority"/><modified>2019-03-15 16:22:31.505 CST</modified></project><project><id>6551</id><created>2019-03-15 16:23:54.459 CST</created><parent reference="../../.."/><children><action><id>6552</id><created>2019-03-15 16:24:56.884 CST</created><parent reference="../../.."/><description>第一章通读</description><topic reference="../../../../../../../../../../../../../../../../../../../topics/items/topic[3]"/><context reference="../../../../../../../../../../../../../../../../../../../contexts/items/context[6]"/><state class="actionStateScheduled"><date>2019-04-15 15:00:00.0 CST</date><durationHours>1</durationHours><durationMinutes>0</durationMinutes><created>2019-03-15 16:25:38.817 CST</created></state><notes></notes><done>false</done><time reference="../../../../project[2]/children/action[2]/time"/><energy reference="../../../../../../../../../../project/children/project[3]/children/project[6]/children/action[11]/energy"/><priority reference="../../../../../../../../../../project/children/project[2]/children/project[2]/children/project/children/action/priority"/><success>1、输出阅读记录，并对各个功能间的部件尺寸掌握</success><modified>2019-03-15 22:37:21.640 CST</modified></action></children><topic reference="../../../../../../../../../../../../../../../../../topics/items/topic[3]"/><description>普通单元式住宅户型设计</description><purpose>1、这本书很实用，能对各个功能的空间布局讲得很清楚，至少通读并做到心中有数</purpose><success></success><brainstorming></brainstorming><organising></organising><done>false</done><sequence>false</sequence><sequencing reference="../../../../../../../../project/children/project/children/project/children/project/sequencing"/><notes></notes><priority reference="../../../../../../../../project/children/project[2]/children/project[2]/children/project/children/action/priority"/><modified>2019-03-15 16:24:56.884 CST</modified></project></children><topic reference="../../../../../../../../../../../../../../../topics/items/topic[3]"/><description>房屋建设、装修方面的书籍</description><purpose>1、今年要多关注这方面的书，做到对建设布局能心里有数，装修过程也了解掌握</purpose><success></success><brainstorming></brainstorming><organising></organising><done>false</done><sequence>false</sequence><sequencing reference="../../../../../../project/children/project/children/project/children/project/sequencing"/><notes>Goal：
1、基本上是一生一次的建房机会，要好好把握到实践中
2、尽可能多的搜寻这方面的书籍，交流，文章等的经验，涵盖从设计，施工到验收装修再到投资使用这整个环节

Output： 
1、输出读书过程的记录梳理 
2、将这些心得应用到上述的各个环节中，在实践中应用和学习，并且从中得到反馈，做好记录
  
Check： 
Check周期： 每周，周日进行



</notes><priority reference="../../../../../../project/children/project[2]/children/project[2]/children/project/children/action/priority"/><modified>2019-03-15 16:56:12.433 CST</modified></project><project><id>6554</id><created>2019-03-15 16:41:43.665 CST</created><parent reference="../../.."/><children><project><id>6555</id><created>2019-03-15 16:42:13.338 CST</created><parent reference="../../.."/><children><action><id>6556</id><created>2019-03-15 16:42:34.124 CST</created><parent reference="../../.."/><description>父与子</description><topic reference="../../../../../../../../../../../../../../../../../../../topics/items/topic[3]"/><context reference="../../../../../../../../../../../../../../../../../../../contexts/items/context[6]"/><state class="actionStateScheduled"><date>2019-02-26 00:00:00.0 CST</date><durationHours>1</durationHours><durationMinutes>0</durationMinutes><created>2019-03-15 16:43:23.666 CST</created></state><notes></notes><done>true</done><doneDate>2019-02-26 00:00:00.0 CST</doneDate><success>1、娱乐休闲，能达到转换放松心情就行</success><modified>2019-03-16 11:38:54.491 CST</modified></action></children><topic reference="../../../../../../../../../../../../../../../../../topics/items/topic[3]"/><description>父与子</description><purpose></purpose><success></success><brainstorming></brainstorming><organising></organising><done>true</done><doneDate>2019-03-15 16:43:49.903 CST</doneDate><sequence>false</sequence><sequencing reference="../../../../../../../../project/children/project/children/project/children/project/sequencing"/><notes></notes><modified>2019-03-15 16:57:59.539 CST</modified></project></children><topic reference="../../../../../../../../../../../../../../../topics/items/topic[3]"/><description>休闲娱乐、漫画、散文</description><purpose></purpose><success></success><brainstorming></brainstorming><organising></organising><done>false</done><sequence>false</sequence><sequencing reference="../../../../../../project/children/project/children/project/children/project/sequencing"/><notes>Goal： 
1、能够达到转换注意力，放松身心，或一时的高兴，嫣然一笑等都行
2、体裁不限定

Output： 
1、放松身心，或一时的高兴，嫣然一笑等都行    

Check： 
Check周期： 每周，周日进行</notes><modified>2019-03-28 23:40:38.109 CST</modified></project></children><topic reference="../../../../../../../../../../../../../topics/items/topic[3]"/><description>读书</description><purpose></purpose><success></success><brainstorming></brainstorming><organising></organising><done>false</done><sequence>false</sequence><sequencing reference="../../../../project/children/project/children/project/children/project/sequencing"/><notes>************************ 2019 年 
Goal：
1、全年争取读完100+本书并有输出 
2、读书会有开就参加（坚持参加读书会的本质需求，就是读书分享交流，要多分享，多交流对当期书的观点看法）
3、历史国学类 10+本及相关视频
4、休闲娱乐类、漫画及散文类 10+本
5、思维类方法类的书10+本，并按情况甄别使用
6、阅读数量文学类（小说）定好是52本，并要求写读书心得报告

Output： 
1、输出读书过程的记录梳理 
2、输出心得及观点并放到网上
Check： 
Check周期： 每周， 每周底进行该目标分类的全面检查</notes><modified>2019-04-03 13:42:43.699 CST</modified></project><project><id>150</id><created>2019-03-14 17:14:09.261 CST</created><parent reference="../../.."/><children><project><id>805</id><created>2019-03-14 18:04:56.144 CST</created><parent reference="../../.."/><children><project><id>6582</id><created>2019-03-15 17:09:15.999 CST</created><parent reference="../../.."/><children/><topic reference="../../../../../../../../../../../../../../../../../topics/items/topic[3]"/><description>自控力 </description><purpose></purpose><success></success><brainstorming></brainstorming><organising></organising><done>false</done><sequence>false</sequence><sequencing reference="../../../../../../../../project/children/project/children/project/children/project/sequencing"/><notes></notes><modified>2019-03-15 22:04:31.467 CST</modified></project><project><id>6581</id><created>2019-03-15 17:09:05.936 CST</created><parent reference="../../.."/><children/><topic reference="../../../../../../../../../../../../../../../../../topics/items/topic[3]"/><description>高效能人士的7个习惯 </description><purpose></purpose><success></success><brainstorming></brainstorming><organising></organising><done>false</done><sequence>false</sequence><sequencing reference="../../../../../../../../project/children/project/children/project/children/project/sequencing"/><modified>2019-03-15 17:09:26.475 CST</modified></project><project><id>6580</id><created>2019-03-15 17:08:54.857 CST</created><parent reference="../../.."/><children/><topic reference="../../../../../../../../../../../../../../../../../topics/items/topic[3]"/><description>软技能：代码之外的生存技能 </description><purpose></purpose><success></success><brainstorming></brainstorming><organising></organising><done>false</done><sequence>false</sequence><sequencing reference="../../../../../../../../project/children/project/children/project/children/project/sequencing"/><modified>2019-03-15 17:10:22.542 CST</modified></project><project><id>6593</id><created>2019-03-15 21:40:20.397 CST</created><parent reference="../../.."/><children><action><id>6594</id><created>2019-03-15 21:40:36.404 CST</created><parent reference="../../.."/><description>在Thinking Rock上完成所有年度计划的详细规划---个人发展部分</description><topic reference="../../../../../../../../../../../../../../../../../../../topics/items/topic[3]"/><context reference="../../../../../../../../../../../../../../../../../../../contexts/items/context[5]"/><state class="actionStateScheduled"><date>2019-03-15 21:00:00.0 CST</date><durationHours>2</durationHours><durationMinutes>0</durationMinutes><created>2019-03-15 21:41:53.723 CST</created></state><notes></notes><done>true</done><doneDate>2019-03-15 00:00:00.0 CST</doneDate><energy reference="../../../../../../../../../../project/children/project[2]/children/project[3]/children/project/children/action[3]/energy"/><priority reference="../../../../../../../../../../project/children/project[2]/children/project[2]/children/project/children/action/priority"/><success>1、TR 个人发展部分template形成并可以投入使用</success><modified>2019-03-15 22:37:55.721 CST</modified></action><action><id>6595</id><created>2019-03-15 21:43:42.774 CST</created><parent reference="../../.."/><description>在Thinking Rock上完成所有年度计划的详细规划---个人健康部分</description><topic reference="../../../../../../../../../../../../../../../../../../../topics/items/topic[3]"/><context reference="../../../../../../../../../../../../../../../../../../../contexts/items/context[5]"/><state class="actionStateScheduled"><date>2019-03-16 10:00:00.0 CST</date><durationHours>0</durationHours><durationMinutes>0</durationMinutes><created>2019-03-15 21:44:12.386 CST</created></state><notes></notes><done>true</done><doneDate>2019-03-16 00:00:00.0 CST</doneDate><time reference="../../../../../../../../project/children/project/children/project[2]/children/action/time"/><priority reference="../../../../../../../../../../project/children/project[2]/children/project[2]/children/project/children/action/priority"/><success></success><modified>2019-03-16 08:04:08.399 CST</modified></action><action><id>6596</id><created>2019-03-15 21:44:30.513 CST</created><parent reference="../../.."/><description>在Thinking Rock上完成所有年度计划的详细规划---财富管理部分</description><topic reference="../../../../../../../../../../../../../../../../../../../topics/items/topic[3]"/><context reference="../../../../../../../../../../../../../../../../../../../contexts/items/context[5]"/><state class="actionStateScheduled"><date>2019-03-16 11:00:00.0 CST</date><durationHours>0</durationHours><durationMinutes>0</durationMinutes><created>2019-03-15 21:44:51.248 CST</created></state><notes></notes><done>true</done><doneDate>2019-03-16 00:00:00.0 CST</doneDate><energy reference="../../../../../../../../../../project/children/project[2]/children/project[3]/children/project/children/action[3]/energy"/><priority reference="../../../../../../../../../../project/children/project[2]/children/project[2]/children/project/children/action/priority"/><success></success><modified>2019-03-16 10:44:26.959 CST</modified></action><action><id>6597</id><created>2019-03-15 21:45:14.983 CST</created><parent reference="../../.."/><description>在Thinking Rock上完成所有年度计划的详细规划---家庭、人际交往部分</description><topic reference="../../../../../../../../../../../../../../../../../../../topics/items/topic[3]"/><context reference="../../../../../../../../../../../../../../../../../../../contexts/items/context[5]"/><state class="actionStateScheduled"><date>2019-03-16 14:00:00.0 CST</date><durationHours>0</durationHours><durationMinutes>30</durationMinutes><created>2019-03-15 21:46:12.668 CST</created></state><notes></notes><done>true</done><doneDate>2019-03-16 00:00:00.0 CST</doneDate><time reference="../../../../../../../../project/children/project[2]/children/project[12]/children/action/time"/><priority reference="../../../../../../../../../../project/children/project[2]/children/project[2]/children/project/children/action/priority"/><success></success><modified>2019-03-16 15:02:32.105 CST</modified></action><action><id>6598</id><created>2019-03-15 21:45:21.88 CST</created><parent reference="../../.."/><description>在Thinking Rock上完成所有年度计划的详细规划---兴趣爱好部分</description><topic reference="../../../../../../../../../../../../../../../../../../../topics/items/topic[3]"/><context reference="../../../../../../../../../../../../../../../../../../../contexts/items/context[5]"/><state class="actionStateScheduled"><date>2019-03-16 15:00:00.0 CST</date><durationHours>0</durationHours><durationMinutes>30</durationMinutes><created>2019-03-15 21:47:07.216 CST</created></state><notes></notes><done>true</done><doneDate>2019-03-16 00:00:00.0 CST</doneDate><time reference="../../../../../../../../project/children/project[2]/children/project[12]/children/action/time"/><energy reference="../../../../../../../../../../project/children/project[3]/children/project[6]/children/action[11]/energy"/><priority reference="../../../../../../../../../../project/children/project[2]/children/project[2]/children/project/children/action/priority"/><success></success><modified>2019-03-16 14:58:50.241 CST</modified></action><action><id>6599</id><created>2019-03-15 21:45:43.997 CST</created><parent reference="../../.."/><description>在Thinking Rock上完成所有年度计划的详细规划---娱乐休闲部分</description><topic reference="../../../../../../../../../../../../../../../../../../../topics/items/topic[3]"/><context reference="../../../../../../../../../../../../../../../../../../../contexts/items/context[5]"/><state class="actionStateScheduled"><date>2019-03-17 16:00:00.0 CST</date><durationHours>0</durationHours><durationMinutes>30</durationMinutes><created>2019-03-15 21:47:58.794 CST</created></state><notes></notes><done>true</done><doneDate>2019-03-16 00:00:00.0 CST</doneDate><time reference="../../../../../../../../project/children/project[2]/children/project[12]/children/action/time"/><energy reference="../../../../../../../../../../project/children/project[3]/children/project[6]/children/action[11]/energy"/><priority reference="../../../../../../../../../../project/children/project[2]/children/project[2]/children/project/children/action/priority"/><success></success><modified>2019-03-16 14:43:02.159 CST</modified></action><action><id>6600</id><created>2019-03-15 21:45:47.906 CST</created><parent reference="../../.."/><description>在Thinking Rock上完成所有年度计划的详细规划---工作职业部分</description><topic reference="../../../../../../../../../../../../../../../../../../../topics/items/topic[3]"/><context reference="../../../../../../../../../../../../../../../../../../../contexts/items/context[5]"/><state class="actionStateScheduled"><date>2019-04-14 14:00:00.0 CST</date><durationHours>1</durationHours><durationMinutes>0</durationMinutes><created>2019-03-15 21:48:49.820 CST</created></state><notes></notes><done>false</done><time reference="../../../../../../../../project/children/project/children/project[2]/children/action/time"/><energy reference="../../../../../../../../../../project/children/project[2]/children/project[3]/children/project/children/action[3]/energy"/><priority reference="../../../../../../../../../../project/children/project[2]/children/project[2]/children/project/children/action/priority"/><success></success><modified>2019-03-16 11:58:18.550 CST</modified></action><action><id>6867</id><created>2019-03-16 11:17:33.428 CST</created><parent reference="../../.."/><description>在Thinking Rock上完成所有年度计划的详细规划---巡检部分</description><topic reference="../../../../../../../../../../../../../../../../../../../topics/items/topic[3]"/><context reference="../../../../../../../../../../../../../../../../../../../contexts/items/context[5]"/><state class="actionStateScheduled"><date>2019-03-16 10:50:00.0 CST</date><durationHours>0</durationHours><durationMinutes>30</durationMinutes><created>2019-03-16 11:18:02.982 CST</created></state><notes></notes><done>true</done><doneDate>2019-03-16 00:00:00.0 CST</doneDate><time reference="../../../../../../../../project/children/project[2]/children/project[12]/children/action/time"/><energy reference="../../../../../../../../../../project/children/project[3]/children/project[6]/children/action[11]/energy"/><priority reference="../../../../../../../../../../project/children/project[2]/children/project[2]/children/project/children/action/priority"/><modified>2019-03-16 11:37:10.89 CST</modified></action></children><topic reference="../../../../../../../../../../../../../../../../../topics/items/topic[3]"/><description>年度计划workout</description><purpose></purpose><success></success><brainstorming></brainstorming><organising></organising><done>false</done><sequence>false</sequence><sequencing reference="../../../../../../../../project/children/project/children/project/children/project/sequencing"/><notes></notes><priority reference="../../../../../../../../project/children/project[2]/children/project[2]/children/project/children/action/priority"/><modified>2019-03-16 11:17:33.428 CST</modified></project></children><topic reference="../../../../../../../../../../../../../../../topics/items/topic[3]"/><description>管理</description><purpose></purpose><success></success><brainstorming></brainstorming><organising></organising><done>false</done><sequence>false</sequence><sequencing reference="../../../../../../project/children/project/children/project/children/project/sequencing"/><notes>************************ 2019 年  
Goal：
希望通过理论+实践的方式提升时间管理、项目管理、团队管理的能力，从理论中来应用到实践中，并从实践中得到反馈

Output： 
1、时间管理的实践上不失控，有条不紊
2、项目管理上经历和展开更大的项目的管理
3、团队管理继续进行实践  

Check： 
Check周期： 每周， 每周底</notes><modified>2019-03-15 22:23:48.555 CST</modified></project><project><id>806</id><created>2019-03-14 18:05:05.21 CST</created><parent reference="../../.."/><children><project><id>6575</id><created>2019-03-15 17:06:53.469 CST</created><parent reference="../../.."/><children/><topic reference="../../../../../../../../../../../../../../../../../topics/items/topic[3]"/><description>聪明人用方格笔记本</description><purpose></purpose><success></success><brainstorming></brainstorming><organising></organising><done>false</done><sequence>false</sequence><sequencing reference="../../../../../../../../project/children/project/children/project/children/project/sequencing"/><notes></notes><modified>2019-03-15 17:44:41.866 CST</modified></project><project><id>6576</id><created>2019-03-15 17:07:17.119 CST</created><parent reference="../../.."/><children/><topic reference="../../../../../../../../../../../../../../../../../topics/items/topic[3]"/><description>聪明人用方格笔记本（进阶版）</description><purpose></purpose><success></success><brainstorming></brainstorming><organising></organising><done>false</done><sequence>false</sequence><sequencing reference="../../../../../../../../project/children/project/children/project/children/project/sequencing"/><notes></notes><modified>2019-04-07 17:21:16.826 CST</modified></project><project><id>6577</id><created>2019-03-15 17:07:38.487 CST</created><parent reference="../../.."/><children/><topic reference="../../../../../../../../../../../../../../../../../topics/items/topic[3]"/><description>聪明人的极简工作法</description><purpose></purpose><success></success><brainstorming></brainstorming><organising></organising><done>false</done><sequence>false</sequence><sequencing reference="../../../../../../../../project/children/project/children/project/children/project/sequencing"/><modified>2019-03-15 17:07:54.13 CST</modified></project><project><id>6579</id><created>2019-03-15 17:08:44.43 CST</created><parent reference="../../.."/><children/><topic reference="../../../../../../../../../../../../../../../../../topics/items/topic[3]"/><description>一页纸工作整理术 </description><purpose></purpose><success></success><brainstorming></brainstorming><organising></organising><done>false</done><sequence>false</sequence><sequencing reference="../../../../../../../../project/children/project/children/project/children/project/sequencing"/><modified>2019-03-15 17:08:46.491 CST</modified></project><project><id>6583</id><created>2019-03-15 17:09:47.69 CST</created><parent reference="../../.."/><children/><topic reference="../../../../../../../../../../../../../../../../../topics/items/topic[3]"/><description>整理的艺术：整理HACKS </description><purpose></purpose><success></success><brainstorming></brainstorming><organising></organising><done>false</done><sequence>false</sequence><sequencing reference="../../../../../../../../project/children/project/children/project/children/project/sequencing"/><modified>2019-03-15 17:09:54.502 CST</modified></project><project><id>6584</id><created>2019-03-15 17:09:57.997 CST</created><parent reference="../../.."/><children/><topic reference="../../../../../../../../../../../../../../../../../topics/items/topic[3]"/><description>整理的艺术2:时间是整理出来的 </description><purpose></purpose><success></success><brainstorming></brainstorming><organising></organising><done>false</done><sequence>false</sequence><sequencing reference="../../../../../../../../project/children/project/children/project/children/project/sequencing"/><modified>2019-03-15 17:10:03.435 CST</modified></project><project><id>6585</id><created>2019-03-15 17:10:05.947 CST</created><parent reference="../../.."/><children/><topic reference="../../../../../../../../../../../../../../../../../topics/items/topic[3]"/><description>整理的艺术3:创意是整理出来的 </description><purpose></purpose><success></success><brainstorming></brainstorming><organising></organising><done>false</done><sequence>false</sequence><sequencing reference="../../../../../../../../project/children/project/children/project/children/project/sequencing"/><modified>2019-03-15 17:10:11.151 CST</modified></project><project><id>6586</id><created>2019-03-15 17:10:13.882 CST</created><parent reference="../../.."/><children/><topic reference="../../../../../../../../../../../../../../../../../topics/items/topic[3]"/><description>整理的艺术4:升职从整理开始 </description><purpose></purpose><success></success><brainstorming></brainstorming><organising></organising><done>false</done><sequence>false</sequence><sequencing reference="../../../../../../../../project/children/project/children/project/children/project/sequencing"/><modified>2019-03-15 17:10:16.590 CST</modified></project><project><id>6587</id><created>2019-03-15 17:10:44.357 CST</created><parent reference="../../.."/><children/><topic reference="../../../../../../../../../../../../../../../../../topics/items/topic[3]"/><description>沟通的艺术 </description><purpose></purpose><success></success><brainstorming></brainstorming><organising></organising><done>false</done><sequence>false</sequence><sequencing reference="../../../../../../../../project/children/project/children/project/children/project/sequencing"/><modified>2019-03-15 17:10:50.108 CST</modified></project><project><id>6590</id><created>2019-03-15 17:11:18.162 CST</created><parent reference="../../.."/><children><action><id>16578</id><created>2019-04-07 18:08:15.901 CST</created><parent reference="../../.."/><description>启动计划</description><topic reference="../../../../../../../../../../../../../../../../../../../topics/items/topic[3]"/><context reference="../../../../../../../../../../../../../../../../../../../contexts/items/context[5]"/><state class="actionStateScheduled"><date>2019-04-22 00:00:00.0 CST</date><durationHours>0</durationHours><durationMinutes>0</durationMinutes><created>2019-04-07 18:09:01.977 CST</created></state><notes></notes><done>false</done><priority reference="../../../../../../../../../../project/children/project[2]/children/project[2]/children/project/children/action/priority"/><modified>2019-04-07 18:09:01.977 CST</modified></action></children><topic reference="../../../../../../../../../../../../../../../../../topics/items/topic[3]"/><description>如何阅读一本书  </description><purpose></purpose><success></success><brainstorming></brainstorming><organising></organising><done>false</done><sequence>false</sequence><sequencing reference="../../../../../../../../project/children/project/children/project/children/project/sequencing"/><modified>2019-04-07 18:08:15.902 CST</modified></project><project><id>6592</id><created>2019-03-15 17:42:14.425 CST</created><parent reference="../../.."/><children/><topic reference="../../../../../../../../../../../../../../../../../topics/items/topic[3]"/><description>寻乌调查</description><purpose></purpose><success></success><brainstorming></brainstorming><organising></organising><done>false</done><sequence>false</sequence><sequencing reference="../../../../../../../../project/children/project/children/project/children/project/sequencing"/><notes></notes><modified>2019-03-15 17:42:21.160 CST</modified></project><project><id>16552</id><created>2019-04-07 17:15:50.291 CST</created><parent reference="../../.."/><children><action><id>16553</id><created>2019-04-07 17:16:05.248 CST</created><parent reference="../../.."/><description>进行1/5</description><topic reference="../../../../../../../../../../../../../../../../../../../topics/items/topic[3]"/><context reference="../../../../../../../../../../../../../../../../../../../contexts/items/context[5]"/><state class="actionStateScheduled"><date>2019-04-17 21:30:00.0 CST</date><durationHours>0</durationHours><durationMinutes>0</durationMinutes><recurrence><id>16576</id><project reference="../../../../.."/><description>进行1/5</description><topic reference="../../../../../../../../../../../../../../../../../../../../../topics/items/topic[3]"/><context reference="../../../../../../../../../../../../../../../../../../../../../contexts/items/context[5]"/><time reference="../../../../../../../../../../project/children/project[2]/children/project[12]/children/action/time"/><energy reference="../../../../../../../../../../../../project/children/project[2]/children/project[3]/children/project/children/action[3]/energy"/><priority reference="../../../../../../../../../../../../project/children/project[2]/children/project[2]/children/project/children/action/priority"/><scheduleHours>21</scheduleHours><scheduleMins>30</scheduleMins><durationHours>0</durationHours><durationMins>0</durationMins><basisID>2</basisID><startDate>2019-04-08 00:00:00.0 CST</startDate><periodID>0</periodID><frequency>1</frequency><advanceNbr>4</advanceNbr><endDate>2019-04-15 00:00:00.0 CST</endDate><genNbr>0</genNbr><success></success><notes></notes><period class="tr.model.action.PeriodDay"/></recurrence><created>2019-04-07 18:06:24.18 CST</created></state><notes></notes><done>false</done><modified>2019-04-07 18:06:24.18 CST</modified></action></children><topic reference="../../../../../../../../../../../../../../../../../topics/items/topic[3]"/><description>如何学习</description><purpose></purpose><success></success><brainstorming></brainstorming><organising></organising><done>false</done><sequence>false</sequence><sequencing reference="../../../../../../../../project/children/project/children/project/children/project/sequencing"/><notes></notes><modified>2019-04-07 17:16:05.249 CST</modified></project><project><id>16564</id><created>2019-04-07 17:21:30.11 CST</created><parent reference="../../.."/><children><action><id>16565</id><created>2019-04-07 17:21:46.293 CST</created><parent reference="../../.."/><description>进行1/5</description><topic reference="../../../../../../../../../../../../../../../../../../../topics/items/topic[3]"/><context reference="../../../../../../../../../../../../../../../../../../../contexts/items/context[5]"/><state class="actionStateScheduled"><date>2019-04-08 21:10:00.0 CST</date><durationHours>0</durationHours><durationMinutes>30</durationMinutes><created>2019-04-07 18:04:55.124 CST</created></state><notes></notes><done>true</done><doneDate>2019-04-07 19:26:02.720 CST</doneDate><modified>2019-04-07 19:26:02.721 CST</modified></action><action><id>16583</id><created>2019-04-07 19:26:02.720 CST</created><parent reference="../../.."/><description>进行1/7</description><topic reference="../../../../../../../../../../../../../../../../../../../topics/items/topic[3]"/><context reference="../../../../../../../../../../../../../../../../../../../contexts/items/context[5]"/><state class="actionStateScheduled"><date>2019-04-14 21:10:00.0 CST</date><durationHours>0</durationHours><durationMinutes>30</durationMinutes><recurrence><id>16575</id><project reference="../../../../.."/><description>进行1/5</description><topic reference="../../../../../../../../../../../../../../../../../../../../../topics/items/topic[3]"/><context reference="../../../../../../../../../../../../../../../../../../../../../contexts/items/context[5]"/><scheduleHours>21</scheduleHours><scheduleMins>10</scheduleMins><durationHours>0</durationHours><durationMins>30</durationMins><basisID>2</basisID><startDate reference="../../date"/><periodID>0</periodID><frequency>1</frequency><advanceNbr>4</advanceNbr><endNbr>7</endNbr><genNbr>1</genNbr><genToDate>2019-04-08 21:10:00.0 CST</genToDate><success></success><notes></notes><period class="tr.model.action.PeriodDay"/></recurrence><created>2019-04-07 19:26:02.720 CST</created></state><notes>星期四 11 四月 2019 13:59:59 出问题了，时间没有管理好，要拉回来</notes><done>false</done><success></success><modified>2019-04-14 14:07:58.276 CST</modified></action></children><topic reference="../../../../../../../../../../../../../../../../../topics/items/topic[3]"/><description>番茄工作法图解</description><purpose></purpose><success></success><brainstorming></brainstorming><organising></organising><done>false</done><sequence>false</sequence><sequencing reference="../../../../../../../../project/children/project/children/project/children/project/sequencing"/><notes></notes><priority reference="../../../../../../../../project/children/project[2]/children/project[2]/children/project/children/action/priority"/><modified>2019-04-14 12:05:07.353 CST</modified></project></children><topic reference="../../../../../../../../../../../../../../../topics/items/topic[3]"/><description>方法类</description><purpose></purpose><success></success><brainstorming></brainstorming><organising></organising><done>false</done><sequence>false</sequence><sequencing reference="../../../../../../project/children/project/children/project/children/project/sequencing"/><notes>************************ 2019 年   
Goal：缺什么就补什么，目前是阅读方法类，学习类，日常生活类，沟通交流 这几个维度进行展开，也是理论+实践的方式展开，从实践中找到合适自己合适当前的灵活方式是这个的终极目标

Output： （需要考虑完善怎么量化这个提升的效果）
1、更加高效的阅读 
2、快速的学习能力
3、家居整理
4、沟通交流更加有效    

Check： 
Check周期： 每周， 每周底</notes><modified>2019-04-07 18:08:11.525 CST</modified></project><project><id>807</id><created>2019-03-14 18:05:12.507 CST</created><parent reference="../../.."/><children><project><id>6578</id><created>2019-03-15 17:08:32.284 CST</created><parent reference="../../.."/><children/><topic reference="../../../../../../../../../../../../../../../../../topics/items/topic[3]"/><description>人生十论 </description><purpose></purpose><success></success><brainstorming></brainstorming><organising></organising><done>false</done><sequence>false</sequence><sequencing reference="../../../../../../../../project/children/project/children/project/children/project/sequencing"/><modified>2019-03-15 17:08:35.372 CST</modified></project><project><id>6588</id><created>2019-03-15 17:10:52.773 CST</created><parent reference="../../.."/><children/><topic reference="../../../../../../../../../../../../../../../../../topics/items/topic[3]"/><description>思考，快与慢 </description><purpose></purpose><success></success><brainstorming></brainstorming><organising></organising><done>false</done><sequence>false</sequence><sequencing reference="../../../../../../../../project/children/project/children/project/children/project/sequencing"/><modified>2019-03-15 17:11:14.473 CST</modified></project><project><id>6589</id><created>2019-03-15 17:10:59.179 CST</created><parent reference="../../.."/><children/><topic reference="../../../../../../../../../../../../../../../../../topics/items/topic[3]"/><description>如何提问 </description><purpose></purpose><success></success><brainstorming></brainstorming><organising></organising><done>false</done><sequence>false</sequence><sequencing reference="../../../../../../../../project/children/project/children/project/children/project/sequencing"/><notes></notes><modified>2019-03-15 22:08:22.275 CST</modified></project></children><topic reference="../../../../../../../../../../../../../../../topics/items/topic[3]"/><description>思维</description><purpose></purpose><success></success><brainstorming></brainstorming><organising></organising><done>false</done><sequence>false</sequence><sequencing reference="../../../../../../project/children/project/children/project/children/project/sequencing"/><notes>************************ 2019 年 
Goal： 
1、思维类方法类的书10+本，并按情况甄别使用 
2、采取理论+实践的方式进行，从实践中不断的找寻灵活的适合自己当前的管理方式、及实用方法 

Output： 
1、理论梳理笔记以及实际应用的输出，思维上的发展可以体现在对工作事情的复盘输出上，每月进行复盘输出


Check： 
Check周期： 每周</notes><modified>2019-03-15 22:06:43.837 CST</modified></project><project><id>808</id><created>2019-03-14 18:05:30.612 CST</created><parent reference="../../.."/><children><action><id>6603</id><created>2019-03-15 22:25:15.708 CST</created><parent reference="../../.."/><description>寻找以及确定英语能力提升的材料</description><topic reference="../../../../../../../../../../../../../../../../../topics/items/topic[3]"/><context reference="../../../../../../../../../../../../../../../../../contexts/items/context[5]"/><state class="actionStateScheduled"><date>2019-04-24 17:00:00.0 CST</date><durationHours>1</durationHours><durationMinutes>0</durationMinutes><created>2019-03-15 22:25:49.958 CST</created></state><notes></notes><done>false</done><success>1、确定材料并形成学习计划</success><modified>2019-03-15 22:38:26.546 CST</modified></action></children><topic reference="../../../../../../../../../../../../../../../topics/items/topic[3]"/><description>外语</description><purpose></purpose><success></success><brainstorming></brainstorming><organising></organising><done>false</done><sequence>false</sequence><sequencing reference="../../../../../../project/children/project/children/project/children/project/sequencing"/><notes>************************ 2019 年 
Goal： 
1、英语能够在工作上进行交流（听说读写） 
2、采取课程+实践的方式进行，从实践中不断的提升英语交流的能力 

Output： 
1、单词量的提升
2、口语流利
3、日常交流没问题


Check： 
Check周期： 每周</notes><modified>2019-03-15 22:26:07.730 CST</modified></project></children><topic reference="../../../../../../../../../../../../../topics/items/topic[3]"/><description>学习</description><purpose></purpose><success></success><brainstorming></brainstorming><organising></organising><done>false</done><sequence>false</sequence><sequencing reference="../../../../project/children/project/children/project/children/project/sequencing"/><notes>************************ 2019 年 
Goal：
1、思维类方法类的书10+本，并按情况甄别使用
2、采取理论+实践的方式进行，从实践中不断的找寻灵活的适合自己当前的管理方式、及实用方法
3、英语能够在工作上进行交流（听说读写）

Output： 
1、理论梳理笔记以及实际应用的输出，管理工具的使用及定期的跟踪调整报告 
2、在工作上英语交流无压力

Check： 
Check周期： 每周， 每周底进行该目标分类的全面检查</notes><modified>2019-03-16 11:21:15.18 CST</modified></project></children><topic reference="../../../../../../../../../../../topics/items/topic[3]"/><description>个人发展</description><purpose></purpose><success>形成独立之人格，养成行事之严谨，思想之活跃， 锻炼行动之高效，学识之丰富</success><brainstorming></brainstorming><organising></organising><done>false</done><sequence>false</sequence><sequencing reference="../../project/children/project/children/project/children/project/sequencing"/><notes>学识丰富并培养形成独立人格，不人云亦云，有自己细致的分析思路与结论，行事严谨高效，能支撑起想达成的目标，思想活跃不固化，能帮助自己在单独面对问题时能够从多维度的角度出发分析寻找最合适合理的解决方案

************************ 2019 年
Goal：
1、全年争取读完100+本书并有输出
2、读书会有开就参加（坚持参加读书会的本质需求，就是读书分享交流，要多分享，多交流对当期书的观点看法）
3、个人在管理（时间、项目、团队）上有实质上的进步和提升（怎么衡量），具体时间的规划上全年能够完成80%的规划，经历过至少1个大型的公司项目的管理，并至少向领导学习管理的哲学与经验，如果能争取到带团队更好
4、思维上的发展可以体现在对工作事情的复盘输出上，每月进行复盘输出

Output： 
1、输出读书过程的记录梳理 ， 至少一周一本
2、输出心得及观点并放到网上
3、时间跟踪记录
4、项目定期的总结记录
5、定期的总结记录

Check： 
Check周期： 每周各个小项进行检查，每月底进行全面的一次检查 </notes><priority reference="../../project/children/project[2]/children/project[2]/children/project/children/action/priority"/><modified>2019-03-28 23:56:58.805 CST</modified></project><project><id>129</id><created>2019-03-14 16:24:50.862 CST</created><parent class="projects" reference="../../.."/><children><project><id>809</id><created>2019-03-14 18:05:59.294 CST</created><parent reference="../../.."/><children><action><id>6536</id><created>2019-03-15 15:43:55.343 CST</created><parent reference="../../.."/><description>锻炼计划制定</description><topic reference="../../../../../../../../../../../../../../../topics/items/topic[4]"/><context reference="../../../../../../../../../../../../../../../contexts/items/context[7]"/><state class="actionStateScheduled"><date>2019-04-07 11:00:00.0 CST</date><durationHours>1</durationHours><durationMinutes>0</durationMinutes><created>2019-03-15 15:44:46.94 CST</created></state><notes></notes><done>true</done><doneDate>2019-04-07 00:00:00.0 CST</doneDate><time reference="../../../../../../project[2]/children/project/children/project/children/project[2]/children/action/time"/><energy reference="../../../../../../project/children/project[3]/children/project[6]/children/action[11]/energy"/><priority reference="../../../../../../project/children/project[2]/children/project[2]/children/project/children/action/priority"/><success>1、输出锻炼计划表，包含锻炼方案的详细内容和详细的时间安排及效果要求</success><modified>2019-04-07 18:28:19.838 CST</modified></action></children><topic reference="../../../../../../../../../../../../../topics/items/topic[4]"/><description>每日健身运动</description><purpose>1、保持好身材</purpose><success></success><brainstorming></brainstorming><organising></organising><done>false</done><sequence>false</sequence><sequencing reference="../../../../project/children/project/children/project/children/project/sequencing"/><notes>************************ 2019 年
全年的体重&lt;55KG, 体脂比 &lt;20, 身材恢复回来， 腹部和胸部肌肉明显，小肚子要干掉，腰曲线倒三角要恢复回来（通过针对性训练恢复）</notes><modified>2019-03-16 11:29:58.714 CST</modified></project><project><id>6610</id><created>2019-03-16 07:39:10.530 CST</created><parent reference="../../.."/><children><action><id>8033</id><created>2019-03-16 12:00:54.520 CST</created><parent reference="../../.."/><description>指导性的作息表确定</description><topic reference="../../../../../../../../../../../../../../../topics/items/topic[4]"/><context reference="../../../../../../../../../../../../../../../contexts/items/context[7]"/><state class="actionStateScheduled"><date>2019-04-02 20:00:00.0 CST</date><durationHours>0</durationHours><durationMinutes>20</durationMinutes><created>2019-03-16 12:01:29.55 CST</created></state><notes></notes><done>true</done><doneDate>2019-04-02 00:00:00.0 CST</doneDate><time><id>104</id><name>20 min</name></time><energy reference="../../../../../../project/children/project[3]/children/project[6]/children/action[11]/energy"/><priority reference="../../../../../../project/children/project[2]/children/project[2]/children/project/children/action/priority"/><success></success><modified>2019-04-02 22:58:46.674 CST</modified></action></children><topic reference="../../../../../../../../../../../../../topics/items/topic[4]"/><description>作息规律</description><purpose></purpose><success></success><brainstorming></brainstorming><organising></organising><done>false</done><sequence>false</sequence><sequencing reference="../../../../project/children/project/children/project/children/project/sequencing"/><notes>************************ 2019 年 

Goal： 
1、不熬夜，每周因非工作需求晚上12点以后才睡觉的次数不超过1次 
2、睡觉前的半个到一个小时是固定的阅读时间  

Output： 
1、跟踪记录，打卡记录情况

Check： 
Check周期： 每天</notes><priority reference="../../../../project/children/project[2]/children/project[2]/children/project/children/action/priority"/><modified>2019-04-02 22:00:02.446 CST</modified></project><project><id>6611</id><created>2019-03-16 07:43:02.579 CST</created><parent reference="../../.."/><children><action><id>6624</id><created>2019-03-16 07:59:03.595 CST</created><parent reference="../../.."/><description>每周新菜---西红柿酱汤</description><topic reference="../../../../../../../../../../../../../../../topics/items/topic[4]"/><context reference="../../../../../../../../../../../../../../../contexts/items/context[7]"/><state class="actionStateScheduled"><date>2019-03-16 12:00:00.0 CST</date><durationHours>0</durationHours><durationMinutes>0</durationMinutes><created>2019-03-16 07:59:34.162 CST</created></state><notes></notes><done>true</done><doneDate>2019-03-16 00:00:00.0 CST</doneDate><priority reference="../../../../../../project/children/project[2]/children/project[2]/children/project/children/action/priority"/><success></success><modified>2019-03-16 11:39:46.936 CST</modified></action><action><id>8034</id><created>2019-03-16 12:08:48.420 CST</created><parent reference="../../.."/><description>搜索菜谱资料，制定全年52周的菜单计划</description><topic reference="../../../../../../../../../../../../../../../topics/items/topic[4]"/><context reference="../../../../../../../../../../../../../../../contexts/items/context[7]"/><state class="actionStateScheduled"><date>2019-04-19 20:40:00.0 CST</date><durationHours>1</durationHours><durationMinutes>0</durationMinutes><created>2019-03-16 12:09:32.789 CST</created></state><notes></notes><done>false</done><time reference="../../../../../../project[2]/children/project/children/project/children/project[2]/children/action/time"/><energy reference="../../../../../../project/children/project[3]/children/project[6]/children/action[11]/energy"/><priority reference="../../../../../../project/children/project[2]/children/project[2]/children/project/children/action/priority"/><success>1、在餐饮习惯这里列出详细的菜单及分配出对应的操作时间</success><modified>2019-03-16 12:10:20.206 CST</modified></action></children><topic reference="../../../../../../../../../../../../../topics/items/topic[4]"/><description>餐饮习惯</description><purpose></purpose><success></success><brainstorming></brainstorming><organising></organising><done>false</done><sequence>false</sequence><sequencing reference="../../../../project/children/project/children/project/children/project/sequencing"/><notes>************************ 2019 年  
Goal： 
1、周末的4餐尽量的自己做 
2、每周学做一个新菜    

Output： 
1、跟踪记录，打卡记录情况  

Check： 
Check周期： 每周</notes><priority reference="../../../../project/children/project[2]/children/project[2]/children/project/children/action/priority"/><modified>2019-03-16 12:08:48.421 CST</modified></project><project><id>8021</id><created>2019-03-16 11:33:25.339 CST</created><parent reference="../../.."/><children><action><id>8052</id><created>2019-03-16 12:21:05.14 CST</created><parent reference="../../.."/><description>找到公司的体育组织并加入其中</description><topic reference="../../../../../../../../../../../../../../../topics/items/topic[4]"/><context reference="../../../../../../../../../../../../../../../contexts/items/context[7]"/><state class="actionStateScheduled"><date>2019-04-17 10:00:00.0 CST</date><durationHours>0</durationHours><durationMinutes>20</durationMinutes><created>2019-03-16 12:21:26.810 CST</created></state><notes>星期日 7 四月 2019 16:59:52没有找到啊，这个消息需要靠打听
星期四 11 四月 2019 14:01:17 先找渠道加入工会</notes><done>false</done><time reference="../../../../project[2]/children/action/time"/><energy reference="../../../../../../project/children/project[3]/children/project[6]/children/action[11]/energy"/><priority reference="../../../../../../project/children/project[2]/children/project[2]/children/project/children/action/priority"/><success></success><modified>2019-04-11 14:01:23.497 CST</modified></action></children><topic reference="../../../../../../../../../../../../../topics/items/topic[4]"/><description>定期的户外运动/体育运动</description><purpose></purpose><success></success><brainstorming></brainstorming><organising></organising><done>false</done><sequence>false</sequence><sequencing reference="../../../../project/children/project/children/project/children/project/sequencing"/><notes></notes><priority reference="../../../../project/children/project[2]/children/project[2]/children/project/children/action/priority"/><modified>2019-03-16 12:21:05.15 CST</modified></project></children><topic reference="../../../../../../../../../../../topics/items/topic[4]"/><description>个人健康</description><purpose></purpose><success>每天锻炼一小时，健康工作五十年，幸福生活一辈子</success><brainstorming></brainstorming><organising></organising><done>false</done><sequence>false</sequence><sequencing reference="../../project/children/project/children/project/children/project/sequencing"/><notes>保持健康强壮的身体，保有充沛的体力和良好的精神状态，能够支撑起自己为实现目标的过程中的体力需求
************************ 2019 年
Goal： 
1、全年的体重&lt;55KG, 体脂比 &lt;20, 身材恢复回来， 腹部和胸部肌肉明显，小肚子要干掉，腰曲线倒三角要恢复回来（通过针对性训练恢复）
 2、工作、生活高度的规律自控 ： 享受有自控规律的工作和生活而不是享乐随意的工作生活
 3、餐饮： 一周学做一个新菜吧
 4、户外运动/体育运动开展起来，今年找到户外的团队和体育运动的组织，争取一个月进行一次户外，一周参与一次体育活动

Output： 
1、跟踪记录 
2、户外运动的心得体会、体育运动的专业性体会
 
Check： 
Check周期： 每周各个小项进行检查，每月底进行全面的一次检查</notes><modified>2019-03-16 11:33:25.339 CST</modified></project><project><id>131</id><created>2019-03-14 16:25:00.236 CST</created><parent class="projects" reference="../../.."/><children><project><id>6571</id><created>2019-03-15 17:05:39.803 CST</created><parent reference="../../.."/><children><project><id>6572</id><created>2019-03-15 17:06:09.111 CST</created><parent reference="../../.."/><children><action><id>16369</id><created>2019-03-28 23:03:56.698 CST</created><parent reference="../../.."/><description>制定计划</description><topic reference="../../../../../../../../../../../../../../../../../topics/items/topic[5]"/><context reference="../../../../../../../../../../../../../../../../../contexts/items/context[8]"/><state class="actionStateScheduled"><date>2019-05-01 00:00:00.0 CST</date><durationHours>0</durationHours><durationMinutes>0</durationMinutes><created>2019-03-28 23:37:51.555 CST</created></state><notes></notes><done>false</done><modified>2019-04-02 09:46:37.187 CST</modified></action></children><topic reference="../../../../../../../../../../../../../../../topics/items/topic[5]"/><description>穷查理宝典</description><purpose></purpose><success></success><brainstorming></brainstorming><organising></organising><done>false</done><sequence>false</sequence><sequencing reference="../../../../../../project/children/project/children/project/children/project/sequencing"/><notes></notes><modified>2019-03-28 23:03:56.698 CST</modified></project><project><id>6573</id><created>2019-03-15 17:06:22.53 CST</created><parent reference="../../.."/><children><action><id>16370</id><created>2019-03-28 23:04:08.249 CST</created><parent reference="../../.."/><description>制定计划</description><topic reference="../../../../../../../../../../../../../../../../../topics/items/topic[5]"/><context reference="../../../../../../../../../../../../../../../../../contexts/items/context[8]"/><state class="actionStateScheduled"><date>2019-06-01 00:00:00.0 CST</date><durationHours>0</durationHours><durationMinutes>0</durationMinutes><created>2019-03-28 23:38:04.191 CST</created></state><notes></notes><done>false</done><modified>2019-04-02 09:46:27.378 CST</modified></action></children><topic reference="../../../../../../../../../../../../../../../topics/items/topic[5]"/><description>富爸爸，穷爸爸 </description><purpose></purpose><success></success><brainstorming></brainstorming><organising></organising><done>false</done><sequence>false</sequence><sequencing reference="../../../../../../project/children/project/children/project/children/project/sequencing"/><modified>2019-03-28 23:04:08.249 CST</modified></project><project><id>6574</id><created>2019-03-15 17:06:31.239 CST</created><parent reference="../../.."/><children><action><id>16371</id><created>2019-03-28 23:04:17.982 CST</created><parent reference="../../.."/><description>制定计划</description><topic reference="../../../../../../../../../../../../../../../../../topics/items/topic[5]"/><context reference="../../../../../../../../../../../../../../../../../contexts/items/context[8]"/><state class="actionStateScheduled"><date>2019-07-01 00:00:00.0 CST</date><durationHours>0</durationHours><durationMinutes>0</durationMinutes><created>2019-03-28 23:38:13.649 CST</created></state><notes></notes><done>false</done><modified>2019-04-02 09:46:33.485 CST</modified></action></children><topic reference="../../../../../../../../../../../../../../../topics/items/topic[5]"/><description>牛奶可乐经济学 </description><purpose></purpose><success></success><brainstorming></brainstorming><organising></organising><done>false</done><sequence>false</sequence><sequencing reference="../../../../../../project/children/project/children/project/children/project/sequencing"/><notes></notes><modified>2019-03-28 23:04:17.983 CST</modified></project></children><topic reference="../../../../../../../../../../../../../topics/items/topic[5]"/><description>书籍阅读</description><purpose></purpose><success></success><brainstorming></brainstorming><organising></organising><done>false</done><sequence>false</sequence><sequencing reference="../../../../project/children/project/children/project/children/project/sequencing"/><notes>************************ 2019 年 
Goal： 
1、持续性的阅读经济和财富管理类的书籍，经验分享，关注经济投资论坛，商业评论等杂志报告 
2、记录输出心得和总结点
3、一个月至少读一本这方面的已经规划的书籍， 5月份启动，先读3本，到8月1号结束

Output： 
1、丰富完善资料库，消息库，各种优质的信息渠道 

Check： 
Check周期： 每周</notes><modified>2019-03-28 23:37:44.779 CST</modified></project><project><id>6631</id><created>2019-03-16 10:20:30.557 CST</created><parent reference="../../.."/><children><project><id>6633</id><created>2019-03-16 10:26:21.827 CST</created><parent reference="../../.."/><children><action><id>8013</id><created>2019-03-16 11:26:35.156 CST</created><parent reference="../../.."/><description>学习期权的投资方法</description><topic reference="../../../../../../../../../../../../../../../../../topics/items/topic[5]"/><context reference="../../../../../../../../../../../../../../../../../contexts/items/context[8]"/><state class="actionStateScheduled"><date>2019-04-21 10:00:00.0 CST</date><durationHours>2</durationHours><durationMinutes>0</durationMinutes><created>2019-03-16 11:27:11.917 CST</created></state><notes></notes><done>false</done><time><id>109</id><name>2 hrs</name></time><energy reference="../../../../../../../../project/children/project[2]/children/project[3]/children/project/children/action[3]/energy"/><priority reference="../../../../../../../../project[2]/children/project/children/project[2]/children/project[12]/priority"/><success></success><modified>2019-04-11 12:52:03.97 CST</modified></action></children><topic reference="../../../../../../../../../../../../../../../topics/items/topic[5]"/><description>股票投资</description><purpose></purpose><success></success><brainstorming></brainstorming><organising></organising><done>false</done><sequence>false</sequence><sequencing reference="../../../../../../project/children/project/children/project/children/project/sequencing"/><notes>************************ 2019 年 

Goal： 
1、全年保持33+万的税后工资收入（新工作要站住脚，提供持续性的收入） 
2、股票 A股希望能有 7万+的收入， 美股收入的资金加上本间能到1万美金 

Output： 
1、理财投资日记，心得总结

Check： 
Check周期： 每周</notes><modified>2019-03-16 11:26:35.156 CST</modified></project><project><id>6748</id><created>2019-03-16 10:30:48.776 CST</created><parent reference="../../.."/><children><action><id>16367</id><created>2019-03-28 22:58:09.240 CST</created><parent reference="../../.."/><description>自媒体、博客、视频</description><topic reference="../../../../../../../../../../../../../../../../../topics/items/topic[5]"/><context><name>None</name><description>No context.</description><id>9</id></context><state class="actionStateScheduled"><date>2019-05-01 00:00:00.0 CST</date><durationHours>0</durationHours><durationMinutes>0</durationMinutes><created>2019-03-28 23:00:09.940 CST</created></state><notes></notes><done>false</done><modified>2019-03-28 23:00:09.940 CST</modified></action><action><id>16368</id><created>2019-03-28 22:58:23.625 CST</created><parent reference="../../.."/><description>电商卖水果</description><topic reference="../../../../../../../../../../../../../../../../../topics/items/topic[5]"/><context reference="../../action/context"/><state class="actionStateScheduled"><date>2019-06-01 00:00:00.0 CST</date><durationHours>0</durationHours><durationMinutes>0</durationMinutes><created>2019-03-28 23:36:36.401 CST</created></state><notes></notes><done>false</done><modified>2019-03-28 23:36:36.401 CST</modified></action></children><topic reference="../../../../../../../../../../../../../../../topics/items/topic[5]"/><description>其它的收入调研与实践</description><purpose></purpose><success></success><brainstorming></brainstorming><organising></organising><done>false</done><sequence>false</sequence><sequencing reference="../../../../../../project/children/project/children/project/children/project/sequencing"/><notes>************************ 2019 年 

Goal： 
1、其它方面的收入可能进行调研和尝试，至少进行一次尝试和3份行业调查报告 
2、可能的尝试
      1）线上卖水果， 6月份开始启动，并持续一个月            
      2）自媒体文章作品分成  5月份开始启动，先持续一个月

Output： 
1、调查报告，实践日记，心得总结

Check： 
Check周期： 每周                            </notes><modified>2019-03-28 23:37:07.741 CST</modified></project></children><topic reference="../../../../../../../../../../../../../topics/items/topic[5]"/><description>理财实践</description><purpose></purpose><success></success><brainstorming></brainstorming><organising></organising><done>false</done><sequence>false</sequence><sequencing reference="../../../../project/children/project/children/project/children/project/sequencing"/><notes>************************ 2019 年

Goal： 
1、全年保持33+万的税后工资收入（新工作要站住脚，提供持续性的收入） 
2、股票 A股希望能有 7万+的收入， 美股收入的资金加上本间能到1万美金 
3、其它方面的收入可能进行调研和尝试              
                1）线上卖水果              
                2）自媒体文章作品分成  

Output： 
1、理财投资日记 
2、其它方面收入的实践成果（调研报告+实践总结），线上及线下 

Check： 
Check周期： 每周</notes><modified>2019-03-16 10:41:09.603 CST</modified></project></children><topic reference="../../../../../../../../../../../topics/items/topic[5]"/><description>财富管理</description><purpose></purpose><success>实现财富自由</success><brainstorming></brainstorming><organising></organising><done>false</done><sequence>false</sequence><sequencing reference="../../project/children/project/children/project/children/project/sequencing"/><notes>通过掌握有效的投资方式和投资技巧实现并达到财务自由，支撑起自己意愿的行动
************************ 2019 年
Goal：
1、全年保持33+万的税后工资收入（新工作要站住脚，提供持续性的收入）
2、股票 A股希望能有 7万+的收入， 美股收入的资金加上本间能到1万美金
3、其它方面的收入可能进行调研和尝试
             1）线上卖水果
             2）自媒体文章作品分成

Output：
1、理财投资日记
2、其它方面收入的实践成果（调研报告+实践总结），线上及线下
3、理财理论的补充完善， 5月份开始，进行3个月到8月1号完成3本书的阅读与总结

Check： 
Check周期： 每周各个小项进行检查，每月底进行全面的一次检查

【Check 15:23:46 星期五 15 三月 2019】 A股目前 +2500， 美股 +80美金</notes><modified>2019-03-28 23:56:07.212 CST</modified></project><project><id>132</id><created>2019-03-14 16:25:13.765 CST</created><parent class="projects" reference="../../.."/><children><project><id>8047</id><created>2019-03-16 12:19:14.469 CST</created><parent reference="../../.."/><children><action><id>16373</id><created>2019-03-28 23:32:15.939 CST</created><parent reference="../../.."/><description>第一次邀约</description><topic reference="../../../../../../../../../../../../../../../topics/items/topic[7]"/><context reference="../../../../../../project[4]/children/project[2]/children/project[2]/children/action/context"/><state class="actionStateScheduled"><date>2019-04-20 00:00:00.0 CST</date><durationHours>0</durationHours><durationMinutes>0</durationMinutes><created>2019-03-28 23:32:23.191 CST</created></state><notes></notes><done>false</done><modified>2019-03-28 23:33:28.623 CST</modified></action></children><topic reference="../../../../../../../../../../../../../topics/items/topic[7]"/><description>找女朋友</description><purpose></purpose><success></success><brainstorming></brainstorming><organising></organising><done>false</done><sequence>false</sequence><sequencing reference="../../../../project/children/project/children/project/children/project/sequencing"/><notes>1、持续一个月，找到能进行相处的关系， 找个女朋友，没有前每周约个认识的女孩出去吃饭，聊天，徒步都可以，或者进行访谈
</notes><modified>2019-03-28 23:34:03.94 CST</modified></project><project><id>8048</id><created>2019-03-16 12:19:40.562 CST</created><parent reference="../../.."/><children/><topic reference="../../../../../../../../../../../../../topics/items/topic[7]"/><description>家庭情况询问与关心</description><purpose></purpose><success></success><brainstorming></brainstorming><organising></organising><done>false</done><sequence>false</sequence><sequencing reference="../../../../project/children/project/children/project/children/project/sequencing"/><notes></notes><modified>2019-03-16 12:20:01.824 CST</modified></project><project><id>9341</id><created>2019-03-16 14:38:22.484 CST</created><parent reference="../../.."/><children><project><id>16491</id><created>2019-04-03 20:44:51.27 CST</created><parent reference="../../.."/><children><action><id>16364</id><created>2019-03-28 22:57:01.503 CST</created><parent reference="../../.."/><description>寻找相关的方法类资源</description><topic reference="../../../../../../../../../../../../../../../../../topics/items/topic[7]"/><context reference="../../../../../../../../../../../../../../../../../contexts/items/context[11]"/><state class="actionStateScheduled"><date>2019-04-03 21:30:00.0 CST</date><durationHours>0</durationHours><durationMinutes>0</durationMinutes><created>2019-03-28 23:26:42.978 CST</created></state><notes></notes><done>true</done><doneDate>2019-04-03 00:00:00.0 CST</doneDate><success></success><modified>2019-04-03 21:13:23.109 CST</modified></action><action><id>16582</id><created>2019-04-07 18:19:12.406 CST</created><parent reference="../../.."/><description>个人身高，腰围等数据的测量</description><topic reference="../../../../../../../../../../../../../../../../../topics/items/topic[7]"/><context reference="../../../../../../../../../../../../../../../../../contexts/items/context[11]"/><state class="actionStateScheduled"><date>2019-04-14 22:00:00.0 CST</date><durationHours>0</durationHours><durationMinutes>0</durationMinutes><created>2019-04-07 18:19:58.417 CST</created></state><notes>星期四 11 四月 2019 13:57:42 量了一下，  脚到腰是90cm，腰围也是差不多这个，但是没记住，也不准确，找个商场让人帮忙量量</notes><done>false</done><success></success><modified>2019-04-11 13:58:46.735 CST</modified></action></children><topic reference="../../../../../../../../../../../../../../../topics/items/topic[7]"/><description>穿戴风格</description><purpose></purpose><success></success><brainstorming></brainstorming><organising></organising><done>false</done><sequence>false</sequence><sequencing reference="../../../../../../project/children/project/children/project/children/project/sequencing"/><notes></notes><modified>2019-04-07 18:19:12.406 CST</modified></project><action><id>16365</id><created>2019-03-28 22:57:10.198 CST</created><parent reference="../../.."/><description>行为谈吐</description><topic reference="../../../../../../../../../../../../../../../topics/items/topic[7]"/><context reference="../../../../../../project[4]/children/project[2]/children/project[2]/children/action/context"/><state class="actionStateScheduled"><date>2019-05-01 00:00:00.0 CST</date><durationHours>0</durationHours><durationMinutes>0</durationMinutes><created>2019-03-28 23:29:59.683 CST</created></state><notes></notes><done>false</done><modified>2019-03-28 23:29:59.683 CST</modified></action><action><id>16366</id><created>2019-03-28 22:57:39.176 CST</created><parent reference="../../.."/><description>礼仪</description><topic reference="../../../../../../../../../../../../../../../topics/items/topic[7]"/><context reference="../../../../../../project[4]/children/project[2]/children/project[2]/children/action/context"/><state class="actionStateScheduled"><date>2019-06-01 00:00:00.0 CST</date><durationHours>0</durationHours><durationMinutes>0</durationMinutes><created>2019-03-28 23:30:15.792 CST</created></state><notes></notes><done>false</done><modified>2019-03-28 23:30:15.792 CST</modified></action></children><topic reference="../../../../../../../../../../../../../topics/items/topic[7]"/><description>个人形象</description><purpose></purpose><success></success><brainstorming></brainstorming><organising></organising><done>false</done><sequence>false</sequence><sequencing reference="../../../../project/children/project/children/project/children/project/sequencing"/><notes>************************ 2019 年
Goal：
1、注意自己的形象，学会穿衣打扮得体，大方，不合适的衣服坚决的处理掉， 4月份一个月完成穿戴形象的改变与风格确定
2、行为谈吐的提升， 5月份一个月进行系统性的学习与提升改变
3、关于日常的社交礼仪， 6月份一个月进行系统性的学习与提升改变


Output：
1、有自己的得体穿衣风格

Check： 
Check周期： 每周各个小项进行检查，每月底进行全面的一次检查</notes><modified>2019-04-03 20:44:51.27 CST</modified></project><project><id>9342</id><created>2019-03-16 14:38:34.325 CST</created><parent reference="../../.."/><children><action><id>16372</id><created>2019-03-28 23:30:30.58 CST</created><parent reference="../../.."/><description>New Action</description><topic reference="../../../../../../../../../../../../../../../topics/items/topic[7]"/><context reference="../../../../../../project[4]/children/project[2]/children/project[2]/children/action/context"/><state class="actionStateScheduled"><date>2019-07-01 00:00:00.0 CST</date><durationHours>0</durationHours><durationMinutes>0</durationMinutes><created>2019-03-28 23:31:46.278 CST</created></state><notes></notes><done>false</done><modified>2019-03-28 23:31:46.278 CST</modified></action></children><topic reference="../../../../../../../../../../../../../topics/items/topic[7]"/><description>沟通交流聊天技巧</description><purpose></purpose><success></success><brainstorming></brainstorming><organising></organising><done>false</done><sequence>false</sequence><sequencing reference="../../../../project/children/project/children/project/children/project/sequencing"/><notes>************************ 2019 年
Goal：
1、关于沟通交流聊天技巧， 7月份一个月进行系统性的学习提升


Output：
1、风趣幽默有深度

Check： 
Check周期： 每周各个小项进行检查，每月底进行全面的一次检查</notes><modified>2019-03-28 23:31:41.97 CST</modified></project></children><topic reference="../../../../../../../../../../../topics/items/topic[7]"/><description>家庭、人际交往</description><purpose></purpose><success>齐家治国平天下，齐家为首，一屋不扫何以扫天下，广交朋友，阅面察人识人并锻炼和提升交流的思辨能力，树立良好的人格形象</success><brainstorming></brainstorming><organising></organising><done>false</done><sequence>false</sequence><sequencing reference="../../project/children/project/children/project/children/project/sequencing"/><notes>组建家庭，并维持良好的发展。为自己打造一个坚固的后盾并管理好各种人际家庭关系
************************ 2019 年
Goal：
1、找个女朋友，没有前每周约个认识的女孩出去吃饭，聊天，徒步都可以，或者进行访谈， 4月份开始持续一个月，找到能进行相处的关系
2、注意自己的形象，学会穿衣打扮得体，大方，不合适的衣服坚决的处理掉， 4月份一个月完成穿戴形象的改变与风格确定， 5， 6 月份确定行为谈吐与礼仪
3、学会如何高雅幽默的进行聊天沟通， 7月份开始，持续一个月

Output：
1、有个女朋友
2、有自己的得体穿衣风格

Check： 
Check周期： 每周各个小项进行检查，每月底进行全面的一次检查
</notes><modified>2019-03-28 23:54:35.382 CST</modified></project><project><id>133</id><created>2019-03-14 16:25:19.491 CST</created><parent class="projects" reference="../../.."/><children><project><id>8039</id><created>2019-03-16 12:15:13.386 CST</created><parent reference="../../.."/><children><project><id>9346</id><created>2019-03-16 14:52:47.571 CST</created><parent reference="../../.."/><children><project><id>16496</id><created>2019-04-04 09:48:15.242 CST</created><parent reference="../../.."/><children><action><id>9361</id><created>2019-03-28 17:48:02.559 CST</created><parent reference="../../.."/><description>Session1每天一折</description><topic reference="../../../../../../../../../../../../../../../../../../../topics/items/topic[6]"/><context reference="../../../../../../../../../../../../../../../../../../../contexts/items/context[13]"/><state class="actionStateScheduled"><date>2019-04-03 21:10:00.0 CST</date><durationHours>0</durationHours><durationMinutes>0</durationMinutes><created>2019-03-28 17:49:36.356 CST</created></state><notes>星期一 1 四月 2019 23:22:39 开始看了，但是没完成
星期四 4 四月 2019 9:46:31 技巧这个粗粗看了一下，结合实际来学，不然光看这个的信心不是很足，但是实际折的时候要返回来看这个，不然又是白看了</notes><done>true</done><doneDate>2019-04-04 00:00:00.0 CST</doneDate><success></success><modified>2019-04-04 09:51:39.826 CST</modified></action><action><id>16498</id><created>2019-04-04 09:51:39.820 CST</created><parent reference="../../.."/><description>Session1每天一折基础型折叠1</description><topic reference="../../../../../../../../../../../../../../../../../../../topics/items/topic[6]"/><context reference="../../../../../../../../../../../../../../../../../../../contexts/items/context[13]"/><state class="actionStateScheduled"><date>2019-04-22 21:10:00.0 CST</date><durationHours>0</durationHours><durationMinutes>0</durationMinutes><recurrence><id>16497</id><project reference="../../../../.."/><description>Session1每天一折</description><topic reference="../../../../../../../../../../../../../../../../../../../../../topics/items/topic[6]"/><context reference="../../../../../../../../../../../../../../../../../../../../../contexts/items/context[13]"/><scheduleHours>21</scheduleHours><scheduleMins>10</scheduleMins><durationHours>0</durationHours><durationMins>0</durationMins><basisID>2</basisID><startDate reference="../../../../action/state/date"/><periodID>0</periodID><frequency>1</frequency><advanceNbr>4</advanceNbr><endDate>2019-04-15 23:59:59.999 CST</endDate><genNbr>1</genNbr><genToDate>2019-04-05 21:10:00.0 CST</genToDate><success></success><notes>星期一 1 四月 2019 23:22:39 开始看了，但是没完成
星期四 4 四月 2019 9:46:31 技巧这个粗粗看了一下，结合实际来学，不然光看这个的信心不是很足，但是实际折的时候要返回来看这个，不然又是白看了</notes><period class="tr.model.action.PeriodDay"/></recurrence><created>2019-04-04 09:51:39.820 CST</created></state><notes>星期一 1 四月 2019 23:22:39 开始看了，但是没完成
星期四 4 四月 2019 9:46:31 技巧这个粗粗看了一下，结合实际来学，不然光看这个的信心不是很足，但是实际折的时候要返回来看这个，不然又是白看了</notes><done>false</done><success></success><modified>2019-04-07 18:13:23.455 CST</modified></action></children><topic reference="../../../../../../../../../../../../../../../../../topics/items/topic[6]"/><description>Session1</description><purpose></purpose><success></success><brainstorming></brainstorming><organising></organising><done>false</done><sequence>false</sequence><sequencing reference="../../../../../../../../project/children/project/children/project/children/project/sequencing"/><notes>星期一 1 四月 2019 23:22:39 开始看了，但是没完成
星期四 4 四月 2019 9:46:31 技巧这个粗粗看了一下，结合实际来学，不然光看这个的信心不是很足，但是实际折的时候要返回来看这个，不然又是白看了</notes><modified>2019-04-04 09:51:39.820 CST</modified></project><action><id>9362</id><created>2019-03-28 17:48:20.67 CST</created><parent reference="../../.."/><description>Session2</description><topic reference="../../../../../../../../../../../../../../../../../topics/items/topic[6]"/><context reference="../../../../../../../../project[4]/children/project[2]/children/project[2]/children/action/context"/><state class="actionStateScheduled"><date>2019-04-15 00:00:00.0 CST</date><durationHours>0</durationHours><durationMinutes>0</durationMinutes><created>2019-03-28 17:50:05.781 CST</created></state><notes></notes><done>false</done><modified>2019-03-28 17:50:05.781 CST</modified></action><action><id>9363</id><created>2019-03-28 17:48:28.221 CST</created><parent reference="../../.."/><description>Session3</description><topic reference="../../../../../../../../../../../../../../../../../topics/items/topic[6]"/><context reference="../../../../../../../../project[4]/children/project[2]/children/project[2]/children/action/context"/><state class="actionStateScheduled"><date>2019-04-29 00:00:00.0 CST</date><durationHours>0</durationHours><durationMinutes>0</durationMinutes><created>2019-03-28 17:50:38.265 CST</created></state><notes></notes><done>false</done><success></success><modified>2019-03-28 23:44:17.928 CST</modified></action><action><id>9364</id><created>2019-03-28 17:48:35.962 CST</created><parent reference="../../.."/><description>Session4</description><topic reference="../../../../../../../../../../../../../../../../../topics/items/topic[6]"/><context reference="../../../../../../../../project[4]/children/project[2]/children/project[2]/children/action/context"/><state class="actionStateScheduled"><date>2019-05-13 00:00:00.0 CST</date><durationHours>0</durationHours><durationMinutes>0</durationMinutes><created>2019-03-28 17:51:38.797 CST</created></state><notes></notes><done>false</done><modified>2019-03-28 17:51:38.797 CST</modified></action><action><id>9365</id><created>2019-03-28 17:49:03.675 CST</created><parent reference="../../.."/><description>Session5</description><topic reference="../../../../../../../../../../../../../../../../../topics/items/topic[6]"/><context reference="../../../../../../../../project[4]/children/project[2]/children/project[2]/children/action/context"/><state class="actionStateScheduled"><date>2019-05-27 00:00:00.0 CST</date><durationHours>0</durationHours><durationMinutes>0</durationMinutes><created>2019-03-28 17:52:07.164 CST</created></state><notes></notes><done>false</done><modified>2019-03-28 17:52:07.164 CST</modified></action><action><id>9366</id><created>2019-03-28 17:49:16.89 CST</created><parent reference="../../.."/><description>Session6</description><topic reference="../../../../../../../../../../../../../../../../../topics/items/topic[6]"/><context reference="../../../../../../../../project[4]/children/project[2]/children/project[2]/children/action/context"/><state class="actionStateScheduled"><date>2019-06-17 00:00:00.0 CST</date><durationHours>0</durationHours><durationMinutes>0</durationMinutes><created>2019-03-28 17:52:38.721 CST</created></state><notes></notes><done>false</done><modified>2019-03-28 23:13:46.800 CST</modified></action><action><id>16580</id><created>2019-04-07 18:11:43.321 CST</created><parent reference="../../.."/><description>session7</description><topic reference="../../../../../../../../../../../../../../../../../topics/items/topic[6]"/><context><name>None</name><description>No context.</description><id>9</id></context><state class="actionStateInactive"><created>2019-04-07 18:11:43.321 CST</created></state><notes></notes><done>false</done><modified>2019-04-07 18:12:21.331 CST</modified></action><action><id>16581</id><created>2019-04-07 18:11:47.231 CST</created><parent reference="../../.."/><description>session8</description><topic reference="../../../../../../../../../../../../../../../../../topics/items/topic[6]"/><context reference="../../action[6]/context"/><state class="actionStateInactive"><created>2019-04-07 18:11:47.231 CST</created></state><notes></notes><done>false</done><modified>2019-04-07 18:12:03.210 CST</modified></action></children><topic reference="../../../../../../../../../../../../../../../topics/items/topic[6]"/><description>折纸大全 : 欧洲折纸协会推荐的最佳折纸用书</description><purpose></purpose><success></success><brainstorming></brainstorming><organising></organising><done>false</done><sequence>false</sequence><sequencing reference="../../../../../../project/children/project/children/project/children/project/sequencing"/><notes>分成6个部分， 4.1号开始， 每个2个星期一个部份， 6.23 号完成</notes><modified>2019-04-07 18:11:47.231 CST</modified></project><project><id>9344</id><created>2019-03-16 14:52:16.87 CST</created><parent reference="../../.."/><children><action><id>9368</id><created>2019-03-28 22:00:46.240 CST</created><parent reference="../../.."/><description>折纸符号和技术  </description><topic reference="../../../../../../../../../../../../../../../../../topics/items/topic[6]"/><context reference="../../../../../../../../project[4]/children/project[2]/children/project[2]/children/action/context"/><state class="actionStateScheduled"><date>2019-06-01 14:00:00.0 CST</date><durationHours>0</durationHours><durationMinutes>0</durationMinutes><created>2019-03-28 22:51:22.153 CST</created></state><notes></notes><done>false</done><modified>2019-03-28 22:51:22.153 CST</modified></action><action><id>9369</id><created>2019-03-28 22:00:50.612 CST</created><parent reference="../../.."/><description>信息  </description><topic reference="../../../../../../../../../../../../../../../../../topics/items/topic[6]"/><context reference="../../../../../../../../../../../../../../../../../contexts/items/context[13]"/><state class="actionStateInactive"><created>2019-03-28 22:00:50.612 CST</created></state><notes></notes><done>false</done><modified>2019-04-02 09:42:31.565 CST</modified></action><action><id>9498</id><created>2019-03-28 22:00:58.622 CST</created><parent reference="../../.."/><description>纸</description><topic reference="../../../../../../../../../../../../../../../../../topics/items/topic[6]"/><context reference="../../../../../../../../../../../../../../../../../contexts/items/context[13]"/><state class="actionStateInactive"><created>2019-03-28 22:00:46.242 CST</created></state><notes></notes><done>false</done><modified>2019-04-02 09:42:35.9 CST</modified></action><action><id>9499</id><created>2019-03-28 22:00:58.622 CST</created><parent reference="../../.."/><description>折痕图 </description><topic reference="../../../../../../../../../../../../../../../../../topics/items/topic[6]"/><context reference="../../../../../../../../../../../../../../../../../contexts/items/context[13]"/><state class="actionStateInactive"><created reference="../../../action[2]/state/created"/></state><notes></notes><done>false</done><modified>2019-04-02 09:42:37.584 CST</modified></action><action><id>9770</id><created>2019-03-28 22:01:04.790 CST</created><parent reference="../../.."/><description>鸭子小姐</description><topic reference="../../../../../../../../../../../../../../../../../topics/items/topic[6]"/><context reference="../../../../../../../../../../../../../../../../../contexts/items/context[13]"/><state class="actionStateInactive"><created reference="../../../action[3]/state/created"/></state><notes></notes><done>false</done><modified>2019-04-01 20:55:48.161 CST</modified></action><action><id>9771</id><created>2019-03-28 22:01:04.790 CST</created><parent reference="../../.."/><description>鸭小子</description><topic reference="../../../../../../../../../../../../../../../../../topics/items/topic[6]"/><context reference="../../../../../../../../../../../../../../../../../contexts/items/context[13]"/><state class="actionStateInactive"><created reference="../../../action[2]/state/created"/></state><notes></notes><done>false</done><modified>2019-04-01 20:55:44.339 CST</modified></action><action><id>9772</id><created>2019-03-28 22:01:04.790 CST</created><parent reference="../../.."/><description>蜗牛</description><topic reference="../../../../../../../../../../../../../../../../../topics/items/topic[6]"/><context reference="../../../../../../../../../../../../../../../../../contexts/items/context[13]"/><state class="actionStateInactive"><created reference="../../../action[3]/state/created"/></state><notes></notes><done>false</done><modified>2019-04-02 09:42:40.397 CST</modified></action><action><id>9773</id><created>2019-03-28 22:01:04.790 CST</created><parent reference="../../.."/><description>鬼僧</description><topic reference="../../../../../../../../../../../../../../../../../topics/items/topic[6]"/><context reference="../../../../../../../../../../../../../../../../../contexts/items/context[13]"/><state class="actionStateInactive"><created reference="../../../action[2]/state/created"/></state><notes></notes><done>false</done><modified>2019-04-01 20:55:28.596 CST</modified></action><action><id>10310</id><created>2019-03-28 22:01:10.266 CST</created><parent reference="../../.."/><description>兔偶叶子的手杖 </description><topic reference="../../../../../../../../../../../../../../../../../topics/items/topic[6]"/><context reference="../../../../../../../../../../../../../../../../../contexts/items/context[13]"/><state class="actionStateInactive"><created reference="../../../action[3]/state/created"/></state><notes></notes><done>false</done><modified>2019-04-02 09:42:50.7 CST</modified></action><action><id>10311</id><created>2019-03-28 22:01:10.266 CST</created><parent reference="../../.."/><description>阿氏基本型</description><topic reference="../../../../../../../../../../../../../../../../../topics/items/topic[6]"/><context reference="../../../../../../../../../../../../../../../../../contexts/items/context[13]"/><state class="actionStateInactive"><created reference="../../../action[2]/state/created"/></state><notes></notes><done>false</done><modified>2019-04-01 20:56:10.161 CST</modified></action><action><id>10312</id><created>2019-03-28 22:01:10.266 CST</created><parent reference="../../.."/><description>狐狸</description><topic reference="../../../../../../../../../../../../../../../../../topics/items/topic[6]"/><context reference="../../../../../../../../../../../../../../../../../contexts/items/context[13]"/><state class="actionStateInactive"><created reference="../../../action[3]/state/created"/></state><notes></notes><done>false</done><modified>2019-04-04 20:56:19.207 CST</modified></action><action><id>10313</id><created>2019-03-28 22:01:10.266 CST</created><parent reference="../../.."/><description>蜻蜓</description><topic reference="../../../../../../../../../../../../../../../../../topics/items/topic[6]"/><context reference="../../../../../../../../../../../../../../../../../contexts/items/context[13]"/><state class="actionStateInactive"><created reference="../../../action[2]/state/created"/></state><notes></notes><done>false</done><modified>2019-04-04 20:56:24.197 CST</modified></action><action><id>10314</id><created>2019-03-28 22:01:10.266 CST</created><parent reference="../../.."/><description>猴子</description><topic reference="../../../../../../../../../../../../../../../../../topics/items/topic[6]"/><context reference="../../../../../../../../../../../../../../../../../contexts/items/context[13]"/><state class="actionStateInactive"><created reference="../../../action[3]/state/created"/></state><notes></notes><done>false</done><modified>2019-04-04 20:56:27.617 CST</modified></action><action><id>10315</id><created>2019-03-28 22:01:10.266 CST</created><parent reference="../../.."/><description>大猩猩</description><topic reference="../../../../../../../../../../../../../../../../../topics/items/topic[6]"/><context reference="../../../../../../../../../../../../../../../../../contexts/items/context[13]"/><state class="actionStateInactive"><created reference="../../../action[2]/state/created"/></state><notes></notes><done>false</done><modified>2019-04-04 20:56:30.882 CST</modified></action><action><id>10316</id><created>2019-03-28 22:01:10.266 CST</created><parent reference="../../.."/><description>坐姿小狗</description><topic reference="../../../../../../../../../../../../../../../../../topics/items/topic[6]"/><context reference="../../../../../../../../../../../../../../../../../contexts/items/context[13]"/><state class="actionStateInactive"><created reference="../../../action[3]/state/created"/></state><notes></notes><done>false</done><modified>2019-04-04 20:56:33.612 CST</modified></action><action><id>10317</id><created>2019-03-28 22:01:10.266 CST</created><parent reference="../../.."/><description>叶子上的蜗牛</description><topic reference="../../../../../../../../../../../../../../../../../topics/items/topic[6]"/><context reference="../../../../../../../../../../../../../../../../../contexts/items/context[13]"/><state class="actionStateInactive"><created reference="../../../action[2]/state/created"/></state><notes></notes><done>false</done><modified>2019-04-04 20:56:37.190 CST</modified></action><action><id>11321</id><created>2019-03-28 22:01:25.708 CST</created><parent reference="../../.."/><description>拿着手杖的僧侣</description><topic reference="../../../../../../../../../../../../../../../../../topics/items/topic[6]"/><context reference="../../../../../../../../../../../../../../../../../contexts/items/context[13]"/><state class="actionStateInactive"><created reference="../../../action[2]/state/created"/></state><notes></notes><done>false</done><modified>2019-04-04 20:56:40.424 CST</modified></action><action><id>11322</id><created>2019-03-28 22:01:25.708 CST</created><parent reference="../../.."/><description>熊2004版</description><topic reference="../../../../../../../../../../../../../../../../../topics/items/topic[6]"/><context reference="../../../../../../../../../../../../../../../../../contexts/items/context[13]"/><state class="actionStateInactive"><created reference="../../../action[3]/state/created"/></state><notes></notes><done>false</done><modified>2019-04-04 20:56:43.591 CST</modified></action><action><id>11323</id><created>2019-03-28 22:01:25.708 CST</created><parent reference="../../.."/><description>拉姆西斯大帝</description><topic reference="../../../../../../../../../../../../../../../../../topics/items/topic[6]"/><context reference="../../../../../../../../../../../../../../../../../contexts/items/context[13]"/><state class="actionStateInactive"><created reference="../../../action[2]/state/created"/></state><notes></notes><done>false</done><modified>2019-04-04 20:56:46.650 CST</modified></action><action><id>11324</id><created>2019-03-28 22:01:25.708 CST</created><parent reference="../../.."/><description>三智猴</description><topic reference="../../../../../../../../../../../../../../../../../topics/items/topic[6]"/><context reference="../../../../../../../../../../../../../../../../../contexts/items/context[13]"/><state class="actionStateInactive"><created reference="../../../action[3]/state/created"/></state><notes></notes><done>false</done><modified>2019-04-01 20:56:54.182 CST</modified></action><action><id>11325</id><created>2019-03-28 22:01:25.708 CST</created><parent reference="../../.."/><description>犀牛</description><topic reference="../../../../../../../../../../../../../../../../../topics/items/topic[6]"/><context reference="../../../../../../../../../../../../../../../../../contexts/items/context[13]"/><state class="actionStateInactive"><created reference="../../../action[2]/state/created"/></state><notes></notes><done>false</done><modified>2019-04-04 20:56:54.565 CST</modified></action><action><id>11326</id><created>2019-03-28 22:01:25.708 CST</created><parent reference="../../.."/><description>犀牛宝宝</description><topic reference="../../../../../../../../../../../../../../../../../topics/items/topic[6]"/><context reference="../../../../../../../../../../../../../../../../../contexts/items/context[13]"/><state class="actionStateInactive"><created reference="../../../action[3]/state/created"/></state><notes></notes><done>false</done><modified>2019-04-04 20:57:00.297 CST</modified></action><action><id>11327</id><created>2019-03-28 22:01:25.708 CST</created><parent reference="../../.."/><description>狮子</description><topic reference="../../../../../../../../../../../../../../../../../topics/items/topic[6]"/><context reference="../../../../../../../../../../../../../../../../../contexts/items/context[13]"/><state class="actionStateInactive"><created reference="../../../action[2]/state/created"/></state><notes></notes><done>false</done><modified>2019-04-04 20:59:54.458 CST</modified></action><action><id>11328</id><created>2019-03-28 22:01:25.709 CST</created><parent reference="../../.."/><description>母狮</description><topic reference="../../../../../../../../../../../../../../../../../topics/items/topic[6]"/><context reference="../../../../../../../../../../../../../../../../../contexts/items/context[13]"/><state class="actionStateInactive"><created reference="../../../action[3]/state/created"/></state><notes></notes><done>false</done><modified>2019-04-04 20:59:58.90 CST</modified></action><action><id>11329</id><created>2019-03-28 22:01:25.709 CST</created><parent reference="../../.."/><description>灭绝的鸟</description><topic reference="../../../../../../../../../../../../../../../../../topics/items/topic[6]"/><context reference="../../../../../../../../../../../../../../../../../contexts/items/context[13]"/><state class="actionStateInactive"><created reference="../../../action[2]/state/created"/></state><notes></notes><done>false</done><modified>2019-04-04 21:00:00.837 CST</modified></action><action><id>11330</id><created>2019-03-28 22:01:25.709 CST</created><parent reference="../../.."/><description>人力车</description><topic reference="../../../../../../../../../../../../../../../../../topics/items/topic[6]"/><context reference="../../../../../../../../../../../../../../../../../contexts/items/context[13]"/><state class="actionStateInactive"><created reference="../../../action[3]/state/created"/></state><notes></notes><done>false</done><modified>2019-04-04 21:00:03.649 CST</modified></action><action><id>11331</id><created>2019-03-28 22:01:25.709 CST</created><parent reference="../../.."/><description>卡通青蛙</description><topic reference="../../../../../../../../../../../../../../../../../topics/items/topic[6]"/><context reference="../../../../../../../../../../../../../../../../../contexts/items/context[13]"/><state class="actionStateInactive"><created reference="../../../action[2]/state/created"/></state><notes></notes><done>false</done><modified>2019-04-04 20:59:50.131 CST</modified></action><action><id>11332</id><created>2019-03-28 22:01:25.709 CST</created><parent reference="../../.."/><description>有翅膀的战士</description><topic reference="../../../../../../../../../../../../../../../../../topics/items/topic[6]"/><context reference="../../../../../../../../../../../../../../../../../contexts/items/context[13]"/><state class="actionStateInactive"><created reference="../../../action[3]/state/created"/></state><notes></notes><done>false</done><modified>2019-04-04 20:57:04.576 CST</modified></action><action><id>11333</id><created>2019-03-28 22:01:25.709 CST</created><parent reference="../../.."/><description>折痕图</description><topic reference="../../../../../../../../../../../../../../../../../topics/items/topic[6]"/><context reference="../../../../../../../../../../../../../../../../../contexts/items/context[13]"/><state class="actionStateInactive"><created reference="../../../action[2]/state/created"/></state><notes></notes><done>false</done><modified>2019-04-04 20:57:07.335 CST</modified></action><action><id>11334</id><created>2019-03-28 22:01:25.709 CST</created><parent reference="../../.."/><description>原始人</description><topic reference="../../../../../../../../../../../../../../../../../topics/items/topic[6]"/><context reference="../../../../../../../../../../../../../../../../../contexts/items/context[13]"/><state class="actionStateInactive"><created reference="../../../action[3]/state/created"/></state><notes></notes><done>false</done><modified>2019-04-04 20:59:46.166 CST</modified></action><action><id>11335</id><created>2019-03-28 22:01:25.709 CST</created><parent reference="../../.."/><description>带拿着棍棒的猴子</description><topic reference="../../../../../../../../../../../../../../../../../topics/items/topic[6]"/><context reference="../../../../../../../../../../../../../../../../../contexts/items/context[13]"/><state class="actionStateInactive"><created reference="../../../action[2]/state/created"/></state><notes></notes><done>false</done><modified>2019-04-04 20:59:42.837 CST</modified></action><action><id>11383</id><created>2019-03-28 22:08:32.882 CST</created><parent reference="../../.."/><description>穴居巨人</description><topic reference="../../../../../../../../../../../../../../../../../topics/items/topic[6]"/><context reference="../../../../../../../../../../../../../../../../../contexts/items/context[13]"/><state class="actionStateInactive"><created>2019-03-28 22:08:32.883 CST</created></state><notes></notes><done>false</done><modified>2019-04-04 20:57:10.703 CST</modified></action><action><id>11384</id><created>2019-03-28 22:08:42.230 CST</created><parent reference="../../.."/><description>挑战</description><topic reference="../../../../../../../../../../../../../../../../../topics/items/topic[6]"/><context reference="../../../../../../../../../../../../../../../../../contexts/items/context[13]"/><state class="actionStateInactive"><created>2019-03-28 22:08:42.230 CST</created></state><notes></notes><done>false</done><modified>2019-04-04 20:59:39.898 CST</modified></action></children><topic reference="../../../../../../../../../../../../../../../topics/items/topic[6]"/><description>激情折纸 : 尼古拉斯特里折纸作品集</description><purpose></purpose><success></success><brainstorming></brainstorming><organising></organising><done>false</done><sequence>false</sequence><sequencing reference="../../../../../../project/children/project/children/project/children/project/sequencing"/><notes></notes><modified>2019-03-28 23:18:07.1 CST</modified></project><project><id>9345</id><created>2019-03-16 14:52:27.67 CST</created><parent reference="../../.."/><children><action><id>11385</id><created>2019-03-28 22:10:51.679 CST</created><parent reference="../../.."/><description>折纸符号和技术</description><topic reference="../../../../../../../../../../../../../../../../../topics/items/topic[6]"/><context reference="../../../../../../../../../../../../../../../../../contexts/items/context[13]"/><state class="actionStateScheduled"><date>2019-07-01 00:00:00.0 CST</date><durationHours>0</durationHours><durationMinutes>0</durationMinutes><created>2019-03-28 22:51:56.268 CST</created></state><notes></notes><done>false</done><modified>2019-04-01 20:54:23.630 CST</modified></action><action><id>11386</id><created>2019-03-28 22:11:04.366 CST</created><parent reference="../../.."/><description>幼龙</description><topic reference="../../../../../../../../../../../../../../../../../topics/items/topic[6]"/><context reference="../../../../../../../../../../../../../../../../../contexts/items/context[13]"/><state class="actionStateInactive"><created>2019-03-28 22:11:04.366 CST</created></state><notes></notes><done>false</done><modified>2019-04-01 20:54:34.450 CST</modified></action><action><id>11387</id><created>2019-03-28 22:11:14.958 CST</created><parent reference="../../.."/><description>熊</description><topic reference="../../../../../../../../../../../../../../../../../topics/items/topic[6]"/><context reference="../../../../../../../../../../../../../../../../../contexts/items/context[13]"/><state class="actionStateInactive"><created>2019-03-28 22:11:14.958 CST</created></state><notes></notes><done>false</done><modified>2019-04-04 20:59:36.986 CST</modified></action><action><id>11467</id><created>2019-03-28 22:11:39.642 CST</created><parent reference="../../.."/><description>枯树</description><topic reference="../../../../../../../../../../../../../../../../../topics/items/topic[6]"/><context reference="../../../../../../../../../../../../../../../../../contexts/items/context[13]"/><state class="actionStateInactive"><created reference="../../../action[3]/state/created"/></state><notes></notes><done>false</done><modified>2019-04-04 20:59:30.856 CST</modified></action><action><id>11549</id><created>2019-03-28 22:11:53.411 CST</created><parent reference="../../.."/><description>帆船与海浪</description><topic reference="../../../../../../../../../../../../../../../../../topics/items/topic[6]"/><context reference="../../../../../../../../../../../../../../../../../contexts/items/context[13]"/><state class="actionStateInactive"><created reference="../../../action[3]/state/created"/></state><notes></notes><done>false</done><modified>2019-04-04 20:59:33.939 CST</modified></action><action><id>11630</id><created>2019-03-28 22:12:42.23 CST</created><parent reference="../../.."/><description> 立体鸭</description><topic reference="../../../../../../../../../../../../../../../../../topics/items/topic[6]"/><context reference="../../../../../../../../../../../../../../../../../contexts/items/context[13]"/><state class="actionStateInactive"><created>2019-03-28 22:12:42.23 CST</created></state><notes></notes><done>false</done><modified>2019-04-01 20:56:37.391 CST</modified></action><action><id>11720</id><created>2019-03-28 22:13:07.746 CST</created><parent reference="../../.."/><description>立体鸭</description><topic reference="../../../../../../../../../../../../../../../../../topics/items/topic[6]"/><context reference="../../../../../../../../../../../../../../../../../contexts/items/context[13]"/><state class="actionStateInactive"><created reference="../../../action[6]/state/created"/></state><notes></notes><done>false</done><modified>2019-04-04 20:59:10.561 CST</modified></action><action><id>11905</id><created>2019-03-28 22:13:23.509 CST</created><parent reference="../../.."/><description>猫</description><topic reference="../../../../../../../../../../../../../../../../../topics/items/topic[6]"/><context reference="../../../../../../../../../../../../../../../../../contexts/items/context[13]"/><state class="actionStateInactive"><created reference="../../../action[6]/state/created"/></state><notes></notes><done>false</done><modified>2019-04-04 20:59:12.880 CST</modified></action><action><id>11906</id><created>2019-03-28 22:13:23.509 CST</created><parent reference="../../.."/><description>立卡通老鼠</description><topic reference="../../../../../../../../../../../../../../../../../topics/items/topic[6]"/><context reference="../../../../../../../../../../../../../../../../../contexts/items/context[13]"/><state class="actionStateInactive"><created reference="../../../action[6]/state/created"/></state><notes></notes><done>false</done><modified>2019-04-04 20:59:15.488 CST</modified></action><action><id>12289</id><created>2019-03-28 22:13:29.684 CST</created><parent reference="../../.."/><description>卡通猫</description><topic reference="../../../../../../../../../../../../../../../../../topics/items/topic[6]"/><context reference="../../../../../../../../../../../../../../../../../contexts/items/context[13]"/><state class="actionStateInactive"><created reference="../../../action[6]/state/created"/></state><notes></notes><done>false</done><modified>2019-04-04 20:59:17.958 CST</modified></action><action><id>12290</id><created>2019-03-28 22:13:29.684 CST</created><parent reference="../../.."/><description>史前鸟</description><topic reference="../../../../../../../../../../../../../../../../../topics/items/topic[6]"/><context reference="../../../../../../../../../../../../../../../../../contexts/items/context[13]"/><state class="actionStateInactive"><created reference="../../../action[6]/state/created"/></state><notes></notes><done>false</done><modified>2019-04-04 20:59:20.564 CST</modified></action><action><id>12291</id><created>2019-03-28 22:13:29.685 CST</created><parent reference="../../.."/><description>奶牛</description><topic reference="../../../../../../../../../../../../../../../../../topics/items/topic[6]"/><context reference="../../../../../../../../../../../../../../../../../contexts/items/context[13]"/><state class="actionStateInactive"><created reference="../../../action[6]/state/created"/></state><notes></notes><done>false</done><modified>2019-04-04 20:59:23.624 CST</modified></action><action><id>12292</id><created>2019-03-28 22:13:29.685 CST</created><parent reference="../../.."/><description>马</description><topic reference="../../../../../../../../../../../../../../../../../topics/items/topic[6]"/><context reference="../../../../../../../../../../../../../../../../../contexts/items/context[13]"/><state class="actionStateInactive"><created reference="../../../action[6]/state/created"/></state><notes></notes><done>false</done><modified>2019-04-01 20:54:57.93 CST</modified></action><action><id>13053</id><created>2019-03-28 22:13:35.164 CST</created><parent reference="../../.."/><description>大猩猩</description><topic reference="../../../../../../../../../../../../../../../../../topics/items/topic[6]"/><context reference="../../../../../../../../../../../../../../../../../contexts/items/context[13]"/><state class="actionStateInactive"><created reference="../../../action[6]/state/created"/></state><notes></notes><done>false</done><modified>2019-04-04 20:58:59.615 CST</modified></action><action><id>13054</id><created>2019-03-28 22:13:35.164 CST</created><parent reference="../../.."/><description>巫师的学徒</description><topic reference="../../../../../../../../../../../../../../../../../topics/items/topic[6]"/><context reference="../../../../../../../../../../../../../../../../../contexts/items/context[13]"/><state class="actionStateInactive"><created reference="../../../action[6]/state/created"/></state><notes></notes><done>false</done><modified>2019-04-04 20:59:03.80 CST</modified></action><action><id>13055</id><created>2019-03-28 22:13:35.164 CST</created><parent reference="../../.."/><description>小丑</description><topic reference="../../../../../../../../../../../../../../../../../topics/items/topic[6]"/><context reference="../../../../../../../../../../../../../../../../../contexts/items/context[13]"/><state class="actionStateInactive"><created reference="../../../action[6]/state/created"/></state><notes></notes><done>false</done><modified>2019-04-04 20:59:05.588 CST</modified></action><action><id>13056</id><created>2019-03-28 22:13:35.164 CST</created><parent reference="../../.."/><description>长臂天牛</description><topic reference="../../../../../../../../../../../../../../../../../topics/items/topic[6]"/><context reference="../../../../../../../../../../../../../../../../../contexts/items/context[13]"/><state class="actionStateInactive"><created reference="../../../action[6]/state/created"/></state><notes></notes><done>false</done><modified>2019-04-01 20:56:13.756 CST</modified></action><action><id>13057</id><created>2019-03-28 22:13:35.164 CST</created><parent reference="../../.."/><description>姬螳螂</description><topic reference="../../../../../../../../../../../../../../../../../topics/items/topic[6]"/><context reference="../../../../../../../../../../../../../../../../../contexts/items/context[13]"/><state class="actionStateInactive"><created reference="../../../action[6]/state/created"/></state><notes></notes><done>false</done><modified>2019-04-04 20:58:52.20 CST</modified></action><action><id>13058</id><created>2019-03-28 22:13:35.164 CST</created><parent reference="../../.."/><description>熊猫</description><topic reference="../../../../../../../../../../../../../../../../../topics/items/topic[6]"/><context reference="../../../../../../../../../../../../../../../../../contexts/items/context[13]"/><state class="actionStateInactive"><created reference="../../../action[6]/state/created"/></state><notes></notes><done>false</done><modified>2019-04-04 20:58:48.399 CST</modified></action><action><id>13059</id><created>2019-03-28 22:13:35.164 CST</created><parent reference="../../.."/><description>翼龙</description><topic reference="../../../../../../../../../../../../../../../../../topics/items/topic[6]"/><context reference="../../../../../../../../../../../../../../../../../contexts/items/context[13]"/><state class="actionStateInactive"><created reference="../../../action[6]/state/created"/></state><notes></notes><done>false</done><modified>2019-04-04 20:58:44.551 CST</modified></action><action><id>13060</id><created>2019-03-28 22:13:35.164 CST</created><parent reference="../../.."/><description>剑士</description><topic reference="../../../../../../../../../../../../../../../../../topics/items/topic[6]"/><context reference="../../../../../../../../../../../../../../../../../contexts/items/context[13]"/><state class="actionStateInactive"><created reference="../../../action[6]/state/created"/></state><notes></notes><done>false</done><modified>2019-04-04 20:58:41.973 CST</modified></action><action><id>13087</id><created>2019-03-28 22:17:04.190 CST</created><parent reference="../../.."/><description>鹰</description><topic reference="../../../../../../../../../../../../../../../../../topics/items/topic[6]"/><context reference="../../../../../../../../../../../../../../../../../contexts/items/context[13]"/><state class="actionStateInactive"><created>2019-03-28 22:17:04.190 CST</created></state><notes></notes><done>false</done><modified>2019-04-01 20:55:38.239 CST</modified></action></children><topic reference="../../../../../../../../../../../../../../../topics/items/topic[6]"/><description>最美折纸 : 罗曼·迪亚兹折纸作品集</description><purpose></purpose><success></success><brainstorming></brainstorming><organising></organising><done>false</done><sequence>false</sequence><sequencing reference="../../../../../../project/children/project/children/project/children/project/sequencing"/><modified>2019-03-28 22:17:04.190 CST</modified></project><project><id>9343</id><created>2019-03-16 14:52:02.834 CST</created><parent reference="../../.."/><children><action><id>13088</id><created>2019-03-28 22:18:08.336 CST</created><parent reference="../../.."/><description>白纸符号和技术</description><topic reference="../../../../../../../../../../../../../../../../../topics/items/topic[6]"/><context reference="../../../../../../../../project[4]/children/project[2]/children/project[2]/children/action/context"/><state class="actionStateScheduled"><date>2019-08-01 00:00:00.0 CST</date><durationHours>0</durationHours><durationMinutes>0</durationMinutes><created>2019-03-28 22:52:38.623 CST</created></state><notes></notes><done>false</done><modified>2019-03-28 22:52:38.623 CST</modified></action><action><id>13194</id><created>2019-03-28 22:18:17.622 CST</created><parent reference="../../.."/><description>目标：让折纸作品表现我的理解</description><topic reference="../../../../../../../../../../../../../../../../../topics/items/topic[6]"/><context reference="../../../../../../../../../../../../../../../../../contexts/items/context[13]"/><state class="actionStateInactive"><created>2019-03-28 22:18:08.336 CST</created></state><notes></notes><done>false</done><modified>2019-04-04 20:58:38.993 CST</modified></action><action><id>13399</id><created>2019-03-28 22:18:21.625 CST</created><parent reference="../../.."/><description>现在时间——北京时间：折纸时间</description><topic reference="../../../../../../../../../../../../../../../../../topics/items/topic[6]"/><context reference="../../../../../../../../../../../../../../../../../contexts/items/context[13]"/><state class="actionStateInactive"><created reference="../../../action[2]/state/created"/></state><notes></notes><done>false</done><modified>2019-04-04 20:58:15.988 CST</modified></action><action><id>13400</id><created>2019-03-28 22:18:21.625 CST</created><parent reference="../../.."/><description>公鸡</description><topic reference="../../../../../../../../../../../../../../../../../topics/items/topic[6]"/><context reference="../../../../../../../../../../../../../../../../../contexts/items/context[13]"/><state class="actionStateInactive"><created reference="../../../action[2]/state/created"/></state><notes></notes><done>false</done><modified>2019-04-04 20:58:18.945 CST</modified></action><action><id>13815</id><created>2019-03-28 22:18:25.567 CST</created><parent reference="../../.."/><description>破壳而出的企鹅</description><topic reference="../../../../../../../../../../../../../../../../../topics/items/topic[6]"/><context reference="../../../../../../../../../../../../../../../../../contexts/items/context[13]"/><state class="actionStateInactive"><created reference="../../../action[2]/state/created"/></state><notes></notes><done>false</done><modified>2019-04-04 20:58:22.84 CST</modified></action><action><id>13816</id><created>2019-03-28 22:18:25.567 CST</created><parent reference="../../.."/><description>小狗</description><topic reference="../../../../../../../../../../../../../../../../../topics/items/topic[6]"/><context reference="../../../../../../../../../../../../../../../../../contexts/items/context[13]"/><state class="actionStateInactive"><created reference="../../../action[2]/state/created"/></state><notes></notes><done>false</done><modified>2019-04-04 20:58:12.894 CST</modified></action><action><id>13817</id><created>2019-03-28 22:18:25.567 CST</created><parent reference="../../.."/><description>和平鸽</description><topic reference="../../../../../../../../../../../../../../../../../topics/items/topic[6]"/><context reference="../../../../../../../../../../../../../../../../../contexts/items/context[13]"/><state class="actionStateInactive"><created reference="../../../action[2]/state/created"/></state><notes></notes><done>false</done><modified>2019-04-04 20:58:24.841 CST</modified></action><action><id>13818</id><created>2019-03-28 22:18:25.568 CST</created><parent reference="../../.."/><description>猫</description><topic reference="../../../../../../../../../../../../../../../../../topics/items/topic[6]"/><context reference="../../../../../../../../../../../../../../../../../contexts/items/context[13]"/><state class="actionStateInactive"><created reference="../../../action[2]/state/created"/></state><notes></notes><done>false</done><modified>2019-04-04 20:58:27.562 CST</modified></action><action><id>14643</id><created>2019-03-28 22:18:29.152 CST</created><parent reference="../../.."/><description>抹香鲸</description><topic reference="../../../../../../../../../../../../../../../../../topics/items/topic[6]"/><context reference="../../../../../../../../../../../../../../../../../contexts/items/context[13]"/><state class="actionStateInactive"><created reference="../../../action[2]/state/created"/></state><notes></notes><done>false</done><modified>2019-04-04 20:58:10.116 CST</modified></action><action><id>14644</id><created>2019-03-28 22:18:29.152 CST</created><parent reference="../../.."/><description>牛头骨</description><topic reference="../../../../../../../../../../../../../../../../../topics/items/topic[6]"/><context reference="../../../../../../../../../../../../../../../../../contexts/items/context[13]"/><state class="actionStateInactive"><created reference="../../../action[2]/state/created"/></state><notes></notes><done>false</done><modified>2019-04-04 20:58:31.143 CST</modified></action><action><id>14645</id><created>2019-03-28 22:18:29.152 CST</created><parent reference="../../.."/><description>加拿大鹅</description><topic reference="../../../../../../../../../../../../../../../../../topics/items/topic[6]"/><context reference="../../../../../../../../../../../../../../../../../contexts/items/context[13]"/><state class="actionStateInactive"><created reference="../../../action[2]/state/created"/></state><notes></notes><done>false</done><modified>2019-04-04 20:58:07.267 CST</modified></action><action><id>14646</id><created>2019-03-28 22:18:29.152 CST</created><parent reference="../../.."/><description>熊猫</description><topic reference="../../../../../../../../../../../../../../../../../topics/items/topic[6]"/><context reference="../../../../../../../../../../../../../../../../../contexts/items/context[13]"/><state class="actionStateInactive"><created reference="../../../action[2]/state/created"/></state><notes></notes><done>false</done><modified>2019-04-04 20:57:59.753 CST</modified></action><action><id>14647</id><created>2019-03-28 22:18:29.152 CST</created><parent reference="../../.."/><description>麻雀</description><topic reference="../../../../../../../../../../../../../../../../../topics/items/topic[6]"/><context reference="../../../../../../../../../../../../../../../../../contexts/items/context[13]"/><state class="actionStateInactive"><created reference="../../../action[2]/state/created"/></state><notes></notes><done>false</done><modified>2019-04-01 20:55:35.59 CST</modified></action><action><id>14648</id><created>2019-03-28 22:18:29.152 CST</created><parent reference="../../.."/><description>丛林狼</description><topic reference="../../../../../../../../../../../../../../../../../topics/items/topic[6]"/><context reference="../../../../../../../../../../../../../../../../../contexts/items/context[13]"/><state class="actionStateInactive"><created reference="../../../action[2]/state/created"/></state><notes></notes><done>false</done><modified>2019-04-01 20:57:04.346 CST</modified></action><action><id>14649</id><created>2019-03-28 22:18:29.152 CST</created><parent reference="../../.."/><description>牛犊</description><topic reference="../../../../../../../../../../../../../../../../../topics/items/topic[6]"/><context reference="../../../../../../../../../../../../../../../../../contexts/items/context[13]"/><state class="actionStateInactive"><created reference="../../../action[2]/state/created"/></state><notes></notes><done>false</done><modified>2019-04-04 20:57:53.624 CST</modified></action><action><id>14650</id><created>2019-03-28 22:18:29.152 CST</created><parent reference="../../.."/><description>马</description><topic reference="../../../../../../../../../../../../../../../../../topics/items/topic[6]"/><context reference="../../../../../../../../../../../../../../../../../contexts/items/context[13]"/><state class="actionStateInactive"><created reference="../../../action[2]/state/created"/></state><notes></notes><done>false</done><modified>2019-04-01 20:54:51.170 CST</modified></action><action><id>16295</id><created>2019-03-28 22:18:35.914 CST</created><parent reference="../../.."/><description>猎狐梗</description><topic reference="../../../../../../../../../../../../../../../../../topics/items/topic[6]"/><context reference="../../../../../../../../../../../../../../../../../contexts/items/context[13]"/><state class="actionStateInactive"><created reference="../../../action[2]/state/created"/></state><notes></notes><done>false</done><modified>2019-04-04 20:57:50.854 CST</modified></action><action><id>16296</id><created>2019-03-28 22:18:35.914 CST</created><parent reference="../../.."/><description>大象</description><topic reference="../../../../../../../../../../../../../../../../../topics/items/topic[6]"/><context reference="../../../../../../../../../../../../../../../../../contexts/items/context[13]"/><state class="actionStateInactive"><created reference="../../../action[2]/state/created"/></state><notes></notes><done>false</done><modified>2019-04-04 20:57:39.924 CST</modified></action><action><id>16297</id><created>2019-03-28 22:18:35.915 CST</created><parent reference="../../.."/><description>狮头</description><topic reference="../../../../../../../../../../../../../../../../../topics/items/topic[6]"/><context reference="../../../../../../../../../../../../../../../../../contexts/items/context[13]"/><state class="actionStateInactive"><created reference="../../../action[2]/state/created"/></state><notes></notes><done>false</done><modified>2019-04-04 20:57:43.238 CST</modified></action><action><id>16298</id><created>2019-03-28 22:18:35.915 CST</created><parent reference="../../.."/><description>虎头</description><topic reference="../../../../../../../../../../../../../../../../../topics/items/topic[6]"/><context reference="../../../../../../../../../../../../../../../../../contexts/items/context[13]"/><state class="actionStateInactive"><created reference="../../../action[2]/state/created"/></state><notes></notes><done>false</done><modified>2019-04-04 20:57:47.220 CST</modified></action><action><id>16299</id><created>2019-03-28 22:18:35.915 CST</created><parent reference="../../.."/><description>鹤</description><topic reference="../../../../../../../../../../../../../../../../../topics/items/topic[6]"/><context reference="../../../../../../../../../../../../../../../../../contexts/items/context[13]"/><state class="actionStateInactive"><created reference="../../../action[2]/state/created"/></state><notes></notes><done>false</done><modified>2019-04-01 20:55:41.343 CST</modified></action><action><id>16300</id><created>2019-03-28 22:18:35.915 CST</created><parent reference="../../.."/><description>蛇鹫</description><topic reference="../../../../../../../../../../../../../../../../../topics/items/topic[6]"/><context reference="../../../../../../../../../../../../../../../../../contexts/items/context[13]"/><state class="actionStateInactive"><created reference="../../../action[2]/state/created"/></state><notes></notes><done>false</done><modified>2019-04-04 20:57:34.867 CST</modified></action><action><id>16301</id><created>2019-03-28 22:18:35.915 CST</created><parent reference="../../.."/><description>独角兽</description><topic reference="../../../../../../../../../../../../../../../../../topics/items/topic[6]"/><context reference="../../../../../../../../../../../../../../../../../contexts/items/context[13]"/><state class="actionStateInactive"><created reference="../../../action[2]/state/created"/></state><notes></notes><done>false</done><modified>2019-04-04 20:57:31.487 CST</modified></action><action><id>16302</id><created>2019-03-28 22:18:35.915 CST</created><parent reference="../../.."/><description>海马</description><topic reference="../../../../../../../../../../../../../../../../../topics/items/topic[6]"/><context reference="../../../../../../../../../../../../../../../../../contexts/items/context[13]"/><state class="actionStateInactive"><created reference="../../../action[2]/state/created"/></state><notes></notes><done>false</done><modified>2019-04-04 20:57:28.433 CST</modified></action><action><id>16303</id><created>2019-03-28 22:18:35.915 CST</created><parent reference="../../.."/><description>折痕图</description><topic reference="../../../../../../../../../../../../../../../../../topics/items/topic[6]"/><context reference="../../../../../../../../../../../../../../../../../contexts/items/context[13]"/><state class="actionStateInactive"><created reference="../../../action[2]/state/created"/></state><notes></notes><done>false</done><modified>2019-04-04 20:57:25.421 CST</modified></action><action><id>16304</id><created>2019-03-28 22:18:35.915 CST</created><parent reference="../../.."/><description>丹顶鹤</description><topic reference="../../../../../../../../../../../../../../../../../topics/items/topic[6]"/><context reference="../../../../../../../../../../../../../../../../../contexts/items/context[13]"/><state class="actionStateInactive"><created reference="../../../action[2]/state/created"/></state><notes></notes><done>false</done><modified>2019-04-04 20:57:22.864 CST</modified></action><action><id>16305</id><created>2019-03-28 22:18:35.915 CST</created><parent reference="../../.."/><description>几维</description><topic reference="../../../../../../../../../../../../../../../../../topics/items/topic[6]"/><context reference="../../../../../../../../../../../../../../../../../contexts/items/context[13]"/><state class="actionStateInactive"><created reference="../../../action[2]/state/created"/></state><notes></notes><done>false</done><modified>2019-04-04 20:57:19.585 CST</modified></action><action><id>16306</id><created>2019-03-28 22:18:35.915 CST</created><parent reference="../../.."/><description>狮子</description><topic reference="../../../../../../../../../../../../../../../../../topics/items/topic[6]"/><context reference="../../../../../../../../../../../../../../../../../contexts/items/context[13]"/><state class="actionStateInactive"><created reference="../../../action[2]/state/created"/></state><notes></notes><done>false</done><modified>2019-04-04 20:57:16.680 CST</modified></action><action><id>16307</id><created>2019-03-28 22:18:35.916 CST</created><parent reference="../../.."/><description>“巴塞罗那”马戏团的小象</description><topic reference="../../../../../../../../../../../../../../../../../topics/items/topic[6]"/><context reference="../../../../../../../../../../../../../../../../../contexts/items/context[13]"/><state class="actionStateInactive"><created reference="../../../action[2]/state/created"/></state><notes></notes><done>false</done><modified>2019-04-01 20:56:50.233 CST</modified></action></children><topic reference="../../../../../../../../../../../../../../../topics/items/topic[6]"/><description>折纸新世代 : 世界折纸新作选萃</description><purpose></purpose><success></success><brainstorming></brainstorming><organising></organising><done>false</done><sequence>false</sequence><sequencing reference="../../../../../../project/children/project/children/project/children/project/sequencing"/><notes></notes><modified>2019-03-28 23:49:10.608 CST</modified></project></children><topic reference="../../../../../../../../../../../../../topics/items/topic[6]"/><description>折纸</description><purpose></purpose><success></success><brainstorming></brainstorming><organising></organising><done>false</done><sequence>false</sequence><sequencing reference="../../../../project/children/project/children/project/children/project/sequencing"/><notes>************************ 2019 年
Goal：
1、折纸4本书，年底时能将折纸作品放到朋友那里作为装饰用品

Output：
1、折纸的作品
2、铅笔画的作品
3、手相面相的分析方法

Check： 
Check周期： 每周各个小项进行检查，每月底进行全面的一次检查
</notes><modified>2019-03-28 23:12:19.819 CST</modified></project><project><id>8035</id><created>2019-03-16 12:14:04.831 CST</created><parent reference="../../.."/><children><action><id>16361</id><created>2019-03-28 22:53:24.425 CST</created><parent reference="../../.."/><description>启动兴趣，规划计划表</description><topic reference="../../../../../../../../../../../../../../../topics/items/topic[6]"/><context reference="../../../../../../project[4]/children/project[2]/children/project[2]/children/action/context"/><state class="actionStateScheduled"><date>2019-09-01 00:00:00.0 CST</date><durationHours>0</durationHours><durationMinutes>0</durationMinutes><created>2019-03-28 22:53:28.353 CST</created></state><notes></notes><done>false</done><modified>2019-03-28 22:54:27.314 CST</modified></action></children><topic reference="../../../../../../../../../../../../../topics/items/topic[6]"/><description>铅笔画、素描</description><purpose></purpose><success></success><brainstorming></brainstorming><organising></organising><done>false</done><sequence>false</sequence><sequencing reference="../../../../project/children/project/children/project/children/project/sequencing"/><notes></notes><modified>2019-03-28 22:53:24.426 CST</modified></project><project><id>8037</id><created>2019-03-16 12:14:39.742 CST</created><parent reference="../../.."/><children><action><id>16362</id><created>2019-03-28 22:54:34.788 CST</created><parent reference="../../.."/><description>启动兴趣，制定计划表</description><topic reference="../../../../../../../../../../../../../../../topics/items/topic[6]"/><context reference="../../../../../../project[4]/children/project[2]/children/project[2]/children/action/context"/><state class="actionStateScheduled"><date>2019-10-01 00:00:00.0 CST</date><durationHours>0</durationHours><durationMinutes>0</durationMinutes><created>2019-03-28 22:54:56.120 CST</created></state><notes></notes><done>false</done><modified>2019-03-28 22:54:56.120 CST</modified></action><project><id>6557</id><created>2019-03-15 16:45:37.447 CST</created><parent reference="../../.."/><children/><topic reference="../../../../../../../../../../../../../../../topics/items/topic[3]"/><description>掌相入门@陈鼎龙</description><purpose></purpose><success></success><brainstorming></brainstorming><organising></organising><done>false</done><sequence>false</sequence><sequencing reference="../../../../../../project/children/project/children/project/children/project/sequencing"/><modified>2019-03-28 23:40:34.628 CST</modified></project><project><id>6558</id><created>2019-03-15 17:00:46.732 CST</created><parent reference="../../.."/><children/><topic reference="../../../../../../../../../../../../../../../topics/items/topic[3]"/><description>易经手相</description><purpose></purpose><success></success><brainstorming></brainstorming><organising></organising><done>false</done><sequence>false</sequence><sequencing reference="../../../../../../project/children/project/children/project/children/project/sequencing"/><notes></notes><modified>2019-03-28 23:40:38.109 CST</modified></project></children><topic reference="../../../../../../../../../../../../../topics/items/topic[6]"/><description>周易</description><purpose></purpose><success></success><brainstorming></brainstorming><organising></organising><done>false</done><sequence>false</sequence><sequencing reference="../../../../project/children/project/children/project/children/project/sequencing"/><notes></notes><modified>2019-03-28 23:40:38.111 CST</modified></project><project><id>8036</id><created>2019-03-16 12:14:07.924 CST</created><parent reference="../../.."/><children><action><id>16363</id><created>2019-03-28 22:55:15.832 CST</created><parent reference="../../.."/><description>启动兴趣，制定计划表</description><topic reference="../../../../../../../../../../../../../../../topics/items/topic[6]"/><context reference="../../../../../../project[4]/children/project[2]/children/project[2]/children/action/context"/><state class="actionStateScheduled"><date>2019-11-01 00:00:00.0 CST</date><durationHours>0</durationHours><durationMinutes>0</durationMinutes><created>2019-03-28 22:55:33.613 CST</created></state><notes></notes><done>false</done><modified>2019-03-28 22:55:33.613 CST</modified></action></children><topic reference="../../../../../../../../../../../../../topics/items/topic[6]"/><description>乐器</description><purpose></purpose><success></success><brainstorming></brainstorming><organising></organising><done>false</done><sequence>false</sequence><sequencing reference="../../../../project/children/project/children/project/children/project/sequencing"/><notes></notes><modified>2019-03-28 22:55:15.833 CST</modified></project><project><id>8038</id><created>2019-03-16 12:14:54.299 CST</created><parent reference="../../.."/><children/><topic reference="../../../../../../../../../../../../../topics/items/topic[6]"/><description>驾驶，驾照</description><purpose></purpose><success></success><brainstorming></brainstorming><organising></organising><done>false</done><sequence>false</sequence><sequencing reference="../../../../project/children/project/children/project/children/project/sequencing"/><notes></notes><modified>2019-03-16 12:15:04.515 CST</modified></project></children><topic reference="../../../../../../../../../../../topics/items/topic[6]"/><description>兴趣爱好</description><purpose></purpose><success>作为工作之外的补充，不断拓展认知的边界</success><brainstorming></brainstorming><organising></organising><done>false</done><sequence>false</sequence><sequencing reference="../../project/children/project/children/project/children/project/sequencing"/><notes>在自我的生活上，有自己能拿得出手的兴趣爱好，并且掌握能丰富和提高自己生活的所需技能，不断的给自己的生活创造增益。

重点在铅笔画、折纸和周易上面
************************ 2019 年
Goal：
1、折纸4本书，年底时能将折纸作品放到朋友那里作为装饰用品， 4月份开始到8月31号结束
2、铅笔画，至少能画出一些东西来，虽然画不像，但是至少能画出来，9月份开始，持续一个月
3、掌握手相、面相的分析方法，能初步独立的结合实际给人看，并知道些风水学， 10月份开始，持续一个月
4、能弹吉他或者吹口风琴， 11月份开始，持续2个月，到12月31号进行阶段验收

Output：
1、折纸的作品
2、铅笔画的作品
3、手相面相的分析方法

Check： 
Check周期： 每周各个小项进行检查，每月底进行全面的一次检查
</notes><modified>2019-03-28 23:50:55.390 CST</modified></project><project><id>134</id><created>2019-03-14 16:25:31.658 CST</created><parent class="projects" reference="../../.."/><children><project><id>8040</id><created>2019-03-16 12:15:36.643 CST</created><parent reference="../../.."/><children><project><id>9335</id><created>2019-03-16 14:34:34.59 CST</created><parent reference="../../.."/><children><action><id>9305</id><created>2019-03-16 14:06:11.791 CST</created><parent reference="../../.."/><description>西南联大第一集</description><topic reference="../../../../../../../../../../../../../../../../../topics/items/topic[8]"/><context reference="../../../../../../../../../../../../../../../../../contexts/items/context[12]"/><state class="actionStateScheduled"><date>2019-03-22 21:30:00.0 CST</date><durationHours>0</durationHours><durationMinutes>0</durationMinutes><created>2019-03-16 14:36:58.381 CST</created></state><notes></notes><done>true</done><doneDate>2019-03-17 00:00:00.0 CST</doneDate><time><id>9340</id><name>50 min</name></time><energy reference="../../../../../../../../project/children/project[3]/children/project/children/action[6]/energy"/><success></success><modified>2019-03-29 18:35:09.9 CST</modified></action><action><id>9336</id><created>2019-03-16 14:34:45.993 CST</created><parent reference="../../.."/><description>西南联大第二集</description><topic reference="../../../../../../../../../../../../../../../../../topics/items/topic[8]"/><context reference="../../../../../../../../../../../../../../../../../contexts/items/context[12]"/><state class="actionStateScheduled"><date>2019-03-31 20:00:00.0 CST</date><durationHours>0</durationHours><durationMinutes>0</durationMinutes><created>2019-03-28 16:01:54.372 CST</created></state><notes></notes><done>true</done><doneDate>2019-04-01 00:00:00.0 CST</doneDate><success></success><modified>2019-04-01 15:08:17.643 CST</modified></action><action><id>9337</id><created>2019-03-16 14:34:48.621 CST</created><parent reference="../../.."/><description>西南联大第三集</description><topic reference="../../../../../../../../../../../../../../../../../topics/items/topic[8]"/><context reference="../../../../../../../../../../../../../../../../../contexts/items/context[12]"/><state class="actionStateScheduled"><date>2019-04-07 20:00:00.0 CST</date><durationHours>1</durationHours><durationMinutes>0</durationMinutes><created>2019-03-28 16:08:12.66 CST</created></state><notes></notes><done>true</done><doneDate>2019-04-04 00:00:00.0 CST</doneDate><success></success><modified>2019-04-04 20:54:07.753 CST</modified></action><action><id>9338</id><created>2019-03-16 14:34:52.372 CST</created><parent reference="../../.."/><description>西南联大第四集</description><topic reference="../../../../../../../../../../../../../../../../../topics/items/topic[8]"/><context reference="../../../../../../../../../../../../../../../../../contexts/items/context[12]"/><state class="actionStateScheduled"><date>2019-04-14 20:00:00.0 CST</date><durationHours>1</durationHours><durationMinutes>0</durationMinutes><created>2019-03-28 16:08:49.396 CST</created></state><notes></notes><done>true</done><doneDate>2019-04-04 00:00:00.0 CST</doneDate><modified>2019-04-04 21:19:56.470 CST</modified></action><action><id>9339</id><created>2019-03-16 14:34:56.215 CST</created><parent reference="../../.."/><description>西南联大第五集</description><topic reference="../../../../../../../../../../../../../../../../../topics/items/topic[8]"/><context reference="../../../../../../../../../../../../../../../../../contexts/items/context[12]"/><state class="actionStateScheduled"><date>2019-04-21 20:00:00.0 CST</date><durationHours>1</durationHours><durationMinutes>0</durationMinutes><created>2019-03-28 16:09:24.808 CST</created></state><notes></notes><done>true</done><doneDate>2019-04-04 00:00:00.0 CST</doneDate><modified>2019-04-04 21:19:59.497 CST</modified></action></children><topic reference="../../../../../../../../../../../../../../../topics/items/topic[8]"/><description>西南联大</description><purpose></purpose><success></success><brainstorming></brainstorming><organising></organising><done>true</done><doneDate>2019-04-14 14:25:03.917 CST</doneDate><sequence>false</sequence><sequencing reference="../../../../../../project/children/project/children/project/children/project/sequencing"/><notes></notes><modified>2019-04-14 14:25:03.917 CST</modified></project><project><id>16528</id><created>2019-04-04 21:20:11.27 CST</created><parent reference="../../.."/><children><action><id>9323</id><created>2019-03-16 14:18:31.307 CST</created><parent reference="../../.."/><description>河西走廊</description><topic reference="../../../../../../../../../../../../../../../../../topics/items/topic[8]"/><context reference="../../../../../../../../../../../../../../../../../contexts/items/context[12]"/><state class="actionStateScheduled"><date>2019-04-04 21:20:00.0 CST</date><durationHours>1</durationHours><durationMinutes>0</durationMinutes><recurrence><id>16530</id><project reference="../../../../.."/><description>河西走廊</description><topic reference="../../../../../../../../../../../../../../../../../../../topics/items/topic[8]"/><context reference="../../../../../../../../../../../../../../../../../../../contexts/items/context[12]"/><scheduleHours>21</scheduleHours><scheduleMins>20</scheduleMins><durationHours>1</durationHours><durationMins>0</durationMins><basisID>1</basisID><startDate>2019-04-04 00:00:00.0 CST</startDate><periodID>0</periodID><frequency>1</frequency><advanceNbr>10</advanceNbr><endNbr>10</endNbr><genNbr>0</genNbr><genToDate>2019-06-06 21:20:00.0 CST</genToDate><success></success><notes></notes><period class="tr.model.action.PeriodWeek"><selectedDays class="vector"><int>5</int></selectedDays></period></recurrence><created>2019-03-28 16:13:19.118 CST</created></state><notes></notes><done>true</done><doneDate>2019-04-04 00:00:00.0 CST</doneDate><modified>2019-04-04 23:05:41.456 CST</modified></action><action><id>16531</id><created>2019-04-04 21:22:02.607 CST</created><parent reference="../../.."/><description>河西走廊</description><topic reference="../../../../../../../../../../../../../../../../../topics/items/topic[8]"/><context reference="../../../../../../../../../../../../../../../../../contexts/items/context[12]"/><state class="actionStateScheduled"><date>2019-04-11 21:20:00.0 CST</date><durationHours>1</durationHours><durationMinutes>0</durationMinutes><recurrence reference="../../../action/state/recurrence"/><created>2019-04-04 21:22:02.607 CST</created></state><notes></notes><done>true</done><doneDate>2019-04-04 00:00:00.0 CST</doneDate><success></success><modified>2019-04-04 23:05:43.850 CST</modified></action><action><id>16532</id><created>2019-04-04 21:22:02.609 CST</created><parent reference="../../.."/><description>河西走廊</description><topic reference="../../../../../../../../../../../../../../../../../topics/items/topic[8]"/><context reference="../../../../../../../../../../../../../../../../../contexts/items/context[12]"/><state class="actionStateScheduled"><date>2019-04-18 21:20:00.0 CST</date><durationHours>1</durationHours><durationMinutes>0</durationMinutes><recurrence reference="../../../action/state/recurrence"/><created>2019-04-04 21:22:02.609 CST</created></state><notes></notes><done>true</done><doneDate>2019-04-04 00:00:00.0 CST</doneDate><success></success><modified>2019-04-04 23:53:33.385 CST</modified></action><action><id>16533</id><created>2019-04-04 21:22:02.616 CST</created><parent reference="../../.."/><description>河西走廊</description><topic reference="../../../../../../../../../../../../../../../../../topics/items/topic[8]"/><context reference="../../../../../../../../../../../../../../../../../contexts/items/context[12]"/><state class="actionStateScheduled"><date>2019-04-25 21:20:00.0 CST</date><durationHours>1</durationHours><durationMinutes>0</durationMinutes><recurrence reference="../../../action/state/recurrence"/><created>2019-04-04 21:22:02.616 CST</created></state><notes></notes><done>true</done><doneDate>2019-04-14 00:00:00.0 CST</doneDate><success></success><modified>2019-04-14 14:25:12.536 CST</modified></action><action><id>16534</id><created>2019-04-04 21:22:02.628 CST</created><parent reference="../../.."/><description>河西走廊</description><topic reference="../../../../../../../../../../../../../../../../../topics/items/topic[8]"/><context reference="../../../../../../../../../../../../../../../../../contexts/items/context[12]"/><state class="actionStateScheduled"><date>2019-05-02 21:20:00.0 CST</date><durationHours>1</durationHours><durationMinutes>0</durationMinutes><recurrence reference="../../../action/state/recurrence"/><created>2019-04-04 21:22:02.628 CST</created></state><notes></notes><done>true</done><doneDate>2019-04-14 00:00:00.0 CST</doneDate><success></success><modified>2019-04-14 14:25:22.30 CST</modified></action><action><id>16535</id><created>2019-04-04 21:22:02.653 CST</created><parent reference="../../.."/><description>河西走廊</description><topic reference="../../../../../../../../../../../../../../../../../topics/items/topic[8]"/><context reference="../../../../../../../../../../../../../../../../../contexts/items/context[12]"/><state class="actionStateScheduled"><date>2019-05-09 21:20:00.0 CST</date><durationHours>1</durationHours><durationMinutes>0</durationMinutes><recurrence reference="../../../action/state/recurrence"/><created>2019-04-04 21:22:02.653 CST</created></state><notes></notes><done>true</done><doneDate>2019-04-14 00:00:00.0 CST</doneDate><success></success><modified>2019-04-14 14:25:25.912 CST</modified></action><action><id>16536</id><created>2019-04-04 21:22:02.666 CST</created><parent reference="../../.."/><description>河西走廊</description><topic reference="../../../../../../../../../../../../../../../../../topics/items/topic[8]"/><context reference="../../../../../../../../../../../../../../../../../contexts/items/context[12]"/><state class="actionStateScheduled"><date>2019-05-16 21:20:00.0 CST</date><durationHours>1</durationHours><durationMinutes>0</durationMinutes><recurrence reference="../../../action/state/recurrence"/><created>2019-04-04 21:22:02.666 CST</created></state><notes></notes><done>true</done><doneDate>2019-04-14 00:00:00.0 CST</doneDate><success></success><modified>2019-04-14 14:25:29.673 CST</modified></action><action><id>16537</id><created>2019-04-04 21:22:02.671 CST</created><parent reference="../../.."/><description>河西走廊</description><topic reference="../../../../../../../../../../../../../../../../../topics/items/topic[8]"/><context reference="../../../../../../../../../../../../../../../../../contexts/items/context[12]"/><state class="actionStateScheduled"><date>2019-05-23 21:20:00.0 CST</date><durationHours>1</durationHours><durationMinutes>0</durationMinutes><recurrence reference="../../../action/state/recurrence"/><created>2019-04-04 21:22:02.671 CST</created></state><notes></notes><done>true</done><doneDate>2019-04-14 00:00:00.0 CST</doneDate><success></success><modified>2019-04-14 14:25:33.108 CST</modified></action><action><id>16538</id><created>2019-04-04 21:22:02.699 CST</created><parent reference="../../.."/><description>河西走廊</description><topic reference="../../../../../../../../../../../../../../../../../topics/items/topic[8]"/><context reference="../../../../../../../../../../../../../../../../../contexts/items/context[12]"/><state class="actionStateScheduled"><date>2019-05-30 21:20:00.0 CST</date><durationHours>1</durationHours><durationMinutes>0</durationMinutes><recurrence reference="../../../action/state/recurrence"/><created>2019-04-04 21:22:02.700 CST</created></state><notes></notes><done>true</done><doneDate>2019-04-14 00:00:00.0 CST</doneDate><success></success><modified>2019-04-14 14:25:36.422 CST</modified></action><action><id>16539</id><created>2019-04-04 21:22:02.744 CST</created><parent reference="../../.."/><description>河西走廊</description><topic reference="../../../../../../../../../../../../../../../../../topics/items/topic[8]"/><context reference="../../../../../../../../../../../../../../../../../contexts/items/context[12]"/><state class="actionStateScheduled"><date reference="../../../action/state/recurrence/genToDate"/><durationHours>1</durationHours><durationMinutes>0</durationMinutes><recurrence reference="../../../action/state/recurrence"/><created>2019-04-04 21:22:02.744 CST</created></state><notes></notes><done>true</done><doneDate>2019-04-14 00:00:00.0 CST</doneDate><success></success><modified>2019-04-14 14:25:40.430 CST</modified></action></children><topic reference="../../../../../../../../../../../../../../../topics/items/topic[8]"/><description>河西走廊</description><purpose></purpose><success></success><brainstorming></brainstorming><organising></organising><done>true</done><doneDate>2019-04-14 14:25:44.687 CST</doneDate><sequence>false</sequence><sequencing reference="../../../../../../project/children/project/children/project/children/project/sequencing"/><notes></notes><modified>2019-04-14 14:25:44.687 CST</modified></project><action><id>9327</id><created>2019-03-16 14:19:22.271 CST</created><parent reference="../../.."/><description>旅行到宇宙边缘</description><topic reference="../../../../../../../../../../../../../../../topics/items/topic[8]"/><context reference="../../../../../../../../../../../../../../../contexts/items/context[12]"/><state class="actionStateScheduled"><date>2019-04-21 09:00:00.0 CST</date><durationHours>1</durationHours><durationMinutes>40</durationMinutes><created>2019-04-14 14:28:48.996 CST</created></state><notes></notes><done>false</done><modified>2019-04-14 14:28:48.996 CST</modified></action><project><id>16672</id><created>2019-04-14 14:26:09.575 CST</created><parent reference="../../.."/><children><action><id>9307</id><created>2019-03-16 14:11:02.96 CST</created><parent reference="../../.."/><description>冰冻星球</description><topic reference="../../../../../../../../../../../../../../../../../topics/items/topic[8]"/><context reference="../../../../../../../../../../../../../../../../../contexts/items/context[12]"/><state class="actionStateScheduled"><date>2019-04-28 20:00:00.0 CST</date><durationHours>0</durationHours><durationMinutes>0</durationMinutes><created>2019-03-28 16:10:28.8 CST</created></state><notes></notes><done>false</done><success></success><modified>2019-04-14 14:26:09.576 CST</modified></action></children><topic reference="../../../../../../../../../../../../../../../topics/items/topic[8]"/><description>冰冻星球</description><purpose></purpose><success></success><brainstorming></brainstorming><organising></organising><done>false</done><sequence>false</sequence><sequencing reference="../../../../../../project/children/project/children/project/children/project/sequencing"/><notes></notes><modified>2019-04-14 14:26:09.577 CST</modified></project><action><id>9306</id><created>2019-03-16 14:10:36.267 CST</created><parent reference="../../.."/><description>自然界大事件</description><topic reference="../../../../../../../../../../../../../../../topics/items/topic[8]"/><context reference="../../../../../../../../../../../../../../../contexts/items/context[12]"/><state class="actionStateScheduled"><date>2019-08-25 20:00:00.0 CST</date><durationHours>1</durationHours><durationMinutes>0</durationMinutes><created>2019-03-28 16:10:03.912 CST</created></state><notes></notes><done>false</done><modified>2019-03-28 16:10:03.912 CST</modified></action><action><id>9310</id><created>2019-03-16 14:14:50.340 CST</created><parent reference="../../.."/><description>世界历史</description><topic reference="../../../../../../../../../../../../../../../topics/items/topic[8]"/><context reference="../../../../../../../../../../../../../../../contexts/items/context[12]"/><state class="actionStateScheduled"><date>2019-10-06 20:00:00.0 CST</date><durationHours>1</durationHours><durationMinutes>0</durationMinutes><created>2019-03-28 16:15:43.83 CST</created></state><notes>100 es</notes><done>false</done><modified>2019-03-28 16:21:03.100 CST</modified></action><action><id>9308</id><created>2019-03-16 14:12:02.175 CST</created><parent reference="../../.."/><description>人类星球</description><topic reference="../../../../../../../../../../../../../../../topics/items/topic[8]"/><context reference="../../../../../../../../../../../../../../../contexts/items/context[12]"/><state class="actionStateScheduled"><date>2019-11-24 20:00:00.0 CST</date><durationHours>0</durationHours><durationMinutes>0</durationMinutes><created>2019-03-28 16:10:56.817 CST</created></state><notes></notes><done>false</done><modified>2019-03-28 16:10:56.817 CST</modified></action><action><id>9309</id><created>2019-03-16 14:14:39.353 CST</created><parent reference="../../.."/><description>文明</description><topic reference="../../../../../../../../../../../../../../../topics/items/topic[8]"/><context reference="../../../../../../../../../../../../../../../contexts/items/context[12]"/><state class="actionStateScheduled"><date>2020-01-26 00:00:00.0 CST</date><durationHours>0</durationHours><durationMinutes>0</durationMinutes><created>2019-03-28 16:25:19.935 CST</created></state><notes></notes><done>false</done><modified>2019-03-28 16:25:19.935 CST</modified></action><action><id>9311</id><created>2019-03-16 14:15:03.27 CST</created><parent reference="../../.."/><description>我们的世界大战</description><topic reference="../../../../../../../../../../../../../../../topics/items/topic[8]"/><context reference="../../../../../../../../../../../../../../../contexts/items/context[12]"/><state class="actionStateInactive"><created>2019-03-16 14:15:03.27 CST</created></state><notes></notes><done>false</done><modified>2019-04-01 20:55:11.688 CST</modified></action><action><id>9312</id><created>2019-03-16 14:16:21.959 CST</created><parent reference="../../.."/><description>苏东坡</description><topic reference="../../../../../../../../../../../../../../../topics/items/topic[8]"/><context reference="../../../../../../../../../../../../../../../contexts/items/context[12]"/><state class="actionStateInactive"><created>2019-03-16 14:16:21.959 CST</created></state><notes></notes><done>false</done><modified>2019-04-01 20:55:16.697 CST</modified></action><action><id>9313</id><created>2019-03-16 14:16:34.278 CST</created><parent reference="../../.."/><description>百年战争</description><topic reference="../../../../../../../../../../../../../../../topics/items/topic[8]"/><context reference="../../../../../../../../../../../../../../../contexts/items/context[12]"/><state class="actionStateInactive"><created>2019-03-16 14:16:34.279 CST</created></state><notes></notes><done>false</done><modified>2019-04-01 20:58:11.160 CST</modified></action><action><id>9314</id><created>2019-03-16 14:16:45.495 CST</created><parent reference="../../.."/><description>人生果实</description><topic reference="../../../../../../../../../../../../../../../topics/items/topic[8]"/><context reference="../../../../../../../../../../../../../../../contexts/items/context[12]"/><state class="actionStateInactive"><created>2019-03-16 14:16:45.495 CST</created></state><notes></notes><done>false</done><modified>2019-04-01 20:57:26.421 CST</modified></action><action><id>9315</id><created>2019-03-16 14:16:57.733 CST</created><parent reference="../../.."/><description>世界园林游记</description><topic reference="../../../../../../../../../../../../../../../topics/items/topic[8]"/><context reference="../../../../../../../../../../../../../../../contexts/items/context[12]"/><state class="actionStateInactive"><created>2019-03-16 14:16:57.733 CST</created></state><notes></notes><done>false</done><modified>2019-04-01 20:56:59.839 CST</modified></action><action><id>9316</id><created>2019-03-16 14:17:07.130 CST</created><parent reference="../../.."/><description>中世纪生活</description><topic reference="../../../../../../../../../../../../../../../topics/items/topic[8]"/><context reference="../../../../../../../../../../../../../../../contexts/items/context[12]"/><state class="actionStateInactive"><created>2019-03-16 14:17:07.131 CST</created></state><notes></notes><done>false</done><modified>2019-03-16 15:07:40.760 CST</modified></action><action><id>9317</id><created>2019-03-16 14:17:17.9 CST</created><parent reference="../../.."/><description>中国服饰文化</description><topic reference="../../../../../../../../../../../../../../../topics/items/topic[8]"/><context reference="../../../../../../../../../../../../../../../contexts/items/context[12]"/><state class="actionStateInactive"><created>2019-03-16 14:17:17.9 CST</created></state><notes></notes><done>false</done><modified>2019-04-01 20:57:09.997 CST</modified></action><action><id>9318</id><created>2019-03-16 14:17:28.2 CST</created><parent reference="../../.."/><description>香巴拉深处</description><topic reference="../../../../../../../../../../../../../../../topics/items/topic[8]"/><context reference="../../../../../../../../../../../../../../../contexts/items/context[12]"/><state class="actionStateInactive"><created>2019-03-16 14:17:28.3 CST</created></state><notes></notes><done>false</done><modified>2019-04-01 20:55:55.406 CST</modified></action><action><id>9319</id><created>2019-03-16 14:17:36.507 CST</created><parent reference="../../.."/><description>西洋艺术史</description><topic reference="../../../../../../../../../../../../../../../topics/items/topic[8]"/><context reference="../../../../../../../../../../../../../../../contexts/items/context[12]"/><state class="actionStateInactive"><created>2019-03-16 14:17:36.507 CST</created></state><notes></notes><done>false</done><modified>2019-03-16 15:07:32.3 CST</modified></action><action><id>9320</id><created>2019-03-16 14:17:53.973 CST</created><parent reference="../../.."/><description>地球之盐</description><topic reference="../../../../../../../../../../../../../../../topics/items/topic[8]"/><context reference="../../../../../../../../../../../../../../../contexts/items/context[12]"/><state class="actionStateInactive"><created>2019-03-16 14:17:53.974 CST</created></state><notes></notes><done>false</done><modified>2019-04-01 20:57:40.529 CST</modified></action><action><id>9321</id><created>2019-03-16 14:18:08.577 CST</created><parent reference="../../.."/><description>远古外星人</description><topic reference="../../../../../../../../../../../../../../../topics/items/topic[8]"/><context reference="../../../../../../../../../../../../../../../contexts/items/context[12]"/><state class="actionStateInactive"><created>2019-03-16 14:18:08.577 CST</created></state><notes></notes><done>false</done><modified>2019-04-01 20:56:17.996 CST</modified></action><action><id>9322</id><created>2019-03-16 14:18:20.24 CST</created><parent reference="../../.."/><description>诸神之战</description><topic reference="../../../../../../../../../../../../../../../topics/items/topic[8]"/><context reference="../../../../../../../../../../../../../../../contexts/items/context[12]"/><state class="actionStateInactive"><created>2019-03-16 14:18:20.25 CST</created></state><notes></notes><done>false</done><modified>2019-04-01 20:56:23.983 CST</modified></action><action><id>9324</id><created>2019-03-16 14:18:40.614 CST</created><parent reference="../../.."/><description>园林</description><topic reference="../../../../../../../../../../../../../../../topics/items/topic[8]"/><context reference="../../../../../../../../../../../../../../../contexts/items/context[12]"/><state class="actionStateInactive"><created>2019-03-16 14:18:40.614 CST</created></state><notes></notes><done>false</done><modified>2019-04-01 20:57:35.218 CST</modified></action><action><id>9325</id><created>2019-03-16 14:19:01.639 CST</created><parent reference="../../.."/><description>海洋巨人</description><topic reference="../../../../../../../../../../../../../../../topics/items/topic[8]"/><context reference="../../../../../../../../../../../../../../../contexts/items/context[12]"/><state class="actionStateInactive"><created>2019-03-16 14:19:01.639 CST</created></state><notes></notes><done>false</done><modified>2019-04-01 20:58:02.619 CST</modified></action><action><id>9326</id><created>2019-03-16 14:19:10.412 CST</created><parent reference="../../.."/><description>非洲</description><topic reference="../../../../../../../../../../../../../../../topics/items/topic[8]"/><context reference="../../../../../../../../../../../../../../../contexts/items/context[12]"/><state class="actionStateInactive"><created>2019-03-16 14:19:10.413 CST</created></state><notes></notes><done>false</done><modified>2019-04-01 20:56:01.551 CST</modified></action><action><id>9328</id><created>2019-03-16 14:21:17.932 CST</created><parent reference="../../.."/><description>人生七年</description><topic reference="../../../../../../../../../../../../../../../topics/items/topic[8]"/><context reference="../../../../../../../../../../../../../../../contexts/items/context[12]"/><state class="actionStateInactive"><created>2019-03-16 14:21:17.932 CST</created></state><notes></notes><done>false</done><modified>2019-04-01 20:57:21.503 CST</modified></action><action><id>9329</id><created>2019-03-16 14:22:04.1 CST</created><parent reference="../../.."/><description>艺术的力量</description><topic reference="../../../../../../../../../../../../../../../topics/items/topic[8]"/><context reference="../../../../../../../../../../../../../../../contexts/items/context[12]"/><state class="actionStateInactive"><created>2019-03-16 14:22:04.1 CST</created></state><notes></notes><done>false</done><success></success><modified>2019-03-28 16:00:40.631 CST</modified></action><action><id>9330</id><created>2019-03-16 14:25:05.305 CST</created><parent reference="../../.."/><description>时间的风景</description><topic reference="../../../../../../../../../../../../../../../topics/items/topic[8]"/><context reference="../../../../../../../../../../../../../../../contexts/items/context[12]"/><state class="actionStateInactive"><created>2019-03-16 14:25:05.306 CST</created></state><notes></notes><done>false</done><modified>2019-03-16 14:29:44.379 CST</modified></action><action><id>9331</id><created>2019-03-16 14:25:26.675 CST</created><parent reference="../../.."/><description>美丽中国</description><topic reference="../../../../../../../../../../../../../../../topics/items/topic[8]"/><context reference="../../../../../../../../../../../../../../../contexts/items/context[12]"/><state class="actionStateInactive"><created>2019-03-16 14:25:26.675 CST</created></state><notes></notes><done>false</done><modified>2019-03-16 14:29:35.385 CST</modified></action><action><id>9332</id><created>2019-03-16 14:28:13.59 CST</created><parent reference="../../.."/><description>国家地理频道纪录片：宇宙时空之旅</description><topic reference="../../../../../../../../../../../../../../../topics/items/topic[8]"/><context reference="../../../../../../../../../../../../../../../contexts/items/context[12]"/><state class="actionStateInactive"><created>2019-03-16 14:28:13.60 CST</created></state><notes></notes><done>false</done><modified>2019-03-16 14:29:28.209 CST</modified></action></children><topic reference="../../../../../../../../../../../../../topics/items/topic[8]"/><description>电影、纪录片</description><purpose></purpose><success></success><brainstorming></brainstorming><organising></organising><done>false</done><sequence>false</sequence><sequencing reference="../../../../project/children/project/children/project/children/project/sequencing"/><notes>重点在纪录片和科幻作品上，电影只高分及冷门高分电影，有才看，没有就不看
************************ 2019 年
Goal：
1、最低是12部纪录片、一个月一部，以后想看电影时优先看列表中的纪录片，优先找这些纪录片的资源
2、看电影的数量不超过12部，一个月最多一部
3、不断的扩充优秀纪录片的收藏列表

Output：
1、理财投资日记
2、其它方面收入的实践成果（调研报告+实践总结），线上及线下

Check： 
Check周期： 每周各个小项进行检查，每月底进行全面的一次检查

【Check 14:41:27 星期六 16 三月 2019】 目前是确定了28部纪录片，可以慢慢看了。</notes><modified>2019-04-14 14:26:51.8 CST</modified></project><project><id>8041</id><created>2019-03-16 12:15:44.105 CST</created><parent reference="../../.."/><children/><topic reference="../../../../../../../../../../../../../topics/items/topic[8]"/><description>电视剧</description><purpose></purpose><success></success><brainstorming></brainstorming><organising></organising><done>false</done><sequence>false</sequence><sequencing reference="../../../../project/children/project/children/project/children/project/sequencing"/><notes></notes><modified>2019-03-16 12:23:40.276 CST</modified></project></children><topic reference="../../../../../../../../../../../topics/items/topic[8]"/><description>娱乐休闲</description><purpose></purpose><success>促进身心健康的生活调节，并有节制，行万里路</success><brainstorming></brainstorming><organising></organising><done>false</done><sequence>false</sequence><sequencing reference="../../project/children/project/children/project/children/project/sequencing"/><notes>重点在纪录片和科幻作品上，电影只高分及冷门高分电影，有才看，没有就不看
************************ 2019 年
Goal：
1、12部纪录片、一个月一部，以后想看电影时优先看列表中的纪录片，优先找这些纪录片的资源， 4月份开始，到12月份进行recap
2、看电影的数量不超过12部，一个月最多一部，只看高分经典和推荐的冷门小众，其它商业片尽量不看
3、不断的扩充优秀纪录片的收藏列表
4、如百家讲坛、航拍中国等视频也可以放到列表中

Output：
1、纪录片收藏列表以及观后感

Check： 
Check周期： 每周各个小项进行检查，每月底进行全面的一次检查</notes><modified>2019-03-28 23:51:39.36 CST</modified></project><project><id>6839</id><created>2019-03-16 10:53:04.147 CST</created><parent class="projects" reference="../../.."/><children><project><id>6840</id><created>2019-03-16 10:53:18.312 CST</created><parent reference="../../.."/><children><action><id>6850</id><created>2019-03-16 10:59:26.676 CST</created><parent reference="../../.."/><description>年度巡检</description><topic reference="../../../../../../../../../../../../../../../topics/items/topic[11]"/><context reference="../../../../../../../../../../../../../../../contexts/items/context[9]"/><state class="actionStateScheduled"><date>2019-12-29 10:00:00.0 CST</date><durationHours>8</durationHours><durationMinutes>0</durationMinutes><recurrence><id>6851</id><project reference="../../../../.."/><description>年度巡检</description><topic reference="../../../../../../../../../../../../../../../../../topics/items/topic[11]"/><context reference="../../../../../../../../../../../../../../../../../contexts/items/context[9]"/><time><id>116</id><name>8 hrs</name></time><energy reference="../../../../../../../../project/children/project[2]/children/project[3]/children/project/children/action[3]/energy"/><priority reference="../../../../../../../../project/children/project[2]/children/project[2]/children/project/children/action/priority"/><scheduleHours>10</scheduleHours><scheduleMins>0</scheduleMins><durationHours>8</durationHours><durationMins>0</durationMins><basisID>2</basisID><startDate>2019-12-29 00:00:00.0 CST</startDate><periodID>0</periodID><frequency>1</frequency><advanceNbr>4</advanceNbr><genNbr>0</genNbr><success>1、完成年度巡检报告，形成指导意见，制定下一年度的目标和具体的可行，可衡量的实施计划</success><notes></notes><period class="tr.model.action.PeriodYear"><selectedMonths class="vector"/><onTheSelected>false</onTheSelected><onTheNth>First</onTheNth><onTheDay>Monday</onTheDay></period></recurrence><created>2019-03-16 10:59:48.0 CST</created></state><notes></notes><done>false</done><time reference="../state/recurrence/time"/><energy reference="../../../../../../project/children/project[2]/children/project[3]/children/project/children/action[3]/energy"/><priority reference="../../../../../../project/children/project[2]/children/project[2]/children/project/children/action/priority"/><success>1、完成年度巡检报告，形成指导意见，制定下一年度的目标和具体的可行，可衡量的实施计划</success><modified>2019-03-16 11:01:01.555 CST</modified></action></children><topic reference="../../../../../../../../../../../../../topics/items/topic[11]"/><description>年度巡检</description><purpose></purpose><success></success><brainstorming></brainstorming><organising></organising><done>false</done><sequence>false</sequence><sequencing reference="../../../../project/children/project/children/project/children/project/sequencing"/><notes></notes><priority reference="../../../../project/children/project[2]/children/project[2]/children/project/children/action/priority"/><modified>2019-03-16 10:59:26.676 CST</modified></project><project><id>6847</id><created>2019-03-16 10:58:52.852 CST</created><parent reference="../../.."/><children/><topic reference="../../../../../../../../../../../../../topics/items/topic[11]"/><description>季度巡检</description><purpose></purpose><success></success><brainstorming></brainstorming><organising></organising><done>false</done><sequence>false</sequence><sequencing reference="../../../../project/children/project/children/project/children/project/sequencing"/><notes></notes><priority reference="../../../../project/children/project[2]/children/project[2]/children/project/children/action/priority"/><modified>2019-03-16 10:58:57.688 CST</modified></project><project><id>6846</id><created>2019-03-16 10:58:11.820 CST</created><parent reference="../../.."/><children><action><id>6853</id><created>2019-03-16 11:04:17.334 CST</created><parent reference="../../.."/><description>工作职业月定期巡检</description><topic reference="../../../../../../../../../../../../../../../topics/items/topic[2]"/><context reference="../../../../../../../../../../../../../../../contexts/items/context[9]"/><state class="actionStateScheduled"><date>2019-04-02 22:50:00.0 CST</date><durationHours>0</durationHours><durationMinutes>10</durationMinutes><created>2019-03-16 11:04:44.400 CST</created></state><notes></notes><done>true</done><doneDate>2019-04-02 00:00:00.0 CST</doneDate><time reference="../../../../../../project[2]/children/project/children/project[2]/children/project[12]/children/action/time"/><energy reference="../../../../../../project/children/project[3]/children/project[6]/children/action[11]/energy"/><priority reference="../../../../../../project/children/project[2]/children/project[2]/children/project/children/action/priority"/><success></success><modified>2019-04-02 22:47:49.395 CST</modified></action><action><id>6618</id><created>2019-03-16 07:55:39.307 CST</created><parent reference="../../.."/><description>个人发展月定期巡检</description><topic reference="../../../../../../../../../../../../../../../topics/items/topic[3]"/><context reference="../../../../../../../../../../../../../../../contexts/items/context[9]"/><state class="actionStateScheduled"><date>2019-04-02 22:10:00.0 CST</date><durationHours>0</durationHours><durationMinutes>10</durationMinutes><created>2019-03-16 07:55:58.389 CST</created></state><notes>星期二 2 四月 2019 11:10:54 上个工作没法按时完成，排得太紧，来不及，这就是没按计划执行的结果</notes><done>true</done><doneDate>2019-04-02 00:00:00.0 CST</doneDate><time reference="../../../../../../project[2]/children/project/children/project[2]/children/project[12]/children/action/time"/><energy reference="../../../../../../project/children/project[3]/children/project[6]/children/action[11]/energy"/><priority reference="../../../../../../project/children/project[2]/children/project[2]/children/project/children/action/priority"/><success>1、输出巡视报告，并将调整落实到下月的行动中</success><modified>2019-04-02 22:17:08.227 CST</modified></action><action><id>6855</id><created>2019-03-16 11:06:09.52 CST</created><parent reference="../../.."/><description>个人健康月定期巡检</description><topic reference="../../../../../../../../../../../../../../../topics/items/topic[4]"/><context reference="../../../../../../../../../../../../../../../contexts/items/context[9]"/><state class="actionStateScheduled"><date>2019-04-02 22:30:00.0 CST</date><durationHours>0</durationHours><durationMinutes>10</durationMinutes><created>2019-03-16 11:06:34.279 CST</created></state><notes></notes><done>true</done><doneDate>2019-04-02 00:00:00.0 CST</doneDate><time reference="../../../../../../project[2]/children/project/children/project[2]/children/project[12]/children/action/time"/><energy reference="../../../../../../project/children/project[3]/children/project[6]/children/action[11]/energy"/><priority reference="../../../../../../project/children/project[2]/children/project[2]/children/project/children/action/priority"/><success></success><modified>2019-04-02 22:03:25.465 CST</modified></action><action><id>6835</id><created>2019-03-16 10:31:40.480 CST</created><parent reference="../../.."/><description>财富管理月巡视</description><topic reference="../../../../../../../../../../../../../../../topics/items/topic[5]"/><context reference="../../../../../../../../../../../../../../../contexts/items/context[9]"/><state class="actionStateScheduled"><date>2019-04-02 22:40:00.0 CST</date><durationHours>0</durationHours><durationMinutes>10</durationMinutes><created>2019-03-16 10:31:55.174 CST</created></state><notes></notes><done>true</done><doneDate>2019-04-02 00:00:00.0 CST</doneDate><time reference="../../../../../../project[2]/children/project/children/project[2]/children/project[12]/children/action/time"/><energy reference="../../../../../../project/children/project[2]/children/project[3]/children/project/children/action[3]/energy"/><priority reference="../../../../../../project/children/project[2]/children/project[2]/children/project/children/action/priority"/><success>1、对当月的情况进行总结分析，形成报告和结论及指导意见，落实到下个月的行动当中</success><modified>2019-04-02 22:36:43.745 CST</modified></action><action><id>6859</id><created>2019-03-16 11:08:44.416 CST</created><parent reference="../../.."/><description>家庭、人际交往月定期巡检</description><topic reference="../../../../../../../../../../../../../../../topics/items/topic[7]"/><context reference="../../../../../../../../../../../../../../../contexts/items/context[9]"/><state class="actionStateScheduled"><date>2019-04-02 14:00:00.0 CST</date><durationHours>0</durationHours><durationMinutes>30</durationMinutes><created>2019-03-16 11:09:12.19 CST</created></state><notes></notes><done>true</done><doneDate>2019-04-02 00:00:00.0 CST</doneDate><time reference="../../../../../../project[2]/children/project/children/project[2]/children/project[12]/children/action/time"/><energy reference="../../../../../../project/children/project[3]/children/project[6]/children/action[11]/energy"/><priority reference="../../../../../../project/children/project[2]/children/project[2]/children/project/children/action/priority"/><success></success><modified>2019-04-02 21:45:10.103 CST</modified></action><action><id>6861</id><created>2019-03-16 11:09:36.518 CST</created><parent reference="../../.."/><description>兴趣爱好月定期巡检</description><topic reference="../../../../../../../../../../../../../../../topics/items/topic[6]"/><context reference="../../../../../../../../../../../../../../../contexts/items/context[9]"/><state class="actionStateScheduled"><date>2019-04-02 14:30:00.0 CST</date><durationHours>0</durationHours><durationMinutes>30</durationMinutes><created>2019-03-16 11:09:57.258 CST</created></state><notes></notes><done>true</done><doneDate>2019-04-02 00:00:00.0 CST</doneDate><time reference="../../../../../../project[2]/children/project/children/project[2]/children/project[12]/children/action/time"/><energy reference="../../../../../../project/children/project[3]/children/project[6]/children/action[11]/energy"/><priority reference="../../../../../../project/children/project[2]/children/project[2]/children/project/children/action/priority"/><success></success><modified>2019-04-02 21:47:45.886 CST</modified></action><action><id>6863</id><created>2019-03-16 11:10:24.648 CST</created><parent reference="../../.."/><description>娱乐休闲月定期巡检</description><topic reference="../../../../../../../../../../../../../../../topics/items/topic[8]"/><context reference="../../../../../../../../../../../../../../../contexts/items/context[9]"/><state class="actionStateScheduled"><date>2019-04-02 21:00:00.0 CST</date><durationHours>0</durationHours><durationMinutes>30</durationMinutes><created>2019-03-16 11:10:52.856 CST</created></state><notes></notes><done>true</done><doneDate>2019-04-02 00:00:00.0 CST</doneDate><time reference="../../../../../../project[2]/children/project/children/project[2]/children/project[12]/children/action/time"/><energy reference="../../../../../../project/children/project[3]/children/project[6]/children/action[11]/energy"/><priority reference="../../../../../../project/children/project[2]/children/project[2]/children/project/children/action/priority"/><modified>2019-04-02 21:52:46.791 CST</modified></action><action><id>6865</id><created>2019-03-16 11:11:18.174 CST</created><parent reference="../../.."/><description>巡检工作月定期检视</description><topic reference="../../../../../../../../../../../../../../../topics/items/topic[11]"/><context reference="../../../../../../../../../../../../../../../contexts/items/context[9]"/><state class="actionStateScheduled"><date>2019-04-02 21:40:00.0 CST</date><durationHours>0</durationHours><durationMinutes>30</durationMinutes><created>2019-03-16 11:11:37.798 CST</created></state><notes></notes><done>true</done><doneDate>2019-04-02 22:47:59.416 CST</doneDate><time reference="../../../../../../project[2]/children/project/children/project[2]/children/project[12]/children/action/time"/><energy reference="../../../../../../project/children/project[3]/children/project[6]/children/action[11]/energy"/><priority reference="../../../../../../project/children/project[2]/children/project[2]/children/project/children/action/priority"/><success></success><modified>2019-04-02 22:47:59.432 CST</modified></action><action><id>16412</id><created>2019-04-02 15:32:21.972 CST</created><parent reference="../../.."/><description>家庭、人际交往月定期巡检</description><topic reference="../../../../../../../../../../../../../../../topics/items/topic[7]"/><context reference="../../../../../../../../../../../../../../../contexts/items/context[9]"/><state class="actionStateScheduled"><date>2019-04-28 15:00:00.0 CST</date><durationHours>0</durationHours><durationMinutes>30</durationMinutes><recurrence><id>6860</id><project reference="../../../../.."/><description>家庭、人际交往月定期巡检</description><topic reference="../../../../../../../../../../../../../../../../../topics/items/topic[7]"/><context reference="../../../../../../../../../../../../../../../../../contexts/items/context[9]"/><time reference="../../../../../../../../project[2]/children/project/children/project[2]/children/project[12]/children/action/time"/><energy reference="../../../../../../../../project/children/project[3]/children/project[6]/children/action[11]/energy"/><priority reference="../../../../../../../../project/children/project[2]/children/project[2]/children/project/children/action/priority"/><scheduleHours>15</scheduleHours><scheduleMins>0</scheduleMins><durationHours>0</durationHours><durationMins>30</durationMins><basisID>2</basisID><startDate>2019-03-31 00:00:00.0 CST</startDate><periodID>0</periodID><frequency>1</frequency><advanceNbr>4</advanceNbr><genNbr>1</genNbr><genToDate>2019-05-02 15:00:00.0 CST</genToDate><success></success><notes></notes><period class="tr.model.action.PeriodMonth"><option>Each</option><selectedDays class="vector"/></period></recurrence><created>2019-04-02 15:32:21.972 CST</created></state><notes></notes><done>false</done><time reference="../../../../../../project[2]/children/project/children/project[2]/children/project[12]/children/action/time"/><energy reference="../../../../../../project/children/project[3]/children/project[6]/children/action[11]/energy"/><priority reference="../../../../../../project/children/project[2]/children/project[2]/children/project/children/action/priority"/><success></success><modified>2019-04-02 15:32:21.972 CST</modified></action><action><id>16443</id><created>2019-04-02 21:47:45.856 CST</created><parent reference="../../.."/><description>兴趣爱好月定期巡检</description><topic reference="../../../../../../../../../../../../../../../topics/items/topic[6]"/><context reference="../../../../../../../../../../../../../../../contexts/items/context[9]"/><state class="actionStateScheduled"><date>2019-04-28 16:00:00.0 CST</date><durationHours>0</durationHours><durationMinutes>30</durationMinutes><recurrence><id>6862</id><project reference="../../../../.."/><description>兴趣爱好月定期巡检</description><topic reference="../../../../../../../../../../../../../../../../../topics/items/topic[6]"/><context reference="../../../../../../../../../../../../../../../../../contexts/items/context[9]"/><time reference="../../../../../../../../project[2]/children/project/children/project[2]/children/project[12]/children/action/time"/><energy reference="../../../../../../../../project/children/project[3]/children/project[6]/children/action[11]/energy"/><priority reference="../../../../../../../../project/children/project[2]/children/project[2]/children/project/children/action/priority"/><scheduleHours>16</scheduleHours><scheduleMins>0</scheduleMins><durationHours>0</durationHours><durationMins>30</durationMins><basisID>2</basisID><startDate>2019-03-31 00:00:00.0 CST</startDate><periodID>0</periodID><frequency>1</frequency><advanceNbr>4</advanceNbr><genNbr>1</genNbr><genToDate>2019-05-02 16:00:00.0 CST</genToDate><success></success><notes></notes><period class="tr.model.action.PeriodMonth"><option reference="../../../../../action[9]/state/recurrence/period/option"/><selectedDays class="vector"/></period></recurrence><created>2019-04-02 21:47:45.857 CST</created></state><notes></notes><done>false</done><time reference="../../../../../../project[2]/children/project/children/project[2]/children/project[12]/children/action/time"/><energy reference="../../../../../../project/children/project[3]/children/project[6]/children/action[11]/energy"/><priority reference="../../../../../../project/children/project[2]/children/project[2]/children/project/children/action/priority"/><success></success><modified>2019-04-02 21:47:45.857 CST</modified></action><action><id>16444</id><created>2019-04-02 21:52:46.754 CST</created><parent reference="../../.."/><description>娱乐休闲月定期巡检</description><topic reference="../../../../../../../../../../../../../../../topics/items/topic[8]"/><context reference="../../../../../../../../../../../../../../../contexts/items/context[9]"/><state class="actionStateScheduled"><date>2019-04-28 17:00:00.0 CST</date><durationHours>0</durationHours><durationMinutes>30</durationMinutes><recurrence><id>6864</id><project reference="../../../../.."/><description>娱乐休闲月定期巡检</description><topic reference="../../../../../../../../../../../../../../../../../topics/items/topic[8]"/><context reference="../../../../../../../../../../../../../../../../../contexts/items/context[9]"/><time reference="../../../../../../../../project[2]/children/project/children/project[2]/children/project[12]/children/action/time"/><energy reference="../../../../../../../../project/children/project[3]/children/project[6]/children/action[11]/energy"/><priority reference="../../../../../../../../project/children/project[2]/children/project[2]/children/project/children/action/priority"/><scheduleHours>17</scheduleHours><scheduleMins>0</scheduleMins><durationHours>0</durationHours><durationMins>30</durationMins><basisID>2</basisID><startDate>2019-03-31 00:00:00.0 CST</startDate><periodID>0</periodID><frequency>1</frequency><advanceNbr>4</advanceNbr><genNbr>1</genNbr><genToDate>2019-05-02 17:00:00.0 CST</genToDate><success></success><notes></notes><period class="tr.model.action.PeriodMonth"><option reference="../../../../../action[9]/state/recurrence/period/option"/><selectedDays class="vector"/></period></recurrence><created>2019-04-02 21:52:46.754 CST</created></state><notes></notes><done>false</done><time reference="../../../../../../project[2]/children/project/children/project[2]/children/project[12]/children/action/time"/><energy reference="../../../../../../project/children/project[3]/children/project[6]/children/action[11]/energy"/><priority reference="../../../../../../project/children/project[2]/children/project[2]/children/project/children/action/priority"/><success></success><modified>2019-04-02 21:52:46.754 CST</modified></action><action><id>16445</id><created>2019-04-02 22:03:25.409 CST</created><parent reference="../../.."/><description>个人健康月定期巡检</description><topic reference="../../../../../../../../../../../../../../../topics/items/topic[11]"/><context reference="../../../../../../../../../../../../../../../contexts/items/context[9]"/><state class="actionStateScheduled"><date>2019-04-28 11:00:00.0 CST</date><durationHours>0</durationHours><durationMinutes>30</durationMinutes><recurrence><id>6856</id><project reference="../../../../.."/><description>个人健康月定期巡检</description><topic reference="../../../../../../../../../../../../../../../../../topics/items/topic[11]"/><context reference="../../../../../../../../../../../../../../../../../contexts/items/context[9]"/><time reference="../../../../../../../../project[2]/children/project/children/project[2]/children/project[12]/children/action/time"/><energy reference="../../../../../../../../project/children/project[3]/children/project[6]/children/action[11]/energy"/><priority reference="../../../../../../../../project/children/project[2]/children/project[2]/children/project/children/action/priority"/><scheduleHours>11</scheduleHours><scheduleMins>0</scheduleMins><durationHours>0</durationHours><durationMins>30</durationMins><basisID>2</basisID><startDate>2019-03-31 00:00:00.0 CST</startDate><periodID>0</periodID><frequency>1</frequency><advanceNbr>4</advanceNbr><genNbr>1</genNbr><genToDate>2019-05-02 11:00:00.0 CST</genToDate><success></success><notes></notes><period class="tr.model.action.PeriodMonth"><option reference="../../../../../action[9]/state/recurrence/period/option"/><selectedDays class="vector"/></period></recurrence><created>2019-04-02 22:03:25.409 CST</created></state><notes></notes><done>false</done><time reference="../../../../../../project[2]/children/project/children/project[2]/children/project[12]/children/action/time"/><energy reference="../../../../../../project/children/project[3]/children/project[6]/children/action[11]/energy"/><priority reference="../../../../../../project/children/project[2]/children/project[2]/children/project/children/action/priority"/><success></success><modified>2019-04-02 22:03:25.409 CST</modified></action><action><id>16446</id><created>2019-04-02 22:17:08.183 CST</created><parent reference="../../.."/><description>个人发展月定期巡检</description><topic reference="../../../../../../../../../../../../../../../topics/items/topic[3]"/><context><name>None</name><description>No context.</description><id>9</id></context><state class="actionStateScheduled"><date>2019-04-28 00:00:00.0 CST</date><durationHours>0</durationHours><durationMinutes>0</durationMinutes><recurrence><id>6852</id><project reference="../../../../.."/><description>个人发展月定期巡检</description><topic reference="../../../../../../../../../../../../../../../../../topics/items/topic[3]"/><context><name>None</name><description>No context.</description><id>9</id></context><energy reference="../../../../../../../../project/children/project[3]/children/project[6]/children/action[11]/energy"/><priority reference="../../../../../../../../project/children/project[2]/children/project[2]/children/project/children/action/priority"/><scheduleHours>0</scheduleHours><scheduleMins>0</scheduleMins><durationHours>0</durationHours><durationMins>0</durationMins><basisID>2</basisID><startDate>2019-03-31 00:00:00.0 CST</startDate><periodID>0</periodID><frequency>1</frequency><advanceNbr>4</advanceNbr><genNbr>1</genNbr><genToDate>2019-05-02 00:00:00.0 CST</genToDate><success>1、输出巡视报告，并将调整落实到下月的行动中</success><notes></notes><period class="tr.model.action.PeriodMonth"><option reference="../../../../../action[9]/state/recurrence/period/option"/><selectedDays class="vector"/></period></recurrence><created>2019-04-02 22:17:08.183 CST</created></state><notes></notes><done>false</done><energy reference="../../../../../../project/children/project[3]/children/project[6]/children/action[11]/energy"/><priority reference="../../../../../../project/children/project[2]/children/project[2]/children/project/children/action/priority"/><success>1、输出巡视报告，并将调整落实到下月的行动中</success><modified>2019-04-02 22:17:08.183 CST</modified></action><action><id>16448</id><created>2019-04-02 22:36:43.702 CST</created><parent reference="../../.."/><description>财富管理月巡视</description><topic reference="../../../../../../../../../../../../../../../topics/items/topic[5]"/><context reference="../../../../../../../../../../../../../../../contexts/items/context[9]"/><state class="actionStateScheduled"><date>2019-04-28 14:00:00.0 CST</date><durationHours>0</durationHours><durationMinutes>30</durationMinutes><recurrence><id>6858</id><project reference="../../../../.."/><description>财富管理月巡视</description><topic reference="../../../../../../../../../../../../../../../../../topics/items/topic[5]"/><context reference="../../../../../../../../../../../../../../../../../contexts/items/context[9]"/><time reference="../../../../../../../../project[2]/children/project/children/project[2]/children/project[12]/children/action/time"/><energy reference="../../../../../../../../project/children/project[2]/children/project[3]/children/project/children/action[3]/energy"/><priority reference="../../../../../../../../project/children/project[2]/children/project[2]/children/project/children/action/priority"/><scheduleHours>14</scheduleHours><scheduleMins>0</scheduleMins><durationHours>0</durationHours><durationMins>30</durationMins><basisID>2</basisID><startDate>2019-03-31 00:00:00.0 CST</startDate><periodID>0</periodID><frequency>1</frequency><advanceNbr>4</advanceNbr><genNbr>1</genNbr><genToDate>2019-05-02 14:00:00.0 CST</genToDate><success>1、对当月的情况进行总结分析，形成报告和结论及指导意见，落实到下个月的行动当中</success><notes></notes><period class="tr.model.action.PeriodMonth"><option reference="../../../../../action[9]/state/recurrence/period/option"/><selectedDays class="vector"/></period></recurrence><created>2019-04-02 22:36:43.702 CST</created></state><notes></notes><done>false</done><time reference="../../../../../../project[2]/children/project/children/project[2]/children/project[12]/children/action/time"/><energy reference="../../../../../../project/children/project[2]/children/project[3]/children/project/children/action[3]/energy"/><priority reference="../../../../../../project/children/project[2]/children/project[2]/children/project/children/action/priority"/><success>1、对当月的情况进行总结分析，形成报告和结论及指导意见，落实到下个月的行动当中</success><modified>2019-04-02 22:36:43.702 CST</modified></action><action><id>16449</id><created>2019-04-02 22:47:49.352 CST</created><parent reference="../../.."/><description>工作职业月定期巡检</description><topic reference="../../../../../../../../../../../../../../../topics/items/topic[11]"/><context reference="../../action[13]/context"/><state class="actionStateScheduled"><date>2019-04-28 10:00:00.0 CST</date><durationHours>0</durationHours><durationMinutes>30</durationMinutes><recurrence><id>6854</id><project reference="../../../../.."/><description>工作职业月定期巡检</description><topic reference="../../../../../../../../../../../../../../../../../topics/items/topic[11]"/><context reference="../../../../action[13]/state/recurrence/context"/><priority reference="../../../../../../../../project/children/project[2]/children/project[2]/children/project/children/action/priority"/><scheduleHours>10</scheduleHours><scheduleMins>0</scheduleMins><durationHours>0</durationHours><durationMins>30</durationMins><basisID>2</basisID><startDate>2019-03-31 00:00:00.0 CST</startDate><periodID>0</periodID><frequency>1</frequency><advanceNbr>4</advanceNbr><genNbr>1</genNbr><genToDate>2019-05-02 10:00:00.0 CST</genToDate><success></success><notes></notes><period class="tr.model.action.PeriodMonth"><option reference="../../../../../action[9]/state/recurrence/period/option"/><selectedDays class="vector"/></period></recurrence><created>2019-04-02 22:47:49.352 CST</created></state><notes></notes><done>false</done><priority reference="../../../../../../project/children/project[2]/children/project[2]/children/project/children/action/priority"/><success></success><modified>2019-04-02 22:47:49.352 CST</modified></action><action><id>16450</id><created>2019-04-02 22:47:59.417 CST</created><parent reference="../../.."/><description>巡检工作月定期检视</description><topic reference="../../../../../../../../../../../../../../../topics/items/topic[11]"/><context reference="../../../../../../../../../../../../../../../contexts/items/context[9]"/><state class="actionStateScheduled"><date>2019-04-28 18:00:00.0 CST</date><durationHours>0</durationHours><durationMinutes>30</durationMinutes><recurrence><id>6866</id><project reference="../../../../.."/><description>巡检工作月定期检视</description><topic reference="../../../../../../../../../../../../../../../../../topics/items/topic[11]"/><context reference="../../../../../../../../../../../../../../../../../contexts/items/context[9]"/><time reference="../../../../../../../../project[2]/children/project/children/project[2]/children/project[12]/children/action/time"/><energy reference="../../../../../../../../project/children/project[3]/children/project[6]/children/action[11]/energy"/><priority reference="../../../../../../../../project/children/project[2]/children/project[2]/children/project/children/action/priority"/><scheduleHours>18</scheduleHours><scheduleMins>0</scheduleMins><durationHours>0</durationHours><durationMins>30</durationMins><basisID>2</basisID><startDate>2019-03-31 00:00:00.0 CST</startDate><periodID>0</periodID><frequency>1</frequency><advanceNbr>4</advanceNbr><genNbr>1</genNbr><genToDate>2019-05-02 18:00:00.0 CST</genToDate><success></success><notes></notes><period class="tr.model.action.PeriodMonth"><option reference="../../../../../action[9]/state/recurrence/period/option"/><selectedDays class="vector"/></period></recurrence><created>2019-04-02 22:47:59.417 CST</created></state><notes></notes><done>false</done><time reference="../../../../../../project[2]/children/project/children/project[2]/children/project[12]/children/action/time"/><energy reference="../../../../../../project/children/project[3]/children/project[6]/children/action[11]/energy"/><priority reference="../../../../../../project/children/project[2]/children/project[2]/children/project/children/action/priority"/><success></success><modified>2019-04-02 22:47:59.417 CST</modified></action></children><topic reference="../../../../../../../../../../../../../topics/items/topic[11]"/><description>月度巡检</description><purpose></purpose><success></success><brainstorming></brainstorming><organising></organising><done>false</done><sequence>false</sequence><sequencing reference="../../../../project/children/project/children/project/children/project/sequencing"/><notes></notes><priority reference="../../../../project/children/project[2]/children/project[2]/children/project/children/action/priority"/><modified>2019-04-02 22:47:59.417 CST</modified></project><project><id>6848</id><created>2019-03-16 10:59:06.0 CST</created><parent reference="../../.."/><children><action><id>6917</id><created>2019-03-16 11:18:52.712 CST</created><parent reference="../../.."/><description>读书情况每周定期巡检@个人发展</description><topic reference="../../../../../../../../../../../../../../../topics/items/topic[3]"/><context reference="../../../../../../../../../../../../../../../contexts/items/context[9]"/><state class="actionStateScheduled"><date>2019-04-01 21:10:00.0 CST</date><durationHours>0</durationHours><durationMinutes>30</durationMinutes><created>2019-03-16 07:57:40.690 CST</created></state><notes></notes><done>true</done><doneDate>2019-04-01 00:00:00.0 CST</doneDate><time reference="../../../../../../project[2]/children/project/children/project[2]/children/project[12]/children/action/time"/><energy reference="../../../../../../project/children/project[3]/children/project[6]/children/action[11]/energy"/><priority reference="../../../../../../project/children/project[2]/children/project[2]/children/project/children/action/priority"/><success>1、巡视及调整报告落实到下周的行动中</success><modified>2019-04-01 22:44:26.867 CST</modified></action><action><id>7161</id><created>2019-03-16 11:20:31.368 CST</created><parent reference="../../.."/><description>学习情况每周定期巡检@个人发展</description><topic reference="../../../../../../../../../../../../../../../topics/items/topic[3]"/><context reference="../../../../../../../../../../../../../../../contexts/items/context[9]"/><state class="actionStateScheduled"><date>2019-04-02 22:20:00.0 CST</date><durationHours>0</durationHours><durationMinutes>10</durationMinutes><created>2019-03-16 07:58:23.483 CST</created></state><notes></notes><done>true</done><doneDate>2019-04-02 00:00:00.0 CST</doneDate><time reference="../../../../../../project[2]/children/project/children/project[2]/children/project[12]/children/action/time"/><energy reference="../../../../../../project/children/project[3]/children/project[6]/children/action[11]/energy"/><priority reference="../../../../../../project/children/project[2]/children/project[2]/children/project/children/action/priority"/><success>1、输出巡视报告，并将调整落实到下周的行动中</success><modified>2019-04-02 22:17:21.931 CST</modified></action><action><id>7442</id><created>2019-03-16 11:22:17.191 CST</created><parent reference="../../.."/><description>个人健康每周定期巡检@个人健康</description><topic reference="../../../../../../../../../../../../../../../topics/items/topic[4]"/><context reference="../../../../../../../../../../../../../../../contexts/items/context[9]"/><state class="actionStateScheduled"><date>2019-04-01 21:20:00.0 CST</date><durationHours>0</durationHours><durationMinutes>30</durationMinutes><created>2019-03-16 11:22:39.326 CST</created></state><notes></notes><done>true</done><doneDate>2019-04-01 00:00:00.0 CST</doneDate><time reference="../../../../../../project[2]/children/project/children/project[2]/children/project[12]/children/action/time"/><energy reference="../../../../../../project/children/project[3]/children/project[6]/children/action[11]/energy"/><priority reference="../../../../../../project/children/project[2]/children/project[2]/children/project/children/action/priority"/><success></success><modified>2019-04-01 22:47:26.455 CST</modified></action><action><id>8019</id><created>2019-03-16 11:31:41.233 CST</created><parent reference="../../.."/><description>每周新菜巡检@个人健康</description><topic reference="../../../../../../../../../../../../../../../topics/items/topic[4]"/><context reference="../../../../../../../../../../../../../../../contexts/items/context[9]"/><state class="actionStateScheduled"><date>2019-04-05 20:00:00.0 CST</date><durationHours>0</durationHours><durationMinutes>10</durationMinutes><created>2019-03-16 11:32:10.622 CST</created></state><notes>星期日 7 四月 2019  16:59:09 在出差中，没有完成</notes><done>true</done><doneDate>2019-04-07 00:00:00.0 CST</doneDate><time><id>102</id><name>10 min</name></time><energy reference="../../../../../../project/children/project[3]/children/project/children/action[6]/energy"/><priority reference="../../../../../../project/children/project[2]/children/project[2]/children/project/children/action/priority"/><success></success><modified>2019-04-07 16:59:22.743 CST</modified></action><action><id>7841</id><created>2019-03-16 11:24:16.76 CST</created><parent reference="../../.."/><description>A股投资理财周跟踪巡检@财富管理</description><topic reference="../../../../../../../../../../../../../../../topics/items/topic[5]"/><context reference="../../../../../../../../../../../../../../../contexts/items/context[9]"/><state class="actionStateScheduled"><date>2019-04-01 23:30:00.0 CST</date><durationHours>0</durationHours><durationMinutes>30</durationMinutes><created>2019-03-16 11:24:46.172 CST</created></state><notes></notes><done>true</done><doneDate>2019-04-01 00:00:00.0 CST</doneDate><time reference="../../../../../../project[2]/children/project/children/project[2]/children/project[12]/children/action/time"/><energy reference="../../../../../../project/children/project[3]/children/project[6]/children/action[11]/energy"/><priority reference="../../../../../../project/children/project[2]/children/project[2]/children/project/children/action/priority"/><success></success><modified>2019-04-01 22:46:35.146 CST</modified></action><action><id>8011</id><created>2019-03-16 11:25:24.208 CST</created><parent reference="../../.."/><description>美股投资理财周跟踪巡检@财富管理</description><topic reference="../../../../../../../../../../../../../../../topics/items/topic[5]"/><context reference="../../../../../../../../../../../../../../../contexts/items/context[9]"/><state class="actionStateScheduled"><date>2019-04-01 21:30:00.0 CST</date><durationHours>0</durationHours><durationMinutes>30</durationMinutes><created>2019-03-16 11:26:03.690 CST</created></state><notes></notes><done>true</done><doneDate>2019-04-01 00:00:00.0 CST</doneDate><time reference="../../../../../../project[2]/children/project/children/project[2]/children/project[12]/children/action/time"/><energy reference="../../../../../../project/children/project[3]/children/project[6]/children/action[11]/energy"/><priority reference="../../../../../../project/children/project[2]/children/project[2]/children/project/children/action/priority"/><success></success><modified>2019-04-01 22:46:40.727 CST</modified></action><action><id>8029</id><created>2019-03-16 11:47:47.432 CST</created><parent reference="../../.."/><description>家庭、人际交往周定期巡检</description><topic reference="../../../../../../../../../../../../../../../topics/items/topic[7]"/><context reference="../../../../../../../../../../../../../../../contexts/items/context[9]"/><state class="actionStateScheduled"><date>2019-04-01 21:40:00.0 CST</date><durationHours>0</durationHours><durationMinutes>30</durationMinutes><created>2019-03-16 11:48:18.970 CST</created></state><notes></notes><done>true</done><doneDate>2019-04-01 00:00:00.0 CST</doneDate><time reference="../../../../../../project[2]/children/project/children/project[2]/children/project[12]/children/action/time"/><energy reference="../../../../../../project/children/project[3]/children/project[6]/children/action[11]/energy"/><priority reference="../../../../../../project/children/project[2]/children/project[2]/children/project/children/action/priority"/><success></success><modified>2019-04-01 22:47:23.805 CST</modified></action><action><id>8042</id><created>2019-03-16 12:16:09.186 CST</created><parent reference="../../.."/><description>兴趣爱好周跟踪巡检</description><topic reference="../../../../../../../../../../../../../../../topics/items/topic[6]"/><context reference="../../../../../../../../../../../../../../../contexts/items/context[9]"/><state class="actionStateScheduled"><date>2019-04-01 22:10:00.0 CST</date><durationHours>0</durationHours><durationMinutes>30</durationMinutes><created>2019-03-16 12:16:53.786 CST</created></state><notes></notes><done>true</done><doneDate>2019-04-01 00:00:00.0 CST</doneDate><time reference="../../../../../../project[2]/children/project/children/project[2]/children/project[12]/children/action/time"/><energy reference="../../../../../../project/children/project[3]/children/project[6]/children/action[11]/energy"/><priority reference="../../../../../../project/children/project[2]/children/project[2]/children/project/children/action/priority"/><success></success><modified>2019-04-01 22:47:17.568 CST</modified></action><action><id>8043</id><created>2019-03-16 12:16:12.611 CST</created><parent reference="../../.."/><description>娱乐休闲周巡检</description><topic reference="../../../../../../../../../../../../../../../topics/items/topic[8]"/><context reference="../../../../../../../../../../../../../../../contexts/items/context[9]"/><state class="actionStateScheduled"><date>2019-04-01 22:00:00.0 CST</date><durationHours>0</durationHours><durationMinutes>20</durationMinutes><created>2019-03-16 12:17:57.976 CST</created></state><notes></notes><done>true</done><doneDate>2019-04-01 00:00:00.0 CST</doneDate><time reference="../../../../../../project[3]/children/project[2]/children/action/time"/><energy reference="../../../../../../project/children/project[3]/children/project[6]/children/action[11]/energy"/><priority reference="../../../../../../project/children/project[2]/children/project[2]/children/project/children/action/priority"/><success></success><modified>2019-04-07 17:56:36.80 CST</modified></action><action><id>16392</id><created>2019-04-01 22:44:26.848 CST</created><parent reference="../../.."/><description>读书情况每周定期巡检@个人发展</description><topic reference="../../../../../../../../../../../../../../../topics/items/topic[3]"/><context reference="../../../../../../../../../../../../../../../contexts/items/context[9]"/><state class="actionStateScheduled"><date>2019-04-07 10:00:00.0 CST</date><durationHours>0</durationHours><durationMinutes>30</durationMinutes><created>2019-04-01 22:44:26.848 CST</created></state><notes></notes><done>true</done><doneDate>2019-04-07 00:00:00.0 CST</doneDate><time reference="../../../../../../project[2]/children/project/children/project[2]/children/project[12]/children/action/time"/><energy reference="../../../../../../project/children/project[3]/children/project[6]/children/action[11]/energy"/><priority reference="../../../../../../project/children/project[2]/children/project[2]/children/project/children/action/priority"/><success>1、巡视及调整报告落实到下周的行动中</success><modified>2019-04-07 17:09:46.160 CST</modified></action><action><id>16394</id><created>2019-04-01 22:46:35.130 CST</created><parent reference="../../.."/><description>A股投资理财周跟踪巡检</description><topic reference="../../../../../../../../../../../../../../../topics/items/topic[5]"/><context reference="../../../../../../../../../../../../../../../contexts/items/context[9]"/><state class="actionStateScheduled"><date>2019-04-07 11:30:00.0 CST</date><durationHours>0</durationHours><durationMinutes>30</durationMinutes><created>2019-04-01 22:46:35.130 CST</created></state><notes></notes><done>true</done><doneDate>2019-04-07 17:38:59.561 CST</doneDate><time reference="../../../../../../project[2]/children/project/children/project[2]/children/project[12]/children/action/time"/><energy reference="../../../../../../project/children/project[3]/children/project[6]/children/action[11]/energy"/><priority reference="../../../../../../project/children/project[2]/children/project[2]/children/project/children/action/priority"/><success></success><modified>2019-04-07 17:38:59.573 CST</modified></action><action><id>16395</id><created>2019-04-01 22:46:40.709 CST</created><parent reference="../../.."/><description>美股投资理财周跟踪巡检@财富管理</description><topic reference="../../../../../../../../../../../../../../../topics/items/topic[5]"/><context reference="../../../../../../../../../../../../../../../contexts/items/context[9]"/><state class="actionStateScheduled"><date>2019-04-07 14:00:00.0 CST</date><durationHours>0</durationHours><durationMinutes>30</durationMinutes><created>2019-04-01 22:46:40.709 CST</created></state><notes></notes><done>true</done><doneDate>2019-04-07 17:39:16.780 CST</doneDate><time reference="../../../../../../project[2]/children/project/children/project[2]/children/project[12]/children/action/time"/><energy reference="../../../../../../project/children/project[3]/children/project[6]/children/action[11]/energy"/><priority reference="../../../../../../project/children/project[2]/children/project[2]/children/project/children/action/priority"/><success></success><modified>2019-04-07 17:39:16.783 CST</modified></action><action><id>16396</id><created>2019-04-01 22:47:17.552 CST</created><parent reference="../../.."/><description>兴趣爱好周跟踪巡检</description><topic reference="../../../../../../../../../../../../../../../topics/items/topic[6]"/><context reference="../../../../../../../../../../../../../../../contexts/items/context[9]"/><state class="actionStateScheduled"><date>2019-04-07 15:00:00.0 CST</date><durationHours>0</durationHours><durationMinutes>30</durationMinutes><created>2019-04-01 22:47:17.552 CST</created></state><notes></notes><done>true</done><doneDate>2019-04-07 00:00:00.0 CST</doneDate><time reference="../../../../../../project[2]/children/project/children/project[2]/children/project[12]/children/action/time"/><energy reference="../../../../../../project/children/project[3]/children/project[6]/children/action[11]/energy"/><priority reference="../../../../../../project/children/project[2]/children/project[2]/children/project/children/action/priority"/><success></success><modified>2019-04-07 17:44:17.608 CST</modified></action><action><id>16397</id><created>2019-04-01 22:47:19.230 CST</created><parent reference="../../.."/><description>娱乐休闲周巡检</description><topic reference="../../../../../../../../../../../../../../../topics/items/topic[8]"/><context reference="../../../../../../../../../../../../../../../contexts/items/context[9]"/><state class="actionStateScheduled"><date>2019-04-07 15:30:00.0 CST</date><durationHours>0</durationHours><durationMinutes>20</durationMinutes><created>2019-04-01 22:47:19.230 CST</created></state><notes></notes><done>true</done><doneDate>2019-04-07 00:00:00.0 CST</doneDate><time reference="../../../../../../project[3]/children/project[2]/children/action/time"/><energy reference="../../../../../../project/children/project[3]/children/project[6]/children/action[11]/energy"/><priority reference="../../../../../../project/children/project[2]/children/project[2]/children/project/children/action/priority"/><success></success><modified>2019-04-07 17:47:48.221 CST</modified></action><action><id>16398</id><created>2019-04-01 22:47:23.797 CST</created><parent reference="../../.."/><description>家庭、人际交往周定期巡检</description><topic reference="../../../../../../../../../../../../../../../topics/items/topic[7]"/><context reference="../../../../../../../../../../../../../../../contexts/items/context[9]"/><state class="actionStateScheduled"><date>2019-04-07 14:30:00.0 CST</date><durationHours>0</durationHours><durationMinutes>30</durationMinutes><created>2019-04-01 22:47:23.797 CST</created></state><notes></notes><done>true</done><doneDate>2019-04-07 17:54:22.417 CST</doneDate><time reference="../../../../../../project[2]/children/project/children/project[2]/children/project[12]/children/action/time"/><energy reference="../../../../../../project/children/project[3]/children/project[6]/children/action[11]/energy"/><priority reference="../../../../../../project/children/project[2]/children/project[2]/children/project/children/action/priority"/><success></success><modified>2019-04-07 17:54:22.417 CST</modified></action><action><id>16399</id><created>2019-04-01 22:47:26.428 CST</created><parent reference="../../.."/><description>个人健康每周定期巡检</description><topic reference="../../../../../../../../../../../../../../../topics/items/topic[4]"/><context reference="../../../../../../../../../../../../../../../contexts/items/context[9]"/><state class="actionStateScheduled"><date>2019-04-07 11:00:00.0 CST</date><durationHours>0</durationHours><durationMinutes>30</durationMinutes><created>2019-04-01 22:47:26.428 CST</created></state><notes></notes><done>true</done><doneDate>2019-04-07 00:00:00.0 CST</doneDate><time reference="../../../../../../project[2]/children/project/children/project[2]/children/project[12]/children/action/time"/><energy reference="../../../../../../project/children/project[3]/children/project[6]/children/action[11]/energy"/><priority reference="../../../../../../project/children/project[2]/children/project[2]/children/project/children/action/priority"/><success></success><modified>2019-04-07 17:31:10.728 CST</modified></action><action><id>16447</id><created>2019-04-02 22:17:21.920 CST</created><parent reference="../../.."/><description>学习情况每周定期巡检@个人发展</description><topic reference="../../../../../../../../../../../../../../../topics/items/topic[3]"/><context reference="../../../../../../../../../../../../../../../contexts/items/context[9]"/><state class="actionStateScheduled"><date>2019-04-07 10:30:00.0 CST</date><durationHours>0</durationHours><durationMinutes>30</durationMinutes><created>2019-04-02 22:17:21.920 CST</created></state><notes></notes><done>true</done><doneDate>2019-04-07 00:00:00.0 CST</doneDate><time reference="../../../../../../project[2]/children/project/children/project[2]/children/project[12]/children/action/time"/><energy reference="../../../../../../project/children/project[3]/children/project[6]/children/action[11]/energy"/><priority reference="../../../../../../project/children/project[2]/children/project[2]/children/project/children/action/priority"/><success>1、输出巡视报告，并将调整落实到下周的行动中</success><modified>2019-04-07 17:16:25.956 CST</modified></action><action><id>16550</id><created>2019-04-07 16:59:22.708 CST</created><parent reference="../../.."/><description>每周新菜巡检@个人健康</description><topic reference="../../../../../../../../../../../../../../../topics/items/topic[4]"/><context reference="../../../../../../../../../../../../../../../contexts/items/context[9]"/><state class="actionStateScheduled"><date>2019-04-14 20:00:00.0 CST</date><durationHours>0</durationHours><durationMinutes>10</durationMinutes><created>2019-04-07 16:59:22.708 CST</created></state><notes>星期日 14 四月 2019 15:15:26 本周出差，礼拜天有机会，但是估计条件环境不允许 Failed</notes><done>true</done><doneDate>2019-04-14 00:00:00.0 CST</doneDate><time reference="../../action[4]/time"/><energy reference="../../../../../../project/children/project[3]/children/project/children/action[6]/energy"/><priority reference="../../../../../../project/children/project[2]/children/project[2]/children/project/children/action/priority"/><success></success><modified>2019-04-14 15:15:59.450 CST</modified></action><action><id>16551</id><created>2019-04-07 17:09:46.121 CST</created><parent reference="../../.."/><description>读书情况每周定期巡检@个人发展</description><topic reference="../../../../../../../../../../../../../../../topics/items/topic[3]"/><context reference="../../../../../../../../../../../../../../../contexts/items/context[9]"/><state class="actionStateScheduled"><date>2019-04-14 10:00:00.0 CST</date><durationHours>0</durationHours><durationMinutes>30</durationMinutes><created>2019-04-07 17:09:46.121 CST</created></state><notes></notes><done>true</done><doneDate>2019-04-14 00:00:00.0 CST</doneDate><time reference="../../../../../../project[2]/children/project/children/project[2]/children/project[12]/children/action/time"/><energy reference="../../../../../../project/children/project[3]/children/project[6]/children/action[11]/energy"/><priority reference="../../../../../../project/children/project[2]/children/project[2]/children/project/children/action/priority"/><success>1、巡视及调整报告落实到下周的行动中</success><modified>2019-04-14 14:11:40.319 CST</modified></action><action><id>16554</id><created>2019-04-07 17:16:25.909 CST</created><parent reference="../../.."/><description>学习情况每周定期巡检@个人发展</description><topic reference="../../../../../../../../../../../../../../../topics/items/topic[3]"/><context reference="../../../../../../../../../../../../../../../contexts/items/context[9]"/><state class="actionStateScheduled"><date>2019-04-14 10:30:00.0 CST</date><durationHours>0</durationHours><durationMinutes>30</durationMinutes><created>2019-04-07 17:16:25.910 CST</created></state><notes></notes><done>true</done><doneDate>2019-04-14 00:00:00.0 CST</doneDate><time reference="../../../../../../project[2]/children/project/children/project[2]/children/project[12]/children/action/time"/><energy reference="../../../../../../project/children/project[3]/children/project[6]/children/action[11]/energy"/><priority reference="../../../../../../project/children/project[2]/children/project[2]/children/project/children/action/priority"/><success>1、输出巡视报告，并将调整落实到下周的行动中</success><modified>2019-04-14 14:11:42.845 CST</modified></action><action><id>16566</id><created>2019-04-07 17:31:10.668 CST</created><parent reference="../../.."/><description>个人健康每周定期巡检</description><topic reference="../../../../../../../../../../../../../../../topics/items/topic[4]"/><context reference="../../../../../../../../../../../../../../../contexts/items/context[9]"/><state class="actionStateScheduled"><date>2019-04-14 11:00:00.0 CST</date><durationHours>0</durationHours><durationMinutes>30</durationMinutes><created>2019-04-07 17:31:10.668 CST</created></state><notes></notes><done>true</done><doneDate>2019-04-14 14:34:17.221 CST</doneDate><time reference="../../../../../../project[2]/children/project/children/project[2]/children/project[12]/children/action/time"/><energy reference="../../../../../../project/children/project[3]/children/project[6]/children/action[11]/energy"/><priority reference="../../../../../../project/children/project[2]/children/project[2]/children/project/children/action/priority"/><success></success><modified>2019-04-14 14:34:17.248 CST</modified></action><action><id>16567</id><created>2019-04-07 17:38:59.561 CST</created><parent reference="../../.."/><description>A股投资理财周跟踪巡检</description><topic reference="../../../../../../../../../../../../../../../topics/items/topic[5]"/><context reference="../../../../../../../../../../../../../../../contexts/items/context[9]"/><state class="actionStateScheduled"><date>2019-04-14 11:30:00.0 CST</date><durationHours>0</durationHours><durationMinutes>30</durationMinutes><created>2019-04-07 17:38:59.561 CST</created></state><notes></notes><done>true</done><doneDate>2019-04-14 00:00:00.0 CST</doneDate><time reference="../../../../../../project[2]/children/project/children/project[2]/children/project[12]/children/action/time"/><energy reference="../../../../../../project/children/project[3]/children/project[6]/children/action[11]/energy"/><priority reference="../../../../../../project/children/project[2]/children/project[2]/children/project/children/action/priority"/><success></success><modified>2019-04-14 14:34:14.638 CST</modified></action><action><id>16568</id><created>2019-04-07 17:39:16.780 CST</created><parent reference="../../.."/><description>美股投资理财周跟踪巡检@财富管理</description><topic reference="../../../../../../../../../../../../../../../topics/items/topic[5]"/><context reference="../../../../../../../../../../../../../../../contexts/items/context[9]"/><state class="actionStateScheduled"><date>2019-04-14 14:00:00.0 CST</date><durationHours>0</durationHours><durationMinutes>30</durationMinutes><created>2019-04-07 17:39:16.780 CST</created></state><notes></notes><done>true</done><doneDate>2019-04-14 14:34:15.823 CST</doneDate><time reference="../../../../../../project[2]/children/project/children/project[2]/children/project[12]/children/action/time"/><energy reference="../../../../../../project/children/project[3]/children/project[6]/children/action[11]/energy"/><priority reference="../../../../../../project/children/project[2]/children/project[2]/children/project/children/action/priority"/><success></success><modified>2019-04-14 14:34:15.846 CST</modified></action><action><id>16569</id><created>2019-04-07 17:39:16.791 CST</created><parent reference="../../.."/><description>家庭、人际交往周定期巡检</description><topic reference="../../../../../../../../../../../../../../../topics/items/topic[7]"/><context reference="../../../../../../../../../../../../../../../contexts/items/context[9]"/><state class="actionStateScheduled"><date>2019-04-14 14:30:00.0 CST</date><durationHours>0</durationHours><durationMinutes>30</durationMinutes><created>2019-04-07 17:39:16.791 CST</created></state><notes></notes><done>true</done><doneDate>2019-04-14 00:00:00.0 CST</doneDate><time reference="../../../../../../project[2]/children/project/children/project[2]/children/project[12]/children/action/time"/><energy reference="../../../../../../project/children/project[3]/children/project[6]/children/action[11]/energy"/><priority reference="../../../../../../project/children/project[2]/children/project[2]/children/project/children/action/priority"/><success></success><modified>2019-04-14 14:52:53.288 CST</modified></action><action><id>16570</id><created>2019-04-07 17:44:17.567 CST</created><parent reference="../../.."/><description>兴趣爱好周跟踪巡检</description><topic reference="../../../../../../../../../../../../../../../topics/items/topic[6]"/><context reference="../../../../../../../../../../../../../../../contexts/items/context[9]"/><state class="actionStateScheduled"><date>2019-04-14 15:00:00.0 CST</date><durationHours>0</durationHours><durationMinutes>30</durationMinutes><created>2019-04-07 17:44:17.567 CST</created></state><notes></notes><done>true</done><doneDate>2019-04-14 00:00:00.0 CST</doneDate><time reference="../../../../../../project[2]/children/project/children/project[2]/children/project[12]/children/action/time"/><energy reference="../../../../../../project/children/project[3]/children/project[6]/children/action[11]/energy"/><priority reference="../../../../../../project/children/project[2]/children/project[2]/children/project/children/action/priority"/><success></success><modified>2019-04-14 14:35:39.166 CST</modified></action><action><id>16571</id><created>2019-04-07 17:47:48.179 CST</created><parent reference="../../.."/><description>娱乐休闲周巡检</description><topic reference="../../../../../../../../../../../../../../../topics/items/topic[8]"/><context reference="../../../../../../../../../../../../../../../contexts/items/context[9]"/><state class="actionStateScheduled"><date>2019-04-14 15:30:00.0 CST</date><durationHours>0</durationHours><durationMinutes>20</durationMinutes><created>2019-04-07 17:47:48.179 CST</created></state><notes></notes><done>true</done><doneDate>2019-04-14 00:00:00.0 CST</doneDate><time reference="../../../../../../project[3]/children/project[2]/children/action/time"/><energy reference="../../../../../../project/children/project[3]/children/project[6]/children/action[11]/energy"/><priority reference="../../../../../../project/children/project[2]/children/project[2]/children/project/children/action/priority"/><success></success><modified>2019-04-14 14:35:43.632 CST</modified></action><action><id>16572</id><created>2019-04-07 17:56:57.922 CST</created><parent reference="../../.."/><description>巡检工作周定期巡视</description><topic reference="../../../../../../../../../../../../../../../topics/items/topic[11]"/><context reference="../../../../../../../../../../../../../../../contexts/items/context[9]"/><state class="actionStateScheduled"><date>2019-04-07 15:10:00.0 CST</date><durationHours>0</durationHours><durationMinutes>0</durationMinutes><created>2019-04-07 17:57:41.623 CST</created></state><notes></notes><done>true</done><doneDate>2019-04-07 00:00:00.0 CST</doneDate><priority reference="../../../../../../project/children/project[2]/children/project[2]/children/project/children/action/priority"/><modified>2019-04-07 18:01:45.272 CST</modified></action><action><id>16574</id><created>2019-04-07 18:01:45.244 CST</created><parent reference="../../.."/><description>巡检工作周定期巡视</description><topic reference="../../../../../../../../../../../../../../../topics/items/topic[11]"/><context reference="../../../../../../../../../../../../../../../contexts/items/context[9]"/><state class="actionStateScheduled"><date>2019-04-14 15:10:00.0 CST</date><durationHours>0</durationHours><durationMinutes>0</durationMinutes><created>2019-04-07 18:01:45.244 CST</created></state><notes></notes><done>true</done><doneDate>2019-04-14 00:00:00.0 CST</doneDate><energy reference="../../../../../../project/children/project[3]/children/project[6]/children/action[11]/energy"/><priority reference="../../../../../../project/children/project[2]/children/project[2]/children/project/children/action/priority"/><success></success><modified>2019-04-14 14:52:59.310 CST</modified></action><action><id>16670</id><created>2019-04-14 14:11:40.277 CST</created><parent reference="../../.."/><description>读书情况每周定期巡检@个人发展</description><topic reference="../../../../../../../../../../../../../../../topics/items/topic[3]"/><context reference="../../../../../../../../../../../../../../../contexts/items/context[9]"/><state class="actionStateScheduled"><date>2019-04-21 10:00:00.0 CST</date><durationHours>0</durationHours><durationMinutes>30</durationMinutes><recurrence><id>6918</id><project reference="../../../../.."/><description>读书情况每周定期巡检@个人发展</description><topic reference="../../../../../../../../../../../../../../../../../topics/items/topic[3]"/><context reference="../../../../../../../../../../../../../../../../../contexts/items/context[9]"/><time reference="../../../../../../../../project[2]/children/project/children/project[2]/children/project[12]/children/action/time"/><energy reference="../../../../../../../../project/children/project[3]/children/project[6]/children/action[11]/energy"/><priority reference="../../../../../../../../project/children/project[2]/children/project[2]/children/project/children/action/priority"/><scheduleHours>10</scheduleHours><scheduleMins>0</scheduleMins><durationHours>0</durationHours><durationMins>30</durationMins><basisID>2</basisID><startDate>2019-03-17 00:00:00.0 CST</startDate><periodID>0</periodID><frequency>1</frequency><advanceNbr>4</advanceNbr><genNbr>3</genNbr><genToDate reference="../../date"/><success>1、巡视及调整报告落实到下周的行动中</success><notes></notes><period class="tr.model.action.PeriodWeek"><selectedDays class="vector"><int>1</int></selectedDays></period></recurrence><created>2019-04-14 14:11:40.277 CST</created></state><notes></notes><done>false</done><time reference="../../../../../../project[2]/children/project/children/project[2]/children/project[12]/children/action/time"/><energy reference="../../../../../../project/children/project[3]/children/project[6]/children/action[11]/energy"/><priority reference="../../../../../../project/children/project[2]/children/project[2]/children/project/children/action/priority"/><success>1、巡视及调整报告落实到下周的行动中</success><modified>2019-04-14 14:11:40.277 CST</modified></action><action><id>16671</id><created>2019-04-14 14:11:42.800 CST</created><parent reference="../../.."/><description>学习情况每周定期巡检@个人发展</description><topic reference="../../../../../../../../../../../../../../../topics/items/topic[3]"/><context reference="../../../../../../../../../../../../../../../contexts/items/context[9]"/><state class="actionStateScheduled"><date>2019-04-21 10:30:00.0 CST</date><durationHours>0</durationHours><durationMinutes>30</durationMinutes><recurrence><id>7235</id><project reference="../../../../.."/><description>学习情况每周定期巡检@个人发展</description><topic reference="../../../../../../../../../../../../../../../../../topics/items/topic[3]"/><context reference="../../../../../../../../../../../../../../../../../contexts/items/context[9]"/><time reference="../../../../../../../../project[2]/children/project/children/project[2]/children/project[12]/children/action/time"/><energy reference="../../../../../../../../project/children/project[3]/children/project[6]/children/action[11]/energy"/><priority reference="../../../../../../../../project/children/project[2]/children/project[2]/children/project/children/action/priority"/><scheduleHours>10</scheduleHours><scheduleMins>30</scheduleMins><durationHours>0</durationHours><durationMins>30</durationMins><basisID>2</basisID><startDate>2019-03-17 00:00:00.0 CST</startDate><periodID>0</periodID><frequency>1</frequency><advanceNbr>4</advanceNbr><genNbr>3</genNbr><genToDate reference="../../date"/><success>1、输出巡视报告，并将调整落实到下周的行动中</success><notes></notes><period class="tr.model.action.PeriodWeek"><selectedDays class="vector"><int>1</int></selectedDays></period></recurrence><created>2019-04-14 14:11:42.800 CST</created></state><notes></notes><done>false</done><time reference="../../../../../../project[2]/children/project/children/project[2]/children/project[12]/children/action/time"/><energy reference="../../../../../../project/children/project[3]/children/project[6]/children/action[11]/energy"/><priority reference="../../../../../../project/children/project[2]/children/project[2]/children/project/children/action/priority"/><success>1、输出巡视报告，并将调整落实到下周的行动中</success><modified>2019-04-14 14:11:42.800 CST</modified></action><action><id>16675</id><created>2019-04-14 14:34:17.222 CST</created><parent reference="../../.."/><description>个人健康每周定期巡检</description><topic reference="../../../../../../../../../../../../../../../topics/items/topic[4]"/><context reference="../../../../../../../../../../../../../../../contexts/items/context[9]"/><state class="actionStateScheduled"><date>2019-04-21 11:00:00.0 CST</date><durationHours>0</durationHours><durationMinutes>30</durationMinutes><recurrence><id>7451</id><project reference="../../../../.."/><description>个人健康每周定期巡检</description><topic reference="../../../../../../../../../../../../../../../../../topics/items/topic[4]"/><context reference="../../../../../../../../../../../../../../../../../contexts/items/context[9]"/><time reference="../../../../../../../../project[2]/children/project/children/project[2]/children/project[12]/children/action/time"/><energy reference="../../../../../../../../project/children/project[3]/children/project[6]/children/action[11]/energy"/><priority reference="../../../../../../../../project/children/project[2]/children/project[2]/children/project/children/action/priority"/><scheduleHours>11</scheduleHours><scheduleMins>0</scheduleMins><durationHours>0</durationHours><durationMins>30</durationMins><basisID>2</basisID><startDate>2019-03-17 00:00:00.0 CST</startDate><periodID>0</periodID><frequency>1</frequency><advanceNbr>4</advanceNbr><genNbr>3</genNbr><genToDate reference="../../date"/><success></success><notes></notes><period class="tr.model.action.PeriodWeek"><selectedDays class="vector"><int>1</int></selectedDays></period></recurrence><created>2019-04-14 14:34:17.222 CST</created></state><notes></notes><done>false</done><time reference="../../../../../../project[2]/children/project/children/project[2]/children/project[12]/children/action/time"/><energy reference="../../../../../../project/children/project[3]/children/project[6]/children/action[11]/energy"/><priority reference="../../../../../../project/children/project[2]/children/project[2]/children/project/children/action/priority"/><success></success><modified>2019-04-14 14:34:17.222 CST</modified></action><action><id>16673</id><created>2019-04-14 14:34:14.598 CST</created><parent reference="../../.."/><description>A股投资理财周跟踪巡检</description><topic reference="../../../../../../../../../../../../../../../topics/items/topic[5]"/><context reference="../../../../../../../../../../../../../../../contexts/items/context[9]"/><state class="actionStateScheduled"><date>2019-04-21 11:30:00.0 CST</date><durationHours>0</durationHours><durationMinutes>30</durationMinutes><recurrence><id>7850</id><project reference="../../../../.."/><description>A股投资理财周跟踪巡检</description><topic reference="../../../../../../../../../../../../../../../../../topics/items/topic[5]"/><context reference="../../../../../../../../../../../../../../../../../contexts/items/context[9]"/><time reference="../../../../../../../../project[2]/children/project/children/project[2]/children/project[12]/children/action/time"/><energy reference="../../../../../../../../project/children/project[3]/children/project[6]/children/action[11]/energy"/><priority reference="../../../../../../../../project/children/project[2]/children/project[2]/children/project/children/action/priority"/><scheduleHours>11</scheduleHours><scheduleMins>30</scheduleMins><durationHours>0</durationHours><durationMins>30</durationMins><basisID>2</basisID><startDate>2019-03-17 00:00:00.0 CST</startDate><periodID>0</periodID><frequency>1</frequency><advanceNbr>4</advanceNbr><genNbr>3</genNbr><genToDate reference="../../date"/><success></success><notes></notes><period class="tr.model.action.PeriodWeek"><selectedDays class="vector"><int>1</int></selectedDays></period></recurrence><created>2019-04-14 14:34:14.598 CST</created></state><notes></notes><done>false</done><time reference="../../../../../../project[2]/children/project/children/project[2]/children/project[12]/children/action/time"/><energy reference="../../../../../../project/children/project[3]/children/project[6]/children/action[11]/energy"/><priority reference="../../../../../../project/children/project[2]/children/project[2]/children/project/children/action/priority"/><success></success><modified>2019-04-14 14:34:14.598 CST</modified></action><action><id>16674</id><created>2019-04-14 14:34:15.823 CST</created><parent reference="../../.."/><description>美股投资理财周跟踪巡检@财富管理</description><topic reference="../../../../../../../../../../../../../../../topics/items/topic[5]"/><context reference="../../../../../../../../../../../../../../../contexts/items/context[9]"/><state class="actionStateScheduled"><date>2019-04-21 14:00:00.0 CST</date><durationHours>0</durationHours><durationMinutes>30</durationMinutes><recurrence><id>8012</id><project reference="../../../../.."/><description>美股投资理财周跟踪巡检@财富管理</description><topic reference="../../../../../../../../../../../../../../../../../topics/items/topic[5]"/><context reference="../../../../../../../../../../../../../../../../../contexts/items/context[9]"/><time reference="../../../../../../../../project[2]/children/project/children/project[2]/children/project[12]/children/action/time"/><energy reference="../../../../../../../../project/children/project[3]/children/project[6]/children/action[11]/energy"/><priority reference="../../../../../../../../project/children/project[2]/children/project[2]/children/project/children/action/priority"/><scheduleHours>14</scheduleHours><scheduleMins>0</scheduleMins><durationHours>0</durationHours><durationMins>30</durationMins><basisID>2</basisID><startDate>2019-03-17 00:00:00.0 CST</startDate><periodID>0</periodID><frequency>1</frequency><advanceNbr>4</advanceNbr><genNbr>3</genNbr><genToDate reference="../../date"/><success></success><notes></notes><period class="tr.model.action.PeriodWeek"><selectedDays class="vector"><int>1</int></selectedDays></period></recurrence><created>2019-04-14 14:34:15.823 CST</created></state><notes></notes><done>false</done><time reference="../../../../../../project[2]/children/project/children/project[2]/children/project[12]/children/action/time"/><energy reference="../../../../../../project/children/project[3]/children/project[6]/children/action[11]/energy"/><priority reference="../../../../../../project/children/project[2]/children/project[2]/children/project/children/action/priority"/><success></success><modified>2019-04-14 14:34:15.823 CST</modified></action><action><id>16678</id><created>2019-04-14 14:52:53.248 CST</created><parent reference="../../.."/><description>家庭、人际交往周定期巡检</description><topic reference="../../../../../../../../../../../../../../../topics/items/topic[7]"/><context reference="../../../../../../../../../../../../../../../contexts/items/context[9]"/><state class="actionStateScheduled"><date>2019-04-21 14:30:00.0 CST</date><durationHours>0</durationHours><durationMinutes>30</durationMinutes><recurrence><id>8030</id><project reference="../../../../.."/><description>家庭、人际交往周定期巡检</description><topic reference="../../../../../../../../../../../../../../../../../topics/items/topic[7]"/><context reference="../../../../../../../../../../../../../../../../../contexts/items/context[9]"/><time reference="../../../../../../../../project[2]/children/project/children/project[2]/children/project[12]/children/action/time"/><energy reference="../../../../../../../../project/children/project[3]/children/project[6]/children/action[11]/energy"/><priority reference="../../../../../../../../project/children/project[2]/children/project[2]/children/project/children/action/priority"/><scheduleHours>14</scheduleHours><scheduleMins>30</scheduleMins><durationHours>0</durationHours><durationMins>30</durationMins><basisID>2</basisID><startDate>2019-03-17 00:00:00.0 CST</startDate><periodID>0</periodID><frequency>1</frequency><advanceNbr>4</advanceNbr><genNbr>3</genNbr><genToDate reference="../../date"/><success></success><notes></notes><period class="tr.model.action.PeriodWeek"><selectedDays class="vector"><int>1</int></selectedDays></period></recurrence><created>2019-04-14 14:52:53.249 CST</created></state><notes></notes><done>false</done><time reference="../../../../../../project[2]/children/project/children/project[2]/children/project[12]/children/action/time"/><energy reference="../../../../../../project/children/project[3]/children/project[6]/children/action[11]/energy"/><priority reference="../../../../../../project/children/project[2]/children/project[2]/children/project/children/action/priority"/><success></success><modified>2019-04-14 14:52:53.249 CST</modified></action><action><id>16676</id><created>2019-04-14 14:35:39.120 CST</created><parent reference="../../.."/><description>兴趣爱好周跟踪巡检</description><topic reference="../../../../../../../../../../../../../../../topics/items/topic[6]"/><context reference="../../../../../../../../../../../../../../../contexts/items/context[9]"/><state class="actionStateScheduled"><date>2019-04-21 15:00:00.0 CST</date><durationHours>0</durationHours><durationMinutes>30</durationMinutes><recurrence><id>8045</id><project reference="../../../../.."/><description>兴趣爱好周跟踪巡检</description><topic reference="../../../../../../../../../../../../../../../../../topics/items/topic[6]"/><context reference="../../../../../../../../../../../../../../../../../contexts/items/context[9]"/><time reference="../../../../../../../../project[2]/children/project/children/project[2]/children/project[12]/children/action/time"/><energy reference="../../../../../../../../project/children/project[3]/children/project[6]/children/action[11]/energy"/><priority reference="../../../../../../../../project/children/project[2]/children/project[2]/children/project/children/action/priority"/><scheduleHours>15</scheduleHours><scheduleMins>0</scheduleMins><durationHours>0</durationHours><durationMins>30</durationMins><basisID>2</basisID><startDate>2019-03-17 00:00:00.0 CST</startDate><periodID>0</periodID><frequency>1</frequency><advanceNbr>4</advanceNbr><genNbr>3</genNbr><genToDate reference="../../date"/><success></success><notes></notes><period class="tr.model.action.PeriodWeek"><selectedDays class="vector"><int>1</int></selectedDays></period></recurrence><created>2019-04-14 14:35:39.120 CST</created></state><notes></notes><done>false</done><time reference="../../../../../../project[2]/children/project/children/project[2]/children/project[12]/children/action/time"/><energy reference="../../../../../../project/children/project[3]/children/project[6]/children/action[11]/energy"/><priority reference="../../../../../../project/children/project[2]/children/project[2]/children/project/children/action/priority"/><success></success><modified>2019-04-14 14:35:39.120 CST</modified></action><action><id>16677</id><created>2019-04-14 14:35:43.601 CST</created><parent reference="../../.."/><description>娱乐休闲周巡检</description><topic reference="../../../../../../../../../../../../../../../topics/items/topic[8]"/><context reference="../../../../../../../../../../../../../../../contexts/items/context[9]"/><state class="actionStateScheduled"><date>2019-04-21 15:30:00.0 CST</date><durationHours>0</durationHours><durationMinutes>20</durationMinutes><recurrence><id>8046</id><project reference="../../../../.."/><description>娱乐休闲周巡检</description><topic reference="../../../../../../../../../../../../../../../../../topics/items/topic[8]"/><context reference="../../../../../../../../../../../../../../../../../contexts/items/context[9]"/><time reference="../../../../../../../../project[3]/children/project[2]/children/action/time"/><energy reference="../../../../../../../../project/children/project[3]/children/project[6]/children/action[11]/energy"/><priority reference="../../../../../../../../project/children/project[2]/children/project[2]/children/project/children/action/priority"/><scheduleHours>15</scheduleHours><scheduleMins>30</scheduleMins><durationHours>0</durationHours><durationMins>20</durationMins><basisID>2</basisID><startDate>2019-03-17 00:00:00.0 CST</startDate><periodID>0</periodID><frequency>1</frequency><advanceNbr>4</advanceNbr><genNbr>3</genNbr><genToDate reference="../../date"/><success></success><notes></notes><period class="tr.model.action.PeriodWeek"><selectedDays class="vector"><int>1</int></selectedDays></period></recurrence><created>2019-04-14 14:35:43.601 CST</created></state><notes></notes><done>false</done><time reference="../../../../../../project[3]/children/project[2]/children/action/time"/><energy reference="../../../../../../project/children/project[3]/children/project[6]/children/action[11]/energy"/><priority reference="../../../../../../project/children/project[2]/children/project[2]/children/project/children/action/priority"/><success></success><modified>2019-04-14 14:35:43.601 CST</modified></action><action><id>16679</id><created>2019-04-14 14:52:59.266 CST</created><parent reference="../../.."/><description>巡检工作周定期巡视</description><topic reference="../../../../../../../../../../../../../../../topics/items/topic[11]"/><context reference="../../../../../../../../../../../../../../../contexts/items/context[9]"/><state class="actionStateScheduled"><date>2019-04-21 15:10:00.0 CST</date><durationHours>0</durationHours><durationMinutes>0</durationMinutes><recurrence><id>16573</id><project reference="../../../../.."/><description>巡检工作周定期巡视</description><topic reference="../../../../../../../../../../../../../../../../../topics/items/topic[11]"/><context reference="../../../../../../../../../../../../../../../../../contexts/items/context[9]"/><energy reference="../../../../../../../../project/children/project[3]/children/project[6]/children/action[11]/energy"/><priority reference="../../../../../../../../project/children/project[2]/children/project[2]/children/project/children/action/priority"/><scheduleHours>15</scheduleHours><scheduleMins>10</scheduleMins><durationHours>0</durationHours><durationMins>0</durationMins><basisID>2</basisID><startDate>2019-04-07 00:00:00.0 CST</startDate><periodID>0</periodID><frequency>1</frequency><advanceNbr>4</advanceNbr><genNbr>2</genNbr><genToDate reference="../../date"/><success></success><notes></notes><period class="tr.model.action.PeriodWeek"><selectedDays class="vector"><int>1</int></selectedDays></period></recurrence><created>2019-04-14 14:52:59.266 CST</created></state><notes></notes><done>false</done><energy reference="../../../../../../project/children/project[3]/children/project[6]/children/action[11]/energy"/><priority reference="../../../../../../project/children/project[2]/children/project[2]/children/project/children/action/priority"/><success></success><modified>2019-04-14 14:52:59.266 CST</modified></action><action><id>16680</id><created>2019-04-14 15:10:39.780 CST</created><parent reference="../../.."/><description>工作目标周定期巡视</description><topic reference="../../../../../../../../../../../../../../../topics/items/topic[2]"/><context reference="../../../../../../../../../../../../../../../contexts/items/context[9]"/><state class="actionStateScheduled"><date>2019-04-14 16:00:00.0 CST</date><durationHours>0</durationHours><durationMinutes>30</durationMinutes><created>2019-04-14 15:11:33.521 CST</created></state><notes>星期日 14 四月 2019 15:14:05 经验总结部分有点粗，还是要具体的谈到是什么事，该怎么做，有什么教训和思路，这里既要有总结，也要有细节</notes><done>true</done><doneDate>2019-04-14 00:00:00.0 CST</doneDate><priority reference="../../../../../../project/children/project[2]/children/project[2]/children/project/children/action/priority"/><modified>2019-04-14 15:15:00.49 CST</modified></action><action><id>16682</id><created>2019-04-14 15:15:00.30 CST</created><parent reference="../../.."/><description>工作目标周定期巡视</description><topic reference="../../../../../../../../../../../../../../../topics/items/topic[2]"/><context reference="../../../../../../../../../../../../../../../contexts/items/context[9]"/><state class="actionStateScheduled"><date>2019-04-21 16:00:00.0 CST</date><durationHours>0</durationHours><durationMinutes>30</durationMinutes><recurrence><id>16681</id><project reference="../../../../.."/><description>工作目标周定期巡视</description><topic reference="../../../../../../../../../../../../../../../../../topics/items/topic[2]"/><context reference="../../../../../../../../../../../../../../../../../contexts/items/context[9]"/><time reference="../../../../../../../../project[2]/children/project/children/project[2]/children/project[12]/children/action/time"/><energy reference="../../../../../../../../project/children/project[2]/children/project[3]/children/project/children/action[3]/energy"/><priority reference="../../../../../../../../project/children/project[2]/children/project[2]/children/project/children/action/priority"/><scheduleHours>16</scheduleHours><scheduleMins>0</scheduleMins><durationHours>0</durationHours><durationMins>30</durationMins><basisID>2</basisID><startDate>2019-04-14 00:00:00.0 CST</startDate><periodID>0</periodID><frequency>1</frequency><advanceNbr>4</advanceNbr><genNbr>1</genNbr><genToDate reference="../../date"/><success></success><notes></notes><period class="tr.model.action.PeriodWeek"><selectedDays class="vector"><int>1</int></selectedDays></period></recurrence><created>2019-04-14 15:15:00.30 CST</created></state><notes></notes><done>false</done><time reference="../../../../../../project[2]/children/project/children/project[2]/children/project[12]/children/action/time"/><energy reference="../../../../../../project/children/project[2]/children/project[3]/children/project/children/action[3]/energy"/><priority reference="../../../../../../project/children/project[2]/children/project[2]/children/project/children/action/priority"/><success></success><modified>2019-04-14 15:15:00.30 CST</modified></action><action><id>16683</id><created>2019-04-14 15:15:59.411 CST</created><parent reference="../../.."/><description>每周新菜巡检@个人健康</description><topic reference="../../../../../../../../../../../../../../../topics/items/topic[4]"/><context reference="../../../../../../../../../../../../../../../contexts/items/context[9]"/><state class="actionStateScheduled"><date>2019-04-21 20:00:00.0 CST</date><durationHours>0</durationHours><durationMinutes>10</durationMinutes><recurrence><id>8020</id><project reference="../../../../.."/><description>每周新菜巡检@个人健康</description><topic reference="../../../../../../../../../../../../../../../../../topics/items/topic[4]"/><context reference="../../../../../../../../../../../../../../../../../contexts/items/context[9]"/><time reference="../../../../action[4]/time"/><energy reference="../../../../../../../../project/children/project[3]/children/project/children/action[6]/energy"/><priority reference="../../../../../../../../project/children/project[2]/children/project[2]/children/project/children/action/priority"/><scheduleHours>20</scheduleHours><scheduleMins>0</scheduleMins><durationHours>0</durationHours><durationMins>10</durationMins><basisID>2</basisID><startDate>2019-03-17 00:00:00.0 CST</startDate><periodID>0</periodID><frequency>1</frequency><advanceNbr>4</advanceNbr><genNbr>2</genNbr><genToDate reference="../../date"/><success></success><notes></notes><period class="tr.model.action.PeriodWeek"><selectedDays class="vector"><int>1</int></selectedDays></period></recurrence><created>2019-04-14 15:15:59.411 CST</created></state><notes></notes><done>false</done><time reference="../../action[4]/time"/><energy reference="../../../../../../project/children/project[3]/children/project/children/action[6]/energy"/><priority reference="../../../../../../project/children/project[2]/children/project[2]/children/project/children/action/priority"/><success></success><modified>2019-04-14 15:15:59.411 CST</modified></action></children><topic reference="../../../../../../../../../../../../../topics/items/topic[11]"/><description>周巡检</description><purpose></purpose><success></success><brainstorming></brainstorming><organising></organising><done>false</done><sequence>false</sequence><sequencing reference="../../../../project/children/project/children/project/children/project/sequencing"/><notes></notes><priority reference="../../../../project/children/project[2]/children/project[2]/children/project/children/action/priority"/><modified>2019-04-14 15:15:59.411 CST</modified></project><project><id>6849</id><created>2019-03-16 10:59:13.416 CST</created><parent reference="../../.."/><children><action><id>8014</id><created>2019-03-16 11:27:57.764 CST</created><parent reference="../../.."/><description>每日健身八段锦打卡@个人健康</description><topic reference="../../../../../../../../../../../../../../../topics/items/topic[4]"/><context reference="../../../../../../../../../../../../../../../contexts/items/context[9]"/><state class="actionStateScheduled"><date>2019-03-29 08:00:00.0 CST</date><durationHours>0</durationHours><durationMinutes>30</durationMinutes><created>2019-03-16 11:28:53.228 CST</created></state><notes>星期五 29 三月 2019 9:07:46早上骑了自行车， 8：00才起的床，时间不够， Failed！</notes><done>true</done><doneDate>2019-03-29 00:00:00.0 CST</doneDate><time><id>101</id><name>5 min</name></time><energy reference="../../../../../../project/children/project[3]/children/project[6]/children/action[11]/energy"/><priority reference="../../../../../../project/children/project[2]/children/project[2]/children/project/children/action/priority"/><success></success><modified>2019-03-29 09:08:32.783 CST</modified></action><action><id>8017</id><created>2019-03-16 11:30:12.661 CST</created><parent reference="../../.."/><description>晚上12点以前上床睡觉@个人健康</description><topic reference="../../../../../../../../../../../../../../../topics/items/topic[4]"/><context reference="../../../../../../../../../../../../../../../contexts/items/context[9]"/><state class="actionStateScheduled"><date>2019-03-28 23:39:00.0 CST</date><durationHours>0</durationHours><durationMinutes>1</durationMinutes><created>2019-03-16 11:30:44.463 CST</created></state><notes>星期五 29 三月 2019 0:03:38 faile 了，在做计划表，没有阅读今天   FAILE</notes><done>true</done><doneDate>2019-03-29 00:00:00.0 CST</doneDate><time reference="../../action/time"/><energy reference="../../../../../../project/children/project[3]/children/project/children/action[6]/energy"/><priority reference="../../../../../../project/children/project[2]/children/project[2]/children/project/children/action/priority"/><modified>2019-03-29 00:04:08.797 CST</modified></action><action><id>8022</id><created>2019-03-16 11:35:01.463 CST</created><parent reference="../../.."/><description>每天睡前半个钟头到一个钟头是阅读时间巡检@个人健康</description><topic reference="../../../../../../../../../../../../../../../topics/items/topic[4]"/><context reference="../../../../../../../../../../../../../../../contexts/items/context[9]"/><state class="actionStateScheduled"><date>2019-03-28 23:00:00.0 CST</date><durationHours>0</durationHours><durationMinutes>30</durationMinutes><created>2019-03-16 11:35:38.94 CST</created></state><notes>星期五 29 三月 2019 0:04:19 FAILE</notes><done>true</done><doneDate>2019-03-29 00:00:00.0 CST</doneDate><time reference="../../action/time"/><energy reference="../../../../../../project/children/project[3]/children/project[6]/children/action[11]/energy"/><priority reference="../../../../../../project/children/project[2]/children/project[2]/children/project/children/action/priority"/><modified>2019-03-29 00:04:25.17 CST</modified></action><action><id>8024</id><created>2019-03-16 11:43:47.784 CST</created><parent reference="../../.."/><description>A股投资理财天巡检</description><topic reference="../../../../../../../../../../../../../../../topics/items/topic[5]"/><context reference="../../../../../../../../../../../../../../../contexts/items/context[9]"/><state class="actionStateScheduled"><date>2019-03-18 20:00:00.0 CST</date><durationHours>0</durationHours><durationMinutes>20</durationMinutes><created>2019-03-16 11:44:15.910 CST</created></state><notes>星期四 28 三月 2019 23:58:19 又是踏空的节奏，这3个月的涨幅全部吐出去了，而且还会更糟糕，再能容忍1000的降幅，超过坚决的减仓</notes><done>true</done><doneDate>2019-03-28 00:00:00.0 CST</doneDate><time reference="../../../../../../project[3]/children/project[2]/children/action/time"/><energy reference="../../../../../../project/children/project[2]/children/project[3]/children/project/children/action[3]/energy"/><priority reference="../../../../../../project/children/project[2]/children/project[2]/children/project/children/action/priority"/><success></success><modified>2019-03-28 23:59:42.621 CST</modified></action><action><id>8026</id><created>2019-03-16 11:44:46.135 CST</created><parent reference="../../.."/><description>美股投资理财天巡检</description><topic reference="../../../../../../../../../../../../../../../topics/items/topic[5]"/><context reference="../../../../../../../../../../../../../../../contexts/items/context[9]"/><state class="actionStateScheduled"><date>2019-03-28 20:20:00.0 CST</date><durationHours>0</durationHours><durationMinutes>20</durationMinutes><created>2019-03-16 11:45:08.406 CST</created></state><notes>星期五 29 三月 2019 0:02:51 亏了200多，但是比A股要好，适当做T，等反弹</notes><done>true</done><doneDate>2019-03-29 00:00:00.0 CST</doneDate><time reference="../../../../../../project[3]/children/project[2]/children/action/time"/><energy reference="../../../../../../project/children/project[2]/children/project[3]/children/project/children/action[3]/energy"/><priority reference="../../../../../../project/children/project[2]/children/project[2]/children/project/children/action/priority"/><modified>2019-03-29 00:03:29.960 CST</modified></action><action><id>8031</id><created>2019-03-16 11:52:04.173 CST</created><parent reference="../../.."/><description>明日计划check&amp;write out</description><topic reference="../../../../../../../../../../../../../../../topics/items/topic[11]"/><context reference="../../../../../../../../../../../../../../../contexts/items/context[9]"/><state class="actionStateScheduled"><date>2019-03-28 22:00:00.0 CST</date><durationHours>0</durationHours><durationMinutes>10</durationMinutes><created>2019-03-16 11:52:28.50 CST</created></state><notes>星期五 29 三月 2019 0:04:32 还是一团乱麻，没能够列出来全部的明日计划 FAILE</notes><done>true</done><doneDate>2019-03-29 00:00:00.0 CST</doneDate><time reference="../../../../project[4]/children/action[4]/time"/><energy reference="../../../../../../project/children/project[3]/children/project[6]/children/action[11]/energy"/><priority reference="../../../../../../project/children/project[2]/children/project[2]/children/project/children/action/priority"/><success></success><modified>2019-03-29 00:05:04.438 CST</modified></action><action><id>16374</id><created>2019-03-28 23:59:42.604 CST</created><parent reference="../../.."/><description>A股投资理财天巡检</description><topic reference="../../../../../../../../../../../../../../../topics/items/topic[5]"/><context reference="../../../../../../../../../../../../../../../contexts/items/context[9]"/><state class="actionStateScheduled"><date>2019-03-29 20:00:00.0 CST</date><durationHours>0</durationHours><durationMinutes>20</durationMinutes><created>2019-03-28 23:59:42.604 CST</created></state><notes>星期五 29 三月 2019 17:01:32 昨天没有斩仓是ok的，今天稍微的恢复回来了，但是下周得看看情况，要开始清仓了，中国国航又错过了最近的波段上涨</notes><done>true</done><doneDate>2019-03-29 00:00:00.0 CST</doneDate><time reference="../../../../../../project[3]/children/project[2]/children/action/time"/><energy reference="../../../../../../project/children/project[2]/children/project[3]/children/project/children/action[3]/energy"/><priority reference="../../../../../../project/children/project[2]/children/project[2]/children/project/children/action/priority"/><success></success><modified>2019-03-29 17:03:11.338 CST</modified></action><action><id>16375</id><created>2019-03-29 00:03:29.949 CST</created><parent reference="../../.."/><description>美股投资理财天巡检</description><topic reference="../../../../../../../../../../../../../../../topics/items/topic[5]"/><context reference="../../../../../../../../../../../../../../../contexts/items/context[9]"/><state class="actionStateScheduled"><date>2019-03-29 20:20:00.0 CST</date><durationHours>0</durationHours><durationMinutes>20</durationMinutes><created>2019-03-29 00:03:29.949 CST</created></state><notes>星期一 1 四月 2019 15:05:42 低于7000了，失败</notes><done>true</done><doneDate>2019-04-01 00:00:00.0 CST</doneDate><time reference="../../../../../../project[3]/children/project[2]/children/action/time"/><energy reference="../../../../../../project/children/project[2]/children/project[3]/children/project/children/action[3]/energy"/><priority reference="../../../../../../project/children/project[2]/children/project[2]/children/project/children/action/priority"/><success></success><modified>2019-04-01 15:05:52.302 CST</modified></action><action><id>16376</id><created>2019-03-29 00:04:08.768 CST</created><parent reference="../../.."/><description>晚上12点以前上床睡觉@个人健康</description><topic reference="../../../../../../../../../../../../../../../topics/items/topic[4]"/><context reference="../../../../../../../../../../../../../../../contexts/items/context[9]"/><state class="actionStateScheduled"><date>2019-03-29 23:39:00.0 CST</date><durationHours>0</durationHours><durationMinutes>1</durationMinutes><created>2019-03-29 00:04:08.768 CST</created></state><notes>星期一 1 四月 2019 15:04:53 工作不顺林，烦Fail </notes><done>true</done><doneDate>2019-04-01 00:00:00.0 CST</doneDate><time reference="../../action/time"/><energy reference="../../../../../../project/children/project[3]/children/project/children/action[6]/energy"/><priority reference="../../../../../../project/children/project[2]/children/project[2]/children/project/children/action/priority"/><success></success><modified>2019-04-01 15:05:20.488 CST</modified></action><action><id>16377</id><created>2019-03-29 00:04:24.997 CST</created><parent reference="../../.."/><description>每天睡前半个钟头到一个钟头是阅读时间@个人健康</description><topic reference="../../../../../../../../../../../../../../../topics/items/topic[4]"/><context reference="../../../../../../../../../../../../../../../contexts/items/context[9]"/><state class="actionStateScheduled"><date>2019-03-29 23:05:00.0 CST</date><durationHours>0</durationHours><durationMinutes>30</durationMinutes><created>2019-03-29 00:04:24.997 CST</created></state><notes>星期一 1 四月 2019 15:07:33 工作不顺利，没有读 Fail！</notes><done>true</done><doneDate>2019-04-01 00:00:00.0 CST</doneDate><time reference="../../action/time"/><energy reference="../../../../../../project/children/project[3]/children/project[6]/children/action[11]/energy"/><priority reference="../../../../../../project/children/project[2]/children/project[2]/children/project/children/action/priority"/><success></success><modified>2019-04-01 15:07:51.429 CST</modified></action><action><id>16378</id><created>2019-03-29 00:05:04.431 CST</created><parent reference="../../.."/><description>明日计划write down</description><topic reference="../../../../../../../../../../../../../../../topics/items/topic[11]"/><context reference="../../../../../../../../../../../../../../../contexts/items/context[9]"/><state class="actionStateScheduled"><date>2019-03-29 22:00:00.0 CST</date><durationHours>0</durationHours><durationMinutes>10</durationMinutes><created>2019-03-29 00:05:04.431 CST</created></state><notes>星期一 1 四月 2019 15:07:15 没有计划，fail</notes><done>true</done><doneDate>2019-04-01 00:00:00.0 CST</doneDate><time reference="../../../../project[4]/children/action[4]/time"/><energy reference="../../../../../../project/children/project[3]/children/project[6]/children/action[11]/energy"/><priority reference="../../../../../../project/children/project[2]/children/project[2]/children/project/children/action/priority"/><success></success><modified>2019-04-01 15:07:26.259 CST</modified></action><action><id>16379</id><created>2019-03-29 09:08:32.783 CST</created><parent reference="../../.."/><description>每日健身八段锦打卡@个人健康</description><topic reference="../../../../../../../../../../../../../../../topics/items/topic[4]"/><context reference="../../../../../../../../../../../../../../../contexts/items/context[9]"/><state class="actionStateScheduled"><date>2019-03-30 08:00:00.0 CST</date><durationHours>0</durationHours><durationMinutes>30</durationMinutes><created>2019-03-29 09:08:32.783 CST</created></state><notes>星期一 1 四月 2019 15:08:26 FAIL</notes><done>true</done><doneDate>2019-04-01 00:00:00.0 CST</doneDate><time reference="../../action/time"/><energy reference="../../../../../../project/children/project[3]/children/project[6]/children/action[11]/energy"/><priority reference="../../../../../../project/children/project[2]/children/project[2]/children/project/children/action/priority"/><success></success><modified>2019-04-01 15:08:35.16 CST</modified></action><action><id>16383</id><created>2019-03-29 17:03:11.338 CST</created><parent reference="../../.."/><description>A股投资理财天巡检</description><topic reference="../../../../../../../../../../../../../../../topics/items/topic[5]"/><context reference="../../../../../../../../../../../../../../../contexts/items/context[9]"/><state class="actionStateScheduled"><date>2019-04-01 20:00:00.0 CST</date><durationHours>0</durationHours><durationMinutes>20</durationMinutes><created>2019-03-29 17:03:11.338 CST</created></state><notes>星期一 1 四月 2019 20:50:30 上周回调后的坚持有了反馈，后续继续减仓，等待下一次回调 等</notes><done>true</done><doneDate>2019-04-01 00:00:00.0 CST</doneDate><time reference="../../../../../../project[3]/children/project[2]/children/action/time"/><energy reference="../../../../../../project/children/project[2]/children/project[3]/children/project/children/action[3]/energy"/><priority reference="../../../../../../project/children/project[2]/children/project[2]/children/project/children/action/priority"/><success></success><modified>2019-04-01 20:51:49.664 CST</modified></action><action><id>16384</id><created>2019-04-01 15:05:20.484 CST</created><parent reference="../../.."/><description>晚上12点以前上床睡觉@个人健康</description><topic reference="../../../../../../../../../../../../../../../topics/items/topic[4]"/><context reference="../../../../../../../../../../../../../../../contexts/items/context[9]"/><state class="actionStateScheduled"><date>2019-04-01 23:39:00.0 CST</date><durationHours>0</durationHours><durationMinutes>1</durationMinutes><created>2019-04-01 15:05:20.484 CST</created></state><notes></notes><done>true</done><doneDate>2019-04-02 00:00:00.0 CST</doneDate><time reference="../../action/time"/><energy reference="../../../../../../project/children/project[3]/children/project/children/action[6]/energy"/><priority reference="../../../../../../project/children/project[2]/children/project[2]/children/project/children/action/priority"/><success></success><modified>2019-04-02 09:04:28.241 CST</modified></action><action><id>16385</id><created>2019-04-01 15:05:52.299 CST</created><parent reference="../../.."/><description>美股投资理财天巡检</description><topic reference="../../../../../../../../../../../../../../../topics/items/topic[5]"/><context reference="../../../../../../../../../../../../../../../contexts/items/context[9]"/><state class="actionStateScheduled"><date>2019-04-02 20:20:00.0 CST</date><durationHours>0</durationHours><durationMinutes>20</durationMinutes><created>2019-04-01 15:05:52.299 CST</created></state><notes>星期二 2 四月 2019 21:24:26 有机会就继续做T</notes><done>true</done><doneDate>2019-04-02 00:00:00.0 CST</doneDate><time reference="../../../../../../project[3]/children/project[2]/children/action/time"/><energy reference="../../../../../../project/children/project[2]/children/project[3]/children/project/children/action[3]/energy"/><priority reference="../../../../../../project/children/project[2]/children/project[2]/children/project/children/action/priority"/><success></success><modified>2019-04-02 21:24:42.484 CST</modified></action><action><id>16386</id><created>2019-04-01 15:07:26.257 CST</created><parent reference="../../.."/><description>明日计划write down</description><topic reference="../../../../../../../../../../../../../../../topics/items/topic[11]"/><context reference="../../../../../../../../../../../../../../../contexts/items/context[9]"/><state class="actionStateScheduled"><date>2019-04-01 22:20:00.0 CST</date><durationHours>0</durationHours><durationMinutes>10</durationMinutes><created>2019-04-01 15:07:26.257 CST</created></state><notes></notes><done>true</done><doneDate>2019-04-01 00:00:00.0 CST</doneDate><time reference="../../../../project[4]/children/action[4]/time"/><energy reference="../../../../../../project/children/project[3]/children/project[6]/children/action[11]/energy"/><priority reference="../../../../../../project/children/project[2]/children/project[2]/children/project/children/action/priority"/><success></success><modified>2019-04-01 22:46:24.821 CST</modified></action><action><id>16387</id><created>2019-04-01 15:07:51.427 CST</created><parent reference="../../.."/><description>每天睡前半个钟头到一个钟头是阅读时间@个人健康</description><topic reference="../../../../../../../../../../../../../../../topics/items/topic[4]"/><context reference="../../../../../../../../../../../../../../../contexts/items/context[9]"/><state class="actionStateScheduled"><date>2019-04-01 23:00:00.0 CST</date><durationHours>0</durationHours><durationMinutes>30</durationMinutes><created>2019-04-01 15:07:51.427 CST</created></state><notes>星期二 2 四月 2019 9:06:12 FAIL  还是没进行，需要注意了，今天晚上有意思的提醒自己，要读起来</notes><done>true</done><doneDate>2019-04-02 00:00:00.0 CST</doneDate><time reference="../../action/time"/><energy reference="../../../../../../project/children/project[3]/children/project[6]/children/action[11]/energy"/><priority reference="../../../../../../project/children/project[2]/children/project[2]/children/project/children/action/priority"/><success></success><modified>2019-04-02 09:06:54.311 CST</modified></action><action><id>16388</id><created>2019-04-01 15:08:35.14 CST</created><parent reference="../../.."/><description>每日健身八段锦打卡@个人健康</description><topic reference="../../../../../../../../../../../../../../../topics/items/topic[4]"/><context reference="../../../../../../../../../../../../../../../contexts/items/context[9]"/><state class="actionStateScheduled"><date>2019-04-02 08:00:00.0 CST</date><durationHours>0</durationHours><durationMinutes>30</durationMinutes><created>2019-04-01 15:08:35.14 CST</created></state><notes>星期二 2 四月 2019 9:05:22 今天终于开始早锻炼了，虽然八段锦才打了一个部分，但是有锻炼， 继续坚持 success！</notes><done>true</done><doneDate>2019-04-02 00:00:00.0 CST</doneDate><time reference="../../action/time"/><energy reference="../../../../../../project/children/project[3]/children/project[6]/children/action[11]/energy"/><priority reference="../../../../../../project/children/project[2]/children/project[2]/children/project/children/action/priority"/><success></success><modified>2019-04-02 09:06:07.817 CST</modified></action><action><id>16389</id><created>2019-04-01 20:51:49.662 CST</created><parent reference="../../.."/><description>A股投资理财天巡检</description><topic reference="../../../../../../../../../../../../../../../topics/items/topic[5]"/><context reference="../../../../../../../../../../../../../../../contexts/items/context[9]"/><state class="actionStateScheduled"><date>2019-04-02 20:10:00.0 CST</date><durationHours>0</durationHours><durationMinutes>20</durationMinutes><created>2019-04-01 20:51:49.662 CST</created></state><notes>星期二 2 四月 2019 21:23:34 继续减仓，这周应该等，下周估计也要等，应该要下调，等</notes><done>true</done><doneDate>2019-04-02 00:00:00.0 CST</doneDate><time reference="../../../../../../project[3]/children/project[2]/children/action/time"/><energy reference="../../../../../../project/children/project[2]/children/project[3]/children/project/children/action[3]/energy"/><priority reference="../../../../../../project/children/project[2]/children/project[2]/children/project/children/action/priority"/><success></success><modified>2019-04-02 21:24:14.564 CST</modified></action><action><id>16393</id><created>2019-04-01 22:46:24.801 CST</created><parent reference="../../.."/><description>明日计划write down</description><topic reference="../../../../../../../../../../../../../../../topics/items/topic[11]"/><context reference="../../../../../../../../../../../../../../../contexts/items/context[9]"/><state class="actionStateScheduled"><date>2019-04-02 22:00:00.0 CST</date><durationHours>0</durationHours><durationMinutes>10</durationMinutes><created>2019-04-01 22:46:24.801 CST</created></state><notes></notes><done>true</done><doneDate>2019-04-02 00:00:00.0 CST</doneDate><time reference="../../../../project[4]/children/action[4]/time"/><energy reference="../../../../../../project/children/project[3]/children/project[6]/children/action[11]/energy"/><priority reference="../../../../../../project/children/project[2]/children/project[2]/children/project/children/action/priority"/><success></success><modified>2019-04-02 23:04:44.167 CST</modified></action><action><id>16403</id><created>2019-04-02 09:04:28.232 CST</created><parent reference="../../.."/><description>晚上12点以前上床睡觉@个人健康</description><topic reference="../../../../../../../../../../../../../../../topics/items/topic[4]"/><context reference="../../../../../../../../../../../../../../../contexts/items/context[9]"/><state class="actionStateScheduled"><date>2019-04-02 23:39:00.0 CST</date><durationHours>0</durationHours><durationMinutes>1</durationMinutes><created>2019-04-02 09:04:28.232 CST</created></state><notes>星期三 3 四月 2019 13:14:10 OK的，12：10, 下次也争取早点12：00</notes><done>true</done><doneDate>2019-04-03 00:00:00.0 CST</doneDate><time reference="../../action/time"/><energy reference="../../../../../../project/children/project[3]/children/project/children/action[6]/energy"/><priority reference="../../../../../../project/children/project[2]/children/project[2]/children/project/children/action/priority"/><success></success><modified>2019-04-03 13:14:37.553 CST</modified></action><action><id>16404</id><created>2019-04-02 09:06:07.811 CST</created><parent reference="../../.."/><description>每日健身八段锦打卡@个人健康</description><topic reference="../../../../../../../../../../../../../../../topics/items/topic[4]"/><context reference="../../../../../../../../../../../../../../../contexts/items/context[9]"/><state class="actionStateScheduled"><date>2019-04-03 08:00:00.0 CST</date><durationHours>0</durationHours><durationMinutes>30</durationMinutes><created>2019-04-02 09:06:07.811 CST</created></state><notes>星期三 3 四月 2019 13:15:19 今天又没有进行，起晚了， 6：00 醒过来， 7：30闹钟， 8：00才起来 Failed</notes><done>true</done><doneDate>2019-04-03 00:00:00.0 CST</doneDate><time reference="../../action/time"/><energy reference="../../../../../../project/children/project[3]/children/project[6]/children/action[11]/energy"/><priority reference="../../../../../../project/children/project[2]/children/project[2]/children/project/children/action/priority"/><success></success><modified>2019-04-03 13:16:00.677 CST</modified></action><action><id>16405</id><created>2019-04-02 09:06:54.303 CST</created><parent reference="../../.."/><description>每天睡前半个钟头到一个钟头是阅读时间@个人健康</description><topic reference="../../../../../../../../../../../../../../../topics/items/topic[4]"/><context reference="../../../../../../../../../../../../../../../contexts/items/context[9]"/><state class="actionStateScheduled"><date>2019-04-02 23:00:00.0 CST</date><durationHours>0</durationHours><durationMinutes>30</durationMinutes><created>2019-04-02 09:06:54.303 CST</created></state><notes></notes><done>true</done><doneDate>2019-04-03 00:00:00.0 CST</doneDate><time reference="../../action/time"/><energy reference="../../../../../../project/children/project[3]/children/project[6]/children/action[11]/energy"/><priority reference="../../../../../../project/children/project[2]/children/project[2]/children/project/children/action/priority"/><success></success><modified>2019-04-03 13:13:48.722 CST</modified></action><action><id>16440</id><created>2019-04-02 21:24:14.539 CST</created><parent reference="../../.."/><description>A股投资理财天巡检</description><topic reference="../../../../../../../../../../../../../../../topics/items/topic[5]"/><context reference="../../../../../../../../../../../../../../../contexts/items/context[9]"/><state class="actionStateScheduled"><date>2019-04-03 20:00:00.0 CST</date><durationHours>0</durationHours><durationMinutes>20</durationMinutes><created>2019-04-02 21:24:14.540 CST</created></state><notes>星期三 3 四月 2019 20:09:56 卖得有点早了，但是接下来还是要稳住，不要再追高了，最好也是小份跟进，不做大投入，感觉这波上涨也到头了，该收收</notes><done>true</done><doneDate>2019-04-03 00:00:00.0 CST</doneDate><time reference="../../../../../../project[3]/children/project[2]/children/action/time"/><energy reference="../../../../../../project/children/project[2]/children/project[3]/children/project/children/action[3]/energy"/><priority reference="../../../../../../project/children/project[2]/children/project[2]/children/project/children/action/priority"/><success></success><modified>2019-04-03 20:23:32.588 CST</modified></action><action><id>16441</id><created>2019-04-02 21:24:42.456 CST</created><parent reference="../../.."/><description>美股投资理财天巡检</description><topic reference="../../../../../../../../../../../../../../../topics/items/topic[5]"/><context reference="../../../../../../../../../../../../../../../contexts/items/context[9]"/><state class="actionStateScheduled"><date>2019-04-03 20:20:00.0 CST</date><durationHours>0</durationHours><durationMinutes>20</durationMinutes><created>2019-04-02 21:24:42.456 CST</created></state><notes>星期三 3 四月 2019 20:23:37  争取22：00 上去捡低做T</notes><done>true</done><doneDate>2019-04-03 00:00:00.0 CST</doneDate><time reference="../../../../../../project[3]/children/project[2]/children/action/time"/><energy reference="../../../../../../project/children/project[2]/children/project[3]/children/project/children/action[3]/energy"/><priority reference="../../../../../../project/children/project[2]/children/project[2]/children/project/children/action/priority"/><success></success><modified>2019-04-03 20:24:20.158 CST</modified></action><action><id>16451</id><created>2019-04-02 22:48:01.153 CST</created><parent reference="../../.."/><description>明日计划write down</description><topic reference="../../../../../../../../../../../../../../../topics/items/topic[11]"/><context reference="../../../../../../../../../../../../../../../contexts/items/context[9]"/><state class="actionStateScheduled"><date>2019-04-03 22:00:00.0 CST</date><durationHours>0</durationHours><durationMinutes>10</durationMinutes><created>2019-04-02 22:48:01.153 CST</created></state><notes></notes><done>true</done><doneDate>2019-04-03 00:00:00.0 CST</doneDate><time reference="../../../../project[4]/children/action[4]/time"/><energy reference="../../../../../../project/children/project[3]/children/project[6]/children/action[11]/energy"/><priority reference="../../../../../../project/children/project[2]/children/project[2]/children/project/children/action/priority"/><success></success><modified>2019-04-03 21:16:57.232 CST</modified></action><action><id>16456</id><created>2019-04-03 13:13:48.716 CST</created><parent reference="../../.."/><description>每天睡前半个钟头到一个钟头是阅读时间@个人健康</description><topic reference="../../../../../../../../../../../../../../../topics/items/topic[4]"/><context reference="../../../../../../../../../../../../../../../contexts/items/context[9]"/><state class="actionStateScheduled"><date>2019-04-03 23:00:00.0 CST</date><durationHours>0</durationHours><durationMinutes>30</durationMinutes><created>2019-04-03 13:13:48.716 CST</created></state><notes></notes><done>true</done><doneDate>2019-04-03 00:00:00.0 CST</doneDate><time reference="../../action/time"/><energy reference="../../../../../../project/children/project[3]/children/project[6]/children/action[11]/energy"/><priority reference="../../../../../../project/children/project[2]/children/project[2]/children/project/children/action/priority"/><success></success><modified>2019-04-03 23:11:07.876 CST</modified></action><action><id>16457</id><created>2019-04-03 13:14:37.522 CST</created><parent reference="../../.."/><description>晚上12点以前上床睡觉@个人健康</description><topic reference="../../../../../../../../../../../../../../../topics/items/topic[4]"/><context reference="../../../../../../../../../../../../../../../contexts/items/context[9]"/><state class="actionStateScheduled"><date>2019-04-03 23:39:00.0 CST</date><durationHours>0</durationHours><durationMinutes>1</durationMinutes><created>2019-04-03 13:14:37.522 CST</created></state><notes>星期四 4 四月 2019 9:52:18 看书超时，但是是因为看书的时间启动晚了 Failed！</notes><done>true</done><doneDate>2019-04-04 00:00:00.0 CST</doneDate><time reference="../../action/time"/><energy reference="../../../../../../project/children/project[3]/children/project/children/action[6]/energy"/><priority reference="../../../../../../project/children/project[2]/children/project[2]/children/project/children/action/priority"/><success></success><modified>2019-04-04 09:52:44.810 CST</modified></action><action><id>16458</id><created>2019-04-03 13:16:00.645 CST</created><parent reference="../../.."/><description>每日健身八段锦打卡@个人健康</description><topic reference="../../../../../../../../../../../../../../../topics/items/topic[4]"/><context reference="../../../../../../../../../../../../../../../contexts/items/context[9]"/><state class="actionStateScheduled"><date>2019-04-04 08:00:00.0 CST</date><durationHours>0</durationHours><durationMinutes>30</durationMinutes><created>2019-04-03 13:16:00.645 CST</created></state><notes>星期四 4 四月 2019 9:52:54 7：30 就醒了，但是赖床，这个要解决，不然后面会很麻烦，具体的分析下原因和解决方案 Failed！</notes><done>true</done><doneDate>2019-04-04 00:00:00.0 CST</doneDate><time reference="../../action/time"/><energy reference="../../../../../../project/children/project[3]/children/project[6]/children/action[11]/energy"/><priority reference="../../../../../../project/children/project[2]/children/project[2]/children/project/children/action/priority"/><success></success><modified>2019-04-04 09:53:42.838 CST</modified></action><action><id>16488</id><created>2019-04-03 20:23:32.585 CST</created><parent reference="../../.."/><description>A股投资理财天巡检</description><topic reference="../../../../../../../../../../../../../../../topics/items/topic[5]"/><context reference="../../../../../../../../../../../../../../../contexts/items/context[9]"/><state class="actionStateScheduled"><date>2019-04-04 20:00:00.0 CST</date><durationHours>0</durationHours><durationMinutes>20</durationMinutes><created>2019-04-03 20:23:32.585 CST</created></state><notes>星期四 4 四月 2019  10:25:06 傻眼了，跑早了...特别是航空类和银行类 ，   。。。。 新闻没关注是一个主要原因，但是要有一个平衡点，不能被新闻牵着走</notes><done>true</done><doneDate>2019-04-04 00:00:00.0 CST</doneDate><time reference="../../../../../../project[3]/children/project[2]/children/action/time"/><energy reference="../../../../../../project/children/project[2]/children/project[3]/children/project/children/action[3]/energy"/><priority reference="../../../../../../project/children/project[2]/children/project[2]/children/project/children/action/priority"/><success></success><modified>2019-04-04 20:50:12.557 CST</modified></action><action><id>16489</id><created>2019-04-03 20:24:20.156 CST</created><parent reference="../../.."/><description>美股投资理财天巡检</description><topic reference="../../../../../../../../../../../../../../../topics/items/topic[5]"/><context reference="../../../../../../../../../../../../../../../contexts/items/context[9]"/><state class="actionStateScheduled"><date>2019-04-04 20:20:00.0 CST</date><durationHours>0</durationHours><durationMinutes>20</durationMinutes><created>2019-04-03 20:24:20.156 CST</created></state><notes>星期四 4 四月 2019 23:54:32 嚓， 买的拼多多一下亏了400，晕倒！</notes><done>true</done><doneDate>2019-04-04 00:00:00.0 CST</doneDate><time reference="../../../../../../project[3]/children/project[2]/children/action/time"/><energy reference="../../../../../../project/children/project[2]/children/project[3]/children/project/children/action[3]/energy"/><priority reference="../../../../../../project/children/project[2]/children/project[2]/children/project/children/action/priority"/><success></success><modified>2019-04-04 23:55:00.757 CST</modified></action><action><id>16494</id><created>2019-04-03 21:16:57.230 CST</created><parent reference="../../.."/><description>明日计划write down</description><topic reference="../../../../../../../../../../../../../../../topics/items/topic[11]"/><context reference="../../../../../../../../../../../../../../../contexts/items/context[9]"/><state class="actionStateScheduled"><date>2019-04-04 22:00:00.0 CST</date><durationHours>0</durationHours><durationMinutes>10</durationMinutes><created>2019-04-03 21:16:57.230 CST</created></state><notes>星期四 4 四月 2019 23:56:38 明天做好平台的调研，以及项目的回顾复盘， 以及职业的年度计划的细化</notes><done>true</done><doneDate>2019-04-04 00:00:00.0 CST</doneDate><time reference="../../../../project[4]/children/action[4]/time"/><energy reference="../../../../../../project/children/project[3]/children/project[6]/children/action[11]/energy"/><priority reference="../../../../../../project/children/project[2]/children/project[2]/children/project/children/action/priority"/><success></success><modified>2019-04-04 23:57:13.323 CST</modified></action><action><id>16495</id><created>2019-04-03 23:11:07.872 CST</created><parent reference="../../.."/><description>每天睡前半个钟头到一个钟头是阅读时间@个人健康</description><topic reference="../../../../../../../../../../../../../../../topics/items/topic[4]"/><context reference="../../../../../../../../../../../../../../../contexts/items/context[9]"/><state class="actionStateScheduled"><date>2019-04-04 23:00:00.0 CST</date><durationHours>0</durationHours><durationMinutes>30</durationMinutes><created>2019-04-03 23:11:07.872 CST</created></state><notes>星期四 4 四月 2019 23:55:56 明天不上班，看纪录片看了3级Failed
</notes><done>true</done><doneDate>2019-04-04 00:00:00.0 CST</doneDate><time reference="../../action/time"/><energy reference="../../../../../../project/children/project[3]/children/project[6]/children/action[11]/energy"/><priority reference="../../../../../../project/children/project[2]/children/project[2]/children/project/children/action/priority"/><success></success><modified>2019-04-04 23:55:59.855 CST</modified></action><action><id>16499</id><created>2019-04-04 09:52:44.807 CST</created><parent reference="../../.."/><description>晚上12点以前上床睡觉@个人健康</description><topic reference="../../../../../../../../../../../../../../../topics/items/topic[4]"/><context reference="../../../../../../../../../../../../../../../contexts/items/context[9]"/><state class="actionStateScheduled"><date>2019-04-04 23:39:00.0 CST</date><durationHours>0</durationHours><durationMinutes>1</durationMinutes><created>2019-04-04 09:52:44.807 CST</created></state><notes>星期四 4 四月 2019 23:55:20 明天不上班，看纪录片看了3级Failed
</notes><done>true</done><doneDate>2019-04-04 00:00:00.0 CST</doneDate><time reference="../../action/time"/><energy reference="../../../../../../project/children/project[3]/children/project/children/action[6]/energy"/><priority reference="../../../../../../project/children/project[2]/children/project[2]/children/project/children/action/priority"/><success></success><modified>2019-04-04 23:57:49.846 CST</modified></action><action><id>16500</id><created>2019-04-04 09:53:42.833 CST</created><parent reference="../../.."/><description>每日健身八段锦打卡@个人健康</description><topic reference="../../../../../../../../../../../../../../../topics/items/topic[4]"/><context reference="../../../../../../../../../../../../../../../contexts/items/context[9]"/><state class="actionStateScheduled"><date>2019-04-05 08:00:00.0 CST</date><durationHours>0</durationHours><durationMinutes>30</durationMinutes><created>2019-04-04 09:53:42.833 CST</created></state><notes>星期日 7 四月 2019 16:54:34 Failed
</notes><done>true</done><doneDate>2019-04-07 00:00:00.0 CST</doneDate><time reference="../../action/time"/><energy reference="../../../../../../project/children/project[3]/children/project[6]/children/action[11]/energy"/><priority reference="../../../../../../project/children/project[2]/children/project[2]/children/project/children/action/priority"/><success></success><modified>2019-04-07 16:54:40.158 CST</modified></action><action><id>16510</id><created>2019-04-04 20:50:12.544 CST</created><parent reference="../../.."/><description>A股投资理财天巡检</description><topic reference="../../../../../../../../../../../../../../../topics/items/topic[5]"/><context reference="../../../../../../../../../../../../../../../contexts/items/context[9]"/><state class="actionStateScheduled"><date>2019-04-05 20:00:00.0 CST</date><durationHours>0</durationHours><durationMinutes>20</durationMinutes><created>2019-04-04 20:50:12.544 CST</created></state><notes>星期日 7 四月 2019 16:53:57 今天没有，修士</notes><done>true</done><doneDate>2019-04-07 00:00:00.0 CST</doneDate><time reference="../../../../../../project[3]/children/project[2]/children/action/time"/><energy reference="../../../../../../project/children/project[2]/children/project[3]/children/project/children/action[3]/energy"/><priority reference="../../../../../../project/children/project[2]/children/project[2]/children/project/children/action/priority"/><success></success><modified>2019-04-07 16:54:09.628 CST</modified></action><action><id>16540</id><created>2019-04-04 23:55:00.746 CST</created><parent reference="../../.."/><description>美股投资理财天巡检</description><topic reference="../../../../../../../../../../../../../../../topics/items/topic[5]"/><context reference="../../../../../../../../../../../../../../../contexts/items/context[9]"/><state class="actionStateScheduled"><date>2019-04-05 20:20:00.0 CST</date><durationHours>0</durationHours><durationMinutes>20</durationMinutes><created>2019-04-04 23:55:00.746 CST</created></state><notes>星期日 7 四月 2019 16:55:12 稳住，找机会做T，争取能够等到反弹的时候</notes><done>true</done><doneDate>2019-04-07 00:00:00.0 CST</doneDate><time reference="../../../../../../project[3]/children/project[2]/children/action/time"/><energy reference="../../../../../../project/children/project[2]/children/project[3]/children/project/children/action[3]/energy"/><priority reference="../../../../../../project/children/project[2]/children/project[2]/children/project/children/action/priority"/><success></success><modified>2019-04-07 16:55:39.266 CST</modified></action><action><id>16541</id><created>2019-04-04 23:55:59.845 CST</created><parent reference="../../.."/><description>每天睡前半个钟头到一个钟头是阅读时间@个人健康</description><topic reference="../../../../../../../../../../../../../../../topics/items/topic[4]"/><context reference="../../../../../../../../../../../../../../../contexts/items/context[9]"/><state class="actionStateScheduled"><date>2019-04-05 23:00:00.0 CST</date><durationHours>0</durationHours><durationMinutes>30</durationMinutes><created>2019-04-04 23:55:59.845 CST</created></state><notes>星期日 7 四月 2019  16:57:02 因为放假的缘故，既然达成了，很好，继续保持</notes><done>true</done><doneDate>2019-04-07 00:00:00.0 CST</doneDate><time reference="../../action/time"/><energy reference="../../../../../../project/children/project[3]/children/project[6]/children/action[11]/energy"/><priority reference="../../../../../../project/children/project[2]/children/project[2]/children/project/children/action/priority"/><success></success><modified>2019-04-07 16:57:32.734 CST</modified></action><action><id>16542</id><created>2019-04-04 23:57:13.311 CST</created><parent reference="../../.."/><description>明日计划write down</description><topic reference="../../../../../../../../../../../../../../../topics/items/topic[11]"/><context reference="../../../../../../../../../../../../../../../contexts/items/context[9]"/><state class="actionStateScheduled"><date>2019-04-05 22:00:00.0 CST</date><durationHours>0</durationHours><durationMinutes>10</durationMinutes><created>2019-04-04 23:57:13.311 CST</created></state><notes>星期日 7 四月 2019 16:55:46 放假，疯掉了 Failed
</notes><done>true</done><doneDate>2019-04-07 00:00:00.0 CST</doneDate><time reference="../../../../project[4]/children/action[4]/time"/><energy reference="../../../../../../project/children/project[3]/children/project[6]/children/action[11]/energy"/><priority reference="../../../../../../project/children/project[2]/children/project[2]/children/project/children/action/priority"/><success></success><modified>2019-04-07 16:55:57.753 CST</modified></action><action><id>16543</id><created>2019-04-04 23:57:49.841 CST</created><parent reference="../../.."/><description>晚上12点以前上床睡觉@个人健康</description><topic reference="../../../../../../../../../../../../../../../topics/items/topic[4]"/><context reference="../../../../../../../../../../../../../../../contexts/items/context[9]"/><state class="actionStateScheduled"><date>2019-04-05 23:39:00.0 CST</date><durationHours>0</durationHours><durationMinutes>1</durationMinutes><created>2019-04-04 23:57:49.841 CST</created></state><notes>星期日 7 四月 2019 16:57:41 还是failed了</notes><done>true</done><doneDate>2019-04-07 00:00:00.0 CST</doneDate><time reference="../../action/time"/><energy reference="../../../../../../project/children/project[3]/children/project/children/action[6]/energy"/><priority reference="../../../../../../project/children/project[2]/children/project[2]/children/project/children/action/priority"/><success></success><modified>2019-04-07 16:57:49.22 CST</modified></action><action><id>16544</id><created>2019-04-07 16:54:09.613 CST</created><parent reference="../../.."/><description>A股投资理财天巡检</description><topic reference="../../../../../../../../../../../../../../../topics/items/topic[5]"/><context reference="../../../../../../../../../../../../../../../contexts/items/context[9]"/><state class="actionStateScheduled"><date>2019-04-08 20:00:00.0 CST</date><durationHours>0</durationHours><durationMinutes>20</durationMinutes><created>2019-04-07 16:54:09.613 CST</created></state><notes>星期一 8 四月 2019 18:51:11 今天空仓是对的了，不然会非常的惨，上周最后一天没有跟进是对的，现在继续等回调，就算再有上升也不跟，继续等回调！估计这周都是这个节奏，等！</notes><done>true</done><doneDate>2019-04-08 00:00:00.0 CST</doneDate><time reference="../../../../../../project[3]/children/project[2]/children/action/time"/><energy reference="../../../../../../project/children/project[2]/children/project[3]/children/project/children/action[3]/energy"/><priority reference="../../../../../../project/children/project[2]/children/project[2]/children/project/children/action/priority"/><success></success><modified>2019-04-08 18:52:26.317 CST</modified></action><action><id>16545</id><created>2019-04-07 16:54:40.123 CST</created><parent reference="../../.."/><description>每日健身八段锦打卡@个人健康</description><topic reference="../../../../../../../../../../../../../../../topics/items/topic[4]"/><context reference="../../../../../../../../../../../../../../../contexts/items/context[9]"/><state class="actionStateScheduled"><date>2019-04-08 08:00:00.0 CST</date><durationHours>0</durationHours><durationMinutes>30</durationMinutes><created>2019-04-07 16:54:40.123 CST</created></state><notes>星期一 8 四月 2019 17:45:49 5点20出门坐车，没有进行，晚上回到酒店打打 failed</notes><done>true</done><doneDate>2019-04-10 00:00:00.0 CST</doneDate><time reference="../../action/time"/><energy reference="../../../../../../project/children/project[3]/children/project[6]/children/action[11]/energy"/><priority reference="../../../../../../project/children/project[2]/children/project[2]/children/project/children/action/priority"/><success></success><modified>2019-04-10 00:10:03.691 CST</modified></action><action><id>16546</id><created>2019-04-07 16:55:39.225 CST</created><parent reference="../../.."/><description>美股投资理财天巡检</description><topic reference="../../../../../../../../../../../../../../../topics/items/topic[5]"/><context reference="../../../../../../../../../../../../../../../contexts/items/context[9]"/><state class="actionStateScheduled"><date>2019-04-08 20:20:00.0 CST</date><durationHours>0</durationHours><durationMinutes>20</durationMinutes><created>2019-04-07 16:55:39.225 CST</created></state><notes></notes><done>true</done><doneDate>2019-04-10 00:00:00.0 CST</doneDate><time reference="../../../../../../project[3]/children/project[2]/children/action/time"/><energy reference="../../../../../../project/children/project[2]/children/project[3]/children/project/children/action[3]/energy"/><priority reference="../../../../../../project/children/project[2]/children/project[2]/children/project/children/action/priority"/><success></success><modified>2019-04-10 00:07:17.759 CST</modified></action><action><id>16547</id><created>2019-04-07 16:55:57.718 CST</created><parent reference="../../.."/><description>明日计划write down</description><topic reference="../../../../../../../../../../../../../../../topics/items/topic[11]"/><context reference="../../../../../../../../../../../../../../../contexts/items/context[9]"/><state class="actionStateScheduled"><date>2019-04-08 22:00:00.0 CST</date><durationHours>0</durationHours><durationMinutes>10</durationMinutes><created>2019-04-07 16:55:57.718 CST</created></state><notes>星期三 10 四月 2019 0:09:48 failed</notes><done>true</done><doneDate>2019-04-10 00:00:00.0 CST</doneDate><time reference="../../../../project[4]/children/action[4]/time"/><energy reference="../../../../../../project/children/project[3]/children/project[6]/children/action[11]/energy"/><priority reference="../../../../../../project/children/project[2]/children/project[2]/children/project/children/action/priority"/><success></success><modified>2019-04-10 00:09:53.508 CST</modified></action><action><id>16548</id><created>2019-04-07 16:57:32.718 CST</created><parent reference="../../.."/><description>每天睡前半个钟头到一个钟头是阅读时间@个人健康</description><topic reference="../../../../../../../../../../../../../../../topics/items/topic[4]"/><context reference="../../../../../../../../../../../../../../../contexts/items/context[9]"/><state class="actionStateScheduled"><date>2019-04-08 23:00:00.0 CST</date><durationHours>0</durationHours><durationMinutes>30</durationMinutes><created>2019-04-07 16:57:32.718 CST</created></state><notes>星期三 10 四月 2019 0:09:10 8号按计划完成了</notes><done>true</done><doneDate>2019-04-10 00:00:00.0 CST</doneDate><time reference="../../action/time"/><energy reference="../../../../../../project/children/project[3]/children/project[6]/children/action[11]/energy"/><priority reference="../../../../../../project/children/project[2]/children/project[2]/children/project/children/action/priority"/><success></success><modified>2019-04-10 00:09:22.947 CST</modified></action><action><id>16549</id><created>2019-04-07 16:57:48.984 CST</created><parent reference="../../.."/><description>晚上12点以前上床睡觉@个人健康</description><topic reference="../../../../../../../../../../../../../../../topics/items/topic[4]"/><context reference="../../../../../../../../../../../../../../../contexts/items/context[9]"/><state class="actionStateScheduled"><date>2019-04-10 23:39:00.0 CST</date><durationHours>0</durationHours><durationMinutes>1</durationMinutes><created>2019-04-07 16:57:48.985 CST</created></state><notes>星期三 10 四月 2019 0:08:06 写材料，但是9点前没开始是导致了完不成的这个状况</notes><done>true</done><doneDate>2019-04-10 00:00:00.0 CST</doneDate><time reference="../../action/time"/><energy reference="../../../../../../project/children/project[3]/children/project/children/action[6]/energy"/><priority reference="../../../../../../project/children/project[2]/children/project[2]/children/project/children/action/priority"/><success></success><modified>2019-04-10 00:08:51.689 CST</modified></action><action><id>16587</id><created>2019-04-08 18:52:26.279 CST</created><parent reference="../../.."/><description>A股投资理财天巡检</description><topic reference="../../../../../../../../../../../../../../../topics/items/topic[5]"/><context reference="../../../../../../../../../../../../../../../contexts/items/context[9]"/><state class="actionStateScheduled"><date>2019-04-09 20:00:00.0 CST</date><durationHours>0</durationHours><durationMinutes>20</durationMinutes><created>2019-04-08 18:52:26.279 CST</created></state><notes>星期三 10 四月 2019 0:06:21 继续等</notes><done>true</done><doneDate>2019-04-10 00:00:00.0 CST</doneDate><time reference="../../../../../../project[3]/children/project[2]/children/action/time"/><energy reference="../../../../../../project/children/project[2]/children/project[3]/children/project/children/action[3]/energy"/><priority reference="../../../../../../project/children/project[2]/children/project[2]/children/project/children/action/priority"/><success></success><modified>2019-04-10 00:06:29.354 CST</modified></action><action><id>16591</id><created>2019-04-10 00:06:29.354 CST</created><parent reference="../../.."/><description>A股投资理财天巡检</description><topic reference="../../../../../../../../../../../../../../../topics/items/topic[5]"/><context reference="../../../../../../../../../../../../../../../contexts/items/context[9]"/><state class="actionStateScheduled"><date>2019-04-10 20:00:00.0 CST</date><durationHours>0</durationHours><durationMinutes>20</durationMinutes><created>2019-04-10 00:06:29.354 CST</created></state><notes>星期四 11 四月 2019 13:55:13 不做动作，继续等</notes><done>true</done><doneDate>2019-04-11 00:00:00.0 CST</doneDate><time reference="../../../../../../project[3]/children/project[2]/children/action/time"/><energy reference="../../../../../../project/children/project[2]/children/project[3]/children/project/children/action[3]/energy"/><priority reference="../../../../../../project/children/project[2]/children/project[2]/children/project/children/action/priority"/><success></success><modified>2019-04-11 13:55:21.242 CST</modified></action><action><id>16592</id><created>2019-04-10 00:07:17.759 CST</created><parent reference="../../.."/><description>美股投资理财天巡检</description><topic reference="../../../../../../../../../../../../../../../topics/items/topic[5]"/><context reference="../../../../../../../../../../../../../../../contexts/items/context[9]"/><state class="actionStateScheduled"><date>2019-04-10 20:20:00.0 CST</date><durationHours>0</durationHours><durationMinutes>20</durationMinutes><created>2019-04-10 00:07:17.759 CST</created></state><notes>星期三 10 四月 2019 0:07:33 现在是6500， 亏了500！
星期四 11 四月 2019 13:54:52 继续做T，但是要见好就收</notes><done>true</done><doneDate>2019-04-11 00:00:00.0 CST</doneDate><time reference="../../../../../../project[3]/children/project[2]/children/action/time"/><energy reference="../../../../../../project/children/project[2]/children/project[3]/children/project/children/action[3]/energy"/><priority reference="../../../../../../project/children/project[2]/children/project[2]/children/project/children/action/priority"/><success></success><modified>2019-04-11 13:55:10.116 CST</modified></action><action><id>16593</id><created>2019-04-10 00:08:51.689 CST</created><parent reference="../../.."/><description>晚上12点以前上床睡觉@个人健康</description><topic reference="../../../../../../../../../../../../../../../topics/items/topic[4]"/><context reference="../../../../../../../../../../../../../../../contexts/items/context[9]"/><state class="actionStateScheduled"><date>2019-04-10 23:39:00.0 CST</date><durationHours>0</durationHours><durationMinutes>1</durationMinutes><created>2019-04-10 00:08:51.689 CST</created></state><notes>星期四 11 四月 2019 13:53:06 因为昨天工作的堆积，搞到晚上很晚，这个是个问题 Failed</notes><done>true</done><doneDate>2019-04-11 00:00:00.0 CST</doneDate><time reference="../../action/time"/><energy reference="../../../../../../project/children/project[3]/children/project/children/action[6]/energy"/><priority reference="../../../../../../project/children/project[2]/children/project[2]/children/project/children/action/priority"/><success></success><modified>2019-04-11 13:53:39.117 CST</modified></action><action><id>16594</id><created>2019-04-10 00:09:22.947 CST</created><parent reference="../../.."/><description>每天睡前半个钟头到一个钟头是阅读时间@个人健康</description><topic reference="../../../../../../../../../../../../../../../topics/items/topic[4]"/><context reference="../../../../../../../../../../../../../../../contexts/items/context[9]"/><state class="actionStateScheduled"><date>2019-04-10 23:00:00.0 CST</date><durationHours>0</durationHours><durationMinutes>30</durationMinutes><created>2019-04-10 00:09:22.947 CST</created></state><notes>星期四 11 四月 2019 13:53:44 因为工作加班 Failed</notes><done>true</done><doneDate>2019-04-11 00:00:00.0 CST</doneDate><time reference="../../action/time"/><energy reference="../../../../../../project/children/project[3]/children/project[6]/children/action[11]/energy"/><priority reference="../../../../../../project/children/project[2]/children/project[2]/children/project/children/action/priority"/><success></success><modified>2019-04-11 13:53:53.668 CST</modified></action><action><id>16595</id><created>2019-04-10 00:09:53.508 CST</created><parent reference="../../.."/><description>明日计划write down</description><topic reference="../../../../../../../../../../../../../../../topics/items/topic[11]"/><context reference="../../../../../../../../../../../../../../../contexts/items/context[9]"/><state class="actionStateScheduled"><date>2019-04-10 22:00:00.0 CST</date><durationHours>0</durationHours><durationMinutes>10</durationMinutes><created>2019-04-10 00:09:53.508 CST</created></state><notes>星期四 11 四月 2019 13:54:31 梳理了一下，但是没有写下来</notes><done>true</done><doneDate>2019-04-11 00:00:00.0 CST</doneDate><time reference="../../../../project[4]/children/action[4]/time"/><energy reference="../../../../../../project/children/project[3]/children/project[6]/children/action[11]/energy"/><priority reference="../../../../../../project/children/project[2]/children/project[2]/children/project/children/action/priority"/><success></success><modified>2019-04-11 13:54:46.110 CST</modified></action><action><id>16596</id><created>2019-04-10 00:10:03.676 CST</created><parent reference="../../.."/><description>每日健身八段锦打卡@个人健康</description><topic reference="../../../../../../../../../../../../../../../topics/items/topic[4]"/><context reference="../../../../../../../../../../../../../../../contexts/items/context[9]"/><state class="actionStateScheduled"><date>2019-04-10 08:00:00.0 CST</date><durationHours>0</durationHours><durationMinutes>30</durationMinutes><created>2019-04-10 00:10:03.676 CST</created></state><notes>星期四 11 四月 2019 13:52:49 昨天又没打 Failed
</notes><done>true</done><doneDate>2019-04-11 00:00:00.0 CST</doneDate><time reference="../../action/time"/><energy reference="../../../../../../project/children/project[3]/children/project[6]/children/action[11]/energy"/><priority reference="../../../../../../project/children/project[2]/children/project[2]/children/project/children/action/priority"/><success></success><modified>2019-04-11 13:55:35.782 CST</modified></action><action><id>16598</id><created>2019-04-10 09:56:24.63 CST</created><parent reference="../../.."/><description>巡检情况天巡检</description><topic reference="../../../../../../../../../../../../../../../topics/items/topic[11]"/><context reference="../../../../../../../../../../../../../../../contexts/items/context[9]"/><state class="actionStateScheduled"><date>2019-04-10 22:40:00.0 CST</date><durationHours>0</durationHours><durationMinutes>0</durationMinutes><created>2019-04-10 09:56:45.593 CST</created></state><notes>星期三 10 四月 2019 9:57:13 从星期一开始到现在的巡检出现问题了
星期四 11 四月 2019 13:54:00 已经周四了，这周的巡检和执行都出了问题，要好好的总结</notes><done>true</done><doneDate>2019-04-11 00:00:00.0 CST</doneDate><priority reference="../../../../../../project/children/project[2]/children/project[2]/children/project/children/action/priority"/><modified>2019-04-11 13:54:27.103 CST</modified></action><action><id>16601</id><created>2019-04-11 13:53:39.116 CST</created><parent reference="../../.."/><description>晚上12点以前上床睡觉@个人健康</description><topic reference="../../../../../../../../../../../../../../../topics/items/topic[4]"/><context reference="../../../../../../../../../../../../../../../contexts/items/context[9]"/><state class="actionStateScheduled"><date>2019-04-11 23:39:00.0 CST</date><durationHours>0</durationHours><durationMinutes>1</durationMinutes><created>2019-04-11 13:53:39.116 CST</created></state><notes>星期五 12 四月 2019 9:20:09 Failed ，启动晚了</notes><done>true</done><doneDate>2019-04-12 00:00:00.0 CST</doneDate><time reference="../../action/time"/><energy reference="../../../../../../project/children/project[3]/children/project/children/action[6]/energy"/><priority reference="../../../../../../project/children/project[2]/children/project[2]/children/project/children/action/priority"/><success></success><modified>2019-04-12 09:20:18.36 CST</modified></action><action><id>16602</id><created>2019-04-11 13:53:53.662 CST</created><parent reference="../../.."/><description>每天睡前半个钟头到一个钟头是阅读时间@个人健康</description><topic reference="../../../../../../../../../../../../../../../topics/items/topic[4]"/><context reference="../../../../../../../../../../../../../../../contexts/items/context[9]"/><state class="actionStateScheduled"><date>2019-04-11 23:00:00.0 CST</date><durationHours>0</durationHours><durationMinutes>30</durationMinutes><created>2019-04-11 13:53:53.662 CST</created></state><notes>星期五 12 四月 2019 9:18:54 读了，但是启动晚了， 12：40才结束 Failed</notes><done>true</done><doneDate>2019-04-12 00:00:00.0 CST</doneDate><time reference="../../action/time"/><energy reference="../../../../../../project/children/project[3]/children/project[6]/children/action[11]/energy"/><priority reference="../../../../../../project/children/project[2]/children/project[2]/children/project/children/action/priority"/><success></success><modified>2019-04-12 09:19:16.115 CST</modified></action><action><id>16603</id><created>2019-04-11 13:54:27.100 CST</created><parent reference="../../.."/><description>巡检情况天巡检</description><topic reference="../../../../../../../../../../../../../../../topics/items/topic[11]"/><context reference="../../../../../../../../../../../../../../../contexts/items/context[9]"/><state class="actionStateScheduled"><date>2019-04-11 22:40:00.0 CST</date><durationHours>0</durationHours><durationMinutes>0</durationMinutes><created>2019-04-11 13:54:27.100 CST</created></state><notes>星期四 11 四月 2019 22:55:32 重新梳理了一遍工作，还是排得太满了，加油吧</notes><done>true</done><doneDate>2019-04-11 00:00:00.0 CST</doneDate><time reference="../../../../project[4]/children/action[4]/time"/><priority reference="../../../../../../project/children/project[2]/children/project[2]/children/project/children/action/priority"/><success></success><modified>2019-04-11 22:55:58.797 CST</modified></action><action><id>16604</id><created>2019-04-11 13:54:46.106 CST</created><parent reference="../../.."/><description>明日计划write down</description><topic reference="../../../../../../../../../../../../../../../topics/items/topic[11]"/><context reference="../../../../../../../../../../../../../../../contexts/items/context[9]"/><state class="actionStateScheduled"><date>2019-04-11 22:00:00.0 CST</date><durationHours>0</durationHours><durationMinutes>10</durationMinutes><created>2019-04-11 13:54:46.106 CST</created></state><notes></notes><done>true</done><doneDate>2019-04-11 00:00:00.0 CST</doneDate><time reference="../../../../project[4]/children/action[4]/time"/><energy reference="../../../../../../project/children/project[3]/children/project[6]/children/action[11]/energy"/><priority reference="../../../../../../project/children/project[2]/children/project[2]/children/project/children/action/priority"/><success></success><modified>2019-04-11 23:04:10.447 CST</modified></action><action><id>16605</id><created>2019-04-11 13:55:10.114 CST</created><parent reference="../../.."/><description>美股投资理财天巡检</description><topic reference="../../../../../../../../../../../../../../../topics/items/topic[5]"/><context reference="../../../../../../../../../../../../../../../contexts/items/context[9]"/><state class="actionStateScheduled"><date>2019-04-11 20:20:00.0 CST</date><durationHours>0</durationHours><durationMinutes>20</durationMinutes><created>2019-04-11 13:55:10.114 CST</created></state><notes>星期四 11 四月 2019 23:00:35 有机会就做T</notes><done>true</done><doneDate>2019-04-11 00:00:00.0 CST</doneDate><time reference="../../../../../../project[3]/children/project[2]/children/action/time"/><energy reference="../../../../../../project/children/project[2]/children/project[3]/children/project/children/action[3]/energy"/><priority reference="../../../../../../project/children/project[2]/children/project[2]/children/project/children/action/priority"/><success></success><modified>2019-04-11 23:00:48.120 CST</modified></action><action><id>16606</id><created>2019-04-11 13:55:21.240 CST</created><parent reference="../../.."/><description>A股投资理财天巡检</description><topic reference="../../../../../../../../../../../../../../../topics/items/topic[5]"/><context reference="../../../../../../../../../../../../../../../contexts/items/context[9]"/><state class="actionStateScheduled"><date>2019-04-11 20:00:00.0 CST</date><durationHours>0</durationHours><durationMinutes>20</durationMinutes><created>2019-04-11 13:55:21.240 CST</created></state><notes>星期四 11 四月 2019 不明朗，继续等</notes><done>true</done><doneDate>2019-04-11 00:00:00.0 CST</doneDate><time reference="../../../../../../project[3]/children/project[2]/children/action/time"/><energy reference="../../../../../../project/children/project[2]/children/project[3]/children/project/children/action[3]/energy"/><priority reference="../../../../../../project/children/project[2]/children/project[2]/children/project/children/action/priority"/><success></success><modified>2019-04-11 23:00:27.387 CST</modified></action><action><id>16607</id><created>2019-04-11 13:55:35.778 CST</created><parent reference="../../.."/><description>每日健身八段锦打卡@个人健康</description><topic reference="../../../../../../../../../../../../../../../topics/items/topic[4]"/><context reference="../../../../../../../../../../../../../../../contexts/items/context[9]"/><state class="actionStateScheduled"><date>2019-04-11 08:00:00.0 CST</date><durationHours>0</durationHours><durationMinutes>30</durationMinutes><created>2019-04-11 13:55:35.778 CST</created></state><notes>星期四 11 四月 2019 22:55:00 今天晚上终于开打了，哈哈！</notes><done>true</done><doneDate>2019-04-11 00:00:00.0 CST</doneDate><time reference="../../action/time"/><energy reference="../../../../../../project/children/project[3]/children/project[6]/children/action[11]/energy"/><priority reference="../../../../../../project/children/project[2]/children/project[2]/children/project/children/action/priority"/><success></success><modified>2019-04-11 22:55:15.645 CST</modified></action><action><id>16649</id><created>2019-04-11 22:55:15.628 CST</created><parent reference="../../.."/><description>每日健身八段锦打卡@个人健康</description><topic reference="../../../../../../../../../../../../../../../topics/items/topic[4]"/><context reference="../../../../../../../../../../../../../../../contexts/items/context[9]"/><state class="actionStateScheduled"><date>2019-04-12 08:00:00.0 CST</date><durationHours>0</durationHours><durationMinutes>30</durationMinutes><created>2019-04-11 22:55:15.628 CST</created></state><notes>星期日 14 四月 2019 11:40:10 打了</notes><done>true</done><doneDate>2019-04-12 00:00:00.0 CST</doneDate><time reference="../../action/time"/><energy reference="../../../../../../project/children/project[3]/children/project[6]/children/action[11]/energy"/><priority reference="../../../../../../project/children/project[2]/children/project[2]/children/project/children/action/priority"/><success></success><modified>2019-04-14 11:40:16.589 CST</modified></action><action><id>16650</id><created>2019-04-11 22:55:58.777 CST</created><parent reference="../../.."/><description>巡检情况天巡检</description><topic reference="../../../../../../../../../../../../../../../topics/items/topic[11]"/><context reference="../../../../../../../../../../../../../../../contexts/items/context[9]"/><state class="actionStateScheduled"><date>2019-04-12 22:40:00.0 CST</date><durationHours>0</durationHours><durationMinutes>0</durationMinutes><created>2019-04-11 22:55:58.778 CST</created></state><notes></notes><done>true</done><doneDate>2019-04-14 00:00:00.0 CST</doneDate><time reference="../../../../project[4]/children/action[4]/time"/><priority reference="../../../../../../project/children/project[2]/children/project[2]/children/project/children/action/priority"/><success></success><modified>2019-04-14 15:32:22.678 CST</modified></action><action><id>16651</id><created>2019-04-11 23:00:27.375 CST</created><parent reference="../../.."/><description>A股投资理财天巡检</description><topic reference="../../../../../../../../../../../../../../../topics/items/topic[5]"/><context reference="../../../../../../../../../../../../../../../contexts/items/context[9]"/><state class="actionStateScheduled"><date>2019-04-12 20:30:00.0 CST</date><durationHours>0</durationHours><durationMinutes>20</durationMinutes><created>2019-04-11 23:00:27.375 CST</created></state><notes>星期五 12 四月 2019 22:48:58 继续等是对的，因为没有时间来看这个做超短，继续等，下周估计又一小波的涨，但是很难把握，继续等</notes><done>true</done><doneDate>2019-04-12 00:00:00.0 CST</doneDate><time reference="../../../../../../project[3]/children/project[2]/children/action/time"/><energy reference="../../../../../../project/children/project[2]/children/project[3]/children/project/children/action[3]/energy"/><priority reference="../../../../../../project/children/project[2]/children/project[2]/children/project/children/action/priority"/><success></success><modified>2019-04-12 22:49:52.19 CST</modified></action><action><id>16652</id><created>2019-04-11 23:00:48.107 CST</created><parent reference="../../.."/><description>美股投资理财天巡检</description><topic reference="../../../../../../../../../../../../../../../topics/items/topic[5]"/><context reference="../../../../../../../../../../../../../../../contexts/items/context[9]"/><state class="actionStateScheduled"><date>2019-04-12 20:20:00.0 CST</date><durationHours>0</durationHours><durationMinutes>20</durationMinutes><created>2019-04-11 23:00:48.107 CST</created></state><notes>星期五 12 四月 2019 22:50:04 败在pdd上面了，亏到6400了，真是很失败！</notes><done>true</done><doneDate>2019-04-12 00:00:00.0 CST</doneDate><time reference="../../../../../../project[3]/children/project[2]/children/action/time"/><energy reference="../../../../../../project/children/project[2]/children/project[3]/children/project/children/action[3]/energy"/><priority reference="../../../../../../project/children/project[2]/children/project[2]/children/project/children/action/priority"/><success></success><modified>2019-04-12 22:50:31.963 CST</modified></action><action><id>16653</id><created>2019-04-11 23:04:10.411 CST</created><parent reference="../../.."/><description>明日计划write down</description><topic reference="../../../../../../../../../../../../../../../topics/items/topic[11]"/><context reference="../../../../../../../../../../../../../../../contexts/items/context[9]"/><state class="actionStateScheduled"><date>2019-04-12 22:00:00.0 CST</date><durationHours>0</durationHours><durationMinutes>10</durationMinutes><created>2019-04-11 23:04:10.412 CST</created></state><notes>星期日 14 四月 2019 11:10:10 第二天约了同学，回杭州的路上把读书会的书剩下的部分阅读完，晚上进行读书会，差不多了，没有其它的安排</notes><done>true</done><doneDate>2019-04-14 00:00:00.0 CST</doneDate><time reference="../../../../project[4]/children/action[4]/time"/><energy reference="../../../../../../project/children/project[3]/children/project[6]/children/action[11]/energy"/><priority reference="../../../../../../project/children/project[2]/children/project[2]/children/project/children/action/priority"/><success></success><modified>2019-04-14 11:11:00.795 CST</modified></action><action><id>16654</id><created>2019-04-12 09:19:16.115 CST</created><parent reference="../../.."/><description>每天睡前半个钟头到一个钟头是阅读时间@个人健康</description><topic reference="../../../../../../../../../../../../../../../topics/items/topic[4]"/><context reference="../../../../../../../../../../../../../../../contexts/items/context[9]"/><state class="actionStateScheduled"><date>2019-04-12 23:00:00.0 CST</date><durationHours>0</durationHours><durationMinutes>30</durationMinutes><created>2019-04-12 09:19:16.115 CST</created></state><notes>星期六 13 四月 2019 9:10:40 OK的，但是又超时了</notes><done>true</done><doneDate>2019-04-13 00:00:00.0 CST</doneDate><time reference="../../action/time"/><energy reference="../../../../../../project/children/project[3]/children/project[6]/children/action[11]/energy"/><priority reference="../../../../../../project/children/project[2]/children/project[2]/children/project/children/action/priority"/><success></success><modified>2019-04-13 09:10:53.330 CST</modified></action><action><id>16655</id><created>2019-04-12 09:20:18.21 CST</created><parent reference="../../.."/><description>晚上12点以前上床睡觉@个人健康</description><topic reference="../../../../../../../../../../../../../../../topics/items/topic[4]"/><context reference="../../../../../../../../../../../../../../../contexts/items/context[9]"/><state class="actionStateScheduled"><date>2019-04-12 23:39:00.0 CST</date><durationHours>0</durationHours><durationMinutes>1</durationMinutes><created>2019-04-12 09:20:18.21 CST</created></state><notes>星期六 13 四月 2019 9:10:59 Failed  搞到晚上1：50，每次到了周末就这样，不行的</notes><done>true</done><doneDate>2019-04-13 00:00:00.0 CST</doneDate><time reference="../../action/time"/><energy reference="../../../../../../project/children/project[3]/children/project/children/action[6]/energy"/><priority reference="../../../../../../project/children/project[2]/children/project[2]/children/project/children/action/priority"/><success></success><modified>2019-04-13 09:11:35.403 CST</modified></action><action><id>16656</id><created>2019-04-12 22:49:52.16 CST</created><parent reference="../../.."/><description>A股投资理财天巡检</description><topic reference="../../../../../../../../../../../../../../../topics/items/topic[5]"/><context reference="../../../../../../../../../../../../../../../contexts/items/context[9]"/><state class="actionStateScheduled"><date>2019-04-15 20:00:00.0 CST</date><durationHours>0</durationHours><durationMinutes>20</durationMinutes><recurrence><id>8025</id><project reference="../../../../.."/><description>A股投资理财天巡检</description><topic reference="../../../../../../../../../../../../../../../../../topics/items/topic[5]"/><context reference="../../../../../../../../../../../../../../../../../contexts/items/context[9]"/><time reference="../../../../../../../../project[3]/children/project[2]/children/action/time"/><energy reference="../../../../../../../../project/children/project[2]/children/project[3]/children/project/children/action[3]/energy"/><priority reference="../../../../../../../../project/children/project[2]/children/project[2]/children/project/children/action/priority"/><scheduleHours>20</scheduleHours><scheduleMins>0</scheduleMins><durationHours>0</durationHours><durationMins>20</durationMins><basisID>2</basisID><startDate>2019-03-18 00:00:00.0 CST</startDate><periodID>0</periodID><frequency>1</frequency><advanceNbr>4</advanceNbr><genNbr>12</genNbr><genToDate>2019-04-13 20:00:00.0 CST</genToDate><success></success><notes></notes><period class="tr.model.action.PeriodDay"/></recurrence><created>2019-04-12 22:49:52.16 CST</created></state><notes></notes><done>false</done><time reference="../../../../../../project[3]/children/project[2]/children/action/time"/><energy reference="../../../../../../project/children/project[2]/children/project[3]/children/project/children/action[3]/energy"/><priority reference="../../../../../../project/children/project[2]/children/project[2]/children/project/children/action/priority"/><success></success><modified>2019-04-12 22:49:52.16 CST</modified></action><action><id>16657</id><created>2019-04-12 22:50:31.961 CST</created><parent reference="../../.."/><description>美股投资理财天巡检</description><topic reference="../../../../../../../../../../../../../../../topics/items/topic[5]"/><context reference="../../../../../../../../../../../../../../../contexts/items/context[9]"/><state class="actionStateScheduled"><date>2019-04-15 20:20:00.0 CST</date><durationHours>0</durationHours><durationMinutes>20</durationMinutes><recurrence><id>8027</id><project reference="../../../../.."/><description>美股投资理财天巡检</description><topic reference="../../../../../../../../../../../../../../../../../topics/items/topic[5]"/><context reference="../../../../../../../../../../../../../../../../../contexts/items/context[9]"/><time reference="../../../../../../../../project[3]/children/project[2]/children/action/time"/><energy reference="../../../../../../../../project/children/project[2]/children/project[3]/children/project/children/action[3]/energy"/><priority reference="../../../../../../../../project/children/project[2]/children/project[2]/children/project/children/action/priority"/><scheduleHours>20</scheduleHours><scheduleMins>20</scheduleMins><durationHours>0</durationHours><durationMins>20</durationMins><basisID>2</basisID><startDate>2019-03-18 00:00:00.0 CST</startDate><periodID>0</periodID><frequency>1</frequency><advanceNbr>4</advanceNbr><genNbr>10</genNbr><genToDate>2019-04-13 20:20:00.0 CST</genToDate><success></success><notes></notes><period class="tr.model.action.PeriodDay"/></recurrence><created>2019-04-12 22:50:31.961 CST</created></state><notes></notes><done>false</done><time reference="../../../../../../project[3]/children/project[2]/children/action/time"/><energy reference="../../../../../../project/children/project[2]/children/project[3]/children/project/children/action[3]/energy"/><priority reference="../../../../../../project/children/project[2]/children/project[2]/children/project/children/action/priority"/><success></success><modified>2019-04-12 22:50:31.961 CST</modified></action><action><id>16658</id><created>2019-04-12 22:50:54.67 CST</created><parent reference="../../.."/><description>每日健身八段锦打卡@个人健康</description><topic reference="../../../../../../../../../../../../../../../topics/items/topic[4]"/><context reference="../../../../../../../../../../../../../../../contexts/items/context[9]"/><state class="actionStateScheduled"><date>2019-04-13 08:00:00.0 CST</date><durationHours>0</durationHours><durationMinutes>30</durationMinutes><created>2019-04-12 22:50:54.67 CST</created></state><notes>星期日 14 四月 2019 11:11:35 打了，动作规范了很多 success</notes><done>true</done><doneDate>2019-04-14 00:00:00.0 CST</doneDate><time reference="../../action/time"/><energy reference="../../../../../../project/children/project[3]/children/project[6]/children/action[11]/energy"/><priority reference="../../../../../../project/children/project[2]/children/project[2]/children/project/children/action/priority"/><success></success><modified>2019-04-14 11:11:51.877 CST</modified></action><action><id>16661</id><created>2019-04-13 09:10:53.323 CST</created><parent reference="../../.."/><description>每天睡前半个钟头到一个钟头是阅读时间@个人健康</description><topic reference="../../../../../../../../../../../../../../../topics/items/topic[4]"/><context reference="../../../../../../../../../../../../../../../contexts/items/context[9]"/><state class="actionStateScheduled"><date>2019-04-13 23:00:00.0 CST</date><durationHours>0</durationHours><durationMinutes>30</durationMinutes><created>2019-04-13 09:10:53.323 CST</created></state><notes>星期日 14 四月 2019 11:13:40 虽然按时回来了，但是还是没有好好的按计划来， Failed</notes><done>true</done><doneDate>2019-04-14 00:00:00.0 CST</doneDate><time reference="../../action/time"/><energy reference="../../../../../../project/children/project[3]/children/project[6]/children/action[11]/energy"/><priority reference="../../../../../../project/children/project[2]/children/project[2]/children/project/children/action/priority"/><success></success><modified>2019-04-14 11:14:07.25 CST</modified></action><action><id>16662</id><created>2019-04-13 09:11:35.394 CST</created><parent reference="../../.."/><description>晚上12点以前上床睡觉@个人健康</description><topic reference="../../../../../../../../../../../../../../../topics/items/topic[4]"/><context reference="../../../../../../../../../../../../../../../contexts/items/context[9]"/><state class="actionStateScheduled"><date>2019-04-13 23:39:00.0 CST</date><durationHours>0</durationHours><durationMinutes>1</durationMinutes><created>2019-04-13 09:11:35.394 CST</created></state><notes>星期日 14 四月 2019 11:14:15 Failed</notes><done>true</done><doneDate>2019-04-14 00:00:00.0 CST</doneDate><time reference="../../action/time"/><energy reference="../../../../../../project/children/project[3]/children/project/children/action[6]/energy"/><priority reference="../../../../../../project/children/project[2]/children/project[2]/children/project/children/action/priority"/><success></success><modified>2019-04-14 11:14:21.262 CST</modified></action><action><id>16663</id><created>2019-04-14 11:11:00.763 CST</created><parent reference="../../.."/><description>明日计划write down</description><topic reference="../../../../../../../../../../../../../../../topics/items/topic[11]"/><context reference="../../../../../../../../../../../../../../../contexts/items/context[9]"/><state class="actionStateScheduled"><date>2019-04-14 22:00:00.0 CST</date><durationHours>0</durationHours><durationMinutes>10</durationMinutes><recurrence><id>8032</id><project reference="../../../../.."/><description>明日计划write down</description><topic reference="../../../../../../../../../../../../../../../../../topics/items/topic[11]"/><context reference="../../../../../../../../../../../../../../../../../contexts/items/context[9]"/><time reference="../../../../../../project[4]/children/action[4]/time"/><energy reference="../../../../../../../../project/children/project[3]/children/project[6]/children/action[11]/energy"/><priority reference="../../../../../../../../project/children/project[2]/children/project[2]/children/project/children/action/priority"/><scheduleHours>22</scheduleHours><scheduleMins>0</scheduleMins><durationHours>0</durationHours><durationMins>10</durationMins><basisID>2</basisID><startDate>2019-03-16 00:00:00.0 CST</startDate><periodID>0</periodID><frequency>1</frequency><advanceNbr>4</advanceNbr><genNbr>11</genNbr><genToDate>2019-04-15 22:00:00.0 CST</genToDate><success></success><notes></notes><period class="tr.model.action.PeriodDay"/></recurrence><created>2019-04-14 11:11:00.764 CST</created></state><notes></notes><done>false</done><time reference="../../../../project[4]/children/action[4]/time"/><energy reference="../../../../../../project/children/project[3]/children/project[6]/children/action[11]/energy"/><priority reference="../../../../../../project/children/project[2]/children/project[2]/children/project/children/action/priority"/><success></success><modified>2019-04-14 11:11:00.764 CST</modified></action><action><id>16664</id><created>2019-04-14 11:11:51.846 CST</created><parent reference="../../.."/><description>每日健身八段锦打卡@个人健康</description><topic reference="../../../../../../../../../../../../../../../topics/items/topic[4]"/><context reference="../../../../../../../../../../../../../../../contexts/items/context[9]"/><state class="actionStateScheduled"><date>2019-04-14 08:00:00.0 CST</date><durationHours>0</durationHours><durationMinutes>30</durationMinutes><recurrence><id>8016</id><project reference="../../../../.."/><description>每日健身八段锦打卡@个人健康</description><topic reference="../../../../../../../../../../../../../../../../../topics/items/topic[4]"/><context reference="../../../../../../../../../../../../../../../../../contexts/items/context[9]"/><time reference="../../../../action/time"/><energy reference="../../../../../../../../project/children/project[3]/children/project[6]/children/action[11]/energy"/><priority reference="../../../../../../../../project/children/project[2]/children/project[2]/children/project/children/action/priority"/><scheduleHours>8</scheduleHours><scheduleMins>0</scheduleMins><durationHours>0</durationHours><durationMins>30</durationMins><basisID>2</basisID><startDate>2019-03-17 00:00:00.0 CST</startDate><periodID>0</periodID><frequency>1</frequency><advanceNbr>4</advanceNbr><genNbr>11</genNbr><genToDate>2019-04-15 08:00:00.0 CST</genToDate><success></success><notes></notes><period class="tr.model.action.PeriodDay"/></recurrence><created>2019-04-14 11:11:51.846 CST</created></state><notes></notes><done>false</done><time reference="../../action/time"/><energy reference="../../../../../../project/children/project[3]/children/project[6]/children/action[11]/energy"/><priority reference="../../../../../../project/children/project[2]/children/project[2]/children/project/children/action/priority"/><success></success><modified>2019-04-14 11:11:51.846 CST</modified></action><action><id>16665</id><created>2019-04-14 11:14:06.992 CST</created><parent reference="../../.."/><description>每天睡前半个钟头到一个钟头是阅读时间@个人健康</description><topic reference="../../../../../../../../../../../../../../../topics/items/topic[4]"/><context reference="../../../../../../../../../../../../../../../contexts/items/context[9]"/><state class="actionStateScheduled"><date>2019-04-14 23:00:00.0 CST</date><durationHours>0</durationHours><durationMinutes>30</durationMinutes><recurrence><id>8023</id><project reference="../../../../.."/><description>每天睡前半个钟头到一个钟头是阅读时间@个人健康</description><topic reference="../../../../../../../../../../../../../../../../../topics/items/topic[4]"/><context reference="../../../../../../../../../../../../../../../../../contexts/items/context[9]"/><time reference="../../../../action/time"/><energy reference="../../../../../../../../project/children/project[3]/children/project[6]/children/action[11]/energy"/><priority reference="../../../../../../../../project/children/project[2]/children/project[2]/children/project/children/action/priority"/><scheduleHours>23</scheduleHours><scheduleMins>0</scheduleMins><durationHours>0</durationHours><durationMins>30</durationMins><basisID>2</basisID><startDate>2019-03-17 00:00:00.0 CST</startDate><periodID>0</periodID><frequency>1</frequency><advanceNbr>4</advanceNbr><genNbr>12</genNbr><genToDate>2019-04-15 23:00:00.0 CST</genToDate><success></success><notes></notes><period class="tr.model.action.PeriodDay"/></recurrence><created>2019-04-14 11:14:06.992 CST</created></state><notes></notes><done>false</done><time reference="../../action/time"/><energy reference="../../../../../../project/children/project[3]/children/project[6]/children/action[11]/energy"/><priority reference="../../../../../../project/children/project[2]/children/project[2]/children/project/children/action/priority"/><success></success><modified>2019-04-14 11:14:06.992 CST</modified></action><action><id>16666</id><created>2019-04-14 11:14:21.252 CST</created><parent reference="../../.."/><description>晚上12点以前上床睡觉@个人健康</description><topic reference="../../../../../../../../../../../../../../../topics/items/topic[4]"/><context reference="../../../../../../../../../../../../../../../contexts/items/context[9]"/><state class="actionStateScheduled"><date>2019-04-14 23:39:00.0 CST</date><durationHours>0</durationHours><durationMinutes>1</durationMinutes><recurrence><id>8018</id><project reference="../../../../.."/><description>晚上12点以前上床睡觉@个人健康</description><topic reference="../../../../../../../../../../../../../../../../../topics/items/topic[4]"/><context reference="../../../../../../../../../../../../../../../../../contexts/items/context[9]"/><time reference="../../../../action/time"/><energy reference="../../../../../../../../project/children/project[3]/children/project/children/action[6]/energy"/><priority reference="../../../../../../../../project/children/project[2]/children/project[2]/children/project/children/action/priority"/><scheduleHours>23</scheduleHours><scheduleMins>39</scheduleMins><durationHours>0</durationHours><durationMins>1</durationMins><basisID>2</basisID><startDate>2019-03-17 00:00:00.0 CST</startDate><periodID>0</periodID><frequency>1</frequency><advanceNbr>4</advanceNbr><genNbr>12</genNbr><genToDate>2019-04-15 23:39:00.0 CST</genToDate><success></success><notes></notes><period class="tr.model.action.PeriodDay"/></recurrence><created>2019-04-14 11:14:21.252 CST</created></state><notes></notes><done>false</done><time reference="../../action/time"/><energy reference="../../../../../../project/children/project[3]/children/project/children/action[6]/energy"/><priority reference="../../../../../../project/children/project[2]/children/project[2]/children/project/children/action/priority"/><success></success><modified>2019-04-14 11:14:21.252 CST</modified></action><action><id>16686</id><created>2019-04-14 15:32:22.628 CST</created><parent reference="../../.."/><description>巡检情况天巡检</description><topic reference="../../../../../../../../../../../../../../../topics/items/topic[11]"/><context reference="../../../../../../../../../../../../../../../contexts/items/context[9]"/><state class="actionStateScheduled"><date>2019-04-14 22:40:00.0 CST</date><durationHours>0</durationHours><durationMinutes>0</durationMinutes><recurrence><id>16599</id><project reference="../../../../.."/><description>巡检情况天巡检</description><topic reference="../../../../../../../../../../../../../../../../../topics/items/topic[11]"/><context reference="../../../../../../../../../../../../../../../../../contexts/items/context[9]"/><time reference="../../../../../../project[4]/children/action[4]/time"/><priority reference="../../../../../../../../project/children/project[2]/children/project[2]/children/project/children/action/priority"/><scheduleHours>22</scheduleHours><scheduleMins>40</scheduleMins><durationHours>0</durationHours><durationMins>0</durationMins><basisID>2</basisID><startDate>2019-04-10 00:00:00.0 CST</startDate><periodID>0</periodID><frequency>1</frequency><advanceNbr>4</advanceNbr><genNbr>3</genNbr><genToDate>2019-04-15 22:40:00.0 CST</genToDate><success></success><notes></notes><period class="tr.model.action.PeriodDay"/></recurrence><created>2019-04-14 15:32:22.628 CST</created></state><notes></notes><done>false</done><time reference="../../../../project[4]/children/action[4]/time"/><priority reference="../../../../../../project/children/project[2]/children/project[2]/children/project/children/action/priority"/><success></success><modified>2019-04-14 15:32:22.628 CST</modified></action></children><topic reference="../../../../../../../../../../../../../topics/items/topic[11]"/><description>天巡检（包含打卡类）</description><purpose></purpose><success></success><brainstorming></brainstorming><organising></organising><done>false</done><sequence>false</sequence><sequencing reference="../../../../project/children/project/children/project/children/project/sequencing"/><notes></notes><priority reference="../../../../project/children/project[2]/children/project[2]/children/project/children/action/priority"/><modified>2019-04-14 15:32:22.628 CST</modified></project></children><topic reference="../../../../../../../../../../../topics/items/topic[11]"/><description>巡检</description><purpose></purpose><success>1、通过定期的进行巡检，调正方向，形成指导意见落实到下一步的行动当中，
2、持续性的不断达成目标，从成功走向成功，从胜利走向更大的胜利</success><brainstorming>这里只管巡检的计划，不包含每个分类的具体行动，每个分类的具体行动在每个分类中列出，这里只管行动的实际完成情况</brainstorming><organising></organising><done>false</done><sequence>false</sequence><sequencing reference="../../project/children/project/children/project/children/project/sequencing"/><notes>通过定期的进行巡检，调正方向，形成指导意见落实到下一步的行动当中，持续性的不断达成目标，从成功走向成功，从胜利走向更大的胜利
************************ 2019 年
Goal： 
1、依照各个分类的要求分为年度，季度，月，周，天巡检，形成巡检的详细报告

Output： 
1、巡检报告及跟踪记录 

 
Check： 
Check周期： 每月检视巡检的行动质量，做到定期巡检按计划高质量施行</notes><priority reference="../../project/children/project[2]/children/project[2]/children/project/children/action/priority"/><modified>2019-03-16 12:13:09.81 CST</modified></project></children><topic reference="../../../../../../../../../topics/items/topic"/><description></description><purpose></purpose><success></success><brainstorming></brainstorming><organising></organising><done>false</done><sequence>false</sequence><modified>2019-04-03 13:46:37.216 CST</modified></projects><actions reference="../../.."/></children><topic reference="../../../../../../../topics/items/topic"/><description></description><purpose></purpose><success></success><brainstorming></brainstorming><organising></organising><done>false</done><sequence>false</sequence><modified>2019-03-13 16:32:42.883 CST</modified></parent><children/><topic reference="../../../../../../topics/items/topic"/><description></description><purpose></purpose><success></success><brainstorming></brainstorming><organising></organising><done>false</done><sequence>false</sequence><modified>2019-04-02 16:20:03.203 CST</modified></parent><description>水电费</description><topic reference="../../../../../topics/items/topic[3]"/><context reference="../../../../../contexts/items/context[2]"/><state class="actionStateScheduled"><date>2019-03-15 09:00:00.0 CST</date><durationHours>0</durationHours><durationMinutes>0</durationMinutes><created>2019-03-14 17:33:05.975 CST</created></state><notes></notes><done>false</done><success></success><modified>2019-03-14 17:34:05.32 CST</modified></action><id>621</id></thought><thought><created>2019-03-14 17:32:10.547 CST</created><description>水电费</description><topic reference="../../../../topics/items/topic[3]"/><processed>true</processed><id>508</id></thought><thought><created>2019-04-02 09:35:17.870 CST</created><description>每周看一篇机器学习，深度学习方向上的关键论文</description><topic reference="../../../../topics/items/topic[2]"/><processed>true</processed><id>16406</id></thought><thought><created>2019-04-02 09:44:30.257 CST</created><description>把每个计划项都细化成action</description><topic><name>None</name><description>No topic.</description><color><red>0</red><green>0</green><blue>0</blue><alpha>255</alpha></color><background><red>255</red><green>255</green><blue>255</blue><alpha>255</alpha></background><id>8</id></topic><processed>false</processed><id>16408</id></thought></items></thoughts><rootProject class="projects" reference="../thoughts/items/thought[2]/action/parent/parent/children/projects"/><rootActions class="actions" reference="../thoughts/items/thought[2]/action/parent"/><rootTemplates class="tr.model.project.ProjectTemplates"><id>3</id><created>2019-03-13 16:32:42.849 CST</created><children/><topic reference="../../topics/items/topic"/><description></description><purpose></purpose><success></success><brainstorming></brainstorming><organising></organising><done>false</done><sequence>false</sequence><modified>2019-03-13 16:32:42.849 CST</modified></rootTemplates><rootFutures class="tr.model.project.ProjectFutures"><id>4</id><created>2019-03-13 16:32:42.850 CST</created><children/><topic reference="../../topics/items/topic"/><description></description><purpose></purpose><success></success><brainstorming></brainstorming><organising></organising><done>false</done><sequence>false</sequence><modified>2019-03-13 16:32:42.850 CST</modified></rootFutures><timeCriterion><name>Time</name><use>true</use><values><items><value reference="../../../../thoughts/items/thought[2]/action/parent/parent/children/projects/children/project[8]/children/project[5]/children/action/time"/><value reference="../../../../thoughts/items/thought[2]/action/parent/parent/children/projects/children/project[8]/children/project[4]/children/action[4]/time"/><value reference="../../../../thoughts/items/thought[2]/action/parent/parent/children/projects/children/project/children/project[3]/children/project[6]/children/action[11]/time"/><value reference="../../../../thoughts/items/thought[2]/action/parent/parent/children/projects/children/project[3]/children/project[2]/children/action/time"/><value reference="../../../../thoughts/items/thought[2]/action/parent/parent/children/projects/children/project[2]/children/project/children/project[2]/children/project[12]/children/action/time"/><value reference="../../../../thoughts/items/thought[2]/action/parent/parent/children/projects/children/project[2]/children/project/children/project/children/project[5]/children/action/state/recurrence/time"/><value reference="../../../../thoughts/items/thought[2]/action/parent/parent/children/projects/children/project[7]/children/project/children/project/children/action/time"/><value reference="../../../../thoughts/items/thought[2]/action/parent/parent/children/projects/children/project[2]/children/project/children/project/children/project[2]/children/action/time"/><value reference="../../../../thoughts/items/thought[2]/action/parent/parent/children/projects/children/project[2]/children/project/children/project[6]/children/project[2]/children/action[2]/time"/><value reference="../../../../thoughts/items/thought[2]/action/parent/parent/children/projects/children/project[4]/children/project[2]/children/project/children/action/time"/><value><id>110</id><name>2.5 hrs</name></value><value reference="../../../../thoughts/items/thought[2]/action/parent/parent/children/projects/children/project[2]/children/project/children/project/children/project[2]/children/action[4]/time"/><value><id>112</id><name>4 hrs</name></value><value><id>113</id><name>5 hrs</name></value><value><id>114</id><name>6 hrs</name></value><value><id>115</id><name>7 hrs</name></value><value reference="../../../../thoughts/items/thought[2]/action/parent/parent/children/projects/children/project[8]/children/project/children/action/state/recurrence/time"/></items></values></timeCriterion><energyCriterion><name>Energy</name><use>true</use><values><items><value><id>117</id><name>None</name></value><value reference="../../../../thoughts/items/thought[2]/action/parent/parent/children/projects/children/project/children/project[3]/children/project/children/action[6]/energy"/><value reference="../../../../thoughts/items/thought[2]/action/parent/parent/children/projects/children/project/children/project[3]/children/project[6]/children/action[11]/energy"/><value reference="../../../../thoughts/items/thought[2]/action/parent/parent/children/projects/children/project/children/project[2]/children/project[3]/children/project/children/action[3]/energy"/><value><id>121</id><name>Low Physical</name></value><value><id>122</id><name>Med Physical</name></value><value><id>123</id><name>High Physical</name></value></items></values></energyCriterion><priorityCriterion><name>Priority</name><use>true</use><values><items><value reference="../../../../thoughts/items/thought[2]/action/parent/parent/children/projects/children/project/children/project[2]/children/project[2]/children/project/children/action/priority"/><value reference="../../../../thoughts/items/thought[2]/action/parent/parent/children/projects/children/project[2]/children/project/children/project[2]/children/project[12]/priority"/><value reference="../../../../thoughts/items/thought[2]/action/parent/parent/children/projects/children/project[2]/children/project/children/project/children/project[5]/children/action/state/recurrence/priority"/><value reference="../../../../thoughts/items/thought[2]/action/parent/parent/children/projects/children/project/children/project[3]/children/project/children/action[3]/priority"/></items></values></priorityCriterion><maxLogID>0</maxLogID></data>